[0.010s] Invoking command in '/home/toyat/dev/vrx_ros2/vrx_ws/build/wamv_gazebo': AMENT_PREFIX_PATH=/home/toyat/dev/vrx_ros2/vrx_ws/install:${AMENT_PREFIX_PATH} CMAKE_PREFIX_PATH=/home/toyat/dev/vrx_ros2/vrx_ws/install:/opt/ros/jazzy/opt/gz_sim_vendor:/opt/ros/jazzy/opt/gz_sensors_vendor:/opt/ros/jazzy/opt/gz_physics_vendor:/opt/ros/jazzy/opt/sdformat_vendor:/opt/ros/jazzy/opt/gz_gui_vendor:/opt/ros/jazzy/opt/gz_transport_vendor:/opt/ros/jazzy/opt/gz_rendering_vendor:/opt/ros/jazzy/opt/gz_plugin_vendor:/opt/ros/jazzy/opt/gz_fuel_tools_vendor:/opt/ros/jazzy/opt/gz_msgs_vendor:/opt/ros/jazzy/opt/gz_common_vendor:/opt/ros/jazzy/opt/gz_math_vendor:/opt/ros/jazzy/opt/gz_utils_vendor:/opt/ros/jazzy/opt/gz_tools_vendor:/opt/ros/jazzy/opt/gz_ogre_next_vendor:/opt/ros/jazzy/opt/gz_dartsim_vendor:/opt/ros/jazzy/opt/gz_cmake_vendor:/opt/ros/jazzy DEBUGINFOD_URLS=https://debuginfod.ubuntu.com GZ_SIM_RESOURCE_PATH=/home/toyat/dev/vrx_ros2/vrx_ws/install/share/wamv_description/models:/home/toyat/dev/vrx_ros2/vrx_ws/install/share/vrx_gazebo/models:/home/toyat/dev/vrx_ros2/vrx_ws/install/share PYTHONPATH=/home/toyat/dev/vrx_ros2/vrx_ws/install/lib/python3.12/site-packages:${PYTHONPATH} /usr/bin/cmake --build /home/toyat/dev/vrx_ros2/vrx_ws/build/wamv_gazebo -- -j8 -l8
[0.054s] Invoked command in '/home/toyat/dev/vrx_ros2/vrx_ws/build/wamv_gazebo' returned '0': AMENT_PREFIX_PATH=/home/toyat/dev/vrx_ros2/vrx_ws/install:${AMENT_PREFIX_PATH} CMAKE_PREFIX_PATH=/home/toyat/dev/vrx_ros2/vrx_ws/install:/opt/ros/jazzy/opt/gz_sim_vendor:/opt/ros/jazzy/opt/gz_sensors_vendor:/opt/ros/jazzy/opt/gz_physics_vendor:/opt/ros/jazzy/opt/sdformat_vendor:/opt/ros/jazzy/opt/gz_gui_vendor:/opt/ros/jazzy/opt/gz_transport_vendor:/opt/ros/jazzy/opt/gz_rendering_vendor:/opt/ros/jazzy/opt/gz_plugin_vendor:/opt/ros/jazzy/opt/gz_fuel_tools_vendor:/opt/ros/jazzy/opt/gz_msgs_vendor:/opt/ros/jazzy/opt/gz_common_vendor:/opt/ros/jazzy/opt/gz_math_vendor:/opt/ros/jazzy/opt/gz_utils_vendor:/opt/ros/jazzy/opt/gz_tools_vendor:/opt/ros/jazzy/opt/gz_ogre_next_vendor:/opt/ros/jazzy/opt/gz_dartsim_vendor:/opt/ros/jazzy/opt/gz_cmake_vendor:/opt/ros/jazzy DEBUGINFOD_URLS=https://debuginfod.ubuntu.com GZ_SIM_RESOURCE_PATH=/home/toyat/dev/vrx_ros2/vrx_ws/install/share/wamv_description/models:/home/toyat/dev/vrx_ros2/vrx_ws/install/share/vrx_gazebo/models:/home/toyat/dev/vrx_ros2/vrx_ws/install/share PYTHONPATH=/home/toyat/dev/vrx_ros2/vrx_ws/install/lib/python3.12/site-packages:${PYTHONPATH} /usr/bin/cmake --build /home/toyat/dev/vrx_ros2/vrx_ws/build/wamv_gazebo -- -j8 -l8
[0.055s] Invoking command in '/home/toyat/dev/vrx_ros2/vrx_ws/build/wamv_gazebo': AMENT_PREFIX_PATH=/home/toyat/dev/vrx_ros2/vrx_ws/install:${AMENT_PREFIX_PATH} CMAKE_PREFIX_PATH=/home/toyat/dev/vrx_ros2/vrx_ws/install:/opt/ros/jazzy/opt/gz_sim_vendor:/opt/ros/jazzy/opt/gz_sensors_vendor:/opt/ros/jazzy/opt/gz_physics_vendor:/opt/ros/jazzy/opt/sdformat_vendor:/opt/ros/jazzy/opt/gz_gui_vendor:/opt/ros/jazzy/opt/gz_transport_vendor:/opt/ros/jazzy/opt/gz_rendering_vendor:/opt/ros/jazzy/opt/gz_plugin_vendor:/opt/ros/jazzy/opt/gz_fuel_tools_vendor:/opt/ros/jazzy/opt/gz_msgs_vendor:/opt/ros/jazzy/opt/gz_common_vendor:/opt/ros/jazzy/opt/gz_math_vendor:/opt/ros/jazzy/opt/gz_utils_vendor:/opt/ros/jazzy/opt/gz_tools_vendor:/opt/ros/jazzy/opt/gz_ogre_next_vendor:/opt/ros/jazzy/opt/gz_dartsim_vendor:/opt/ros/jazzy/opt/gz_cmake_vendor:/opt/ros/jazzy DEBUGINFOD_URLS=https://debuginfod.ubuntu.com GZ_SIM_RESOURCE_PATH=/home/toyat/dev/vrx_ros2/vrx_ws/install/share/wamv_description/models:/home/toyat/dev/vrx_ros2/vrx_ws/install/share/vrx_gazebo/models:/home/toyat/dev/vrx_ros2/vrx_ws/install/share PYTHONPATH=/home/toyat/dev/vrx_ros2/vrx_ws/install/lib/python3.12/site-packages:${PYTHONPATH} /usr/bin/cmake --install /home/toyat/dev/vrx_ros2/vrx_ws/build/wamv_gazebo
[0.064s] -- Install configuration: ""
[0.064s] -- Up-to-date: /home/toyat/dev/vrx_ros2/vrx_ws/install/share/wamv_gazebo/models
[0.064s] -- Up-to-date: /home/toyat/dev/vrx_ros2/vrx_ws/install/share/wamv_gazebo/models/gps
[0.064s] -- Up-to-date: /home/toyat/dev/vrx_ros2/vrx_ws/install/share/wamv_gazebo/models/gps/model.config
[0.064s] -- Up-to-date: /home/toyat/dev/vrx_ros2/vrx_ws/install/share/wamv_gazebo/models/gps/mesh
[0.064s] -- Up-to-date: /home/toyat/dev/vrx_ros2/vrx_ws/install/share/wamv_gazebo/models/gps/mesh/gps.png
[0.064s] -- Up-to-date: /home/toyat/dev/vrx_ros2/vrx_ws/install/share/wamv_gazebo/models/gps/mesh/gps.dae
[0.064s] -- Up-to-date: /home/toyat/dev/vrx_ros2/vrx_ws/install/share/wamv_gazebo/urdf
[0.064s] -- Up-to-date: /home/toyat/dev/vrx_ros2/vrx_ws/install/share/wamv_gazebo/urdf/wamv_gazebo.urdf.xacro
[0.064s] -- Up-to-date: /home/toyat/dev/vrx_ros2/vrx_ws/install/share/wamv_gazebo/urdf/dynamics
[0.065s] -- Up-to-date: /home/toyat/dev/vrx_ros2/vrx_ws/install/share/wamv_gazebo/urdf/dynamics/wamv_gazebo_dynamics_plugin.xacro
[0.065s] -- Up-to-date: /home/toyat/dev/vrx_ros2/vrx_ws/install/share/wamv_gazebo/urdf/macros.xacro
[0.065s] -- Up-to-date: /home/toyat/dev/vrx_ros2/vrx_ws/install/share/wamv_gazebo/urdf/thruster_layouts
[0.065s] -- Up-to-date: /home/toyat/dev/vrx_ros2/vrx_ws/install/share/wamv_gazebo/urdf/thruster_layouts/wamv_t_thrusters.xacro
[0.065s] -- Up-to-date: /home/toyat/dev/vrx_ros2/vrx_ws/install/share/wamv_gazebo/urdf/thruster_layouts/wamv_aft_thrusters.xacro
[0.065s] -- Up-to-date: /home/toyat/dev/vrx_ros2/vrx_ws/install/share/wamv_gazebo/urdf/thruster_layouts/wamv_x_thrusters.xacro
[0.065s] -- Up-to-date: /home/toyat/dev/vrx_ros2/vrx_ws/install/share/wamv_gazebo/urdf/thruster_layouts/wamv_gazebo_thruster_config.xacro
[0.065s] -- Up-to-date: /home/toyat/dev/vrx_ros2/vrx_ws/install/share/wamv_gazebo/urdf/components
[0.065s] -- Up-to-date: /home/toyat/dev/vrx_ros2/vrx_ws/install/share/wamv_gazebo/urdf/components/wamv_camera.xacro
[0.065s] -- Up-to-date: /home/toyat/dev/vrx_ros2/vrx_ws/install/share/wamv_gazebo/urdf/components/wamv_pinger.xacro
[0.065s] -- Up-to-date: /home/toyat/dev/vrx_ros2/vrx_ws/install/share/wamv_gazebo/urdf/components/ball_shooter.xacro
[0.065s] -- Up-to-date: /home/toyat/dev/vrx_ros2/vrx_ws/install/share/wamv_gazebo/urdf/components/wamv_gps.xacro
[0.066s] -- Up-to-date: /home/toyat/dev/vrx_ros2/vrx_ws/install/share/wamv_gazebo/urdf/components/lidar.xacro
[0.066s] -- Up-to-date: /home/toyat/dev/vrx_ros2/vrx_ws/install/share/wamv_gazebo/urdf/components/wamv_p3d.xacro
[0.066s] -- Up-to-date: /home/toyat/dev/vrx_ros2/vrx_ws/install/share/wamv_gazebo/urdf/components/wamv_imu.xacro
[0.066s] -- Up-to-date: /home/toyat/dev/vrx_ros2/vrx_ws/install/share/wamv_gazebo/urdf/components/wamv_3d_lidar.xacro
[0.066s] -- Up-to-date: /home/toyat/dev/vrx_ros2/vrx_ws/install/share/wamv_gazebo/urdf/components/wamv_planar_lidar.xacro
[0.066s] -- Up-to-date: /home/toyat/dev/vrx_ros2/vrx_ws/install/share/wamv_gazebo/urdf/wamv_gazebo.xacro
[0.066s] -- Up-to-date: /home/toyat/dev/vrx_ros2/vrx_ws/install/share/ament_index/resource_index/package_run_dependencies/wamv_gazebo
[0.066s] -- Up-to-date: /home/toyat/dev/vrx_ros2/vrx_ws/install/share/ament_index/resource_index/parent_prefix_path/wamv_gazebo
[0.066s] -- Up-to-date: /home/toyat/dev/vrx_ros2/vrx_ws/install/share/wamv_gazebo/environment/ament_prefix_path.sh
[0.066s] -- Up-to-date: /home/toyat/dev/vrx_ros2/vrx_ws/install/share/wamv_gazebo/environment/ament_prefix_path.dsv
[0.066s] -- Up-to-date: /home/toyat/dev/vrx_ros2/vrx_ws/install/share/wamv_gazebo/environment/path.sh
[0.066s] -- Up-to-date: /home/toyat/dev/vrx_ros2/vrx_ws/install/share/wamv_gazebo/environment/path.dsv
[0.066s] -- Up-to-date: /home/toyat/dev/vrx_ros2/vrx_ws/install/share/wamv_gazebo/local_setup.bash
[0.066s] -- Up-to-date: /home/toyat/dev/vrx_ros2/vrx_ws/install/share/wamv_gazebo/local_setup.sh
[0.066s] -- Up-to-date: /home/toyat/dev/vrx_ros2/vrx_ws/install/share/wamv_gazebo/local_setup.zsh
[0.066s] -- Up-to-date: /home/toyat/dev/vrx_ros2/vrx_ws/install/share/wamv_gazebo/local_setup.dsv
[0.067s] -- Installing: /home/toyat/dev/vrx_ros2/vrx_ws/install/share/wamv_gazebo/package.dsv
[0.067s] -- Up-to-date: /home/toyat/dev/vrx_ros2/vrx_ws/install/share/ament_index/resource_index/packages/wamv_gazebo
[0.067s] -- Up-to-date: /home/toyat/dev/vrx_ros2/vrx_ws/install/share/wamv_gazebo/cmake/wamv_gazeboConfig.cmake
[0.067s] -- Up-to-date: /home/toyat/dev/vrx_ros2/vrx_ws/install/share/wamv_gazebo/cmake/wamv_gazeboConfig-version.cmake
[0.067s] -- Up-to-date: /home/toyat/dev/vrx_ros2/vrx_ws/install/share/wamv_gazebo/package.xml
[0.068s] Invoked command in '/home/toyat/dev/vrx_ros2/vrx_ws/build/wamv_gazebo' returned '0': AMENT_PREFIX_PATH=/home/toyat/dev/vrx_ros2/vrx_ws/install:${AMENT_PREFIX_PATH} CMAKE_PREFIX_PATH=/home/toyat/dev/vrx_ros2/vrx_ws/install:/opt/ros/jazzy/opt/gz_sim_vendor:/opt/ros/jazzy/opt/gz_sensors_vendor:/opt/ros/jazzy/opt/gz_physics_vendor:/opt/ros/jazzy/opt/sdformat_vendor:/opt/ros/jazzy/opt/gz_gui_vendor:/opt/ros/jazzy/opt/gz_transport_vendor:/opt/ros/jazzy/opt/gz_rendering_vendor:/opt/ros/jazzy/opt/gz_plugin_vendor:/opt/ros/jazzy/opt/gz_fuel_tools_vendor:/opt/ros/jazzy/opt/gz_msgs_vendor:/opt/ros/jazzy/opt/gz_common_vendor:/opt/ros/jazzy/opt/gz_math_vendor:/opt/ros/jazzy/opt/gz_utils_vendor:/opt/ros/jazzy/opt/gz_tools_vendor:/opt/ros/jazzy/opt/gz_ogre_next_vendor:/opt/ros/jazzy/opt/gz_dartsim_vendor:/opt/ros/jazzy/opt/gz_cmake_vendor:/opt/ros/jazzy DEBUGINFOD_URLS=https://debuginfod.ubuntu.com GZ_SIM_RESOURCE_PATH=/home/toyat/dev/vrx_ros2/vrx_ws/install/share/wamv_description/models:/home/toyat/dev/vrx_ros2/vrx_ws/install/share/vrx_gazebo/models:/home/toyat/dev/vrx_ros2/vrx_ws/install/share PYTHONPATH=/home/toyat/dev/vrx_ros2/vrx_ws/install/lib/python3.12/site-packages:${PYTHONPATH} /usr/bin/cmake --install /home/toyat/dev/vrx_ros2/vrx_ws/build/wamv_gazebo
