[0.000000] (-) TimerEvent: {}
[0.000390] (vrx_gazebo) JobQueued: {'identifier': 'vrx_gazebo', 'dependencies': OrderedDict()}
[0.000423] (vrx_ros) JobQueued: {'identifier': 'vrx_ros', 'dependencies': OrderedDict()}
[0.000440] (wamv_description) JobQueued: {'identifier': 'wamv_description', 'dependencies': OrderedDict({'vrx_gazebo': '/home/toyat/dev/vrx_ros2/vrx_ws/install'})}
[0.000458] (wamv_gazebo) JobQueued: {'identifier': 'wamv_gazebo', 'dependencies': OrderedDict({'vrx_gazebo': '/home/toyat/dev/vrx_ros2/vrx_ws/install', 'wamv_description': '/home/toyat/dev/vrx_ros2/vrx_ws/install'})}
[0.000473] (vrx_gz) JobQueued: {'identifier': 'vrx_gz', 'dependencies': OrderedDict({'vrx_gazebo': '/home/toyat/dev/vrx_ros2/vrx_ws/install', 'vrx_ros': '/home/toyat/dev/vrx_ros2/vrx_ws/install', 'wamv_description': '/home/toyat/dev/vrx_ros2/vrx_ws/install', 'wamv_gazebo': '/home/toyat/dev/vrx_ros2/vrx_ws/install'})}
[0.000489] (vrx_gazebo) JobStarted: {'identifier': 'vrx_gazebo'}
[0.010025] (vrx_ros) JobStarted: {'identifier': 'vrx_ros'}
[0.015239] (vrx_gazebo) JobProgress: {'identifier': 'vrx_gazebo', 'progress': 'cmake'}
[0.015816] (vrx_gazebo) JobProgress: {'identifier': 'vrx_gazebo', 'progress': 'build'}
[0.016384] (vrx_gazebo) Command: {'cmd': ['/usr/bin/cmake', '--build', '/home/toyat/dev/vrx_ros2/vrx_ws/build/vrx_gazebo', '--', '-j8', '-l8'], 'cwd': '/home/toyat/dev/vrx_ros2/vrx_ws/build/vrx_gazebo', 'env': OrderedDict({'LANGUAGE': 'en_US:en', 'LC_TIME': 'en_US.UTF-8', 'USER': 'toyat', 'XDG_SEAT': 'seat0', 'GZ_CONFIG_PATH': '/opt/ros/jazzy/opt/gz_sim_vendor/share/gz:/opt/ros/jazzy/opt/sdformat_vendor/share/gz:/opt/ros/jazzy/opt/gz_gui_vendor/share/gz:/opt/ros/jazzy/opt/gz_transport_vendor/share/gz:/opt/ros/jazzy/opt/gz_rendering_vendor/share/gz:/opt/ros/jazzy/opt/gz_plugin_vendor/share/gz:/opt/ros/jazzy/opt/gz_fuel_tools_vendor/share/gz:/opt/ros/jazzy/opt/gz_msgs_vendor/share/gz:/opt/ros/jazzy/opt/gz_common_vendor/share/gz', 'MATHEMATICA_HOME': '/usr/share/Wolfram/Documentation/13.3/en-us', 'XDG_SESSION_TYPE': 'x11', 'SHLVL': '1', 'LD_LIBRARY_PATH': '/opt/ros/jazzy/opt/gz_sim_vendor/lib:/opt/ros/jazzy/opt/gz_sensors_vendor/lib:/opt/ros/jazzy/opt/gz_physics_vendor/lib:/opt/ros/jazzy/opt/sdformat_vendor/lib:/opt/ros/jazzy/opt/rviz_ogre_vendor/lib:/opt/ros/jazzy/lib/x86_64-linux-gnu:/opt/ros/jazzy/opt/gz_gui_vendor/lib:/opt/ros/jazzy/opt/gz_transport_vendor/lib:/opt/ros/jazzy/opt/gz_rendering_vendor/lib:/opt/ros/jazzy/opt/gz_plugin_vendor/lib:/opt/ros/jazzy/opt/gz_fuel_tools_vendor/lib:/opt/ros/jazzy/opt/gz_msgs_vendor/lib:/opt/ros/jazzy/opt/gz_common_vendor/lib:/opt/ros/jazzy/opt/gz_math_vendor/lib:/opt/ros/jazzy/opt/gz_utils_vendor/lib:/opt/ros/jazzy/opt/gz_tools_vendor/lib:/opt/ros/jazzy/opt/gz_ogre_next_vendor/lib:/opt/ros/jazzy/opt/gz_dartsim_vendor/lib:/opt/ros/jazzy/opt/gz_cmake_vendor/lib:/opt/ros/jazzy/lib::/usr/local/lib', 'HOME': '/home/toyat', 'OLDPWD': '/home/toyat', 'DESKTOP_SESSION': 'i3', 'GTK_MODULES': 'gail:atk-bridge', 'ROS_PYTHON_VERSION': '3', 'LC_MONETARY': 'en_US.UTF-8', 'DBUS_SESSION_BUS_ADDRESS': 'unix:path=/run/user/1000/bus', 'GSM_SKIP_SSH_AGENT_WORKAROUND': 'true', 'P9K_TTY': 'old', 'COLORTERM': 'truecolor', 'DEBUGINFOD_URLS': 'https://debuginfod.ubuntu.com', 'ZPFX': '/home/toyat/.local/share/zinit/polaris', 'NVM_DIR': '/home/toyat/.nvm', 'CPLUS_INCLUDE_PATH': '/usr/include/c++/11:/usr/include/x86_64-linux-gnu/c++/11', '_colcon_cd_root': '/opt/ros/jazzy/', 'MANDATORY_PATH': '/usr/share/gconf/i3.mandatory.path', 'ROS_DISTRO': 'jazzy', 'ALACRITTY_SOCKET': '/run/user/1000/Alacritty-:0-35802.sock', 'GTK_IM_MODULE': 'ibus', 'LOGNAME': 'toyat', 'WINDOWID': '56623109', '_P9K_SSH_TTY': '/dev/pts/2', '_': '/usr/bin/colcon', 'DEFAULTS_PATH': '/usr/share/gconf/i3.default.path', 'XDG_SESSION_CLASS': 'user', 'ROS_VERSION': '2', 'ALACRITTY_LOG': '/tmp/Alacritty-35802.log', 'TERM': 'alacritty', 'USERNAME': 'toyat', 'XDG_SESSION_ID': '2', 'WINDOWPATH': '2', 'ZSH_CACHE_DIR': '/home/toyat/.cache/zinit', 'PMSPEC': '0uUpiPsf', 'PATH': '/opt/ros/jazzy/opt/gz_msgs_vendor/bin:/opt/ros/jazzy/opt/gz_tools_vendor/bin:/opt/ros/jazzy/opt/gz_ogre_next_vendor/bin:/opt/ros/jazzy/bin:/home/toyat/.local/share/zinit/polaris/bin:/home/toyat/.cargo/bin:/home/toyat/.local/bin:/usr/local/sbin:/usr/local/bin:/usr/sbin:/usr/bin:/sbin:/bin:/usr/games:/usr/local/games:/snap/bin:/snap/bin:/home/toyat/.fzf/bin:/home/toyat/.platformio/penv/bin', 'PAPERSIZE': 'letter', 'LC_ADDRESS': 'en_US.UTF-8', 'XDG_RUNTIME_DIR': '/run/user/1000', 'DISPLAY': ':0', 'LANG': 'en_US.UTF-8', 'LC_TELEPHONE': 'en_US.UTF-8', 'XDG_CURRENT_DESKTOP': 'i3', 'XAUTHORITY': '/run/user/1000/gdm/Xauthority', 'XDG_SESSION_DESKTOP': 'i3', 'XMODIFIERS': '@im=ibus', 'SSH_AUTH_SOCK': '/run/user/1000/gnupg/S.gpg-agent.ssh', 'AMENT_PREFIX_PATH': '/opt/ros/jazzy', 'LC_NAME': 'en_US.UTF-8', 'SHELL': '/usr/bin/zsh', 'GDMSESSION': 'i3', 'QT_ACCESSIBILITY': '1', 'LC_MEASUREMENT': 'en_US.UTF-8', 'GPG_AGENT_INFO': '/run/user/1000/gnupg/S.gpg-agent:0:1', 'LC_IDENTIFICATION': 'en_US.UTF-8', 'P9K_SSH': '0', 'ALACRITTY_WINDOW_ID': '56623109', 'QT_IM_MODULE': 'ibus', 'XDG_VTNR': '2', 'ROS_AUTOMATIC_DISCOVERY_RANGE': 'SUBNET', 'LC_ALL': 'en_US.UTF-8', 'PWD': '/home/toyat/dev/vrx_ros2/vrx_ws/build/vrx_gazebo', 'CLUTTER_IM_MODULE': 'ibus', 'XDG_CONFIG_DIRS': '/etc/xdg/xdg-i3:/etc/xdg', 'XDG_DATA_DIRS': '/usr/share/i3:/usr/share/gnome:/home/toyat/.local/share/flatpak/exports/share:/var/lib/flatpak/exports/share:/usr/local/share/:/usr/share/:/var/lib/snapd/desktop', '_P9K_TTY': '/dev/pts/2', 'LC_NUMERIC': 'en_US.UTF-8', 'QTWEBENGINE_DICTIONARIES_PATH': '/usr/share/hunspell-bdic/', 'PYTHONPATH': '/opt/ros/jazzy/lib/python3.12/site-packages', 'I3SOCK': '/run/user/1000/i3/ipc-socket.3408', 'LC_PAPER': 'en_US.UTF-8', 'COLCON': '1', 'EDITOR': 'nvim', 'CMAKE_PREFIX_PATH': '/opt/ros/jazzy/opt/gz_sim_vendor:/opt/ros/jazzy/opt/gz_sensors_vendor:/opt/ros/jazzy/opt/gz_physics_vendor:/opt/ros/jazzy/opt/sdformat_vendor:/opt/ros/jazzy/opt/gz_gui_vendor:/opt/ros/jazzy/opt/gz_transport_vendor:/opt/ros/jazzy/opt/gz_rendering_vendor:/opt/ros/jazzy/opt/gz_plugin_vendor:/opt/ros/jazzy/opt/gz_fuel_tools_vendor:/opt/ros/jazzy/opt/gz_msgs_vendor:/opt/ros/jazzy/opt/gz_common_vendor:/opt/ros/jazzy/opt/gz_math_vendor:/opt/ros/jazzy/opt/gz_utils_vendor:/opt/ros/jazzy/opt/gz_tools_vendor:/opt/ros/jazzy/opt/gz_ogre_next_vendor:/opt/ros/jazzy/opt/gz_dartsim_vendor:/opt/ros/jazzy/opt/gz_cmake_vendor:/opt/ros/jazzy'}), 'shell': False}
[0.019619] (vrx_ros) JobProgress: {'identifier': 'vrx_ros', 'progress': 'cmake'}
[0.020505] (vrx_ros) JobProgress: {'identifier': 'vrx_ros', 'progress': 'build'}
[0.020527] (vrx_ros) Command: {'cmd': ['/usr/bin/cmake', '--build', '/home/toyat/dev/vrx_ros2/vrx_ws/build/vrx_ros', '--', '-j8', '-l8'], 'cwd': '/home/toyat/dev/vrx_ros2/vrx_ws/build/vrx_ros', 'env': OrderedDict({'LANGUAGE': 'en_US:en', 'LC_TIME': 'en_US.UTF-8', 'USER': 'toyat', 'XDG_SEAT': 'seat0', 'GZ_CONFIG_PATH': '/opt/ros/jazzy/opt/gz_sim_vendor/share/gz:/opt/ros/jazzy/opt/sdformat_vendor/share/gz:/opt/ros/jazzy/opt/gz_gui_vendor/share/gz:/opt/ros/jazzy/opt/gz_transport_vendor/share/gz:/opt/ros/jazzy/opt/gz_rendering_vendor/share/gz:/opt/ros/jazzy/opt/gz_plugin_vendor/share/gz:/opt/ros/jazzy/opt/gz_fuel_tools_vendor/share/gz:/opt/ros/jazzy/opt/gz_msgs_vendor/share/gz:/opt/ros/jazzy/opt/gz_common_vendor/share/gz', 'MATHEMATICA_HOME': '/usr/share/Wolfram/Documentation/13.3/en-us', 'XDG_SESSION_TYPE': 'x11', 'SHLVL': '1', 'LD_LIBRARY_PATH': '/opt/ros/jazzy/opt/gz_sim_vendor/lib:/opt/ros/jazzy/opt/gz_sensors_vendor/lib:/opt/ros/jazzy/opt/gz_physics_vendor/lib:/opt/ros/jazzy/opt/sdformat_vendor/lib:/opt/ros/jazzy/opt/rviz_ogre_vendor/lib:/opt/ros/jazzy/lib/x86_64-linux-gnu:/opt/ros/jazzy/opt/gz_gui_vendor/lib:/opt/ros/jazzy/opt/gz_transport_vendor/lib:/opt/ros/jazzy/opt/gz_rendering_vendor/lib:/opt/ros/jazzy/opt/gz_plugin_vendor/lib:/opt/ros/jazzy/opt/gz_fuel_tools_vendor/lib:/opt/ros/jazzy/opt/gz_msgs_vendor/lib:/opt/ros/jazzy/opt/gz_common_vendor/lib:/opt/ros/jazzy/opt/gz_math_vendor/lib:/opt/ros/jazzy/opt/gz_utils_vendor/lib:/opt/ros/jazzy/opt/gz_tools_vendor/lib:/opt/ros/jazzy/opt/gz_ogre_next_vendor/lib:/opt/ros/jazzy/opt/gz_dartsim_vendor/lib:/opt/ros/jazzy/opt/gz_cmake_vendor/lib:/opt/ros/jazzy/lib::/usr/local/lib', 'HOME': '/home/toyat', 'OLDPWD': '/home/toyat', 'DESKTOP_SESSION': 'i3', 'GTK_MODULES': 'gail:atk-bridge', 'ROS_PYTHON_VERSION': '3', 'LC_MONETARY': 'en_US.UTF-8', 'DBUS_SESSION_BUS_ADDRESS': 'unix:path=/run/user/1000/bus', 'GSM_SKIP_SSH_AGENT_WORKAROUND': 'true', 'P9K_TTY': 'old', 'COLORTERM': 'truecolor', 'DEBUGINFOD_URLS': 'https://debuginfod.ubuntu.com', 'ZPFX': '/home/toyat/.local/share/zinit/polaris', 'NVM_DIR': '/home/toyat/.nvm', 'CPLUS_INCLUDE_PATH': '/usr/include/c++/11:/usr/include/x86_64-linux-gnu/c++/11', '_colcon_cd_root': '/opt/ros/jazzy/', 'MANDATORY_PATH': '/usr/share/gconf/i3.mandatory.path', 'ROS_DISTRO': 'jazzy', 'ALACRITTY_SOCKET': '/run/user/1000/Alacritty-:0-35802.sock', 'GTK_IM_MODULE': 'ibus', 'LOGNAME': 'toyat', 'WINDOWID': '56623109', '_P9K_SSH_TTY': '/dev/pts/2', '_': '/usr/bin/colcon', 'DEFAULTS_PATH': '/usr/share/gconf/i3.default.path', 'XDG_SESSION_CLASS': 'user', 'ROS_VERSION': '2', 'ALACRITTY_LOG': '/tmp/Alacritty-35802.log', 'TERM': 'alacritty', 'USERNAME': 'toyat', 'XDG_SESSION_ID': '2', 'WINDOWPATH': '2', 'ZSH_CACHE_DIR': '/home/toyat/.cache/zinit', 'PMSPEC': '0uUpiPsf', 'PATH': '/opt/ros/jazzy/opt/gz_msgs_vendor/bin:/opt/ros/jazzy/opt/gz_tools_vendor/bin:/opt/ros/jazzy/opt/gz_ogre_next_vendor/bin:/opt/ros/jazzy/bin:/home/toyat/.local/share/zinit/polaris/bin:/home/toyat/.cargo/bin:/home/toyat/.local/bin:/usr/local/sbin:/usr/local/bin:/usr/sbin:/usr/bin:/sbin:/bin:/usr/games:/usr/local/games:/snap/bin:/snap/bin:/home/toyat/.fzf/bin:/home/toyat/.platformio/penv/bin', 'PAPERSIZE': 'letter', 'LC_ADDRESS': 'en_US.UTF-8', 'XDG_RUNTIME_DIR': '/run/user/1000', 'DISPLAY': ':0', 'LANG': 'en_US.UTF-8', 'LC_TELEPHONE': 'en_US.UTF-8', 'XDG_CURRENT_DESKTOP': 'i3', 'XAUTHORITY': '/run/user/1000/gdm/Xauthority', 'XDG_SESSION_DESKTOP': 'i3', 'XMODIFIERS': '@im=ibus', 'SSH_AUTH_SOCK': '/run/user/1000/gnupg/S.gpg-agent.ssh', 'AMENT_PREFIX_PATH': '/opt/ros/jazzy', 'LC_NAME': 'en_US.UTF-8', 'SHELL': '/usr/bin/zsh', 'GDMSESSION': 'i3', 'QT_ACCESSIBILITY': '1', 'LC_MEASUREMENT': 'en_US.UTF-8', 'GPG_AGENT_INFO': '/run/user/1000/gnupg/S.gpg-agent:0:1', 'LC_IDENTIFICATION': 'en_US.UTF-8', 'P9K_SSH': '0', 'ALACRITTY_WINDOW_ID': '56623109', 'QT_IM_MODULE': 'ibus', 'XDG_VTNR': '2', 'ROS_AUTOMATIC_DISCOVERY_RANGE': 'SUBNET', 'LC_ALL': 'en_US.UTF-8', 'PWD': '/home/toyat/dev/vrx_ros2/vrx_ws/build/vrx_ros', 'CLUTTER_IM_MODULE': 'ibus', 'XDG_CONFIG_DIRS': '/etc/xdg/xdg-i3:/etc/xdg', 'XDG_DATA_DIRS': '/usr/share/i3:/usr/share/gnome:/home/toyat/.local/share/flatpak/exports/share:/var/lib/flatpak/exports/share:/usr/local/share/:/usr/share/:/var/lib/snapd/desktop', '_P9K_TTY': '/dev/pts/2', 'LC_NUMERIC': 'en_US.UTF-8', 'QTWEBENGINE_DICTIONARIES_PATH': '/usr/share/hunspell-bdic/', 'PYTHONPATH': '/opt/ros/jazzy/lib/python3.12/site-packages', 'I3SOCK': '/run/user/1000/i3/ipc-socket.3408', 'LC_PAPER': 'en_US.UTF-8', 'COLCON': '1', 'EDITOR': 'nvim', 'CMAKE_PREFIX_PATH': '/opt/ros/jazzy/opt/gz_sim_vendor:/opt/ros/jazzy/opt/gz_sensors_vendor:/opt/ros/jazzy/opt/gz_physics_vendor:/opt/ros/jazzy/opt/sdformat_vendor:/opt/ros/jazzy/opt/gz_gui_vendor:/opt/ros/jazzy/opt/gz_transport_vendor:/opt/ros/jazzy/opt/gz_rendering_vendor:/opt/ros/jazzy/opt/gz_plugin_vendor:/opt/ros/jazzy/opt/gz_fuel_tools_vendor:/opt/ros/jazzy/opt/gz_msgs_vendor:/opt/ros/jazzy/opt/gz_common_vendor:/opt/ros/jazzy/opt/gz_math_vendor:/opt/ros/jazzy/opt/gz_utils_vendor:/opt/ros/jazzy/opt/gz_tools_vendor:/opt/ros/jazzy/opt/gz_ogre_next_vendor:/opt/ros/jazzy/opt/gz_dartsim_vendor:/opt/ros/jazzy/opt/gz_cmake_vendor:/opt/ros/jazzy'}), 'shell': False}
[0.079552] (vrx_gazebo) StdoutLine: {'line': b'Built target ament_cmake_python_copy_vrx_gazebo\n'}
[0.080536] (vrx_ros) StdoutLine: {'line': b'[ 25%] \x1b[32mBuilding CXX object CMakeFiles/pose_tf_broadcaster.dir/src/pose_tf_broadcaster.cc.o\x1b[0m\n'}
[0.081688] (vrx_ros) StdoutLine: {'line': b'[ 50%] \x1b[32mBuilding CXX object CMakeFiles/optical_frame_publisher.dir/src/optical_frame_publisher.cc.o\x1b[0m\n'}
[0.099757] (-) TimerEvent: {}
[0.200066] (-) TimerEvent: {}
[0.300393] (-) TimerEvent: {}
[0.320340] (vrx_gazebo) StdoutLine: {'line': b'running egg_info\n'}
[0.342143] (vrx_gazebo) StdoutLine: {'line': b'writing vrx_gazebo.egg-info/PKG-INFO\n'}
[0.342412] (vrx_gazebo) StdoutLine: {'line': b'writing dependency_links to vrx_gazebo.egg-info/dependency_links.txt\n'}
[0.342565] (vrx_gazebo) StdoutLine: {'line': b'writing top-level names to vrx_gazebo.egg-info/top_level.txt\n'}
[0.400499] (-) TimerEvent: {}
[0.410320] (vrx_gazebo) StdoutLine: {'line': b"reading manifest file 'vrx_gazebo.egg-info/SOURCES.txt'\n"}
[0.410965] (vrx_gazebo) StdoutLine: {'line': b"writing manifest file 'vrx_gazebo.egg-info/SOURCES.txt'\n"}
[0.440439] (vrx_gazebo) StdoutLine: {'line': b'Built target ament_cmake_python_build_vrx_gazebo_egg\n'}
[0.452013] (vrx_gazebo) CommandEnded: {'returncode': 0}
[0.452870] (vrx_gazebo) JobProgress: {'identifier': 'vrx_gazebo', 'progress': 'install'}
[0.462528] (vrx_gazebo) Command: {'cmd': ['/usr/bin/cmake', '--install', '/home/toyat/dev/vrx_ros2/vrx_ws/build/vrx_gazebo'], 'cwd': '/home/toyat/dev/vrx_ros2/vrx_ws/build/vrx_gazebo', 'env': OrderedDict({'LANGUAGE': 'en_US:en', 'LC_TIME': 'en_US.UTF-8', 'USER': 'toyat', 'XDG_SEAT': 'seat0', 'GZ_CONFIG_PATH': '/opt/ros/jazzy/opt/gz_sim_vendor/share/gz:/opt/ros/jazzy/opt/sdformat_vendor/share/gz:/opt/ros/jazzy/opt/gz_gui_vendor/share/gz:/opt/ros/jazzy/opt/gz_transport_vendor/share/gz:/opt/ros/jazzy/opt/gz_rendering_vendor/share/gz:/opt/ros/jazzy/opt/gz_plugin_vendor/share/gz:/opt/ros/jazzy/opt/gz_fuel_tools_vendor/share/gz:/opt/ros/jazzy/opt/gz_msgs_vendor/share/gz:/opt/ros/jazzy/opt/gz_common_vendor/share/gz', 'MATHEMATICA_HOME': '/usr/share/Wolfram/Documentation/13.3/en-us', 'XDG_SESSION_TYPE': 'x11', 'SHLVL': '1', 'LD_LIBRARY_PATH': '/opt/ros/jazzy/opt/gz_sim_vendor/lib:/opt/ros/jazzy/opt/gz_sensors_vendor/lib:/opt/ros/jazzy/opt/gz_physics_vendor/lib:/opt/ros/jazzy/opt/sdformat_vendor/lib:/opt/ros/jazzy/opt/rviz_ogre_vendor/lib:/opt/ros/jazzy/lib/x86_64-linux-gnu:/opt/ros/jazzy/opt/gz_gui_vendor/lib:/opt/ros/jazzy/opt/gz_transport_vendor/lib:/opt/ros/jazzy/opt/gz_rendering_vendor/lib:/opt/ros/jazzy/opt/gz_plugin_vendor/lib:/opt/ros/jazzy/opt/gz_fuel_tools_vendor/lib:/opt/ros/jazzy/opt/gz_msgs_vendor/lib:/opt/ros/jazzy/opt/gz_common_vendor/lib:/opt/ros/jazzy/opt/gz_math_vendor/lib:/opt/ros/jazzy/opt/gz_utils_vendor/lib:/opt/ros/jazzy/opt/gz_tools_vendor/lib:/opt/ros/jazzy/opt/gz_ogre_next_vendor/lib:/opt/ros/jazzy/opt/gz_dartsim_vendor/lib:/opt/ros/jazzy/opt/gz_cmake_vendor/lib:/opt/ros/jazzy/lib::/usr/local/lib', 'HOME': '/home/toyat', 'OLDPWD': '/home/toyat', 'DESKTOP_SESSION': 'i3', 'GTK_MODULES': 'gail:atk-bridge', 'ROS_PYTHON_VERSION': '3', 'LC_MONETARY': 'en_US.UTF-8', 'DBUS_SESSION_BUS_ADDRESS': 'unix:path=/run/user/1000/bus', 'GSM_SKIP_SSH_AGENT_WORKAROUND': 'true', 'P9K_TTY': 'old', 'COLORTERM': 'truecolor', 'DEBUGINFOD_URLS': 'https://debuginfod.ubuntu.com', 'ZPFX': '/home/toyat/.local/share/zinit/polaris', 'NVM_DIR': '/home/toyat/.nvm', 'CPLUS_INCLUDE_PATH': '/usr/include/c++/11:/usr/include/x86_64-linux-gnu/c++/11', '_colcon_cd_root': '/opt/ros/jazzy/', 'MANDATORY_PATH': '/usr/share/gconf/i3.mandatory.path', 'ROS_DISTRO': 'jazzy', 'ALACRITTY_SOCKET': '/run/user/1000/Alacritty-:0-35802.sock', 'GTK_IM_MODULE': 'ibus', 'LOGNAME': 'toyat', 'WINDOWID': '56623109', '_P9K_SSH_TTY': '/dev/pts/2', '_': '/usr/bin/colcon', 'DEFAULTS_PATH': '/usr/share/gconf/i3.default.path', 'XDG_SESSION_CLASS': 'user', 'ROS_VERSION': '2', 'ALACRITTY_LOG': '/tmp/Alacritty-35802.log', 'TERM': 'alacritty', 'USERNAME': 'toyat', 'XDG_SESSION_ID': '2', 'WINDOWPATH': '2', 'ZSH_CACHE_DIR': '/home/toyat/.cache/zinit', 'PMSPEC': '0uUpiPsf', 'PATH': '/opt/ros/jazzy/opt/gz_msgs_vendor/bin:/opt/ros/jazzy/opt/gz_tools_vendor/bin:/opt/ros/jazzy/opt/gz_ogre_next_vendor/bin:/opt/ros/jazzy/bin:/home/toyat/.local/share/zinit/polaris/bin:/home/toyat/.cargo/bin:/home/toyat/.local/bin:/usr/local/sbin:/usr/local/bin:/usr/sbin:/usr/bin:/sbin:/bin:/usr/games:/usr/local/games:/snap/bin:/snap/bin:/home/toyat/.fzf/bin:/home/toyat/.platformio/penv/bin', 'PAPERSIZE': 'letter', 'LC_ADDRESS': 'en_US.UTF-8', 'XDG_RUNTIME_DIR': '/run/user/1000', 'DISPLAY': ':0', 'LANG': 'en_US.UTF-8', 'LC_TELEPHONE': 'en_US.UTF-8', 'XDG_CURRENT_DESKTOP': 'i3', 'XAUTHORITY': '/run/user/1000/gdm/Xauthority', 'XDG_SESSION_DESKTOP': 'i3', 'XMODIFIERS': '@im=ibus', 'SSH_AUTH_SOCK': '/run/user/1000/gnupg/S.gpg-agent.ssh', 'AMENT_PREFIX_PATH': '/opt/ros/jazzy', 'LC_NAME': 'en_US.UTF-8', 'SHELL': '/usr/bin/zsh', 'GDMSESSION': 'i3', 'QT_ACCESSIBILITY': '1', 'LC_MEASUREMENT': 'en_US.UTF-8', 'GPG_AGENT_INFO': '/run/user/1000/gnupg/S.gpg-agent:0:1', 'LC_IDENTIFICATION': 'en_US.UTF-8', 'P9K_SSH': '0', 'ALACRITTY_WINDOW_ID': '56623109', 'QT_IM_MODULE': 'ibus', 'XDG_VTNR': '2', 'ROS_AUTOMATIC_DISCOVERY_RANGE': 'SUBNET', 'LC_ALL': 'en_US.UTF-8', 'PWD': '/home/toyat/dev/vrx_ros2/vrx_ws/build/vrx_gazebo', 'CLUTTER_IM_MODULE': 'ibus', 'XDG_CONFIG_DIRS': '/etc/xdg/xdg-i3:/etc/xdg', 'XDG_DATA_DIRS': '/usr/share/i3:/usr/share/gnome:/home/toyat/.local/share/flatpak/exports/share:/var/lib/flatpak/exports/share:/usr/local/share/:/usr/share/:/var/lib/snapd/desktop', '_P9K_TTY': '/dev/pts/2', 'LC_NUMERIC': 'en_US.UTF-8', 'QTWEBENGINE_DICTIONARIES_PATH': '/usr/share/hunspell-bdic/', 'PYTHONPATH': '/opt/ros/jazzy/lib/python3.12/site-packages', 'I3SOCK': '/run/user/1000/i3/ipc-socket.3408', 'LC_PAPER': 'en_US.UTF-8', 'COLCON': '1', 'EDITOR': 'nvim', 'CMAKE_PREFIX_PATH': '/opt/ros/jazzy/opt/gz_sim_vendor:/opt/ros/jazzy/opt/gz_sensors_vendor:/opt/ros/jazzy/opt/gz_physics_vendor:/opt/ros/jazzy/opt/sdformat_vendor:/opt/ros/jazzy/opt/gz_gui_vendor:/opt/ros/jazzy/opt/gz_transport_vendor:/opt/ros/jazzy/opt/gz_rendering_vendor:/opt/ros/jazzy/opt/gz_plugin_vendor:/opt/ros/jazzy/opt/gz_fuel_tools_vendor:/opt/ros/jazzy/opt/gz_msgs_vendor:/opt/ros/jazzy/opt/gz_common_vendor:/opt/ros/jazzy/opt/gz_math_vendor:/opt/ros/jazzy/opt/gz_utils_vendor:/opt/ros/jazzy/opt/gz_tools_vendor:/opt/ros/jazzy/opt/gz_ogre_next_vendor:/opt/ros/jazzy/opt/gz_dartsim_vendor:/opt/ros/jazzy/opt/gz_cmake_vendor:/opt/ros/jazzy'}), 'shell': False}
[0.471709] (vrx_gazebo) StdoutLine: {'line': b'-- Install configuration: ""\n'}
[0.472113] (vrx_gazebo) StdoutLine: {'line': b'-- Up-to-date: /home/toyat/dev/vrx_ros2/vrx_ws/install/share/vrx_gazebo/environment/resource_paths.dsv\n'}
[0.472280] (vrx_gazebo) StdoutLine: {'line': b'-- Up-to-date: /home/toyat/dev/vrx_ros2/vrx_ws/install/share/vrx_gazebo/environment/resource_paths.sh\n'}
[0.472399] (vrx_gazebo) StdoutLine: {'line': b'-- Up-to-date: /home/toyat/dev/vrx_ros2/vrx_ws/install/share/vrx_gazebo/models\n'}
[0.472515] (vrx_gazebo) StdoutLine: {'line': b'-- Up-to-date: /home/toyat/dev/vrx_ros2/vrx_ws/install/share/vrx_gazebo/models/ball_shooter\n'}
[0.472637] (vrx_gazebo) StdoutLine: {'line': b'-- Up-to-date: /home/toyat/dev/vrx_ros2/vrx_ws/install/share/vrx_gazebo/models/ball_shooter/meshes\n'}
[0.472755] (vrx_gazebo) StdoutLine: {'line': b'-- Up-to-date: /home/toyat/dev/vrx_ros2/vrx_ws/install/share/vrx_gazebo/models/ball_shooter/meshes/ball_shooter_base.dae\n'}
[0.472896] (vrx_gazebo) StdoutLine: {'line': b'-- Up-to-date: /home/toyat/dev/vrx_ros2/vrx_ws/install/share/vrx_gazebo/models/ball_shooter/meshes/Launcher_BaseColor.png\n'}
[0.473017] (vrx_gazebo) StdoutLine: {'line': b'-- Up-to-date: /home/toyat/dev/vrx_ros2/vrx_ws/install/share/vrx_gazebo/models/ball_shooter/meshes/ball_shooter_launcher.dae\n'}
[0.473134] (vrx_gazebo) StdoutLine: {'line': b'-- Up-to-date: /home/toyat/dev/vrx_ros2/vrx_ws/install/share/vrx_gazebo/models/ball_shooter/meshes/Launcher_Albedo.png\n'}
[0.473249] (vrx_gazebo) StdoutLine: {'line': b'-- Up-to-date: /home/toyat/dev/vrx_ros2/vrx_ws/install/share/vrx_gazebo/models/ball_shooter/materials\n'}
[0.473365] (vrx_gazebo) StdoutLine: {'line': b'-- Up-to-date: /home/toyat/dev/vrx_ros2/vrx_ws/install/share/vrx_gazebo/models/ball_shooter/materials/Textures\n'}
[0.473480] (vrx_gazebo) StdoutLine: {'line': b'-- Up-to-date: /home/toyat/dev/vrx_ros2/vrx_ws/install/share/vrx_gazebo/models/ball_shooter/materials/Textures/Launcher_Metalness.png\n'}
[0.473596] (vrx_gazebo) StdoutLine: {'line': b'-- Up-to-date: /home/toyat/dev/vrx_ros2/vrx_ws/install/share/vrx_gazebo/models/ball_shooter/materials/Textures/Launcher_Normal.png\n'}
[0.473738] (vrx_gazebo) StdoutLine: {'line': b'-- Up-to-date: /home/toyat/dev/vrx_ros2/vrx_ws/install/share/vrx_gazebo/models/ball_shooter/materials/Textures/Launcher_Albedo.png\n'}
[0.474018] (vrx_gazebo) StdoutLine: {'line': b'-- Up-to-date: /home/toyat/dev/vrx_ros2/vrx_ws/install/share/vrx_gazebo/models/ball_shooter/materials/Textures/Launcher_Roughness.png\n'}
[0.474131] (vrx_gazebo) StdoutLine: {'line': b'-- Up-to-date: /home/toyat/dev/vrx_ros2/vrx_ws/install/share/vrx_gazebo/models/ball_shooter/model.sdf\n'}
[0.474238] (vrx_gazebo) StdoutLine: {'line': b'-- Up-to-date: /home/toyat/dev/vrx_ros2/vrx_ws/install/share/vrx_gazebo/models/ball_shooter/model.config\n'}
[0.474346] (vrx_gazebo) StdoutLine: {'line': b'-- Up-to-date: /home/toyat/dev/vrx_ros2/vrx_ws/install/share/vrx_gazebo/models/mono_camera\n'}
[0.474455] (vrx_gazebo) StdoutLine: {'line': b'-- Up-to-date: /home/toyat/dev/vrx_ros2/vrx_ws/install/share/vrx_gazebo/models/mono_camera/model.sdf\n'}
[0.474564] (vrx_gazebo) StdoutLine: {'line': b'-- Up-to-date: /home/toyat/dev/vrx_ros2/vrx_ws/install/share/vrx_gazebo/models/mono_camera/model.config\n'}
[0.474675] (vrx_gazebo) StdoutLine: {'line': b'-- Up-to-date: /home/toyat/dev/vrx_ros2/vrx_ws/install/share/vrx_gazebo/models/mono_camera/mesh\n'}
[0.474787] (vrx_gazebo) StdoutLine: {'line': b'-- Up-to-date: /home/toyat/dev/vrx_ros2/vrx_ws/install/share/vrx_gazebo/models/mono_camera/mesh/mono_camera.png\n'}
[0.474915] (vrx_gazebo) StdoutLine: {'line': b'-- Up-to-date: /home/toyat/dev/vrx_ros2/vrx_ws/install/share/vrx_gazebo/models/mono_camera/mesh/mono_camera_Normal.png\n'}
[0.475032] (vrx_gazebo) StdoutLine: {'line': b'-- Up-to-date: /home/toyat/dev/vrx_ros2/vrx_ws/install/share/vrx_gazebo/models/mono_camera/mesh/mono_camera_Metalness.png\n'}
[0.475153] (vrx_gazebo) StdoutLine: {'line': b'-- Up-to-date: /home/toyat/dev/vrx_ros2/vrx_ws/install/share/vrx_gazebo/models/mono_camera/mesh/mono_camera_Albedo.png\n'}
[0.475264] (vrx_gazebo) StdoutLine: {'line': b'-- Up-to-date: /home/toyat/dev/vrx_ros2/vrx_ws/install/share/vrx_gazebo/models/mono_camera/mesh/mono_camera_Roughness.png\n'}
[0.475376] (vrx_gazebo) StdoutLine: {'line': b'-- Up-to-date: /home/toyat/dev/vrx_ros2/vrx_ws/install/share/vrx_gazebo/models/mono_camera/mesh/mono_camera.dae\n'}
[0.475490] (vrx_gazebo) StdoutLine: {'line': b'-- Up-to-date: /home/toyat/dev/vrx_ros2/vrx_ws/install/share/vrx_gazebo/models/blue_projectile\n'}
[0.475603] (vrx_gazebo) StdoutLine: {'line': b'-- Up-to-date: /home/toyat/dev/vrx_ros2/vrx_ws/install/share/vrx_gazebo/models/blue_projectile/model.sdf\n'}
[0.475715] (vrx_gazebo) StdoutLine: {'line': b'-- Up-to-date: /home/toyat/dev/vrx_ros2/vrx_ws/install/share/vrx_gazebo/models/blue_projectile/model.config\n'}
[0.475838] (vrx_gazebo) StdoutLine: {'line': b'-- Up-to-date: /home/toyat/dev/vrx_ros2/vrx_ws/install/share/vrx_gazebo/models/3d_lidar\n'}
[0.475958] (vrx_gazebo) StdoutLine: {'line': b'-- Up-to-date: /home/toyat/dev/vrx_ros2/vrx_ws/install/share/vrx_gazebo/models/3d_lidar/model.sdf\n'}
[0.476073] (vrx_gazebo) StdoutLine: {'line': b'-- Up-to-date: /home/toyat/dev/vrx_ros2/vrx_ws/install/share/vrx_gazebo/models/3d_lidar/model.config\n'}
[0.476187] (vrx_gazebo) StdoutLine: {'line': b'-- Up-to-date: /home/toyat/dev/vrx_ros2/vrx_ws/install/share/vrx_gazebo/models/3d_lidar/mesh\n'}
[0.476325] (vrx_gazebo) StdoutLine: {'line': b'-- Up-to-date: /home/toyat/dev/vrx_ros2/vrx_ws/install/share/vrx_gazebo/models/3d_lidar/mesh/3d_Lidar_Metalness.png\n'}
[0.476443] (vrx_gazebo) StdoutLine: {'line': b'-- Up-to-date: /home/toyat/dev/vrx_ros2/vrx_ws/install/share/vrx_gazebo/models/3d_lidar/mesh/3d_lidar.png\n'}
[0.476560] (vrx_gazebo) StdoutLine: {'line': b'-- Up-to-date: /home/toyat/dev/vrx_ros2/vrx_ws/install/share/vrx_gazebo/models/3d_lidar/mesh/3d_Lidar_Roughness.png\n'}
[0.476676] (vrx_gazebo) StdoutLine: {'line': b'-- Up-to-date: /home/toyat/dev/vrx_ros2/vrx_ws/install/share/vrx_gazebo/models/3d_lidar/mesh/3d_Lidar_Normal.png\n'}
[0.476795] (vrx_gazebo) StdoutLine: {'line': b'-- Up-to-date: /home/toyat/dev/vrx_ros2/vrx_ws/install/share/vrx_gazebo/models/3d_lidar/mesh/3d_lidar.dae\n'}
[0.476924] (vrx_gazebo) StdoutLine: {'line': b'-- Up-to-date: /home/toyat/dev/vrx_ros2/vrx_ws/install/share/vrx_gazebo/models/3d_lidar/mesh/3d_Lidar_Albedo.png\n'}
[0.477040] (vrx_gazebo) StdoutLine: {'line': b'-- Up-to-date: /home/toyat/dev/vrx_ros2/vrx_ws/install/share/vrx_gazebo/models/sensor_post\n'}
[0.477153] (vrx_gazebo) StdoutLine: {'line': b'-- Up-to-date: /home/toyat/dev/vrx_ros2/vrx_ws/install/share/vrx_gazebo/models/sensor_post/model.sdf\n'}
[0.477266] (vrx_gazebo) StdoutLine: {'line': b'-- Up-to-date: /home/toyat/dev/vrx_ros2/vrx_ws/install/share/vrx_gazebo/models/sensor_post/model.config\n'}
[0.477376] (vrx_gazebo) StdoutLine: {'line': b'-- Up-to-date: /home/toyat/dev/vrx_ros2/vrx_ws/install/share/vrx_gazebo/models/sensor_post/mesh\n'}
[0.477486] (vrx_gazebo) StdoutLine: {'line': b'-- Up-to-date: /home/toyat/dev/vrx_ros2/vrx_ws/install/share/vrx_gazebo/models/sensor_post/mesh/sensor_post.dae\n'}
[0.477598] (vrx_gazebo) StdoutLine: {'line': b'-- Up-to-date: /home/toyat/dev/vrx_ros2/vrx_ws/install/share/vrx_gazebo/models/sensor_post/mesh/sensor_post_arm.dae\n'}
[0.477709] (vrx_gazebo) StdoutLine: {'line': b'-- Up-to-date: /home/toyat/dev/vrx_ros2/vrx_ws/install/share/vrx_gazebo/models/sensor_post/mesh/sensor_post.png\n'}
[0.477834] (vrx_gazebo) StdoutLine: {'line': b'-- Up-to-date: /home/toyat/dev/vrx_ros2/vrx_ws/install/share/vrx_gazebo/models/battery\n'}
[0.477958] (vrx_gazebo) StdoutLine: {'line': b'-- Up-to-date: /home/toyat/dev/vrx_ros2/vrx_ws/install/share/vrx_gazebo/models/battery/model.sdf\n'}
[0.478071] (vrx_gazebo) StdoutLine: {'line': b'-- Up-to-date: /home/toyat/dev/vrx_ros2/vrx_ws/install/share/vrx_gazebo/models/battery/model.config\n'}
[0.478181] (vrx_gazebo) StdoutLine: {'line': b'-- Up-to-date: /home/toyat/dev/vrx_ros2/vrx_ws/install/share/vrx_gazebo/models/battery/mesh\n'}
[0.478289] (vrx_gazebo) StdoutLine: {'line': b'-- Up-to-date: /home/toyat/dev/vrx_ros2/vrx_ws/install/share/vrx_gazebo/models/battery/mesh/battery_Normal.png\n'}
[0.478402] (vrx_gazebo) StdoutLine: {'line': b'-- Up-to-date: /home/toyat/dev/vrx_ros2/vrx_ws/install/share/vrx_gazebo/models/battery/mesh/battery_Roughness.png\n'}
[0.478515] (vrx_gazebo) StdoutLine: {'line': b'-- Up-to-date: /home/toyat/dev/vrx_ros2/vrx_ws/install/share/vrx_gazebo/models/battery/mesh/battery_Albedo.png\n'}
[0.478627] (vrx_gazebo) StdoutLine: {'line': b'-- Up-to-date: /home/toyat/dev/vrx_ros2/vrx_ws/install/share/vrx_gazebo/models/battery/mesh/battery.png\n'}
[0.478739] (vrx_gazebo) StdoutLine: {'line': b'-- Up-to-date: /home/toyat/dev/vrx_ros2/vrx_ws/install/share/vrx_gazebo/models/battery/mesh/battery_Metalness.png\n'}
[0.478866] (vrx_gazebo) StdoutLine: {'line': b'-- Up-to-date: /home/toyat/dev/vrx_ros2/vrx_ws/install/share/vrx_gazebo/models/battery/mesh/battery.dae\n'}
[0.478980] (vrx_gazebo) StdoutLine: {'line': b'-- Up-to-date: /home/toyat/dev/vrx_ros2/vrx_ws/install/share/vrx_gazebo/models/cpu_cases\n'}
[0.479096] (vrx_gazebo) StdoutLine: {'line': b'-- Up-to-date: /home/toyat/dev/vrx_ros2/vrx_ws/install/share/vrx_gazebo/models/cpu_cases/model.sdf\n'}
[0.479204] (vrx_gazebo) StdoutLine: {'line': b'-- Up-to-date: /home/toyat/dev/vrx_ros2/vrx_ws/install/share/vrx_gazebo/models/cpu_cases/model.config\n'}
[0.479322] (vrx_gazebo) StdoutLine: {'line': b'-- Up-to-date: /home/toyat/dev/vrx_ros2/vrx_ws/install/share/vrx_gazebo/models/cpu_cases/mesh\n'}
[0.479435] (vrx_gazebo) StdoutLine: {'line': b'-- Up-to-date: /home/toyat/dev/vrx_ros2/vrx_ws/install/share/vrx_gazebo/models/cpu_cases/mesh/cpu_cases.dae\n'}
[0.479548] (vrx_gazebo) StdoutLine: {'line': b'-- Up-to-date: /home/toyat/dev/vrx_ros2/vrx_ws/install/share/vrx_gazebo/models/cpu_cases/mesh/cpu_cases_Albedo.png\n'}
[0.479660] (vrx_gazebo) StdoutLine: {'line': b'-- Up-to-date: /home/toyat/dev/vrx_ros2/vrx_ws/install/share/vrx_gazebo/models/cpu_cases/mesh/cpu_cases_Metalness.png\n'}
[0.479771] (vrx_gazebo) StdoutLine: {'line': b'-- Up-to-date: /home/toyat/dev/vrx_ros2/vrx_ws/install/share/vrx_gazebo/models/cpu_cases/mesh/cpu_cases_Roughness.png\n'}
[0.479904] (vrx_gazebo) StdoutLine: {'line': b'-- Up-to-date: /home/toyat/dev/vrx_ros2/vrx_ws/install/share/vrx_gazebo/models/cpu_cases/mesh/cpu_cases_Normal.png\n'}
[0.480015] (vrx_gazebo) StdoutLine: {'line': b'-- Up-to-date: /home/toyat/dev/vrx_ros2/vrx_ws/install/share/vrx_gazebo/models/cpu_cases/mesh/cpu_cases.png\n'}
[0.480128] (vrx_gazebo) StdoutLine: {'line': b'-- Up-to-date: /home/toyat/dev/vrx_ros2/vrx_ws/install/share/vrx_gazebo/launch\n'}
[0.480242] (vrx_gazebo) StdoutLine: {'line': b'-- Up-to-date: /home/toyat/dev/vrx_ros2/vrx_ws/install/share/vrx_gazebo/launch/generate_wamv.launch.py\n'}
[0.480354] (vrx_gazebo) StdoutLine: {'line': b'-- Up-to-date: /home/toyat/dev/vrx_ros2/vrx_ws/install/share/vrx_gazebo/launch/rviz.launch.py\n'}
[0.480468] (vrx_gazebo) StdoutLine: {'line': b'-- Up-to-date: /home/toyat/dev/vrx_ros2/vrx_ws/install/share/vrx_gazebo/config\n'}
[0.480582] (vrx_gazebo) StdoutLine: {'line': b'-- Up-to-date: /home/toyat/dev/vrx_ros2/vrx_ws/install/share/vrx_gazebo/config/rviz_vrx_rsp.rviz\n'}
[0.480700] (vrx_gazebo) StdoutLine: {'line': b'-- Up-to-date: /home/toyat/dev/vrx_ros2/vrx_ws/install/share/vrx_gazebo/config/rviz_vrx_final.rviz\n'}
[0.480820] (vrx_gazebo) StdoutLine: {'line': b'-- Up-to-date: /home/toyat/dev/vrx_ros2/vrx_ws/install/share/vrx_gazebo/config/wamv_config\n'}
[0.480953] (vrx_gazebo) StdoutLine: {'line': b'-- Up-to-date: /home/toyat/dev/vrx_ros2/vrx_ws/install/share/vrx_gazebo/config/wamv_config/component_compliance\n'}
[0.481066] (vrx_gazebo) StdoutLine: {'line': b'-- Up-to-date: /home/toyat/dev/vrx_ros2/vrx_ws/install/share/vrx_gazebo/config/wamv_config/component_compliance/numeric.yaml\n'}
[0.481177] (vrx_gazebo) StdoutLine: {'line': b'-- Up-to-date: /home/toyat/dev/vrx_ros2/vrx_ws/install/share/vrx_gazebo/config/wamv_config/component_compliance/bounding_boxes.yaml\n'}
[0.481288] (vrx_gazebo) StdoutLine: {'line': b'-- Up-to-date: /home/toyat/dev/vrx_ros2/vrx_ws/install/share/vrx_gazebo/config/wamv_config/thruster_compliance\n'}
[0.481401] (vrx_gazebo) StdoutLine: {'line': b'-- Up-to-date: /home/toyat/dev/vrx_ros2/vrx_ws/install/share/vrx_gazebo/config/wamv_config/thruster_compliance/numeric.yaml\n'}
[0.481514] (vrx_gazebo) StdoutLine: {'line': b'-- Up-to-date: /home/toyat/dev/vrx_ros2/vrx_ws/install/share/vrx_gazebo/config/wamv_config/thruster_compliance/bounding_boxes.yaml\n'}
[0.481625] (vrx_gazebo) StdoutLine: {'line': b'-- Up-to-date: /home/toyat/dev/vrx_ros2/vrx_ws/install/share/vrx_gazebo/config/wamv_config/example_thruster_config.yaml\n'}
[0.481736] (vrx_gazebo) StdoutLine: {'line': b'-- Up-to-date: /home/toyat/dev/vrx_ros2/vrx_ws/install/share/vrx_gazebo/config/wamv_config/example_component_config.yaml\n'}
[0.481860] (vrx_gazebo) StdoutLine: {'line': b'-- Up-to-date: /home/toyat/dev/vrx_ros2/vrx_ws/install/lib/vrx_gazebo/generate_wamv.py\n'}
[0.481974] (vrx_gazebo) StdoutLine: {'line': b'-- Up-to-date: /home/toyat/dev/vrx_ros2/vrx_ws/install/share/vrx_gazebo/environment/pythonpath.sh\n'}
[0.482085] (vrx_gazebo) StdoutLine: {'line': b'-- Up-to-date: /home/toyat/dev/vrx_ros2/vrx_ws/install/share/vrx_gazebo/environment/pythonpath.dsv\n'}
[0.482197] (vrx_gazebo) StdoutLine: {'line': b'-- Up-to-date: /home/toyat/dev/vrx_ros2/vrx_ws/install/lib/python3.12/site-packages/vrx_gazebo-1.3.0-py3.12.egg-info\n'}
[0.482308] (vrx_gazebo) StdoutLine: {'line': b'-- Installing: /home/toyat/dev/vrx_ros2/vrx_ws/install/lib/python3.12/site-packages/vrx_gazebo-1.3.0-py3.12.egg-info/dependency_links.txt\n'}
[0.482420] (vrx_gazebo) StdoutLine: {'line': b'-- Installing: /home/toyat/dev/vrx_ros2/vrx_ws/install/lib/python3.12/site-packages/vrx_gazebo-1.3.0-py3.12.egg-info/SOURCES.txt\n'}
[0.482532] (vrx_gazebo) StdoutLine: {'line': b'-- Installing: /home/toyat/dev/vrx_ros2/vrx_ws/install/lib/python3.12/site-packages/vrx_gazebo-1.3.0-py3.12.egg-info/top_level.txt\n'}
[0.482645] (vrx_gazebo) StdoutLine: {'line': b'-- Installing: /home/toyat/dev/vrx_ros2/vrx_ws/install/lib/python3.12/site-packages/vrx_gazebo-1.3.0-py3.12.egg-info/PKG-INFO\n'}
[0.482765] (vrx_gazebo) StdoutLine: {'line': b'-- Up-to-date: /home/toyat/dev/vrx_ros2/vrx_ws/install/lib/python3.12/site-packages/vrx_gazebo\n'}
[0.482892] (vrx_gazebo) StdoutLine: {'line': b'-- Up-to-date: /home/toyat/dev/vrx_ros2/vrx_ws/install/lib/python3.12/site-packages/vrx_gazebo/utils.py\n'}
[0.483007] (vrx_gazebo) StdoutLine: {'line': b'-- Up-to-date: /home/toyat/dev/vrx_ros2/vrx_ws/install/lib/python3.12/site-packages/vrx_gazebo/__init__.py\n'}
[0.483117] (vrx_gazebo) StdoutLine: {'line': b'-- Up-to-date: /home/toyat/dev/vrx_ros2/vrx_ws/install/lib/python3.12/site-packages/vrx_gazebo/configure_wamv.py\n'}
[0.483238] (vrx_gazebo) StdoutLine: {'line': b'-- Up-to-date: /home/toyat/dev/vrx_ros2/vrx_ws/install/lib/python3.12/site-packages/vrx_gazebo/compliance.py\n'}
[0.493248] (vrx_ros) StderrLine: {'line': b'In file included from \x1b[01m\x1b[K/usr/include/c++/11/memory:76\x1b[m\x1b[K,\n'}
[0.493664] (vrx_ros) StderrLine: {'line': b'                 from \x1b[01m\x1b[K/opt/ros/jazzy/include/geometry_msgs/geometry_msgs/msg/detail/transform_stamped__struct.hpp:13\x1b[m\x1b[K,\n'}
[0.493822] (vrx_ros) StderrLine: {'line': b'                 from \x1b[01m\x1b[K/opt/ros/jazzy/include/geometry_msgs/geometry_msgs/msg/transform_stamped.hpp:7\x1b[m\x1b[K,\n'}
[0.493954] (vrx_ros) StderrLine: {'line': b'                 from \x1b[01m\x1b[K/home/toyat/dev/vrx_ros2/vrx_ws/src/vrx/vrx_ros/src/pose_tf_broadcaster.cc:18\x1b[m\x1b[K:\n'}
[0.494070] (vrx_ros) StderrLine: {'line': b'\x1b[01m\x1b[K/usr/include/c++/11/bits/unique_ptr.h:486:15:\x1b[m\x1b[K \x1b[01;31m\x1b[Kerror: \x1b[m\x1b[Kexpected identifier before \xe2\x80\x98\x1b[01m\x1b[K__remove_cv\x1b[m\x1b[K\xe2\x80\x99\n'}
[0.494186] (vrx_ros) StderrLine: {'line': b'  486 |         using \x1b[01;31m\x1b[K__remove_cv\x1b[m\x1b[K = typename remove_cv<_Up>::type;\n'}
[0.494296] (vrx_ros) StderrLine: {'line': b'      |               \x1b[01;31m\x1b[K^~~~~~~~~~~\x1b[m\x1b[K\n'}
[0.494414] (vrx_ros) StderrLine: {'line': b'\x1b[01m\x1b[K/usr/include/c++/11/bits/unique_ptr.h:486:27:\x1b[m\x1b[K \x1b[01;31m\x1b[Kerror: \x1b[m\x1b[Kexpected \xe2\x80\x98\x1b[01m\x1b[K(\x1b[m\x1b[K\xe2\x80\x99 before \xe2\x80\x98\x1b[01m\x1b[K=\x1b[m\x1b[K\xe2\x80\x99 token\n'}
[0.494531] (vrx_ros) StderrLine: {'line': b'  486 |         using __remove_cv \x1b[01;31m\x1b[K=\x1b[m\x1b[K typename remove_cv<_Up>::type;\n'}
[0.494642] (vrx_ros) StderrLine: {'line': b'      |                           \x1b[01;31m\x1b[K^\x1b[m\x1b[K\n'}
[0.494750] (vrx_ros) StderrLine: {'line': b'      |                           \x1b[32m\x1b[K(\x1b[m\x1b[K\n'}
[0.494872] (vrx_ros) StderrLine: {'line': b'\x1b[01m\x1b[K/usr/include/c++/11/bits/unique_ptr.h:486:27:\x1b[m\x1b[K \x1b[01;31m\x1b[Kerror: \x1b[m\x1b[Kexpected type-specifier before \xe2\x80\x98\x1b[01m\x1b[K=\x1b[m\x1b[K\xe2\x80\x99 token\n'}
[0.494980] (vrx_ros) StderrLine: {'line': b'\x1b[01m\x1b[K/usr/include/c++/11/bits/unique_ptr.h:486:27:\x1b[m\x1b[K \x1b[01;31m\x1b[Kerror: \x1b[m\x1b[Kexpected unqualified-id before \xe2\x80\x98\x1b[01m\x1b[K=\x1b[m\x1b[K\xe2\x80\x99 token\n'}
[0.495086] (vrx_ros) StderrLine: {'line': b'\x1b[01m\x1b[K/usr/include/c++/11/bits/unique_ptr.h:492:69:\x1b[m\x1b[K \x1b[01;31m\x1b[Kerror: \x1b[m\x1b[Kwrong number of template arguments (1, should be 2)\n'}
[0.495195] (vrx_ros) StderrLine: {'line': b'  492 |                     __not_<is_same<__remove_cv<_Tp>, __remove_cv<_Up\x1b[01;31m\x1b[K>>\x1b[m\x1b[K> >;\n'}
[0.495300] (vrx_ros) StderrLine: {'line': b'      |                                                                     \x1b[01;31m\x1b[K^~\x1b[m\x1b[K\n'}
[0.495402] (vrx_ros) StderrLine: {'line': b'In file included from \x1b[01m\x1b[K/usr/include/c++/11/bits/move.h:57\x1b[m\x1b[K,\n'}
[0.495505] (vrx_ros) StderrLine: {'line': b'                 from \x1b[01m\x1b[K/usr/include/c++/11/bits/stl_pair.h:59\x1b[m\x1b[K,\n'}
[0.495608] (vrx_ros) StderrLine: {'line': b'                 from \x1b[01m\x1b[K/usr/include/c++/11/utility:70\x1b[m\x1b[K,\n'}
[0.495711] (vrx_ros) StderrLine: {'line': b'                 from \x1b[01m\x1b[K/usr/include/c++/11/algorithm:60\x1b[m\x1b[K,\n'}
[0.495836] (vrx_ros) StderrLine: {'line': b'                 from \x1b[01m\x1b[K/opt/ros/jazzy/include/geometry_msgs/geometry_msgs/msg/detail/transform_stamped__struct.hpp:11\x1b[m\x1b[K:\n'}
[0.495950] (vrx_ros) StderrLine: {'line': b'\x1b[01m\x1b[K/usr/include/c++/11/type_traits:614:12:\x1b[m\x1b[K \x1b[01;36m\x1b[Knote: \x1b[m\x1b[Kprovided for \xe2\x80\x98\x1b[01m\x1b[Ktemplate<class, class> struct std::is_same\x1b[m\x1b[K\xe2\x80\x99\n'}
[0.496055] (vrx_ros) StderrLine: {'line': b'  614 |     struct \x1b[01;36m\x1b[Kis_same\x1b[m\x1b[K;\n'}
[0.496157] (vrx_ros) StderrLine: {'line': b'      |            \x1b[01;36m\x1b[K^~~~~~~\x1b[m\x1b[K\n'}
[0.496259] (vrx_ros) StderrLine: {'line': b'\x1b[01m\x1b[K/usr/include/c++/11/bits/unique_ptr.h:492:71:\x1b[m\x1b[K \x1b[01;31m\x1b[Kerror: \x1b[m\x1b[Ktemplate argument 1 is invalid\n'}
[0.496363] (vrx_ros) StderrLine: {'line': b'  492 |                     __not_<is_same<__remove_cv<_Tp>, __remove_cv<_Up>>\x1b[01;31m\x1b[K>\x1b[m\x1b[K >;\n'}
[0.496466] (vrx_ros) StderrLine: {'line': b'      |                                                                       \x1b[01;31m\x1b[K^\x1b[m\x1b[K\n'}
[0.496567] (vrx_ros) StderrLine: {'line': b'\x1b[01m\x1b[K/usr/include/c++/11/bits/unique_ptr.h:492:73:\x1b[m\x1b[K \x1b[01;31m\x1b[Kerror: \x1b[m\x1b[Ktemplate argument 2 is invalid\n'}
[0.496669] (vrx_ros) StderrLine: {'line': b'  492 |                     __not_<is_same<__remove_cv<_Tp>, __remove_cv<_Up>>> \x1b[01;31m\x1b[K>\x1b[m\x1b[K;\n'}
[0.496776] (vrx_ros) StderrLine: {'line': b'      |                                                                         \x1b[01;31m\x1b[K^\x1b[m\x1b[K\n'}
[0.500596] (-) TimerEvent: {}
[0.525393] (vrx_gazebo) StdoutLine: {'line': b"Listing '/home/toyat/dev/vrx_ros2/vrx_ws/install/lib/python3.12/site-packages/vrx_gazebo'...\n"}
[0.532637] (vrx_gazebo) StdoutLine: {'line': b'-- Up-to-date: /home/toyat/dev/vrx_ros2/vrx_ws/install/share/ament_index/resource_index/package_run_dependencies/vrx_gazebo\n'}
[0.533084] (vrx_gazebo) StdoutLine: {'line': b'-- Up-to-date: /home/toyat/dev/vrx_ros2/vrx_ws/install/share/ament_index/resource_index/parent_prefix_path/vrx_gazebo\n'}
[0.533236] (vrx_gazebo) StdoutLine: {'line': b'-- Up-to-date: /home/toyat/dev/vrx_ros2/vrx_ws/install/share/vrx_gazebo/environment/ament_prefix_path.sh\n'}
[0.533358] (vrx_gazebo) StdoutLine: {'line': b'-- Up-to-date: /home/toyat/dev/vrx_ros2/vrx_ws/install/share/vrx_gazebo/environment/ament_prefix_path.dsv\n'}
[0.533474] (vrx_gazebo) StdoutLine: {'line': b'-- Up-to-date: /home/toyat/dev/vrx_ros2/vrx_ws/install/share/vrx_gazebo/environment/path.sh\n'}
[0.533585] (vrx_gazebo) StdoutLine: {'line': b'-- Up-to-date: /home/toyat/dev/vrx_ros2/vrx_ws/install/share/vrx_gazebo/environment/path.dsv\n'}
[0.533703] (vrx_gazebo) StdoutLine: {'line': b'-- Up-to-date: /home/toyat/dev/vrx_ros2/vrx_ws/install/share/vrx_gazebo/local_setup.bash\n'}
[0.533826] (vrx_gazebo) StdoutLine: {'line': b'-- Up-to-date: /home/toyat/dev/vrx_ros2/vrx_ws/install/share/vrx_gazebo/local_setup.sh\n'}
[0.533952] (vrx_gazebo) StdoutLine: {'line': b'-- Up-to-date: /home/toyat/dev/vrx_ros2/vrx_ws/install/share/vrx_gazebo/local_setup.zsh\n'}
[0.534069] (vrx_gazebo) StdoutLine: {'line': b'-- Up-to-date: /home/toyat/dev/vrx_ros2/vrx_ws/install/share/vrx_gazebo/local_setup.dsv\n'}
[0.534183] (vrx_gazebo) StdoutLine: {'line': b'-- Up-to-date: /home/toyat/dev/vrx_ros2/vrx_ws/install/share/vrx_gazebo/package.dsv\n'}
[0.534298] (vrx_gazebo) StdoutLine: {'line': b'-- Up-to-date: /home/toyat/dev/vrx_ros2/vrx_ws/install/share/ament_index/resource_index/packages/vrx_gazebo\n'}
[0.534420] (vrx_gazebo) StdoutLine: {'line': b'-- Up-to-date: /home/toyat/dev/vrx_ros2/vrx_ws/install/share/vrx_gazebo/cmake/vrx_gazeboConfig.cmake\n'}
[0.534541] (vrx_gazebo) StdoutLine: {'line': b'-- Up-to-date: /home/toyat/dev/vrx_ros2/vrx_ws/install/share/vrx_gazebo/cmake/vrx_gazeboConfig-version.cmake\n'}
[0.534657] (vrx_gazebo) StdoutLine: {'line': b'-- Up-to-date: /home/toyat/dev/vrx_ros2/vrx_ws/install/share/vrx_gazebo/package.xml\n'}
[0.535334] (vrx_gazebo) CommandEnded: {'returncode': 0}
[0.538421] (vrx_ros) StderrLine: {'line': b'In file included from \x1b[01m\x1b[K/usr/include/c++/11/memory:76\x1b[m\x1b[K,\n'}
[0.539196] (vrx_ros) StderrLine: {'line': b'                 from \x1b[01m\x1b[K/opt/ros/jazzy/include/geometry_msgs/geometry_msgs/msg/detail/transform_stamped__struct.hpp:13\x1b[m\x1b[K,\n'}
[0.539352] (vrx_ros) StderrLine: {'line': b'                 from \x1b[01m\x1b[K/opt/ros/jazzy/include/geometry_msgs/geometry_msgs/msg/transform_stamped.hpp:7\x1b[m\x1b[K,\n'}
[0.539479] (vrx_ros) StderrLine: {'line': b'                 from \x1b[01m\x1b[K/home/toyat/dev/vrx_ros2/vrx_ws/src/vrx/vrx_ros/src/optical_frame_publisher.cc:18\x1b[m\x1b[K:\n'}
[0.539652] (vrx_ros) StderrLine: {'line': b'\x1b[01m\x1b[K/usr/include/c++/11/bits/unique_ptr.h:486:15:\x1b[m\x1b[K \x1b[01;31m\x1b[Kerror: \x1b[m\x1b[Kexpected identifier before \xe2\x80\x98\x1b[01m\x1b[K__remove_cv\x1b[m\x1b[K\xe2\x80\x99\n'}
[0.539789] (vrx_ros) StderrLine: {'line': b'  486 |         using \x1b[01;31m\x1b[K__remove_cv\x1b[m\x1b[K = typename remove_cv<_Up>::type;\n'}
[0.539977] (vrx_ros) StderrLine: {'line': b'      |               \x1b[01;31m\x1b[K^~~~~~~~~~~\x1b[m\x1b[K\n'}
[0.540097] (vrx_ros) StderrLine: {'line': b'\x1b[01m\x1b[K/usr/include/c++/11/bits/unique_ptr.h:486:27:\x1b[m\x1b[K \x1b[01;31m\x1b[Kerror: \x1b[m\x1b[Kexpected \xe2\x80\x98\x1b[01m\x1b[K(\x1b[m\x1b[K\xe2\x80\x99 before \xe2\x80\x98\x1b[01m\x1b[K=\x1b[m\x1b[K\xe2\x80\x99 token\n'}
[0.540215] (vrx_ros) StderrLine: {'line': b'  486 |         using __remove_cv \x1b[01;31m\x1b[K=\x1b[m\x1b[K typename remove_cv<_Up>::type;\n'}
[0.540340] (vrx_ros) StderrLine: {'line': b'      |                           \x1b[01;31m\x1b[K^\x1b[m\x1b[K\n'}
[0.540452] (vrx_ros) StderrLine: {'line': b'      |                           \x1b[32m\x1b[K(\x1b[m\x1b[K\n'}
[0.540571] (vrx_ros) StderrLine: {'line': b'\x1b[01m\x1b[K/usr/include/c++/11/bits/unique_ptr.h:486:27:\x1b[m\x1b[K \x1b[01;31m\x1b[Kerror: \x1b[m\x1b[Kexpected type-specifier before \xe2\x80\x98\x1b[01m\x1b[K=\x1b[m\x1b[K\xe2\x80\x99 token\n'}
[0.540704] (vrx_ros) StderrLine: {'line': b'\x1b[01m\x1b[K/usr/include/c++/11/bits/unique_ptr.h:486:27:\x1b[m\x1b[K \x1b[01;31m\x1b[Kerror: \x1b[m\x1b[Kexpected unqualified-id before \xe2\x80\x98\x1b[01m\x1b[K=\x1b[m\x1b[K\xe2\x80\x99 token\n'}
[0.540895] (vrx_ros) StderrLine: {'line': b'\x1b[01m\x1b[K/usr/include/c++/11/bits/unique_ptr.h:492:69:\x1b[m\x1b[K \x1b[01;31m\x1b[Kerror: \x1b[m\x1b[Kwrong number of template arguments (1, should be 2)\n'}
[0.541088] (vrx_ros) StderrLine: {'line': b'  492 | me<__remove_cv<_Tp>, __remove_cv<_Up\x1b[01;31m\x1b[K>>\x1b[m\x1b[K> >;\n'}
[0.541203] (vrx_ros) StderrLine: {'line': b'      |                                     \x1b[01;31m\x1b[K^~\x1b[m\x1b[K\n'}
[0.541319] (vrx_ros) StderrLine: {'line': b'\n'}
[0.541436] (vrx_ros) StderrLine: {'line': b'In file included from \x1b[01m\x1b[K/usr/include/c++/11/bits/move.h:57\x1b[m\x1b[K,\n'}
[0.541550] (vrx_ros) StderrLine: {'line': b'                 from \x1b[01m\x1b[K/usr/include/c++/11/bits/stl_pair.h:59\x1b[m\x1b[K,\n'}
[0.541664] (vrx_ros) StderrLine: {'line': b'                 from \x1b[01m\x1b[K/usr/include/c++/11/utility:70\x1b[m\x1b[K,\n'}
[0.541780] (vrx_ros) StderrLine: {'line': b'                 from \x1b[01m\x1b[K/usr/include/c++/11/algorithm:60\x1b[m\x1b[K,\n'}
[0.542094] (vrx_ros) StderrLine: {'line': b'                 from \x1b[01m\x1b[K/opt/ros/jazzy/include/geometry_msgs/geometry_msgs/msg/detail/transform_stamped__struct.hpp:11\x1b[m\x1b[K:\n'}
[0.542356] (vrx_ros) StderrLine: {'line': b'\x1b[01m\x1b[K/usr/include/c++/11/type_traits:614:12:\x1b[m\x1b[K \x1b[01;36m\x1b[Knote: \x1b[m\x1b[Kprovided for \xe2\x80\x98\x1b[01m\x1b[Ktemplate<class, class> struct std::is_same\x1b[m\x1b[K\xe2\x80\x99\n'}
[0.542500] (vrx_ros) StderrLine: {'line': b'  614 |     struct \x1b[01;36m\x1b[Kis_same\x1b[m\x1b[K;\n'}
[0.542615] (vrx_ros) StderrLine: {'line': b'      |            \x1b[01;36m\x1b[K^~~~~~~\x1b[m\x1b[K\n'}
[0.543390] (vrx_ros) StderrLine: {'line': b'\x1b[01m\x1b[K/usr/include/c++/11/bits/unique_ptr.h:492:71:\x1b[m\x1b[K \x1b[01;31m\x1b[Kerror: \x1b[m\x1b[Ktemplate argument 1 is invalid\n'}
[0.543537] (vrx_ros) StderrLine: {'line': b'  492 | me<__remove_cv<_Tp>, __remove_cv<_Up>>\x1b[01;31m\x1b[K>\x1b[m\x1b[K >;\n'}
[0.543651] (vrx_ros) StderrLine: {'line': b'      |                                       \x1b[01;31m\x1b[K^\x1b[m\x1b[K\n'}
[0.543771] (vrx_ros) StderrLine: {'line': b'\n'}
[0.543907] (vrx_ros) StderrLine: {'line': b'\x1b[01m\x1b[K/usr/include/c++/11/bits/unique_ptr.h:492:73:\x1b[m\x1b[K \x1b[01;31m\x1b[Kerror: \x1b[m\x1b[Ktemplate argument 2 is invalid\n'}
[0.544033] (vrx_ros) StderrLine: {'line': b'  492 | me<__remove_cv<_Tp>, __remove_cv<_Up>>> \x1b[01;31m\x1b[K>\x1b[m\x1b[K;\n'}
[0.544152] (vrx_ros) StderrLine: {'line': b'      |                                         \x1b[01;31m\x1b[K^\x1b[m\x1b[K\n'}
[0.544271] (vrx_ros) StderrLine: {'line': b'\n'}
[0.568413] (vrx_gazebo) JobEnded: {'identifier': 'vrx_gazebo', 'rc': 0}
[0.569365] (wamv_description) JobStarted: {'identifier': 'wamv_description'}
[0.576265] (wamv_description) JobProgress: {'identifier': 'wamv_description', 'progress': 'cmake'}
[0.577248] (wamv_description) JobProgress: {'identifier': 'wamv_description', 'progress': 'build'}
[0.577624] (wamv_description) Command: {'cmd': ['/usr/bin/cmake', '--build', '/home/toyat/dev/vrx_ros2/vrx_ws/build/wamv_description', '--', '-j8', '-l8'], 'cwd': '/home/toyat/dev/vrx_ros2/vrx_ws/build/wamv_description', 'env': OrderedDict({'LANGUAGE': 'en_US:en', 'LC_TIME': 'en_US.UTF-8', 'USER': 'toyat', 'GZ_SIM_RESOURCE_PATH': '/home/toyat/dev/vrx_ros2/vrx_ws/install/share/vrx_gazebo/models:/home/toyat/dev/vrx_ros2/vrx_ws/install/share', 'XDG_SEAT': 'seat0', 'GZ_CONFIG_PATH': '/opt/ros/jazzy/opt/gz_sim_vendor/share/gz:/opt/ros/jazzy/opt/sdformat_vendor/share/gz:/opt/ros/jazzy/opt/gz_gui_vendor/share/gz:/opt/ros/jazzy/opt/gz_transport_vendor/share/gz:/opt/ros/jazzy/opt/gz_rendering_vendor/share/gz:/opt/ros/jazzy/opt/gz_plugin_vendor/share/gz:/opt/ros/jazzy/opt/gz_fuel_tools_vendor/share/gz:/opt/ros/jazzy/opt/gz_msgs_vendor/share/gz:/opt/ros/jazzy/opt/gz_common_vendor/share/gz', 'MATHEMATICA_HOME': '/usr/share/Wolfram/Documentation/13.3/en-us', 'XDG_SESSION_TYPE': 'x11', 'SHLVL': '1', 'LD_LIBRARY_PATH': '/opt/ros/jazzy/opt/gz_sim_vendor/lib:/opt/ros/jazzy/opt/gz_sensors_vendor/lib:/opt/ros/jazzy/opt/gz_physics_vendor/lib:/opt/ros/jazzy/opt/sdformat_vendor/lib:/opt/ros/jazzy/opt/rviz_ogre_vendor/lib:/opt/ros/jazzy/lib/x86_64-linux-gnu:/opt/ros/jazzy/opt/gz_gui_vendor/lib:/opt/ros/jazzy/opt/gz_transport_vendor/lib:/opt/ros/jazzy/opt/gz_rendering_vendor/lib:/opt/ros/jazzy/opt/gz_plugin_vendor/lib:/opt/ros/jazzy/opt/gz_fuel_tools_vendor/lib:/opt/ros/jazzy/opt/gz_msgs_vendor/lib:/opt/ros/jazzy/opt/gz_common_vendor/lib:/opt/ros/jazzy/opt/gz_math_vendor/lib:/opt/ros/jazzy/opt/gz_utils_vendor/lib:/opt/ros/jazzy/opt/gz_tools_vendor/lib:/opt/ros/jazzy/opt/gz_ogre_next_vendor/lib:/opt/ros/jazzy/opt/gz_dartsim_vendor/lib:/opt/ros/jazzy/opt/gz_cmake_vendor/lib:/opt/ros/jazzy/lib::/usr/local/lib', 'HOME': '/home/toyat', 'OLDPWD': '/home/toyat', 'DESKTOP_SESSION': 'i3', 'GTK_MODULES': 'gail:atk-bridge', 'ROS_PYTHON_VERSION': '3', 'LC_MONETARY': 'en_US.UTF-8', 'DBUS_SESSION_BUS_ADDRESS': 'unix:path=/run/user/1000/bus', 'GSM_SKIP_SSH_AGENT_WORKAROUND': 'true', 'P9K_TTY': 'old', 'COLORTERM': 'truecolor', 'DEBUGINFOD_URLS': 'https://debuginfod.ubuntu.com', 'ZPFX': '/home/toyat/.local/share/zinit/polaris', 'NVM_DIR': '/home/toyat/.nvm', 'CPLUS_INCLUDE_PATH': '/usr/include/c++/11:/usr/include/x86_64-linux-gnu/c++/11', '_colcon_cd_root': '/opt/ros/jazzy/', 'MANDATORY_PATH': '/usr/share/gconf/i3.mandatory.path', 'ROS_DISTRO': 'jazzy', 'ALACRITTY_SOCKET': '/run/user/1000/Alacritty-:0-35802.sock', 'GTK_IM_MODULE': 'ibus', 'LOGNAME': 'toyat', 'WINDOWID': '56623109', '_P9K_SSH_TTY': '/dev/pts/2', '_': '/usr/bin/colcon', 'DEFAULTS_PATH': '/usr/share/gconf/i3.default.path', 'XDG_SESSION_CLASS': 'user', 'ROS_VERSION': '2', 'ALACRITTY_LOG': '/tmp/Alacritty-35802.log', 'TERM': 'alacritty', 'USERNAME': 'toyat', 'XDG_SESSION_ID': '2', 'WINDOWPATH': '2', 'ZSH_CACHE_DIR': '/home/toyat/.cache/zinit', 'PMSPEC': '0uUpiPsf', 'PATH': '/opt/ros/jazzy/opt/gz_msgs_vendor/bin:/opt/ros/jazzy/opt/gz_tools_vendor/bin:/opt/ros/jazzy/opt/gz_ogre_next_vendor/bin:/opt/ros/jazzy/bin:/home/toyat/.local/share/zinit/polaris/bin:/home/toyat/.cargo/bin:/home/toyat/.local/bin:/usr/local/sbin:/usr/local/bin:/usr/sbin:/usr/bin:/sbin:/bin:/usr/games:/usr/local/games:/snap/bin:/snap/bin:/home/toyat/.fzf/bin:/home/toyat/.platformio/penv/bin', 'PAPERSIZE': 'letter', 'LC_ADDRESS': 'en_US.UTF-8', 'XDG_RUNTIME_DIR': '/run/user/1000', 'DISPLAY': ':0', 'LANG': 'en_US.UTF-8', 'LC_TELEPHONE': 'en_US.UTF-8', 'XDG_CURRENT_DESKTOP': 'i3', 'XAUTHORITY': '/run/user/1000/gdm/Xauthority', 'XDG_SESSION_DESKTOP': 'i3', 'XMODIFIERS': '@im=ibus', 'SSH_AUTH_SOCK': '/run/user/1000/gnupg/S.gpg-agent.ssh', 'AMENT_PREFIX_PATH': '/home/toyat/dev/vrx_ros2/vrx_ws/install:/opt/ros/jazzy', 'LC_NAME': 'en_US.UTF-8', 'SHELL': '/usr/bin/zsh', 'GDMSESSION': 'i3', 'QT_ACCESSIBILITY': '1', 'LC_MEASUREMENT': 'en_US.UTF-8', 'GPG_AGENT_INFO': '/run/user/1000/gnupg/S.gpg-agent:0:1', 'LC_IDENTIFICATION': 'en_US.UTF-8', 'P9K_SSH': '0', 'ALACRITTY_WINDOW_ID': '56623109', 'QT_IM_MODULE': 'ibus', 'XDG_VTNR': '2', 'ROS_AUTOMATIC_DISCOVERY_RANGE': 'SUBNET', 'LC_ALL': 'en_US.UTF-8', 'PWD': '/home/toyat/dev/vrx_ros2/vrx_ws/build/wamv_description', 'CLUTTER_IM_MODULE': 'ibus', 'XDG_CONFIG_DIRS': '/etc/xdg/xdg-i3:/etc/xdg', 'XDG_DATA_DIRS': '/usr/share/i3:/usr/share/gnome:/home/toyat/.local/share/flatpak/exports/share:/var/lib/flatpak/exports/share:/usr/local/share/:/usr/share/:/var/lib/snapd/desktop', '_P9K_TTY': '/dev/pts/2', 'LC_NUMERIC': 'en_US.UTF-8', 'QTWEBENGINE_DICTIONARIES_PATH': '/usr/share/hunspell-bdic/', 'PYTHONPATH': '/home/toyat/dev/vrx_ros2/vrx_ws/install/lib/python3.12/site-packages:/opt/ros/jazzy/lib/python3.12/site-packages', 'I3SOCK': '/run/user/1000/i3/ipc-socket.3408', 'LC_PAPER': 'en_US.UTF-8', 'COLCON': '1', 'EDITOR': 'nvim', 'CMAKE_PREFIX_PATH': '/home/toyat/dev/vrx_ros2/vrx_ws/install:/opt/ros/jazzy/opt/gz_sim_vendor:/opt/ros/jazzy/opt/gz_sensors_vendor:/opt/ros/jazzy/opt/gz_physics_vendor:/opt/ros/jazzy/opt/sdformat_vendor:/opt/ros/jazzy/opt/gz_gui_vendor:/opt/ros/jazzy/opt/gz_transport_vendor:/opt/ros/jazzy/opt/gz_rendering_vendor:/opt/ros/jazzy/opt/gz_plugin_vendor:/opt/ros/jazzy/opt/gz_fuel_tools_vendor:/opt/ros/jazzy/opt/gz_msgs_vendor:/opt/ros/jazzy/opt/gz_common_vendor:/opt/ros/jazzy/opt/gz_math_vendor:/opt/ros/jazzy/opt/gz_utils_vendor:/opt/ros/jazzy/opt/gz_tools_vendor:/opt/ros/jazzy/opt/gz_ogre_next_vendor:/opt/ros/jazzy/opt/gz_dartsim_vendor:/opt/ros/jazzy/opt/gz_cmake_vendor:/opt/ros/jazzy'}), 'shell': False}
[0.600720] (-) TimerEvent: {}
[0.631246] (wamv_description) StdoutLine: {'line': b'[100%] Built target wamv_description__xacro_auto_generate\n'}
[0.642516] (wamv_description) CommandEnded: {'returncode': 0}
[0.643355] (wamv_description) JobProgress: {'identifier': 'wamv_description', 'progress': 'install'}
[0.643624] (wamv_description) Command: {'cmd': ['/usr/bin/cmake', '--install', '/home/toyat/dev/vrx_ros2/vrx_ws/build/wamv_description'], 'cwd': '/home/toyat/dev/vrx_ros2/vrx_ws/build/wamv_description', 'env': OrderedDict({'LANGUAGE': 'en_US:en', 'LC_TIME': 'en_US.UTF-8', 'USER': 'toyat', 'GZ_SIM_RESOURCE_PATH': '/home/toyat/dev/vrx_ros2/vrx_ws/install/share/vrx_gazebo/models:/home/toyat/dev/vrx_ros2/vrx_ws/install/share', 'XDG_SEAT': 'seat0', 'GZ_CONFIG_PATH': '/opt/ros/jazzy/opt/gz_sim_vendor/share/gz:/opt/ros/jazzy/opt/sdformat_vendor/share/gz:/opt/ros/jazzy/opt/gz_gui_vendor/share/gz:/opt/ros/jazzy/opt/gz_transport_vendor/share/gz:/opt/ros/jazzy/opt/gz_rendering_vendor/share/gz:/opt/ros/jazzy/opt/gz_plugin_vendor/share/gz:/opt/ros/jazzy/opt/gz_fuel_tools_vendor/share/gz:/opt/ros/jazzy/opt/gz_msgs_vendor/share/gz:/opt/ros/jazzy/opt/gz_common_vendor/share/gz', 'MATHEMATICA_HOME': '/usr/share/Wolfram/Documentation/13.3/en-us', 'XDG_SESSION_TYPE': 'x11', 'SHLVL': '1', 'LD_LIBRARY_PATH': '/opt/ros/jazzy/opt/gz_sim_vendor/lib:/opt/ros/jazzy/opt/gz_sensors_vendor/lib:/opt/ros/jazzy/opt/gz_physics_vendor/lib:/opt/ros/jazzy/opt/sdformat_vendor/lib:/opt/ros/jazzy/opt/rviz_ogre_vendor/lib:/opt/ros/jazzy/lib/x86_64-linux-gnu:/opt/ros/jazzy/opt/gz_gui_vendor/lib:/opt/ros/jazzy/opt/gz_transport_vendor/lib:/opt/ros/jazzy/opt/gz_rendering_vendor/lib:/opt/ros/jazzy/opt/gz_plugin_vendor/lib:/opt/ros/jazzy/opt/gz_fuel_tools_vendor/lib:/opt/ros/jazzy/opt/gz_msgs_vendor/lib:/opt/ros/jazzy/opt/gz_common_vendor/lib:/opt/ros/jazzy/opt/gz_math_vendor/lib:/opt/ros/jazzy/opt/gz_utils_vendor/lib:/opt/ros/jazzy/opt/gz_tools_vendor/lib:/opt/ros/jazzy/opt/gz_ogre_next_vendor/lib:/opt/ros/jazzy/opt/gz_dartsim_vendor/lib:/opt/ros/jazzy/opt/gz_cmake_vendor/lib:/opt/ros/jazzy/lib::/usr/local/lib', 'HOME': '/home/toyat', 'OLDPWD': '/home/toyat', 'DESKTOP_SESSION': 'i3', 'GTK_MODULES': 'gail:atk-bridge', 'ROS_PYTHON_VERSION': '3', 'LC_MONETARY': 'en_US.UTF-8', 'DBUS_SESSION_BUS_ADDRESS': 'unix:path=/run/user/1000/bus', 'GSM_SKIP_SSH_AGENT_WORKAROUND': 'true', 'P9K_TTY': 'old', 'COLORTERM': 'truecolor', 'DEBUGINFOD_URLS': 'https://debuginfod.ubuntu.com', 'ZPFX': '/home/toyat/.local/share/zinit/polaris', 'NVM_DIR': '/home/toyat/.nvm', 'CPLUS_INCLUDE_PATH': '/usr/include/c++/11:/usr/include/x86_64-linux-gnu/c++/11', '_colcon_cd_root': '/opt/ros/jazzy/', 'MANDATORY_PATH': '/usr/share/gconf/i3.mandatory.path', 'ROS_DISTRO': 'jazzy', 'ALACRITTY_SOCKET': '/run/user/1000/Alacritty-:0-35802.sock', 'GTK_IM_MODULE': 'ibus', 'LOGNAME': 'toyat', 'WINDOWID': '56623109', '_P9K_SSH_TTY': '/dev/pts/2', '_': '/usr/bin/colcon', 'DEFAULTS_PATH': '/usr/share/gconf/i3.default.path', 'XDG_SESSION_CLASS': 'user', 'ROS_VERSION': '2', 'ALACRITTY_LOG': '/tmp/Alacritty-35802.log', 'TERM': 'alacritty', 'USERNAME': 'toyat', 'XDG_SESSION_ID': '2', 'WINDOWPATH': '2', 'ZSH_CACHE_DIR': '/home/toyat/.cache/zinit', 'PMSPEC': '0uUpiPsf', 'PATH': '/opt/ros/jazzy/opt/gz_msgs_vendor/bin:/opt/ros/jazzy/opt/gz_tools_vendor/bin:/opt/ros/jazzy/opt/gz_ogre_next_vendor/bin:/opt/ros/jazzy/bin:/home/toyat/.local/share/zinit/polaris/bin:/home/toyat/.cargo/bin:/home/toyat/.local/bin:/usr/local/sbin:/usr/local/bin:/usr/sbin:/usr/bin:/sbin:/bin:/usr/games:/usr/local/games:/snap/bin:/snap/bin:/home/toyat/.fzf/bin:/home/toyat/.platformio/penv/bin', 'PAPERSIZE': 'letter', 'LC_ADDRESS': 'en_US.UTF-8', 'XDG_RUNTIME_DIR': '/run/user/1000', 'DISPLAY': ':0', 'LANG': 'en_US.UTF-8', 'LC_TELEPHONE': 'en_US.UTF-8', 'XDG_CURRENT_DESKTOP': 'i3', 'XAUTHORITY': '/run/user/1000/gdm/Xauthority', 'XDG_SESSION_DESKTOP': 'i3', 'XMODIFIERS': '@im=ibus', 'SSH_AUTH_SOCK': '/run/user/1000/gnupg/S.gpg-agent.ssh', 'AMENT_PREFIX_PATH': '/home/toyat/dev/vrx_ros2/vrx_ws/install:/opt/ros/jazzy', 'LC_NAME': 'en_US.UTF-8', 'SHELL': '/usr/bin/zsh', 'GDMSESSION': 'i3', 'QT_ACCESSIBILITY': '1', 'LC_MEASUREMENT': 'en_US.UTF-8', 'GPG_AGENT_INFO': '/run/user/1000/gnupg/S.gpg-agent:0:1', 'LC_IDENTIFICATION': 'en_US.UTF-8', 'P9K_SSH': '0', 'ALACRITTY_WINDOW_ID': '56623109', 'QT_IM_MODULE': 'ibus', 'XDG_VTNR': '2', 'ROS_AUTOMATIC_DISCOVERY_RANGE': 'SUBNET', 'LC_ALL': 'en_US.UTF-8', 'PWD': '/home/toyat/dev/vrx_ros2/vrx_ws/build/wamv_description', 'CLUTTER_IM_MODULE': 'ibus', 'XDG_CONFIG_DIRS': '/etc/xdg/xdg-i3:/etc/xdg', 'XDG_DATA_DIRS': '/usr/share/i3:/usr/share/gnome:/home/toyat/.local/share/flatpak/exports/share:/var/lib/flatpak/exports/share:/usr/local/share/:/usr/share/:/var/lib/snapd/desktop', '_P9K_TTY': '/dev/pts/2', 'LC_NUMERIC': 'en_US.UTF-8', 'QTWEBENGINE_DICTIONARIES_PATH': '/usr/share/hunspell-bdic/', 'PYTHONPATH': '/home/toyat/dev/vrx_ros2/vrx_ws/install/lib/python3.12/site-packages:/opt/ros/jazzy/lib/python3.12/site-packages', 'I3SOCK': '/run/user/1000/i3/ipc-socket.3408', 'LC_PAPER': 'en_US.UTF-8', 'COLCON': '1', 'EDITOR': 'nvim', 'CMAKE_PREFIX_PATH': '/home/toyat/dev/vrx_ros2/vrx_ws/install:/opt/ros/jazzy/opt/gz_sim_vendor:/opt/ros/jazzy/opt/gz_sensors_vendor:/opt/ros/jazzy/opt/gz_physics_vendor:/opt/ros/jazzy/opt/sdformat_vendor:/opt/ros/jazzy/opt/gz_gui_vendor:/opt/ros/jazzy/opt/gz_transport_vendor:/opt/ros/jazzy/opt/gz_rendering_vendor:/opt/ros/jazzy/opt/gz_plugin_vendor:/opt/ros/jazzy/opt/gz_fuel_tools_vendor:/opt/ros/jazzy/opt/gz_msgs_vendor:/opt/ros/jazzy/opt/gz_common_vendor:/opt/ros/jazzy/opt/gz_math_vendor:/opt/ros/jazzy/opt/gz_utils_vendor:/opt/ros/jazzy/opt/gz_tools_vendor:/opt/ros/jazzy/opt/gz_ogre_next_vendor:/opt/ros/jazzy/opt/gz_dartsim_vendor:/opt/ros/jazzy/opt/gz_cmake_vendor:/opt/ros/jazzy'}), 'shell': False}
[0.652687] (wamv_description) StdoutLine: {'line': b'-- Install configuration: ""\n'}
[0.653114] (wamv_description) StdoutLine: {'line': b'-- Up-to-date: /home/toyat/dev/vrx_ros2/vrx_ws/install/share/wamv_description/environment/resource_paths.dsv\n'}
[0.653291] (wamv_description) StdoutLine: {'line': b'-- Up-to-date: /home/toyat/dev/vrx_ros2/vrx_ws/install/share/wamv_description/environment/resource_paths.sh\n'}
[0.653395] (wamv_description) StdoutLine: {'line': b'-- Up-to-date: /home/toyat/dev/vrx_ros2/vrx_ws/install/share/wamv_description/urdf/wamv_base.urdf\n'}
[0.653494] (wamv_description) StdoutLine: {'line': b'-- Up-to-date: /home/toyat/dev/vrx_ros2/vrx_ws/install/share/wamv_description/models\n'}
[0.653592] (wamv_description) StdoutLine: {'line': b'-- Up-to-date: /home/toyat/dev/vrx_ros2/vrx_ws/install/share/wamv_description/models/engine\n'}
[0.653675] (wamv_description) StdoutLine: {'line': b'-- Up-to-date: /home/toyat/dev/vrx_ros2/vrx_ws/install/share/wamv_description/models/engine/model.config\n'}
[0.653754] (wamv_description) StdoutLine: {'line': b'-- Up-to-date: /home/toyat/dev/vrx_ros2/vrx_ws/install/share/wamv_description/models/engine/mesh\n'}
[0.653902] (wamv_description) StdoutLine: {'line': b'-- Up-to-date: /home/toyat/dev/vrx_ros2/vrx_ws/install/share/wamv_description/models/engine/mesh/engine.dae\n'}
[0.653971] (wamv_description) StdoutLine: {'line': b'-- Up-to-date: /home/toyat/dev/vrx_ros2/vrx_ws/install/share/wamv_description/models/propeller\n'}
[0.654033] (wamv_description) StdoutLine: {'line': b'-- Up-to-date: /home/toyat/dev/vrx_ros2/vrx_ws/install/share/wamv_description/models/propeller/model.config\n'}
[0.654095] (wamv_description) StdoutLine: {'line': b'-- Up-to-date: /home/toyat/dev/vrx_ros2/vrx_ws/install/share/wamv_description/models/propeller/mesh\n'}
[0.654157] (wamv_description) StdoutLine: {'line': b'-- Up-to-date: /home/toyat/dev/vrx_ros2/vrx_ws/install/share/wamv_description/models/propeller/mesh/propeller.dae\n'}
[0.654218] (wamv_description) StdoutLine: {'line': b'-- Up-to-date: /home/toyat/dev/vrx_ros2/vrx_ws/install/share/wamv_description/models/WAM-V-Base\n'}
[0.654292] (wamv_description) StdoutLine: {'line': b'-- Up-to-date: /home/toyat/dev/vrx_ros2/vrx_ws/install/share/wamv_description/models/WAM-V-Base/model.config\n'}
[0.654353] (wamv_description) StdoutLine: {'line': b'-- Up-to-date: /home/toyat/dev/vrx_ros2/vrx_ws/install/share/wamv_description/models/WAM-V-Base/mesh\n'}
[0.654415] (wamv_description) StdoutLine: {'line': b'-- Up-to-date: /home/toyat/dev/vrx_ros2/vrx_ws/install/share/wamv_description/models/WAM-V-Base/mesh/WAM-V_Roughness.png\n'}
[0.654476] (wamv_description) StdoutLine: {'line': b'-- Up-to-date: /home/toyat/dev/vrx_ros2/vrx_ws/install/share/wamv_description/models/WAM-V-Base/mesh/WAM-V_Normal.png\n'}
[0.654538] (wamv_description) StdoutLine: {'line': b'-- Up-to-date: /home/toyat/dev/vrx_ros2/vrx_ws/install/share/wamv_description/models/WAM-V-Base/mesh/WAM-V_Albedo.png\n'}
[0.654599] (wamv_description) StdoutLine: {'line': b'-- Up-to-date: /home/toyat/dev/vrx_ros2/vrx_ws/install/share/wamv_description/models/WAM-V-Base/mesh/WAM-V-Base.dae\n'}
[0.654659] (wamv_description) StdoutLine: {'line': b'-- Up-to-date: /home/toyat/dev/vrx_ros2/vrx_ws/install/share/wamv_description/models/WAM-V-Base/mesh/WamV.png\n'}
[0.654719] (wamv_description) StdoutLine: {'line': b'-- Up-to-date: /home/toyat/dev/vrx_ros2/vrx_ws/install/share/wamv_description/models/WAM-V-Base/mesh/WAM-V_Metalness.png\n'}
[0.654776] (wamv_description) StdoutLine: {'line': b'-- Up-to-date: /home/toyat/dev/vrx_ros2/vrx_ws/install/share/wamv_description/urdf\n'}
[0.654851] (wamv_description) StdoutLine: {'line': b'-- Up-to-date: /home/toyat/dev/vrx_ros2/vrx_ws/install/share/wamv_description/urdf/thrusters\n'}
[0.654911] (wamv_description) StdoutLine: {'line': b'-- Up-to-date: /home/toyat/dev/vrx_ros2/vrx_ws/install/share/wamv_description/urdf/thrusters/engine.xacro\n'}
[0.654973] (wamv_description) StdoutLine: {'line': b'-- Up-to-date: /home/toyat/dev/vrx_ros2/vrx_ws/install/share/wamv_description/urdf/battery.xacro\n'}
[0.655034] (wamv_description) StdoutLine: {'line': b'-- Up-to-date: /home/toyat/dev/vrx_ros2/vrx_ws/install/share/wamv_description/urdf/wamv_base.urdf.xacro\n'}
[0.655094] (wamv_description) StdoutLine: {'line': b'-- Up-to-date: /home/toyat/dev/vrx_ros2/vrx_ws/install/share/wamv_description/urdf/cpu_cases.xacro\n'}
[0.655154] (wamv_description) StdoutLine: {'line': b'-- Up-to-date: /home/toyat/dev/vrx_ros2/vrx_ws/install/share/ament_index/resource_index/package_run_dependencies/wamv_description\n'}
[0.655219] (wamv_description) StdoutLine: {'line': b'-- Up-to-date: /home/toyat/dev/vrx_ros2/vrx_ws/install/share/ament_index/resource_index/parent_prefix_path/wamv_description\n'}
[0.655280] (wamv_description) StdoutLine: {'line': b'-- Up-to-date: /home/toyat/dev/vrx_ros2/vrx_ws/install/share/wamv_description/environment/ament_prefix_path.sh\n'}
[0.655340] (wamv_description) StdoutLine: {'line': b'-- Up-to-date: /home/toyat/dev/vrx_ros2/vrx_ws/install/share/wamv_description/environment/ament_prefix_path.dsv\n'}
[0.655400] (wamv_description) StdoutLine: {'line': b'-- Up-to-date: /home/toyat/dev/vrx_ros2/vrx_ws/install/share/wamv_description/environment/path.sh\n'}
[0.655461] (wamv_description) StdoutLine: {'line': b'-- Up-to-date: /home/toyat/dev/vrx_ros2/vrx_ws/install/share/wamv_description/environment/path.dsv\n'}
[0.655520] (wamv_description) StdoutLine: {'line': b'-- Up-to-date: /home/toyat/dev/vrx_ros2/vrx_ws/install/share/wamv_description/local_setup.bash\n'}
[0.655589] (wamv_description) StdoutLine: {'line': b'-- Up-to-date: /home/toyat/dev/vrx_ros2/vrx_ws/install/share/wamv_description/local_setup.sh\n'}
[0.655650] (wamv_description) StdoutLine: {'line': b'-- Up-to-date: /home/toyat/dev/vrx_ros2/vrx_ws/install/share/wamv_description/local_setup.zsh\n'}
[0.655709] (wamv_description) StdoutLine: {'line': b'-- Up-to-date: /home/toyat/dev/vrx_ros2/vrx_ws/install/share/wamv_description/local_setup.dsv\n'}
[0.655769] (wamv_description) StdoutLine: {'line': b'-- Up-to-date: /home/toyat/dev/vrx_ros2/vrx_ws/install/share/wamv_description/package.dsv\n'}
[0.655837] (wamv_description) StdoutLine: {'line': b'-- Up-to-date: /home/toyat/dev/vrx_ros2/vrx_ws/install/share/ament_index/resource_index/packages/wamv_description\n'}
[0.655957] (wamv_description) StdoutLine: {'line': b'-- Up-to-date: /home/toyat/dev/vrx_ros2/vrx_ws/install/share/wamv_description/cmake/wamv_descriptionConfig.cmake\n'}
[0.656019] (wamv_description) StdoutLine: {'line': b'-- Up-to-date: /home/toyat/dev/vrx_ros2/vrx_ws/install/share/wamv_description/cmake/wamv_descriptionConfig-version.cmake\n'}
[0.656080] (wamv_description) StdoutLine: {'line': b'-- Up-to-date: /home/toyat/dev/vrx_ros2/vrx_ws/install/share/wamv_description/package.xml\n'}
[0.656708] (wamv_description) CommandEnded: {'returncode': 0}
[0.679355] (wamv_description) JobEnded: {'identifier': 'wamv_description', 'rc': 0}
[0.680144] (wamv_gazebo) JobStarted: {'identifier': 'wamv_gazebo'}
[0.690420] (wamv_gazebo) JobProgress: {'identifier': 'wamv_gazebo', 'progress': 'cmake'}
[0.691331] (wamv_gazebo) JobProgress: {'identifier': 'wamv_gazebo', 'progress': 'build'}
[0.691710] (wamv_gazebo) Command: {'cmd': ['/usr/bin/cmake', '--build', '/home/toyat/dev/vrx_ros2/vrx_ws/build/wamv_gazebo', '--', '-j8', '-l8'], 'cwd': '/home/toyat/dev/vrx_ros2/vrx_ws/build/wamv_gazebo', 'env': OrderedDict({'LANGUAGE': 'en_US:en', 'LC_TIME': 'en_US.UTF-8', 'USER': 'toyat', 'GZ_SIM_RESOURCE_PATH': '/home/toyat/dev/vrx_ros2/vrx_ws/install/share/wamv_description/models:/home/toyat/dev/vrx_ros2/vrx_ws/install/share/vrx_gazebo/models:/home/toyat/dev/vrx_ros2/vrx_ws/install/share', 'XDG_SEAT': 'seat0', 'GZ_CONFIG_PATH': '/opt/ros/jazzy/opt/gz_sim_vendor/share/gz:/opt/ros/jazzy/opt/sdformat_vendor/share/gz:/opt/ros/jazzy/opt/gz_gui_vendor/share/gz:/opt/ros/jazzy/opt/gz_transport_vendor/share/gz:/opt/ros/jazzy/opt/gz_rendering_vendor/share/gz:/opt/ros/jazzy/opt/gz_plugin_vendor/share/gz:/opt/ros/jazzy/opt/gz_fuel_tools_vendor/share/gz:/opt/ros/jazzy/opt/gz_msgs_vendor/share/gz:/opt/ros/jazzy/opt/gz_common_vendor/share/gz', 'MATHEMATICA_HOME': '/usr/share/Wolfram/Documentation/13.3/en-us', 'XDG_SESSION_TYPE': 'x11', 'SHLVL': '1', 'LD_LIBRARY_PATH': '/opt/ros/jazzy/opt/gz_sim_vendor/lib:/opt/ros/jazzy/opt/gz_sensors_vendor/lib:/opt/ros/jazzy/opt/gz_physics_vendor/lib:/opt/ros/jazzy/opt/sdformat_vendor/lib:/opt/ros/jazzy/opt/rviz_ogre_vendor/lib:/opt/ros/jazzy/lib/x86_64-linux-gnu:/opt/ros/jazzy/opt/gz_gui_vendor/lib:/opt/ros/jazzy/opt/gz_transport_vendor/lib:/opt/ros/jazzy/opt/gz_rendering_vendor/lib:/opt/ros/jazzy/opt/gz_plugin_vendor/lib:/opt/ros/jazzy/opt/gz_fuel_tools_vendor/lib:/opt/ros/jazzy/opt/gz_msgs_vendor/lib:/opt/ros/jazzy/opt/gz_common_vendor/lib:/opt/ros/jazzy/opt/gz_math_vendor/lib:/opt/ros/jazzy/opt/gz_utils_vendor/lib:/opt/ros/jazzy/opt/gz_tools_vendor/lib:/opt/ros/jazzy/opt/gz_ogre_next_vendor/lib:/opt/ros/jazzy/opt/gz_dartsim_vendor/lib:/opt/ros/jazzy/opt/gz_cmake_vendor/lib:/opt/ros/jazzy/lib::/usr/local/lib', 'HOME': '/home/toyat', 'OLDPWD': '/home/toyat', 'DESKTOP_SESSION': 'i3', 'GTK_MODULES': 'gail:atk-bridge', 'ROS_PYTHON_VERSION': '3', 'LC_MONETARY': 'en_US.UTF-8', 'DBUS_SESSION_BUS_ADDRESS': 'unix:path=/run/user/1000/bus', 'GSM_SKIP_SSH_AGENT_WORKAROUND': 'true', 'P9K_TTY': 'old', 'COLORTERM': 'truecolor', 'DEBUGINFOD_URLS': 'https://debuginfod.ubuntu.com', 'ZPFX': '/home/toyat/.local/share/zinit/polaris', 'NVM_DIR': '/home/toyat/.nvm', 'CPLUS_INCLUDE_PATH': '/usr/include/c++/11:/usr/include/x86_64-linux-gnu/c++/11', '_colcon_cd_root': '/opt/ros/jazzy/', 'MANDATORY_PATH': '/usr/share/gconf/i3.mandatory.path', 'ROS_DISTRO': 'jazzy', 'ALACRITTY_SOCKET': '/run/user/1000/Alacritty-:0-35802.sock', 'GTK_IM_MODULE': 'ibus', 'LOGNAME': 'toyat', 'WINDOWID': '56623109', '_P9K_SSH_TTY': '/dev/pts/2', '_': '/usr/bin/colcon', 'DEFAULTS_PATH': '/usr/share/gconf/i3.default.path', 'XDG_SESSION_CLASS': 'user', 'ROS_VERSION': '2', 'ALACRITTY_LOG': '/tmp/Alacritty-35802.log', 'TERM': 'alacritty', 'USERNAME': 'toyat', 'XDG_SESSION_ID': '2', 'WINDOWPATH': '2', 'ZSH_CACHE_DIR': '/home/toyat/.cache/zinit', 'PMSPEC': '0uUpiPsf', 'PATH': '/opt/ros/jazzy/opt/gz_msgs_vendor/bin:/opt/ros/jazzy/opt/gz_tools_vendor/bin:/opt/ros/jazzy/opt/gz_ogre_next_vendor/bin:/opt/ros/jazzy/bin:/home/toyat/.local/share/zinit/polaris/bin:/home/toyat/.cargo/bin:/home/toyat/.local/bin:/usr/local/sbin:/usr/local/bin:/usr/sbin:/usr/bin:/sbin:/bin:/usr/games:/usr/local/games:/snap/bin:/snap/bin:/home/toyat/.fzf/bin:/home/toyat/.platformio/penv/bin', 'PAPERSIZE': 'letter', 'LC_ADDRESS': 'en_US.UTF-8', 'XDG_RUNTIME_DIR': '/run/user/1000', 'DISPLAY': ':0', 'LANG': 'en_US.UTF-8', 'LC_TELEPHONE': 'en_US.UTF-8', 'XDG_CURRENT_DESKTOP': 'i3', 'XAUTHORITY': '/run/user/1000/gdm/Xauthority', 'XDG_SESSION_DESKTOP': 'i3', 'XMODIFIERS': '@im=ibus', 'SSH_AUTH_SOCK': '/run/user/1000/gnupg/S.gpg-agent.ssh', 'AMENT_PREFIX_PATH': '/home/toyat/dev/vrx_ros2/vrx_ws/install:/opt/ros/jazzy', 'LC_NAME': 'en_US.UTF-8', 'SHELL': '/usr/bin/zsh', 'GDMSESSION': 'i3', 'QT_ACCESSIBILITY': '1', 'LC_MEASUREMENT': 'en_US.UTF-8', 'GPG_AGENT_INFO': '/run/user/1000/gnupg/S.gpg-agent:0:1', 'LC_IDENTIFICATION': 'en_US.UTF-8', 'P9K_SSH': '0', 'ALACRITTY_WINDOW_ID': '56623109', 'QT_IM_MODULE': 'ibus', 'XDG_VTNR': '2', 'ROS_AUTOMATIC_DISCOVERY_RANGE': 'SUBNET', 'LC_ALL': 'en_US.UTF-8', 'PWD': '/home/toyat/dev/vrx_ros2/vrx_ws/build/wamv_gazebo', 'CLUTTER_IM_MODULE': 'ibus', 'XDG_CONFIG_DIRS': '/etc/xdg/xdg-i3:/etc/xdg', 'XDG_DATA_DIRS': '/usr/share/i3:/usr/share/gnome:/home/toyat/.local/share/flatpak/exports/share:/var/lib/flatpak/exports/share:/usr/local/share/:/usr/share/:/var/lib/snapd/desktop', '_P9K_TTY': '/dev/pts/2', 'LC_NUMERIC': 'en_US.UTF-8', 'QTWEBENGINE_DICTIONARIES_PATH': '/usr/share/hunspell-bdic/', 'PYTHONPATH': '/home/toyat/dev/vrx_ros2/vrx_ws/install/lib/python3.12/site-packages:/opt/ros/jazzy/lib/python3.12/site-packages', 'I3SOCK': '/run/user/1000/i3/ipc-socket.3408', 'LC_PAPER': 'en_US.UTF-8', 'COLCON': '1', 'EDITOR': 'nvim', 'CMAKE_PREFIX_PATH': '/home/toyat/dev/vrx_ros2/vrx_ws/install:/opt/ros/jazzy/opt/gz_sim_vendor:/opt/ros/jazzy/opt/gz_sensors_vendor:/opt/ros/jazzy/opt/gz_physics_vendor:/opt/ros/jazzy/opt/sdformat_vendor:/opt/ros/jazzy/opt/gz_gui_vendor:/opt/ros/jazzy/opt/gz_transport_vendor:/opt/ros/jazzy/opt/gz_rendering_vendor:/opt/ros/jazzy/opt/gz_plugin_vendor:/opt/ros/jazzy/opt/gz_fuel_tools_vendor:/opt/ros/jazzy/opt/gz_msgs_vendor:/opt/ros/jazzy/opt/gz_common_vendor:/opt/ros/jazzy/opt/gz_math_vendor:/opt/ros/jazzy/opt/gz_utils_vendor:/opt/ros/jazzy/opt/gz_tools_vendor:/opt/ros/jazzy/opt/gz_ogre_next_vendor:/opt/ros/jazzy/opt/gz_dartsim_vendor:/opt/ros/jazzy/opt/gz_cmake_vendor:/opt/ros/jazzy'}), 'shell': False}
[0.700834] (-) TimerEvent: {}
[0.737164] (wamv_gazebo) CommandEnded: {'returncode': 0}
[0.738026] (wamv_gazebo) JobProgress: {'identifier': 'wamv_gazebo', 'progress': 'install'}
[0.738288] (wamv_gazebo) Command: {'cmd': ['/usr/bin/cmake', '--install', '/home/toyat/dev/vrx_ros2/vrx_ws/build/wamv_gazebo'], 'cwd': '/home/toyat/dev/vrx_ros2/vrx_ws/build/wamv_gazebo', 'env': OrderedDict({'LANGUAGE': 'en_US:en', 'LC_TIME': 'en_US.UTF-8', 'USER': 'toyat', 'GZ_SIM_RESOURCE_PATH': '/home/toyat/dev/vrx_ros2/vrx_ws/install/share/wamv_description/models:/home/toyat/dev/vrx_ros2/vrx_ws/install/share/vrx_gazebo/models:/home/toyat/dev/vrx_ros2/vrx_ws/install/share', 'XDG_SEAT': 'seat0', 'GZ_CONFIG_PATH': '/opt/ros/jazzy/opt/gz_sim_vendor/share/gz:/opt/ros/jazzy/opt/sdformat_vendor/share/gz:/opt/ros/jazzy/opt/gz_gui_vendor/share/gz:/opt/ros/jazzy/opt/gz_transport_vendor/share/gz:/opt/ros/jazzy/opt/gz_rendering_vendor/share/gz:/opt/ros/jazzy/opt/gz_plugin_vendor/share/gz:/opt/ros/jazzy/opt/gz_fuel_tools_vendor/share/gz:/opt/ros/jazzy/opt/gz_msgs_vendor/share/gz:/opt/ros/jazzy/opt/gz_common_vendor/share/gz', 'MATHEMATICA_HOME': '/usr/share/Wolfram/Documentation/13.3/en-us', 'XDG_SESSION_TYPE': 'x11', 'SHLVL': '1', 'LD_LIBRARY_PATH': '/opt/ros/jazzy/opt/gz_sim_vendor/lib:/opt/ros/jazzy/opt/gz_sensors_vendor/lib:/opt/ros/jazzy/opt/gz_physics_vendor/lib:/opt/ros/jazzy/opt/sdformat_vendor/lib:/opt/ros/jazzy/opt/rviz_ogre_vendor/lib:/opt/ros/jazzy/lib/x86_64-linux-gnu:/opt/ros/jazzy/opt/gz_gui_vendor/lib:/opt/ros/jazzy/opt/gz_transport_vendor/lib:/opt/ros/jazzy/opt/gz_rendering_vendor/lib:/opt/ros/jazzy/opt/gz_plugin_vendor/lib:/opt/ros/jazzy/opt/gz_fuel_tools_vendor/lib:/opt/ros/jazzy/opt/gz_msgs_vendor/lib:/opt/ros/jazzy/opt/gz_common_vendor/lib:/opt/ros/jazzy/opt/gz_math_vendor/lib:/opt/ros/jazzy/opt/gz_utils_vendor/lib:/opt/ros/jazzy/opt/gz_tools_vendor/lib:/opt/ros/jazzy/opt/gz_ogre_next_vendor/lib:/opt/ros/jazzy/opt/gz_dartsim_vendor/lib:/opt/ros/jazzy/opt/gz_cmake_vendor/lib:/opt/ros/jazzy/lib::/usr/local/lib', 'HOME': '/home/toyat', 'OLDPWD': '/home/toyat', 'DESKTOP_SESSION': 'i3', 'GTK_MODULES': 'gail:atk-bridge', 'ROS_PYTHON_VERSION': '3', 'LC_MONETARY': 'en_US.UTF-8', 'DBUS_SESSION_BUS_ADDRESS': 'unix:path=/run/user/1000/bus', 'GSM_SKIP_SSH_AGENT_WORKAROUND': 'true', 'P9K_TTY': 'old', 'COLORTERM': 'truecolor', 'DEBUGINFOD_URLS': 'https://debuginfod.ubuntu.com', 'ZPFX': '/home/toyat/.local/share/zinit/polaris', 'NVM_DIR': '/home/toyat/.nvm', 'CPLUS_INCLUDE_PATH': '/usr/include/c++/11:/usr/include/x86_64-linux-gnu/c++/11', '_colcon_cd_root': '/opt/ros/jazzy/', 'MANDATORY_PATH': '/usr/share/gconf/i3.mandatory.path', 'ROS_DISTRO': 'jazzy', 'ALACRITTY_SOCKET': '/run/user/1000/Alacritty-:0-35802.sock', 'GTK_IM_MODULE': 'ibus', 'LOGNAME': 'toyat', 'WINDOWID': '56623109', '_P9K_SSH_TTY': '/dev/pts/2', '_': '/usr/bin/colcon', 'DEFAULTS_PATH': '/usr/share/gconf/i3.default.path', 'XDG_SESSION_CLASS': 'user', 'ROS_VERSION': '2', 'ALACRITTY_LOG': '/tmp/Alacritty-35802.log', 'TERM': 'alacritty', 'USERNAME': 'toyat', 'XDG_SESSION_ID': '2', 'WINDOWPATH': '2', 'ZSH_CACHE_DIR': '/home/toyat/.cache/zinit', 'PMSPEC': '0uUpiPsf', 'PATH': '/opt/ros/jazzy/opt/gz_msgs_vendor/bin:/opt/ros/jazzy/opt/gz_tools_vendor/bin:/opt/ros/jazzy/opt/gz_ogre_next_vendor/bin:/opt/ros/jazzy/bin:/home/toyat/.local/share/zinit/polaris/bin:/home/toyat/.cargo/bin:/home/toyat/.local/bin:/usr/local/sbin:/usr/local/bin:/usr/sbin:/usr/bin:/sbin:/bin:/usr/games:/usr/local/games:/snap/bin:/snap/bin:/home/toyat/.fzf/bin:/home/toyat/.platformio/penv/bin', 'PAPERSIZE': 'letter', 'LC_ADDRESS': 'en_US.UTF-8', 'XDG_RUNTIME_DIR': '/run/user/1000', 'DISPLAY': ':0', 'LANG': 'en_US.UTF-8', 'LC_TELEPHONE': 'en_US.UTF-8', 'XDG_CURRENT_DESKTOP': 'i3', 'XAUTHORITY': '/run/user/1000/gdm/Xauthority', 'XDG_SESSION_DESKTOP': 'i3', 'XMODIFIERS': '@im=ibus', 'SSH_AUTH_SOCK': '/run/user/1000/gnupg/S.gpg-agent.ssh', 'AMENT_PREFIX_PATH': '/home/toyat/dev/vrx_ros2/vrx_ws/install:/opt/ros/jazzy', 'LC_NAME': 'en_US.UTF-8', 'SHELL': '/usr/bin/zsh', 'GDMSESSION': 'i3', 'QT_ACCESSIBILITY': '1', 'LC_MEASUREMENT': 'en_US.UTF-8', 'GPG_AGENT_INFO': '/run/user/1000/gnupg/S.gpg-agent:0:1', 'LC_IDENTIFICATION': 'en_US.UTF-8', 'P9K_SSH': '0', 'ALACRITTY_WINDOW_ID': '56623109', 'QT_IM_MODULE': 'ibus', 'XDG_VTNR': '2', 'ROS_AUTOMATIC_DISCOVERY_RANGE': 'SUBNET', 'LC_ALL': 'en_US.UTF-8', 'PWD': '/home/toyat/dev/vrx_ros2/vrx_ws/build/wamv_gazebo', 'CLUTTER_IM_MODULE': 'ibus', 'XDG_CONFIG_DIRS': '/etc/xdg/xdg-i3:/etc/xdg', 'XDG_DATA_DIRS': '/usr/share/i3:/usr/share/gnome:/home/toyat/.local/share/flatpak/exports/share:/var/lib/flatpak/exports/share:/usr/local/share/:/usr/share/:/var/lib/snapd/desktop', '_P9K_TTY': '/dev/pts/2', 'LC_NUMERIC': 'en_US.UTF-8', 'QTWEBENGINE_DICTIONARIES_PATH': '/usr/share/hunspell-bdic/', 'PYTHONPATH': '/home/toyat/dev/vrx_ros2/vrx_ws/install/lib/python3.12/site-packages:/opt/ros/jazzy/lib/python3.12/site-packages', 'I3SOCK': '/run/user/1000/i3/ipc-socket.3408', 'LC_PAPER': 'en_US.UTF-8', 'COLCON': '1', 'EDITOR': 'nvim', 'CMAKE_PREFIX_PATH': '/home/toyat/dev/vrx_ros2/vrx_ws/install:/opt/ros/jazzy/opt/gz_sim_vendor:/opt/ros/jazzy/opt/gz_sensors_vendor:/opt/ros/jazzy/opt/gz_physics_vendor:/opt/ros/jazzy/opt/sdformat_vendor:/opt/ros/jazzy/opt/gz_gui_vendor:/opt/ros/jazzy/opt/gz_transport_vendor:/opt/ros/jazzy/opt/gz_rendering_vendor:/opt/ros/jazzy/opt/gz_plugin_vendor:/opt/ros/jazzy/opt/gz_fuel_tools_vendor:/opt/ros/jazzy/opt/gz_msgs_vendor:/opt/ros/jazzy/opt/gz_common_vendor:/opt/ros/jazzy/opt/gz_math_vendor:/opt/ros/jazzy/opt/gz_utils_vendor:/opt/ros/jazzy/opt/gz_tools_vendor:/opt/ros/jazzy/opt/gz_ogre_next_vendor:/opt/ros/jazzy/opt/gz_dartsim_vendor:/opt/ros/jazzy/opt/gz_cmake_vendor:/opt/ros/jazzy'}), 'shell': False}
[0.747449] (wamv_gazebo) StdoutLine: {'line': b'-- Install configuration: ""\n'}
[0.747759] (wamv_gazebo) StdoutLine: {'line': b'-- Up-to-date: /home/toyat/dev/vrx_ros2/vrx_ws/install/share/wamv_gazebo/models\n'}
[0.747966] (wamv_gazebo) StdoutLine: {'line': b'-- Up-to-date: /home/toyat/dev/vrx_ros2/vrx_ws/install/share/wamv_gazebo/models/gps\n'}
[0.748106] (wamv_gazebo) StdoutLine: {'line': b'-- Up-to-date: /home/toyat/dev/vrx_ros2/vrx_ws/install/share/wamv_gazebo/models/gps/model.config\n'}
[0.748274] (wamv_gazebo) StdoutLine: {'line': b'-- Up-to-date: /home/toyat/dev/vrx_ros2/vrx_ws/install/share/wamv_gazebo/models/gps/mesh\n'}
[0.748398] (wamv_gazebo) StdoutLine: {'line': b'-- Up-to-date: /home/toyat/dev/vrx_ros2/vrx_ws/install/share/wamv_gazebo/models/gps/mesh/gps.png\n'}
[0.748513] (wamv_gazebo) StdoutLine: {'line': b'-- Up-to-date: /home/toyat/dev/vrx_ros2/vrx_ws/install/share/wamv_gazebo/models/gps/mesh/gps.dae\n'}
[0.748628] (wamv_gazebo) StdoutLine: {'line': b'-- Up-to-date: /home/toyat/dev/vrx_ros2/vrx_ws/install/share/wamv_gazebo/urdf\n'}
[0.748743] (wamv_gazebo) StdoutLine: {'line': b'-- Up-to-date: /home/toyat/dev/vrx_ros2/vrx_ws/install/share/wamv_gazebo/urdf/wamv_gazebo.urdf.xacro\n'}
[0.748914] (wamv_gazebo) StdoutLine: {'line': b'-- Up-to-date: /home/toyat/dev/vrx_ros2/vrx_ws/install/share/wamv_gazebo/urdf/dynamics\n'}
[0.749045] (wamv_gazebo) StdoutLine: {'line': b'-- Up-to-date: /home/toyat/dev/vrx_ros2/vrx_ws/install/share/wamv_gazebo/urdf/dynamics/wamv_gazebo_dynamics_plugin.xacro\n'}
[0.749179] (wamv_gazebo) StdoutLine: {'line': b'-- Up-to-date: /home/toyat/dev/vrx_ros2/vrx_ws/install/share/wamv_gazebo/urdf/macros.xacro\n'}
[0.749276] (wamv_gazebo) StdoutLine: {'line': b'-- Up-to-date: /home/toyat/dev/vrx_ros2/vrx_ws/install/share/wamv_gazebo/urdf/thruster_layouts\n'}
[0.749374] (wamv_gazebo) StdoutLine: {'line': b'-- Up-to-date: /home/toyat/dev/vrx_ros2/vrx_ws/install/share/wamv_gazebo/urdf/thruster_layouts/wamv_t_thrusters.xacro\n'}
[0.749470] (wamv_gazebo) StdoutLine: {'line': b'-- Up-to-date: /home/toyat/dev/vrx_ros2/vrx_ws/install/share/wamv_gazebo/urdf/thruster_layouts/wamv_aft_thrusters.xacro\n'}
[0.749563] (wamv_gazebo) StdoutLine: {'line': b'-- Up-to-date: /home/toyat/dev/vrx_ros2/vrx_ws/install/share/wamv_gazebo/urdf/thruster_layouts/wamv_x_thrusters.xacro\n'}
[0.749651] (wamv_gazebo) StdoutLine: {'line': b'-- Up-to-date: /home/toyat/dev/vrx_ros2/vrx_ws/install/share/wamv_gazebo/urdf/thruster_layouts/wamv_gazebo_thruster_config.xacro\n'}
[0.749745] (wamv_gazebo) StdoutLine: {'line': b'-- Up-to-date: /home/toyat/dev/vrx_ros2/vrx_ws/install/share/wamv_gazebo/urdf/components\n'}
[0.749848] (wamv_gazebo) StdoutLine: {'line': b'-- Up-to-date: /home/toyat/dev/vrx_ros2/vrx_ws/install/share/wamv_gazebo/urdf/components/wamv_camera.xacro\n'}
[0.749942] (wamv_gazebo) StdoutLine: {'line': b'-- Up-to-date: /home/toyat/dev/vrx_ros2/vrx_ws/install/share/wamv_gazebo/urdf/components/wamv_pinger.xacro\n'}
[0.750033] (wamv_gazebo) StdoutLine: {'line': b'-- Up-to-date: /home/toyat/dev/vrx_ros2/vrx_ws/install/share/wamv_gazebo/urdf/components/ball_shooter.xacro\n'}
[0.750122] (wamv_gazebo) StdoutLine: {'line': b'-- Up-to-date: /home/toyat/dev/vrx_ros2/vrx_ws/install/share/wamv_gazebo/urdf/components/wamv_gps.xacro\n'}
[0.750212] (wamv_gazebo) StdoutLine: {'line': b'-- Up-to-date: /home/toyat/dev/vrx_ros2/vrx_ws/install/share/wamv_gazebo/urdf/components/lidar.xacro\n'}
[0.750305] (wamv_gazebo) StdoutLine: {'line': b'-- Up-to-date: /home/toyat/dev/vrx_ros2/vrx_ws/install/share/wamv_gazebo/urdf/components/wamv_p3d.xacro\n'}
[0.750400] (wamv_gazebo) StdoutLine: {'line': b'-- Up-to-date: /home/toyat/dev/vrx_ros2/vrx_ws/install/share/wamv_gazebo/urdf/components/wamv_imu.xacro\n'}
[0.750488] (wamv_gazebo) StdoutLine: {'line': b'-- Up-to-date: /home/toyat/dev/vrx_ros2/vrx_ws/install/share/wamv_gazebo/urdf/components/wamv_3d_lidar.xacro\n'}
[0.750576] (wamv_gazebo) StdoutLine: {'line': b'-- Up-to-date: /home/toyat/dev/vrx_ros2/vrx_ws/install/share/wamv_gazebo/urdf/components/wamv_planar_lidar.xacro\n'}
[0.750642] (wamv_gazebo) StdoutLine: {'line': b'-- Up-to-date: /home/toyat/dev/vrx_ros2/vrx_ws/install/share/wamv_gazebo/urdf/wamv_gazebo.xacro\n'}
[0.750703] (wamv_gazebo) StdoutLine: {'line': b'-- Up-to-date: /home/toyat/dev/vrx_ros2/vrx_ws/install/share/ament_index/resource_index/package_run_dependencies/wamv_gazebo\n'}
[0.750765] (wamv_gazebo) StdoutLine: {'line': b'-- Up-to-date: /home/toyat/dev/vrx_ros2/vrx_ws/install/share/ament_index/resource_index/parent_prefix_path/wamv_gazebo\n'}
[0.750897] (wamv_gazebo) StdoutLine: {'line': b'-- Up-to-date: /home/toyat/dev/vrx_ros2/vrx_ws/install/share/wamv_gazebo/environment/ament_prefix_path.sh\n'}
[0.750965] (wamv_gazebo) StdoutLine: {'line': b'-- Up-to-date: /home/toyat/dev/vrx_ros2/vrx_ws/install/share/wamv_gazebo/environment/ament_prefix_path.dsv\n'}
[0.751026] (wamv_gazebo) StdoutLine: {'line': b'-- Up-to-date: /home/toyat/dev/vrx_ros2/vrx_ws/install/share/wamv_gazebo/environment/path.sh\n'}
[0.751087] (wamv_gazebo) StdoutLine: {'line': b'-- Up-to-date: /home/toyat/dev/vrx_ros2/vrx_ws/install/share/wamv_gazebo/environment/path.dsv\n'}
[0.751148] (wamv_gazebo) StdoutLine: {'line': b'-- Up-to-date: /home/toyat/dev/vrx_ros2/vrx_ws/install/share/wamv_gazebo/local_setup.bash\n'}
[0.751208] (wamv_gazebo) StdoutLine: {'line': b'-- Up-to-date: /home/toyat/dev/vrx_ros2/vrx_ws/install/share/wamv_gazebo/local_setup.sh\n'}
[0.751269] (wamv_gazebo) StdoutLine: {'line': b'-- Up-to-date: /home/toyat/dev/vrx_ros2/vrx_ws/install/share/wamv_gazebo/local_setup.zsh\n'}
[0.751348] (wamv_gazebo) StdoutLine: {'line': b'-- Up-to-date: /home/toyat/dev/vrx_ros2/vrx_ws/install/share/wamv_gazebo/local_setup.dsv\n'}
[0.751409] (wamv_gazebo) StdoutLine: {'line': b'-- Up-to-date: /home/toyat/dev/vrx_ros2/vrx_ws/install/share/wamv_gazebo/package.dsv\n'}
[0.751470] (wamv_gazebo) StdoutLine: {'line': b'-- Up-to-date: /home/toyat/dev/vrx_ros2/vrx_ws/install/share/ament_index/resource_index/packages/wamv_gazebo\n'}
[0.751531] (wamv_gazebo) StdoutLine: {'line': b'-- Up-to-date: /home/toyat/dev/vrx_ros2/vrx_ws/install/share/wamv_gazebo/cmake/wamv_gazeboConfig.cmake\n'}
[0.751595] (wamv_gazebo) StdoutLine: {'line': b'-- Up-to-date: /home/toyat/dev/vrx_ros2/vrx_ws/install/share/wamv_gazebo/cmake/wamv_gazeboConfig-version.cmake\n'}
[0.751674] (wamv_gazebo) StdoutLine: {'line': b'-- Up-to-date: /home/toyat/dev/vrx_ros2/vrx_ws/install/share/wamv_gazebo/package.xml\n'}
[0.752280] (wamv_gazebo) CommandEnded: {'returncode': 0}
[0.770250] (wamv_gazebo) JobEnded: {'identifier': 'wamv_gazebo', 'rc': 0}
[0.800949] (-) TimerEvent: {}
[0.901271] (-) TimerEvent: {}
[1.001684] (-) TimerEvent: {}
[1.102004] (-) TimerEvent: {}
[1.202304] (-) TimerEvent: {}
[1.302596] (-) TimerEvent: {}
[1.402947] (-) TimerEvent: {}
[1.503334] (-) TimerEvent: {}
[1.603669] (-) TimerEvent: {}
[1.703978] (-) TimerEvent: {}
[1.804345] (-) TimerEvent: {}
[1.904636] (-) TimerEvent: {}
[2.004961] (-) TimerEvent: {}
[2.105211] (-) TimerEvent: {}
[2.205496] (-) TimerEvent: {}
[2.305796] (-) TimerEvent: {}
[2.406151] (-) TimerEvent: {}
[2.506427] (-) TimerEvent: {}
[2.606774] (-) TimerEvent: {}
[2.707149] (-) TimerEvent: {}
[2.807496] (-) TimerEvent: {}
[2.907835] (-) TimerEvent: {}
[3.008126] (-) TimerEvent: {}
[3.108627] (-) TimerEvent: {}
[3.209620] (-) TimerEvent: {}
[3.309959] (-) TimerEvent: {}
[3.410306] (-) TimerEvent: {}
[3.510639] (-) TimerEvent: {}
[3.610882] (-) TimerEvent: {}
[3.711214] (-) TimerEvent: {}
[3.811490] (-) TimerEvent: {}
[3.911774] (-) TimerEvent: {}
[4.012065] (-) TimerEvent: {}
[4.112327] (-) TimerEvent: {}
[4.212634] (-) TimerEvent: {}
[4.312908] (-) TimerEvent: {}
[4.413292] (-) TimerEvent: {}
[4.513670] (-) TimerEvent: {}
[4.614052] (-) TimerEvent: {}
[4.714484] (-) TimerEvent: {}
[4.814791] (-) TimerEvent: {}
[4.915108] (-) TimerEvent: {}
[5.015481] (-) TimerEvent: {}
[5.115881] (-) TimerEvent: {}
[5.216256] (-) TimerEvent: {}
[5.286906] (vrx_ros) StderrLine: {'line': b'gmake[2]: *** [CMakeFiles/pose_tf_broadcaster.dir/build.make:76: CMakeFiles/pose_tf_broadcaster.dir/src/pose_tf_broadcaster.cc.o] Error 1\n'}
[5.287248] (vrx_ros) StderrLine: {'line': b'gmake[1]: *** [CMakeFiles/Makefile2:165: CMakeFiles/pose_tf_broadcaster.dir/all] Error 2\n'}
[5.287397] (vrx_ros) StderrLine: {'line': b'gmake[1]: *** Waiting for unfinished jobs....\n'}
[5.316376] (-) TimerEvent: {}
[5.416735] (-) TimerEvent: {}
[5.517051] (-) TimerEvent: {}
[5.617374] (-) TimerEvent: {}
[5.717749] (-) TimerEvent: {}
[5.818298] (-) TimerEvent: {}
[5.918657] (-) TimerEvent: {}
[6.018994] (-) TimerEvent: {}
[6.119338] (-) TimerEvent: {}
[6.219620] (-) TimerEvent: {}
[6.320071] (-) TimerEvent: {}
[6.420414] (-) TimerEvent: {}
[6.430308] (vrx_ros) StderrLine: {'line': b'gmake[2]: *** [CMakeFiles/optical_frame_publisher.dir/build.make:76: CMakeFiles/optical_frame_publisher.dir/src/optical_frame_publisher.cc.o] Error 1\n'}
[6.430599] (vrx_ros) StderrLine: {'line': b'gmake[1]: *** [CMakeFiles/Makefile2:139: CMakeFiles/optical_frame_publisher.dir/all] Error 2\n'}
[6.430724] (vrx_ros) StderrLine: {'line': b'gmake: *** [Makefile:146: all] Error 2\n'}
[6.432629] (vrx_ros) CommandEnded: {'returncode': 2}
[6.439940] (vrx_ros) JobEnded: {'identifier': 'vrx_ros', 'rc': 2}
[6.450457] (vrx_gz) JobSkipped: {'identifier': 'vrx_gz'}
[6.450586] (-) EventReactorShutdown: {}
