[0.015s] Invoking command in '/home/toyat/dev/vrx_ros2/vrx_ws/build/vrx_gazebo': CMAKE_PREFIX_PATH=${CMAKE_PREFIX_PATH}:/opt/ros/jazzy DEBUGINFOD_URLS=https://debuginfod.ubuntu.com /usr/bin/cmake /home/toyat/dev/vrx_ros2/vrx_ws/src/vrx/vrx_urdf/vrx_gazebo -DCMAKE_INSTALL_PREFIX=/home/toyat/dev/vrx_ros2/vrx_ws/install
[0.116s] -- The C compiler identification is GNU 13.3.0
[0.238s] -- The CXX compiler identification is GNU 13.3.0
[0.262s] -- Detecting C compiler ABI info
[0.389s] -- Detecting C compiler ABI info - done
[0.408s] -- Check for working C compiler: /usr/bin/cc - skipped
[0.409s] -- Detecting C compile features
[0.410s] -- Detecting C compile features - done
[0.426s] -- Detecting CXX compiler ABI info
[0.580s] -- Detecting CXX compiler ABI info - done
[0.596s] -- Check for working CXX compiler: /usr/bin/c++ - skipped
[0.596s] -- Detecting CXX compile features
[0.597s] -- Detecting CXX compile features - done
[0.605s] -- Found ament_cmake: 2.5.4 (/opt/ros/jazzy/share/ament_cmake/cmake)
[0.786s] -- Found Python3: /usr/bin/python3 (found version "3.12.3") found components: Interpreter 
[1.139s] -- Configuring done (1.1s)
[1.142s] -- Generating done (0.0s)
[1.144s] -- Build files have been written to: /home/toyat/dev/vrx_ros2/vrx_ws/build/vrx_gazebo
[1.149s] Invoked command in '/home/toyat/dev/vrx_ros2/vrx_ws/build/vrx_gazebo' returned '0': CMAKE_PREFIX_PATH=${CMAKE_PREFIX_PATH}:/opt/ros/jazzy DEBUGINFOD_URLS=https://debuginfod.ubuntu.com /usr/bin/cmake /home/toyat/dev/vrx_ros2/vrx_ws/src/vrx/vrx_urdf/vrx_gazebo -DCMAKE_INSTALL_PREFIX=/home/toyat/dev/vrx_ros2/vrx_ws/install
[1.151s] Invoking command in '/home/toyat/dev/vrx_ros2/vrx_ws/build/vrx_gazebo': CMAKE_PREFIX_PATH=${CMAKE_PREFIX_PATH}:/opt/ros/jazzy DEBUGINFOD_URLS=https://debuginfod.ubuntu.com /usr/bin/cmake --build /home/toyat/dev/vrx_ros2/vrx_ws/build/vrx_gazebo -- -j8 -l8
[1.209s] Built target ament_cmake_python_copy_vrx_gazebo
[1.467s] running egg_info
[1.469s] creating vrx_gazebo.egg-info
[1.495s] writing vrx_gazebo.egg-info/PKG-INFO
[1.495s] writing dependency_links to vrx_gazebo.egg-info/dependency_links.txt
[1.495s] writing top-level names to vrx_gazebo.egg-info/top_level.txt
[1.496s] writing manifest file 'vrx_gazebo.egg-info/SOURCES.txt'
[1.564s] reading manifest file 'vrx_gazebo.egg-info/SOURCES.txt'
[1.565s] writing manifest file 'vrx_gazebo.egg-info/SOURCES.txt'
[1.594s] Built target ament_cmake_python_build_vrx_gazebo_egg
[1.607s] Invoked command in '/home/toyat/dev/vrx_ros2/vrx_ws/build/vrx_gazebo' returned '0': CMAKE_PREFIX_PATH=${CMAKE_PREFIX_PATH}:/opt/ros/jazzy DEBUGINFOD_URLS=https://debuginfod.ubuntu.com /usr/bin/cmake --build /home/toyat/dev/vrx_ros2/vrx_ws/build/vrx_gazebo -- -j8 -l8
[1.620s] Invoking command in '/home/toyat/dev/vrx_ros2/vrx_ws/build/vrx_gazebo': CMAKE_PREFIX_PATH=${CMAKE_PREFIX_PATH}:/opt/ros/jazzy DEBUGINFOD_URLS=https://debuginfod.ubuntu.com /usr/bin/cmake --install /home/toyat/dev/vrx_ros2/vrx_ws/build/vrx_gazebo
[1.634s] -- Install configuration: ""
[1.634s] -- Installing: /home/toyat/dev/vrx_ros2/vrx_ws/install/share/vrx_gazebo/environment/resource_paths.dsv
[1.635s] -- Installing: /home/toyat/dev/vrx_ros2/vrx_ws/install/share/vrx_gazebo/environment/resource_paths.sh
[1.635s] -- Installing: /home/toyat/dev/vrx_ros2/vrx_ws/install/share/vrx_gazebo/models
[1.635s] -- Installing: /home/toyat/dev/vrx_ros2/vrx_ws/install/share/vrx_gazebo/models/ball_shooter
[1.635s] -- Installing: /home/toyat/dev/vrx_ros2/vrx_ws/install/share/vrx_gazebo/models/ball_shooter/meshes
[1.635s] -- Installing: /home/toyat/dev/vrx_ros2/vrx_ws/install/share/vrx_gazebo/models/ball_shooter/meshes/ball_shooter_base.dae
[1.636s] -- Installing: /home/toyat/dev/vrx_ros2/vrx_ws/install/share/vrx_gazebo/models/ball_shooter/meshes/Launcher_BaseColor.png
[1.637s] -- Installing: /home/toyat/dev/vrx_ros2/vrx_ws/install/share/vrx_gazebo/models/ball_shooter/meshes/ball_shooter_launcher.dae
[1.638s] -- Installing: /home/toyat/dev/vrx_ros2/vrx_ws/install/share/vrx_gazebo/models/ball_shooter/meshes/Launcher_Albedo.png
[1.639s] -- Installing: /home/toyat/dev/vrx_ros2/vrx_ws/install/share/vrx_gazebo/models/ball_shooter/materials
[1.640s] -- Installing: /home/toyat/dev/vrx_ros2/vrx_ws/install/share/vrx_gazebo/models/ball_shooter/materials/Textures
[1.640s] -- Installing: /home/toyat/dev/vrx_ros2/vrx_ws/install/share/vrx_gazebo/models/ball_shooter/materials/Textures/Launcher_Metalness.png
[1.640s] -- Installing: /home/toyat/dev/vrx_ros2/vrx_ws/install/share/vrx_gazebo/models/ball_shooter/materials/Textures/Launcher_Normal.png
[1.640s] -- Installing: /home/toyat/dev/vrx_ros2/vrx_ws/install/share/vrx_gazebo/models/ball_shooter/materials/Textures/Launcher_Albedo.png
[1.642s] -- Installing: /home/toyat/dev/vrx_ros2/vrx_ws/install/share/vrx_gazebo/models/ball_shooter/materials/Textures/Launcher_Roughness.png
[1.642s] -- Installing: /home/toyat/dev/vrx_ros2/vrx_ws/install/share/vrx_gazebo/models/ball_shooter/model.sdf
[1.643s] -- Installing: /home/toyat/dev/vrx_ros2/vrx_ws/install/share/vrx_gazebo/models/ball_shooter/model.config
[1.643s] -- Installing: /home/toyat/dev/vrx_ros2/vrx_ws/install/share/vrx_gazebo/models/mono_camera
[1.643s] -- Installing: /home/toyat/dev/vrx_ros2/vrx_ws/install/share/vrx_gazebo/models/mono_camera/model.sdf
[1.643s] -- Installing: /home/toyat/dev/vrx_ros2/vrx_ws/install/share/vrx_gazebo/models/mono_camera/model.config
[1.644s] -- Installing: /home/toyat/dev/vrx_ros2/vrx_ws/install/share/vrx_gazebo/models/mono_camera/mesh
[1.644s] -- Installing: /home/toyat/dev/vrx_ros2/vrx_ws/install/share/vrx_gazebo/models/mono_camera/mesh/mono_camera.png
[1.645s] -- Installing: /home/toyat/dev/vrx_ros2/vrx_ws/install/share/vrx_gazebo/models/mono_camera/mesh/mono_camera_Normal.png
[1.645s] -- Installing: /home/toyat/dev/vrx_ros2/vrx_ws/install/share/vrx_gazebo/models/mono_camera/mesh/mono_camera_Metalness.png
[1.645s] -- Installing: /home/toyat/dev/vrx_ros2/vrx_ws/install/share/vrx_gazebo/models/mono_camera/mesh/mono_camera_Albedo.png
[1.646s] -- Installing: /home/toyat/dev/vrx_ros2/vrx_ws/install/share/vrx_gazebo/models/mono_camera/mesh/mono_camera_Roughness.png
[1.646s] -- Installing: /home/toyat/dev/vrx_ros2/vrx_ws/install/share/vrx_gazebo/models/mono_camera/mesh/mono_camera.dae
[1.647s] -- Installing: /home/toyat/dev/vrx_ros2/vrx_ws/install/share/vrx_gazebo/models/blue_projectile
[1.647s] -- Installing: /home/toyat/dev/vrx_ros2/vrx_ws/install/share/vrx_gazebo/models/blue_projectile/model.sdf
[1.647s] -- Installing: /home/toyat/dev/vrx_ros2/vrx_ws/install/share/vrx_gazebo/models/blue_projectile/model.config
[1.647s] -- Installing: /home/toyat/dev/vrx_ros2/vrx_ws/install/share/vrx_gazebo/models/3d_lidar
[1.648s] -- Installing: /home/toyat/dev/vrx_ros2/vrx_ws/install/share/vrx_gazebo/models/3d_lidar/model.sdf
[1.648s] -- Installing: /home/toyat/dev/vrx_ros2/vrx_ws/install/share/vrx_gazebo/models/3d_lidar/model.config
[1.648s] -- Installing: /home/toyat/dev/vrx_ros2/vrx_ws/install/share/vrx_gazebo/models/3d_lidar/mesh
[1.648s] -- Installing: /home/toyat/dev/vrx_ros2/vrx_ws/install/share/vrx_gazebo/models/3d_lidar/mesh/3d_Lidar_Metalness.png
[1.649s] -- Installing: /home/toyat/dev/vrx_ros2/vrx_ws/install/share/vrx_gazebo/models/3d_lidar/mesh/3d_lidar.png
[1.649s] -- Installing: /home/toyat/dev/vrx_ros2/vrx_ws/install/share/vrx_gazebo/models/3d_lidar/mesh/3d_Lidar_Roughness.png
[1.649s] -- Installing: /home/toyat/dev/vrx_ros2/vrx_ws/install/share/vrx_gazebo/models/3d_lidar/mesh/3d_Lidar_Normal.png
[1.650s] -- Installing: /home/toyat/dev/vrx_ros2/vrx_ws/install/share/vrx_gazebo/models/3d_lidar/mesh/3d_lidar.dae
[1.650s] -- Installing: /home/toyat/dev/vrx_ros2/vrx_ws/install/share/vrx_gazebo/models/3d_lidar/mesh/3d_Lidar_Albedo.png
[1.651s] -- Installing: /home/toyat/dev/vrx_ros2/vrx_ws/install/share/vrx_gazebo/models/sensor_post
[1.651s] -- Installing: /home/toyat/dev/vrx_ros2/vrx_ws/install/share/vrx_gazebo/models/sensor_post/model.sdf
[1.652s] -- Installing: /home/toyat/dev/vrx_ros2/vrx_ws/install/share/vrx_gazebo/models/sensor_post/model.config
[1.652s] -- Installing: /home/toyat/dev/vrx_ros2/vrx_ws/install/share/vrx_gazebo/models/sensor_post/mesh
[1.652s] -- Installing: /home/toyat/dev/vrx_ros2/vrx_ws/install/share/vrx_gazebo/models/sensor_post/mesh/sensor_post.dae
[1.652s] -- Installing: /home/toyat/dev/vrx_ros2/vrx_ws/install/share/vrx_gazebo/models/sensor_post/mesh/sensor_post_arm.dae
[1.652s] -- Installing: /home/toyat/dev/vrx_ros2/vrx_ws/install/share/vrx_gazebo/models/sensor_post/mesh/sensor_post.png
[1.652s] -- Installing: /home/toyat/dev/vrx_ros2/vrx_ws/install/share/vrx_gazebo/models/battery
[1.653s] -- Installing: /home/toyat/dev/vrx_ros2/vrx_ws/install/share/vrx_gazebo/models/battery/model.sdf
[1.653s] -- Installing: /home/toyat/dev/vrx_ros2/vrx_ws/install/share/vrx_gazebo/models/battery/model.config
[1.653s] -- Installing: /home/toyat/dev/vrx_ros2/vrx_ws/install/share/vrx_gazebo/models/battery/mesh
[1.653s] -- Installing: /home/toyat/dev/vrx_ros2/vrx_ws/install/share/vrx_gazebo/models/battery/mesh/battery_Normal.png
[1.659s] -- Installing: /home/toyat/dev/vrx_ros2/vrx_ws/install/share/vrx_gazebo/models/battery/mesh/battery_Roughness.png
[1.663s] -- Installing: /home/toyat/dev/vrx_ros2/vrx_ws/install/share/vrx_gazebo/models/battery/mesh/battery_Albedo.png
[1.670s] -- Installing: /home/toyat/dev/vrx_ros2/vrx_ws/install/share/vrx_gazebo/models/battery/mesh/battery.png
[1.676s] -- Installing: /home/toyat/dev/vrx_ros2/vrx_ws/install/share/vrx_gazebo/models/battery/mesh/battery_Metalness.png
[1.678s] -- Installing: /home/toyat/dev/vrx_ros2/vrx_ws/install/share/vrx_gazebo/models/battery/mesh/battery.dae
[1.678s] -- Installing: /home/toyat/dev/vrx_ros2/vrx_ws/install/share/vrx_gazebo/models/cpu_cases
[1.678s] -- Installing: /home/toyat/dev/vrx_ros2/vrx_ws/install/share/vrx_gazebo/models/cpu_cases/model.sdf
[1.678s] -- Installing: /home/toyat/dev/vrx_ros2/vrx_ws/install/share/vrx_gazebo/models/cpu_cases/model.config
[1.678s] -- Installing: /home/toyat/dev/vrx_ros2/vrx_ws/install/share/vrx_gazebo/models/cpu_cases/mesh
[1.679s] -- Installing: /home/toyat/dev/vrx_ros2/vrx_ws/install/share/vrx_gazebo/models/cpu_cases/mesh/cpu_cases.dae
[1.679s] -- Installing: /home/toyat/dev/vrx_ros2/vrx_ws/install/share/vrx_gazebo/models/cpu_cases/mesh/cpu_cases_Albedo.png
[1.685s] -- Installing: /home/toyat/dev/vrx_ros2/vrx_ws/install/share/vrx_gazebo/models/cpu_cases/mesh/cpu_cases_Metalness.png
[1.685s] -- Installing: /home/toyat/dev/vrx_ros2/vrx_ws/install/share/vrx_gazebo/models/cpu_cases/mesh/cpu_cases_Roughness.png
[1.688s] -- Installing: /home/toyat/dev/vrx_ros2/vrx_ws/install/share/vrx_gazebo/models/cpu_cases/mesh/cpu_cases_Normal.png
[1.693s] -- Installing: /home/toyat/dev/vrx_ros2/vrx_ws/install/share/vrx_gazebo/models/cpu_cases/mesh/cpu_cases.png
[1.700s] -- Installing: /home/toyat/dev/vrx_ros2/vrx_ws/install/share/vrx_gazebo/launch
[1.700s] -- Installing: /home/toyat/dev/vrx_ros2/vrx_ws/install/share/vrx_gazebo/launch/generate_wamv.launch.py
[1.700s] -- Installing: /home/toyat/dev/vrx_ros2/vrx_ws/install/share/vrx_gazebo/launch/rviz.launch.py
[1.701s] -- Installing: /home/toyat/dev/vrx_ros2/vrx_ws/install/share/vrx_gazebo/config
[1.701s] -- Installing: /home/toyat/dev/vrx_ros2/vrx_ws/install/share/vrx_gazebo/config/rviz_vrx_rsp.rviz
[1.701s] -- Installing: /home/toyat/dev/vrx_ros2/vrx_ws/install/share/vrx_gazebo/config/rviz_vrx_final.rviz
[1.701s] -- Installing: /home/toyat/dev/vrx_ros2/vrx_ws/install/share/vrx_gazebo/config/wamv_config
[1.701s] -- Installing: /home/toyat/dev/vrx_ros2/vrx_ws/install/share/vrx_gazebo/config/wamv_config/component_compliance
[1.701s] -- Installing: /home/toyat/dev/vrx_ros2/vrx_ws/install/share/vrx_gazebo/config/wamv_config/component_compliance/numeric.yaml
[1.701s] -- Installing: /home/toyat/dev/vrx_ros2/vrx_ws/install/share/vrx_gazebo/config/wamv_config/component_compliance/bounding_boxes.yaml
[1.701s] -- Installing: /home/toyat/dev/vrx_ros2/vrx_ws/install/share/vrx_gazebo/config/wamv_config/thruster_compliance
[1.702s] -- Installing: /home/toyat/dev/vrx_ros2/vrx_ws/install/share/vrx_gazebo/config/wamv_config/thruster_compliance/numeric.yaml
[1.702s] -- Installing: /home/toyat/dev/vrx_ros2/vrx_ws/install/share/vrx_gazebo/config/wamv_config/thruster_compliance/bounding_boxes.yaml
[1.702s] -- Installing: /home/toyat/dev/vrx_ros2/vrx_ws/install/share/vrx_gazebo/config/wamv_config/example_thruster_config.yaml
[1.702s] -- Installing: /home/toyat/dev/vrx_ros2/vrx_ws/install/share/vrx_gazebo/config/wamv_config/example_component_config.yaml
[1.702s] -- Installing: /home/toyat/dev/vrx_ros2/vrx_ws/install/lib/vrx_gazebo/generate_wamv.py
[1.702s] -- Installing: /home/toyat/dev/vrx_ros2/vrx_ws/install/share/vrx_gazebo/environment/pythonpath.sh
[1.702s] -- Installing: /home/toyat/dev/vrx_ros2/vrx_ws/install/share/vrx_gazebo/environment/pythonpath.dsv
[1.702s] -- Installing: /home/toyat/dev/vrx_ros2/vrx_ws/install/lib/python3.12/site-packages/vrx_gazebo-1.3.0-py3.12.egg-info
[1.703s] -- Installing: /home/toyat/dev/vrx_ros2/vrx_ws/install/lib/python3.12/site-packages/vrx_gazebo-1.3.0-py3.12.egg-info/dependency_links.txt
[1.703s] -- Installing: /home/toyat/dev/vrx_ros2/vrx_ws/install/lib/python3.12/site-packages/vrx_gazebo-1.3.0-py3.12.egg-info/SOURCES.txt
[1.703s] -- Installing: /home/toyat/dev/vrx_ros2/vrx_ws/install/lib/python3.12/site-packages/vrx_gazebo-1.3.0-py3.12.egg-info/top_level.txt
[1.703s] -- Installing: /home/toyat/dev/vrx_ros2/vrx_ws/install/lib/python3.12/site-packages/vrx_gazebo-1.3.0-py3.12.egg-info/PKG-INFO
[1.703s] -- Installing: /home/toyat/dev/vrx_ros2/vrx_ws/install/lib/python3.12/site-packages/vrx_gazebo
[1.703s] -- Installing: /home/toyat/dev/vrx_ros2/vrx_ws/install/lib/python3.12/site-packages/vrx_gazebo/utils.py
[1.703s] -- Installing: /home/toyat/dev/vrx_ros2/vrx_ws/install/lib/python3.12/site-packages/vrx_gazebo/__init__.py
[1.703s] -- Installing: /home/toyat/dev/vrx_ros2/vrx_ws/install/lib/python3.12/site-packages/vrx_gazebo/configure_wamv.py
[1.704s] -- Installing: /home/toyat/dev/vrx_ros2/vrx_ws/install/lib/python3.12/site-packages/vrx_gazebo/compliance.py
[1.790s] Listing '/home/toyat/dev/vrx_ros2/vrx_ws/install/lib/python3.12/site-packages/vrx_gazebo'...
[1.790s] Compiling '/home/toyat/dev/vrx_ros2/vrx_ws/install/lib/python3.12/site-packages/vrx_gazebo/__init__.py'...
[1.790s] Compiling '/home/toyat/dev/vrx_ros2/vrx_ws/install/lib/python3.12/site-packages/vrx_gazebo/compliance.py'...
[1.791s] Compiling '/home/toyat/dev/vrx_ros2/vrx_ws/install/lib/python3.12/site-packages/vrx_gazebo/configure_wamv.py'...
[1.791s] Compiling '/home/toyat/dev/vrx_ros2/vrx_ws/install/lib/python3.12/site-packages/vrx_gazebo/utils.py'...
[1.801s] -- Installing: /home/toyat/dev/vrx_ros2/vrx_ws/install/share/ament_index/resource_index/package_run_dependencies/vrx_gazebo
[1.802s] -- Installing: /home/toyat/dev/vrx_ros2/vrx_ws/install/share/ament_index/resource_index/parent_prefix_path/vrx_gazebo
[1.802s] -- Installing: /home/toyat/dev/vrx_ros2/vrx_ws/install/share/vrx_gazebo/environment/ament_prefix_path.sh
[1.802s] -- Installing: /home/toyat/dev/vrx_ros2/vrx_ws/install/share/vrx_gazebo/environment/ament_prefix_path.dsv
[1.803s] -- Installing: /home/toyat/dev/vrx_ros2/vrx_ws/install/share/vrx_gazebo/environment/path.sh
[1.803s] -- Installing: /home/toyat/dev/vrx_ros2/vrx_ws/install/share/vrx_gazebo/environment/path.dsv
[1.803s] -- Installing: /home/toyat/dev/vrx_ros2/vrx_ws/install/share/vrx_gazebo/local_setup.bash
[1.803s] -- Installing: /home/toyat/dev/vrx_ros2/vrx_ws/install/share/vrx_gazebo/local_setup.sh
[1.804s] -- Installing: /home/toyat/dev/vrx_ros2/vrx_ws/install/share/vrx_gazebo/local_setup.zsh
[1.804s] -- Installing: /home/toyat/dev/vrx_ros2/vrx_ws/install/share/vrx_gazebo/local_setup.dsv
[1.804s] -- Installing: /home/toyat/dev/vrx_ros2/vrx_ws/install/share/vrx_gazebo/package.dsv
[1.805s] -- Installing: /home/toyat/dev/vrx_ros2/vrx_ws/install/share/ament_index/resource_index/packages/vrx_gazebo
[1.805s] -- Installing: /home/toyat/dev/vrx_ros2/vrx_ws/install/share/vrx_gazebo/cmake/vrx_gazeboConfig.cmake
[1.805s] -- Installing: /home/toyat/dev/vrx_ros2/vrx_ws/install/share/vrx_gazebo/cmake/vrx_gazeboConfig-version.cmake
[1.805s] -- Installing: /home/toyat/dev/vrx_ros2/vrx_ws/install/share/vrx_gazebo/package.xml
[1.808s] Invoked command in '/home/toyat/dev/vrx_ros2/vrx_ws/build/vrx_gazebo' returned '0': CMAKE_PREFIX_PATH=${CMAKE_PREFIX_PATH}:/opt/ros/jazzy DEBUGINFOD_URLS=https://debuginfod.ubuntu.com /usr/bin/cmake --install /home/toyat/dev/vrx_ros2/vrx_ws/build/vrx_gazebo
