[0.006s] Invoking command in '/home/toyat/dev/vrx_ros2/vrx_ws/build/wamv_description': AMENT_PREFIX_PATH=/home/toyat/dev/vrx_ros2/vrx_ws/install:${AMENT_PREFIX_PATH} CMAKE_PREFIX_PATH=/home/toyat/dev/vrx_ros2/vrx_ws/install:/opt/ros/jazzy/opt/gz_sim_vendor:/opt/ros/jazzy/opt/gz_sensors_vendor:/opt/ros/jazzy/opt/gz_physics_vendor:/opt/ros/jazzy/opt/sdformat_vendor:/opt/ros/jazzy/opt/gz_gui_vendor:/opt/ros/jazzy/opt/gz_transport_vendor:/opt/ros/jazzy/opt/gz_rendering_vendor:/opt/ros/jazzy/opt/gz_plugin_vendor:/opt/ros/jazzy/opt/gz_fuel_tools_vendor:/opt/ros/jazzy/opt/gz_msgs_vendor:/opt/ros/jazzy/opt/gz_common_vendor:/opt/ros/jazzy/opt/gz_math_vendor:/opt/ros/jazzy/opt/gz_utils_vendor:/opt/ros/jazzy/opt/gz_tools_vendor:/opt/ros/jazzy/opt/gz_ogre_next_vendor:/opt/ros/jazzy/opt/gz_dartsim_vendor:/opt/ros/jazzy/opt/gz_cmake_vendor:/opt/ros/jazzy DEBUGINFOD_URLS=https://debuginfod.ubuntu.com GZ_SIM_RESOURCE_PATH=/home/toyat/dev/vrx_ros2/vrx_ws/install/share/vrx_gazebo/models:/home/toyat/dev/vrx_ros2/vrx_ws/install/share LD_LIBRARY_PATH=/home/toyat/dev/vrx_ros2/vrx_ws/install/lib:/opt/ros/jazzy/opt/gz_sim_vendor/lib:/opt/ros/jazzy/opt/gz_sensors_vendor/lib:/opt/ros/jazzy/opt/gz_physics_vendor/lib:/opt/ros/jazzy/opt/sdformat_vendor/lib:/opt/ros/jazzy/opt/rviz_ogre_vendor/lib:/opt/ros/jazzy/lib/x86_64-linux-gnu:/opt/ros/jazzy/opt/gz_gui_vendor/lib:/opt/ros/jazzy/opt/gz_transport_vendor/lib:/opt/ros/jazzy/opt/gz_rendering_vendor/lib:/opt/ros/jazzy/opt/gz_plugin_vendor/lib:/opt/ros/jazzy/opt/gz_fuel_tools_vendor/lib:/opt/ros/jazzy/opt/gz_msgs_vendor/lib:/opt/ros/jazzy/opt/gz_common_vendor/lib:/opt/ros/jazzy/opt/gz_math_vendor/lib:/opt/ros/jazzy/opt/gz_utils_vendor/lib:/opt/ros/jazzy/opt/gz_tools_vendor/lib:/opt/ros/jazzy/opt/gz_ogre_next_vendor/lib:/opt/ros/jazzy/opt/gz_dartsim_vendor/lib:/opt/ros/jazzy/opt/gz_cmake_vendor/lib:/opt/ros/jazzy/lib:/usr/local/lib PYTHONPATH=/home/toyat/dev/vrx_ros2/vrx_ws/install/lib/python3.12/site-packages:${PYTHONPATH} /usr/bin/cmake --build /home/toyat/dev/vrx_ros2/vrx_ws/build/wamv_description -- -j8 -l8
[0.023s] -- Found ament_cmake: 2.5.4 (/opt/ros/jazzy/share/ament_cmake/cmake)
[0.179s] -- Found xacro: 2.0.13 (/opt/ros/jazzy/share/xacro/cmake)
[0.180s] -- xacro: determining deps for: urdf/wamv_base.urdf.xacro ...
[0.338s] -- Configuring done (0.3s)
[0.341s] -- Generating done (0.0s)
[0.342s] -- Build files have been written to: /home/toyat/dev/vrx_ros2/vrx_ws/build/wamv_description
[0.365s] [100%] [34m[1mxacro: generating urdf/wamv_base.urdf from urdf/wamv_base.urdf.xacro[0m
[0.455s] [100%] Built target wamv_description__xacro_auto_generate
[0.463s] Invoked command in '/home/toyat/dev/vrx_ros2/vrx_ws/build/wamv_description' returned '0': AMENT_PREFIX_PATH=/home/toyat/dev/vrx_ros2/vrx_ws/install:${AMENT_PREFIX_PATH} CMAKE_PREFIX_PATH=/home/toyat/dev/vrx_ros2/vrx_ws/install:/opt/ros/jazzy/opt/gz_sim_vendor:/opt/ros/jazzy/opt/gz_sensors_vendor:/opt/ros/jazzy/opt/gz_physics_vendor:/opt/ros/jazzy/opt/sdformat_vendor:/opt/ros/jazzy/opt/gz_gui_vendor:/opt/ros/jazzy/opt/gz_transport_vendor:/opt/ros/jazzy/opt/gz_rendering_vendor:/opt/ros/jazzy/opt/gz_plugin_vendor:/opt/ros/jazzy/opt/gz_fuel_tools_vendor:/opt/ros/jazzy/opt/gz_msgs_vendor:/opt/ros/jazzy/opt/gz_common_vendor:/opt/ros/jazzy/opt/gz_math_vendor:/opt/ros/jazzy/opt/gz_utils_vendor:/opt/ros/jazzy/opt/gz_tools_vendor:/opt/ros/jazzy/opt/gz_ogre_next_vendor:/opt/ros/jazzy/opt/gz_dartsim_vendor:/opt/ros/jazzy/opt/gz_cmake_vendor:/opt/ros/jazzy DEBUGINFOD_URLS=https://debuginfod.ubuntu.com GZ_SIM_RESOURCE_PATH=/home/toyat/dev/vrx_ros2/vrx_ws/install/share/vrx_gazebo/models:/home/toyat/dev/vrx_ros2/vrx_ws/install/share LD_LIBRARY_PATH=/home/toyat/dev/vrx_ros2/vrx_ws/install/lib:/opt/ros/jazzy/opt/gz_sim_vendor/lib:/opt/ros/jazzy/opt/gz_sensors_vendor/lib:/opt/ros/jazzy/opt/gz_physics_vendor/lib:/opt/ros/jazzy/opt/sdformat_vendor/lib:/opt/ros/jazzy/opt/rviz_ogre_vendor/lib:/opt/ros/jazzy/lib/x86_64-linux-gnu:/opt/ros/jazzy/opt/gz_gui_vendor/lib:/opt/ros/jazzy/opt/gz_transport_vendor/lib:/opt/ros/jazzy/opt/gz_rendering_vendor/lib:/opt/ros/jazzy/opt/gz_plugin_vendor/lib:/opt/ros/jazzy/opt/gz_fuel_tools_vendor/lib:/opt/ros/jazzy/opt/gz_msgs_vendor/lib:/opt/ros/jazzy/opt/gz_common_vendor/lib:/opt/ros/jazzy/opt/gz_math_vendor/lib:/opt/ros/jazzy/opt/gz_utils_vendor/lib:/opt/ros/jazzy/opt/gz_tools_vendor/lib:/opt/ros/jazzy/opt/gz_ogre_next_vendor/lib:/opt/ros/jazzy/opt/gz_dartsim_vendor/lib:/opt/ros/jazzy/opt/gz_cmake_vendor/lib:/opt/ros/jazzy/lib:/usr/local/lib PYTHONPATH=/home/toyat/dev/vrx_ros2/vrx_ws/install/lib/python3.12/site-packages:${PYTHONPATH} /usr/bin/cmake --build /home/toyat/dev/vrx_ros2/vrx_ws/build/wamv_description -- -j8 -l8
[0.464s] Invoking command in '/home/toyat/dev/vrx_ros2/vrx_ws/build/wamv_description': AMENT_PREFIX_PATH=/home/toyat/dev/vrx_ros2/vrx_ws/install:${AMENT_PREFIX_PATH} CMAKE_PREFIX_PATH=/home/toyat/dev/vrx_ros2/vrx_ws/install:/opt/ros/jazzy/opt/gz_sim_vendor:/opt/ros/jazzy/opt/gz_sensors_vendor:/opt/ros/jazzy/opt/gz_physics_vendor:/opt/ros/jazzy/opt/sdformat_vendor:/opt/ros/jazzy/opt/gz_gui_vendor:/opt/ros/jazzy/opt/gz_transport_vendor:/opt/ros/jazzy/opt/gz_rendering_vendor:/opt/ros/jazzy/opt/gz_plugin_vendor:/opt/ros/jazzy/opt/gz_fuel_tools_vendor:/opt/ros/jazzy/opt/gz_msgs_vendor:/opt/ros/jazzy/opt/gz_common_vendor:/opt/ros/jazzy/opt/gz_math_vendor:/opt/ros/jazzy/opt/gz_utils_vendor:/opt/ros/jazzy/opt/gz_tools_vendor:/opt/ros/jazzy/opt/gz_ogre_next_vendor:/opt/ros/jazzy/opt/gz_dartsim_vendor:/opt/ros/jazzy/opt/gz_cmake_vendor:/opt/ros/jazzy DEBUGINFOD_URLS=https://debuginfod.ubuntu.com GZ_SIM_RESOURCE_PATH=/home/toyat/dev/vrx_ros2/vrx_ws/install/share/vrx_gazebo/models:/home/toyat/dev/vrx_ros2/vrx_ws/install/share LD_LIBRARY_PATH=/home/toyat/dev/vrx_ros2/vrx_ws/install/lib:/opt/ros/jazzy/opt/gz_sim_vendor/lib:/opt/ros/jazzy/opt/gz_sensors_vendor/lib:/opt/ros/jazzy/opt/gz_physics_vendor/lib:/opt/ros/jazzy/opt/sdformat_vendor/lib:/opt/ros/jazzy/opt/rviz_ogre_vendor/lib:/opt/ros/jazzy/lib/x86_64-linux-gnu:/opt/ros/jazzy/opt/gz_gui_vendor/lib:/opt/ros/jazzy/opt/gz_transport_vendor/lib:/opt/ros/jazzy/opt/gz_rendering_vendor/lib:/opt/ros/jazzy/opt/gz_plugin_vendor/lib:/opt/ros/jazzy/opt/gz_fuel_tools_vendor/lib:/opt/ros/jazzy/opt/gz_msgs_vendor/lib:/opt/ros/jazzy/opt/gz_common_vendor/lib:/opt/ros/jazzy/opt/gz_math_vendor/lib:/opt/ros/jazzy/opt/gz_utils_vendor/lib:/opt/ros/jazzy/opt/gz_tools_vendor/lib:/opt/ros/jazzy/opt/gz_ogre_next_vendor/lib:/opt/ros/jazzy/opt/gz_dartsim_vendor/lib:/opt/ros/jazzy/opt/gz_cmake_vendor/lib:/opt/ros/jazzy/lib:/usr/local/lib PYTHONPATH=/home/toyat/dev/vrx_ros2/vrx_ws/install/lib/python3.12/site-packages:${PYTHONPATH} /usr/bin/cmake --install /home/toyat/dev/vrx_ros2/vrx_ws/build/wamv_description
[0.470s] -- Install configuration: ""
[0.470s] -- Up-to-date: /home/toyat/dev/vrx_ros2/vrx_ws/install/share/wamv_description/environment/resource_paths.dsv
[0.470s] -- Installing: /home/toyat/dev/vrx_ros2/vrx_ws/install/share/wamv_description/environment/resource_paths.sh
[0.471s] -- Installing: /home/toyat/dev/vrx_ros2/vrx_ws/install/share/wamv_description/urdf/wamv_base.urdf
[0.471s] -- Up-to-date: /home/toyat/dev/vrx_ros2/vrx_ws/install/share/wamv_description/models
[0.471s] -- Up-to-date: /home/toyat/dev/vrx_ros2/vrx_ws/install/share/wamv_description/models/engine
[0.471s] -- Installing: /home/toyat/dev/vrx_ros2/vrx_ws/install/share/wamv_description/models/engine/model.config
[0.471s] -- Up-to-date: /home/toyat/dev/vrx_ros2/vrx_ws/install/share/wamv_description/models/engine/mesh
[0.471s] -- Installing: /home/toyat/dev/vrx_ros2/vrx_ws/install/share/wamv_description/models/engine/mesh/engine.dae
[0.471s] -- Up-to-date: /home/toyat/dev/vrx_ros2/vrx_ws/install/share/wamv_description/models/propeller
[0.471s] -- Installing: /home/toyat/dev/vrx_ros2/vrx_ws/install/share/wamv_description/models/propeller/model.config
[0.471s] -- Up-to-date: /home/toyat/dev/vrx_ros2/vrx_ws/install/share/wamv_description/models/propeller/mesh
[0.471s] -- Installing: /home/toyat/dev/vrx_ros2/vrx_ws/install/share/wamv_description/models/propeller/mesh/propeller.dae
[0.471s] -- Up-to-date: /home/toyat/dev/vrx_ros2/vrx_ws/install/share/wamv_description/models/WAM-V-Base
[0.471s] -- Installing: /home/toyat/dev/vrx_ros2/vrx_ws/install/share/wamv_description/models/WAM-V-Base/model.config
[0.471s] -- Up-to-date: /home/toyat/dev/vrx_ros2/vrx_ws/install/share/wamv_description/models/WAM-V-Base/mesh
[0.471s] -- Installing: /home/toyat/dev/vrx_ros2/vrx_ws/install/share/wamv_description/models/WAM-V-Base/mesh/WAM-V_Roughness.png
[0.472s] -- Installing: /home/toyat/dev/vrx_ros2/vrx_ws/install/share/wamv_description/models/WAM-V-Base/mesh/WAM-V_Normal.png
[0.474s] -- Installing: /home/toyat/dev/vrx_ros2/vrx_ws/install/share/wamv_description/models/WAM-V-Base/mesh/WAM-V_Albedo.png
[0.477s] -- Installing: /home/toyat/dev/vrx_ros2/vrx_ws/install/share/wamv_description/models/WAM-V-Base/mesh/WAM-V-Base.dae
[0.478s] -- Installing: /home/toyat/dev/vrx_ros2/vrx_ws/install/share/wamv_description/models/WAM-V-Base/mesh/WamV.png
[0.479s] -- Installing: /home/toyat/dev/vrx_ros2/vrx_ws/install/share/wamv_description/models/WAM-V-Base/mesh/WAM-V_Metalness.png
[0.479s] -- Up-to-date: /home/toyat/dev/vrx_ros2/vrx_ws/install/share/wamv_description/urdf
[0.479s] -- Up-to-date: /home/toyat/dev/vrx_ros2/vrx_ws/install/share/wamv_description/urdf/thrusters
[0.479s] -- Installing: /home/toyat/dev/vrx_ros2/vrx_ws/install/share/wamv_description/urdf/thrusters/engine.xacro
[0.479s] -- Installing: /home/toyat/dev/vrx_ros2/vrx_ws/install/share/wamv_description/urdf/battery.xacro
[0.479s] -- Installing: /home/toyat/dev/vrx_ros2/vrx_ws/install/share/wamv_description/urdf/wamv_base.urdf.xacro
[0.479s] -- Installing: /home/toyat/dev/vrx_ros2/vrx_ws/install/share/wamv_description/urdf/cpu_cases.xacro
[0.479s] -- Up-to-date: /home/toyat/dev/vrx_ros2/vrx_ws/install/share/ament_index/resource_index/package_run_dependencies/wamv_description
[0.479s] -- Up-to-date: /home/toyat/dev/vrx_ros2/vrx_ws/install/share/ament_index/resource_index/parent_prefix_path/wamv_description
[0.479s] -- Up-to-date: /home/toyat/dev/vrx_ros2/vrx_ws/install/share/wamv_description/environment/ament_prefix_path.sh
[0.479s] -- Up-to-date: /home/toyat/dev/vrx_ros2/vrx_ws/install/share/wamv_description/environment/ament_prefix_path.dsv
[0.479s] -- Up-to-date: /home/toyat/dev/vrx_ros2/vrx_ws/install/share/wamv_description/environment/path.sh
[0.479s] -- Up-to-date: /home/toyat/dev/vrx_ros2/vrx_ws/install/share/wamv_description/environment/path.dsv
[0.479s] -- Up-to-date: /home/toyat/dev/vrx_ros2/vrx_ws/install/share/wamv_description/local_setup.bash
[0.480s] -- Up-to-date: /home/toyat/dev/vrx_ros2/vrx_ws/install/share/wamv_description/local_setup.sh
[0.480s] -- Up-to-date: /home/toyat/dev/vrx_ros2/vrx_ws/install/share/wamv_description/local_setup.zsh
[0.480s] -- Up-to-date: /home/toyat/dev/vrx_ros2/vrx_ws/install/share/wamv_description/local_setup.dsv
[0.480s] -- Installing: /home/toyat/dev/vrx_ros2/vrx_ws/install/share/wamv_description/package.dsv
[0.480s] -- Up-to-date: /home/toyat/dev/vrx_ros2/vrx_ws/install/share/ament_index/resource_index/packages/wamv_description
[0.480s] -- Up-to-date: /home/toyat/dev/vrx_ros2/vrx_ws/install/share/wamv_description/cmake/wamv_descriptionConfig.cmake
[0.480s] -- Up-to-date: /home/toyat/dev/vrx_ros2/vrx_ws/install/share/wamv_description/cmake/wamv_descriptionConfig-version.cmake
[0.480s] -- Installing: /home/toyat/dev/vrx_ros2/vrx_ws/install/share/wamv_description/package.xml
[0.481s] Invoked command in '/home/toyat/dev/vrx_ros2/vrx_ws/build/wamv_description' returned '0': AMENT_PREFIX_PATH=/home/toyat/dev/vrx_ros2/vrx_ws/install:${AMENT_PREFIX_PATH} CMAKE_PREFIX_PATH=/home/toyat/dev/vrx_ros2/vrx_ws/install:/opt/ros/jazzy/opt/gz_sim_vendor:/opt/ros/jazzy/opt/gz_sensors_vendor:/opt/ros/jazzy/opt/gz_physics_vendor:/opt/ros/jazzy/opt/sdformat_vendor:/opt/ros/jazzy/opt/gz_gui_vendor:/opt/ros/jazzy/opt/gz_transport_vendor:/opt/ros/jazzy/opt/gz_rendering_vendor:/opt/ros/jazzy/opt/gz_plugin_vendor:/opt/ros/jazzy/opt/gz_fuel_tools_vendor:/opt/ros/jazzy/opt/gz_msgs_vendor:/opt/ros/jazzy/opt/gz_common_vendor:/opt/ros/jazzy/opt/gz_math_vendor:/opt/ros/jazzy/opt/gz_utils_vendor:/opt/ros/jazzy/opt/gz_tools_vendor:/opt/ros/jazzy/opt/gz_ogre_next_vendor:/opt/ros/jazzy/opt/gz_dartsim_vendor:/opt/ros/jazzy/opt/gz_cmake_vendor:/opt/ros/jazzy DEBUGINFOD_URLS=https://debuginfod.ubuntu.com GZ_SIM_RESOURCE_PATH=/home/toyat/dev/vrx_ros2/vrx_ws/install/share/vrx_gazebo/models:/home/toyat/dev/vrx_ros2/vrx_ws/install/share LD_LIBRARY_PATH=/home/toyat/dev/vrx_ros2/vrx_ws/install/lib:/opt/ros/jazzy/opt/gz_sim_vendor/lib:/opt/ros/jazzy/opt/gz_sensors_vendor/lib:/opt/ros/jazzy/opt/gz_physics_vendor/lib:/opt/ros/jazzy/opt/sdformat_vendor/lib:/opt/ros/jazzy/opt/rviz_ogre_vendor/lib:/opt/ros/jazzy/lib/x86_64-linux-gnu:/opt/ros/jazzy/opt/gz_gui_vendor/lib:/opt/ros/jazzy/opt/gz_transport_vendor/lib:/opt/ros/jazzy/opt/gz_rendering_vendor/lib:/opt/ros/jazzy/opt/gz_plugin_vendor/lib:/opt/ros/jazzy/opt/gz_fuel_tools_vendor/lib:/opt/ros/jazzy/opt/gz_msgs_vendor/lib:/opt/ros/jazzy/opt/gz_common_vendor/lib:/opt/ros/jazzy/opt/gz_math_vendor/lib:/opt/ros/jazzy/opt/gz_utils_vendor/lib:/opt/ros/jazzy/opt/gz_tools_vendor/lib:/opt/ros/jazzy/opt/gz_ogre_next_vendor/lib:/opt/ros/jazzy/opt/gz_dartsim_vendor/lib:/opt/ros/jazzy/opt/gz_cmake_vendor/lib:/opt/ros/jazzy/lib:/usr/local/lib PYTHONPATH=/home/toyat/dev/vrx_ros2/vrx_ws/install/lib/python3.12/site-packages:${PYTHONPATH} /usr/bin/cmake --install /home/toyat/dev/vrx_ros2/vrx_ws/build/wamv_description
