[0.223s] DEBUG:colcon:Command line arguments: ['/usr/bin/colcon', 'build', '--merge-install']
[0.223s] DEBUG:colcon:Parsed command line arguments: Namespace(log_base=None, log_level=None, verb_name='build', build_base='build', install_base='install', merge_install=True, symlink_install=False, test_result_base=None, continue_on_error=False, executor='parallel', parallel_workers=8, event_handlers=None, ignore_user_meta=False, metas=['./colcon.meta'], base_paths=['.'], packages_ignore=None, packages_ignore_regex=None, paths=None, packages_up_to=None, packages_up_to_regex=None, packages_above=None, packages_above_and_dependencies=None, packages_above_depth=None, packages_select_by_dep=None, packages_skip_by_dep=None, packages_skip_up_to=None, packages_select_build_failed=False, packages_skip_build_finished=False, packages_select_test_failures=False, packages_skip_test_passed=False, packages_select=None, packages_skip=None, packages_select_regex=None, packages_skip_regex=None, packages_start=None, packages_end=None, allow_overriding=[], cmake_args=None, cmake_target=None, cmake_target_skip_unavailable=False, cmake_clean_cache=False, cmake_clean_first=False, cmake_force_configure=False, ament_cmake_args=None, catkin_cmake_args=None, catkin_skip_building_tests=False, mixin_files=None, mixin=None, verb_parser=<colcon_mixin.mixin.mixin_argument.MixinArgumentDecorator object at 0x78f9e7468320>, verb_extension=<colcon_core.verb.build.BuildVerb object at 0x78f9e731a510>, main=<bound method BuildVerb.main of <colcon_core.verb.build.BuildVerb object at 0x78f9e731a510>>, mixin_verb=('build',))
[0.264s] Level 1:colcon.colcon_core.package_discovery:discover_packages(colcon_meta) check parameters
[0.265s] Level 1:colcon.colcon_core.package_discovery:discover_packages(recursive) check parameters
[0.265s] Level 1:colcon.colcon_core.package_discovery:discover_packages(ignore) check parameters
[0.265s] Level 1:colcon.colcon_core.package_discovery:discover_packages(path) check parameters
[0.265s] Level 1:colcon.colcon_core.package_discovery:discover_packages(colcon_meta) discover
[0.265s] Level 1:colcon.colcon_core.package_discovery:discover_packages(recursive) discover
[0.265s] INFO:colcon.colcon_core.package_discovery:Crawling recursively for packages in '/home/toyat/dev/vrx_ros2/vrx_ws'
[0.265s] Level 1:colcon.colcon_core.package_identification:_identify(.) by extensions ['ignore', 'ignore_ament_install']
[0.265s] Level 1:colcon.colcon_core.package_identification:_identify(.) by extension 'ignore'
[0.265s] Level 1:colcon.colcon_core.package_identification:_identify(.) by extension 'ignore_ament_install'
[0.265s] Level 1:colcon.colcon_core.package_identification:_identify(.) by extensions ['colcon_pkg']
[0.265s] Level 1:colcon.colcon_core.package_identification:_identify(.) by extension 'colcon_pkg'
[0.265s] Level 1:colcon.colcon_core.package_identification:_identify(.) by extensions ['colcon_meta']
[0.265s] Level 1:colcon.colcon_core.package_identification:_identify(.) by extension 'colcon_meta'
[0.265s] Level 1:colcon.colcon_core.package_identification:_identify(.) by extensions ['ros']
[0.265s] Level 1:colcon.colcon_core.package_identification:_identify(.) by extension 'ros'
[0.296s] Level 1:colcon.colcon_core.package_identification:_identify(.) by extensions ['cmake', 'python']
[0.296s] Level 1:colcon.colcon_core.package_identification:_identify(.) by extension 'cmake'
[0.296s] Level 1:colcon.colcon_core.package_identification:_identify(.) by extension 'python'
[0.296s] Level 1:colcon.colcon_core.package_identification:_identify(.) by extensions ['python_setup_py']
[0.296s] Level 1:colcon.colcon_core.package_identification:_identify(.) by extension 'python_setup_py'
[0.296s] Level 1:colcon.colcon_core.package_identification:_identify(build) by extensions ['ignore', 'ignore_ament_install']
[0.296s] Level 1:colcon.colcon_core.package_identification:_identify(build) by extension 'ignore'
[0.296s] Level 1:colcon.colcon_core.package_identification:_identify(build) ignored
[0.296s] Level 1:colcon.colcon_core.package_identification:_identify(install) by extensions ['ignore', 'ignore_ament_install']
[0.296s] Level 1:colcon.colcon_core.package_identification:_identify(install) by extension 'ignore'
[0.296s] Level 1:colcon.colcon_core.package_identification:_identify(install) ignored
[0.296s] Level 1:colcon.colcon_core.package_identification:_identify(log) by extensions ['ignore', 'ignore_ament_install']
[0.296s] Level 1:colcon.colcon_core.package_identification:_identify(log) by extension 'ignore'
[0.296s] Level 1:colcon.colcon_core.package_identification:_identify(log) ignored
[0.296s] Level 1:colcon.colcon_core.package_identification:_identify(src) by extensions ['ignore', 'ignore_ament_install']
[0.297s] Level 1:colcon.colcon_core.package_identification:_identify(src) by extension 'ignore'
[0.297s] Level 1:colcon.colcon_core.package_identification:_identify(src) by extension 'ignore_ament_install'
[0.297s] Level 1:colcon.colcon_core.package_identification:_identify(src) by extensions ['colcon_pkg']
[0.297s] Level 1:colcon.colcon_core.package_identification:_identify(src) by extension 'colcon_pkg'
[0.297s] Level 1:colcon.colcon_core.package_identification:_identify(src) by extensions ['colcon_meta']
[0.297s] Level 1:colcon.colcon_core.package_identification:_identify(src) by extension 'colcon_meta'
[0.297s] Level 1:colcon.colcon_core.package_identification:_identify(src) by extensions ['ros']
[0.297s] Level 1:colcon.colcon_core.package_identification:_identify(src) by extension 'ros'
[0.297s] Level 1:colcon.colcon_core.package_identification:_identify(src) by extensions ['cmake', 'python']
[0.297s] Level 1:colcon.colcon_core.package_identification:_identify(src) by extension 'cmake'
[0.297s] Level 1:colcon.colcon_core.package_identification:_identify(src) by extension 'python'
[0.297s] Level 1:colcon.colcon_core.package_identification:_identify(src) by extensions ['python_setup_py']
[0.297s] Level 1:colcon.colcon_core.package_identification:_identify(src) by extension 'python_setup_py'
[0.297s] Level 1:colcon.colcon_core.package_identification:_identify(src/vrx) by extensions ['ignore', 'ignore_ament_install']
[0.297s] Level 1:colcon.colcon_core.package_identification:_identify(src/vrx) by extension 'ignore'
[0.297s] Level 1:colcon.colcon_core.package_identification:_identify(src/vrx) by extension 'ignore_ament_install'
[0.297s] Level 1:colcon.colcon_core.package_identification:_identify(src/vrx) by extensions ['colcon_pkg']
[0.297s] Level 1:colcon.colcon_core.package_identification:_identify(src/vrx) by extension 'colcon_pkg'
[0.297s] Level 1:colcon.colcon_core.package_identification:_identify(src/vrx) by extensions ['colcon_meta']
[0.297s] Level 1:colcon.colcon_core.package_identification:_identify(src/vrx) by extension 'colcon_meta'
[0.297s] Level 1:colcon.colcon_core.package_identification:_identify(src/vrx) by extensions ['ros']
[0.297s] Level 1:colcon.colcon_core.package_identification:_identify(src/vrx) by extension 'ros'
[0.297s] Level 1:colcon.colcon_core.package_identification:_identify(src/vrx) by extensions ['cmake', 'python']
[0.297s] Level 1:colcon.colcon_core.package_identification:_identify(src/vrx) by extension 'cmake'
[0.297s] Level 1:colcon.colcon_core.package_identification:_identify(src/vrx) by extension 'python'
[0.298s] Level 1:colcon.colcon_core.package_identification:_identify(src/vrx) by extensions ['python_setup_py']
[0.298s] Level 1:colcon.colcon_core.package_identification:_identify(src/vrx) by extension 'python_setup_py'
[0.298s] Level 1:colcon.colcon_core.package_identification:_identify(src/vrx/dev) by extensions ['ignore', 'ignore_ament_install']
[0.298s] Level 1:colcon.colcon_core.package_identification:_identify(src/vrx/dev) by extension 'ignore'
[0.298s] Level 1:colcon.colcon_core.package_identification:_identify(src/vrx/dev) by extension 'ignore_ament_install'
[0.298s] Level 1:colcon.colcon_core.package_identification:_identify(src/vrx/dev) by extensions ['colcon_pkg']
[0.298s] Level 1:colcon.colcon_core.package_identification:_identify(src/vrx/dev) by extension 'colcon_pkg'
[0.298s] Level 1:colcon.colcon_core.package_identification:_identify(src/vrx/dev) by extensions ['colcon_meta']
[0.298s] Level 1:colcon.colcon_core.package_identification:_identify(src/vrx/dev) by extension 'colcon_meta'
[0.298s] Level 1:colcon.colcon_core.package_identification:_identify(src/vrx/dev) by extensions ['ros']
[0.298s] Level 1:colcon.colcon_core.package_identification:_identify(src/vrx/dev) by extension 'ros'
[0.298s] Level 1:colcon.colcon_core.package_identification:_identify(src/vrx/dev) by extensions ['cmake', 'python']
[0.298s] Level 1:colcon.colcon_core.package_identification:_identify(src/vrx/dev) by extension 'cmake'
[0.298s] Level 1:colcon.colcon_core.package_identification:_identify(src/vrx/dev) by extension 'python'
[0.298s] Level 1:colcon.colcon_core.package_identification:_identify(src/vrx/dev) by extensions ['python_setup_py']
[0.298s] Level 1:colcon.colcon_core.package_identification:_identify(src/vrx/dev) by extension 'python_setup_py'
[0.298s] Level 1:colcon.colcon_core.package_identification:_identify(src/vrx/images) by extensions ['ignore', 'ignore_ament_install']
[0.298s] Level 1:colcon.colcon_core.package_identification:_identify(src/vrx/images) by extension 'ignore'
[0.298s] Level 1:colcon.colcon_core.package_identification:_identify(src/vrx/images) by extension 'ignore_ament_install'
[0.298s] Level 1:colcon.colcon_core.package_identification:_identify(src/vrx/images) by extensions ['colcon_pkg']
[0.298s] Level 1:colcon.colcon_core.package_identification:_identify(src/vrx/images) by extension 'colcon_pkg'
[0.298s] Level 1:colcon.colcon_core.package_identification:_identify(src/vrx/images) by extensions ['colcon_meta']
[0.298s] Level 1:colcon.colcon_core.package_identification:_identify(src/vrx/images) by extension 'colcon_meta'
[0.298s] Level 1:colcon.colcon_core.package_identification:_identify(src/vrx/images) by extensions ['ros']
[0.298s] Level 1:colcon.colcon_core.package_identification:_identify(src/vrx/images) by extension 'ros'
[0.299s] Level 1:colcon.colcon_core.package_identification:_identify(src/vrx/images) by extensions ['cmake', 'python']
[0.299s] Level 1:colcon.colcon_core.package_identification:_identify(src/vrx/images) by extension 'cmake'
[0.299s] Level 1:colcon.colcon_core.package_identification:_identify(src/vrx/images) by extension 'python'
[0.299s] Level 1:colcon.colcon_core.package_identification:_identify(src/vrx/images) by extensions ['python_setup_py']
[0.299s] Level 1:colcon.colcon_core.package_identification:_identify(src/vrx/images) by extension 'python_setup_py'
[0.299s] Level 1:colcon.colcon_core.package_identification:_identify(src/vrx/vrx_gz) by extensions ['ignore', 'ignore_ament_install']
[0.299s] Level 1:colcon.colcon_core.package_identification:_identify(src/vrx/vrx_gz) by extension 'ignore'
[0.299s] Level 1:colcon.colcon_core.package_identification:_identify(src/vrx/vrx_gz) by extension 'ignore_ament_install'
[0.299s] Level 1:colcon.colcon_core.package_identification:_identify(src/vrx/vrx_gz) by extensions ['colcon_pkg']
[0.299s] Level 1:colcon.colcon_core.package_identification:_identify(src/vrx/vrx_gz) by extension 'colcon_pkg'
[0.299s] Level 1:colcon.colcon_core.package_identification:_identify(src/vrx/vrx_gz) by extensions ['colcon_meta']
[0.299s] Level 1:colcon.colcon_core.package_identification:_identify(src/vrx/vrx_gz) by extension 'colcon_meta'
[0.299s] Level 1:colcon.colcon_core.package_identification:_identify(src/vrx/vrx_gz) by extensions ['ros']
[0.299s] Level 1:colcon.colcon_core.package_identification:_identify(src/vrx/vrx_gz) by extension 'ros'
[0.302s] DEBUG:colcon.colcon_core.package_identification:Package 'src/vrx/vrx_gz' with type 'ros.ament_cmake' and name 'vrx_gz'
[0.302s] Level 1:colcon.colcon_core.package_identification:_identify(src/vrx/vrx_ros) by extensions ['ignore', 'ignore_ament_install']
[0.302s] Level 1:colcon.colcon_core.package_identification:_identify(src/vrx/vrx_ros) by extension 'ignore'
[0.302s] Level 1:colcon.colcon_core.package_identification:_identify(src/vrx/vrx_ros) by extension 'ignore_ament_install'
[0.302s] Level 1:colcon.colcon_core.package_identification:_identify(src/vrx/vrx_ros) by extensions ['colcon_pkg']
[0.302s] Level 1:colcon.colcon_core.package_identification:_identify(src/vrx/vrx_ros) by extension 'colcon_pkg'
[0.302s] Level 1:colcon.colcon_core.package_identification:_identify(src/vrx/vrx_ros) by extensions ['colcon_meta']
[0.302s] Level 1:colcon.colcon_core.package_identification:_identify(src/vrx/vrx_ros) by extension 'colcon_meta'
[0.302s] Level 1:colcon.colcon_core.package_identification:_identify(src/vrx/vrx_ros) by extensions ['ros']
[0.302s] Level 1:colcon.colcon_core.package_identification:_identify(src/vrx/vrx_ros) by extension 'ros'
[0.303s] DEBUG:colcon.colcon_core.package_identification:Package 'src/vrx/vrx_ros' with type 'ros.ament_cmake' and name 'vrx_ros'
[0.303s] Level 1:colcon.colcon_core.package_identification:_identify(src/vrx/vrx_urdf) by extensions ['ignore', 'ignore_ament_install']
[0.303s] Level 1:colcon.colcon_core.package_identification:_identify(src/vrx/vrx_urdf) by extension 'ignore'
[0.304s] Level 1:colcon.colcon_core.package_identification:_identify(src/vrx/vrx_urdf) by extension 'ignore_ament_install'
[0.304s] Level 1:colcon.colcon_core.package_identification:_identify(src/vrx/vrx_urdf) by extensions ['colcon_pkg']
[0.304s] Level 1:colcon.colcon_core.package_identification:_identify(src/vrx/vrx_urdf) by extension 'colcon_pkg'
[0.304s] Level 1:colcon.colcon_core.package_identification:_identify(src/vrx/vrx_urdf) by extensions ['colcon_meta']
[0.304s] Level 1:colcon.colcon_core.package_identification:_identify(src/vrx/vrx_urdf) by extension 'colcon_meta'
[0.304s] Level 1:colcon.colcon_core.package_identification:_identify(src/vrx/vrx_urdf) by extensions ['ros']
[0.304s] Level 1:colcon.colcon_core.package_identification:_identify(src/vrx/vrx_urdf) by extension 'ros'
[0.304s] Level 1:colcon.colcon_core.package_identification:_identify(src/vrx/vrx_urdf) by extensions ['cmake', 'python']
[0.304s] Level 1:colcon.colcon_core.package_identification:_identify(src/vrx/vrx_urdf) by extension 'cmake'
[0.304s] Level 1:colcon.colcon_core.package_identification:_identify(src/vrx/vrx_urdf) by extension 'python'
[0.304s] Level 1:colcon.colcon_core.package_identification:_identify(src/vrx/vrx_urdf) by extensions ['python_setup_py']
[0.304s] Level 1:colcon.colcon_core.package_identification:_identify(src/vrx/vrx_urdf) by extension 'python_setup_py'
[0.304s] Level 1:colcon.colcon_core.package_identification:_identify(src/vrx/vrx_urdf/vrx_gazebo) by extensions ['ignore', 'ignore_ament_install']
[0.304s] Level 1:colcon.colcon_core.package_identification:_identify(src/vrx/vrx_urdf/vrx_gazebo) by extension 'ignore'
[0.304s] Level 1:colcon.colcon_core.package_identification:_identify(src/vrx/vrx_urdf/vrx_gazebo) by extension 'ignore_ament_install'
[0.304s] Level 1:colcon.colcon_core.package_identification:_identify(src/vrx/vrx_urdf/vrx_gazebo) by extensions ['colcon_pkg']
[0.304s] Level 1:colcon.colcon_core.package_identification:_identify(src/vrx/vrx_urdf/vrx_gazebo) by extension 'colcon_pkg'
[0.304s] Level 1:colcon.colcon_core.package_identification:_identify(src/vrx/vrx_urdf/vrx_gazebo) by extensions ['colcon_meta']
[0.304s] Level 1:colcon.colcon_core.package_identification:_identify(src/vrx/vrx_urdf/vrx_gazebo) by extension 'colcon_meta'
[0.304s] Level 1:colcon.colcon_core.package_identification:_identify(src/vrx/vrx_urdf/vrx_gazebo) by extensions ['ros']
[0.304s] Level 1:colcon.colcon_core.package_identification:_identify(src/vrx/vrx_urdf/vrx_gazebo) by extension 'ros'
[0.305s] DEBUG:colcon.colcon_core.package_identification:Package 'src/vrx/vrx_urdf/vrx_gazebo' with type 'ros.ament_cmake' and name 'vrx_gazebo'
[0.305s] Level 1:colcon.colcon_core.package_identification:_identify(src/vrx/vrx_urdf/wamv_description) by extensions ['ignore', 'ignore_ament_install']
[0.305s] Level 1:colcon.colcon_core.package_identification:_identify(src/vrx/vrx_urdf/wamv_description) by extension 'ignore'
[0.305s] Level 1:colcon.colcon_core.package_identification:_identify(src/vrx/vrx_urdf/wamv_description) by extension 'ignore_ament_install'
[0.305s] Level 1:colcon.colcon_core.package_identification:_identify(src/vrx/vrx_urdf/wamv_description) by extensions ['colcon_pkg']
[0.305s] Level 1:colcon.colcon_core.package_identification:_identify(src/vrx/vrx_urdf/wamv_description) by extension 'colcon_pkg'
[0.305s] Level 1:colcon.colcon_core.package_identification:_identify(src/vrx/vrx_urdf/wamv_description) by extensions ['colcon_meta']
[0.305s] Level 1:colcon.colcon_core.package_identification:_identify(src/vrx/vrx_urdf/wamv_description) by extension 'colcon_meta'
[0.305s] Level 1:colcon.colcon_core.package_identification:_identify(src/vrx/vrx_urdf/wamv_description) by extensions ['ros']
[0.305s] Level 1:colcon.colcon_core.package_identification:_identify(src/vrx/vrx_urdf/wamv_description) by extension 'ros'
[0.306s] DEBUG:colcon.colcon_core.package_identification:Package 'src/vrx/vrx_urdf/wamv_description' with type 'ros.ament_cmake' and name 'wamv_description'
[0.306s] Level 1:colcon.colcon_core.package_identification:_identify(src/vrx/vrx_urdf/wamv_gazebo) by extensions ['ignore', 'ignore_ament_install']
[0.306s] Level 1:colcon.colcon_core.package_identification:_identify(src/vrx/vrx_urdf/wamv_gazebo) by extension 'ignore'
[0.306s] Level 1:colcon.colcon_core.package_identification:_identify(src/vrx/vrx_urdf/wamv_gazebo) by extension 'ignore_ament_install'
[0.306s] Level 1:colcon.colcon_core.package_identification:_identify(src/vrx/vrx_urdf/wamv_gazebo) by extensions ['colcon_pkg']
[0.306s] Level 1:colcon.colcon_core.package_identification:_identify(src/vrx/vrx_urdf/wamv_gazebo) by extension 'colcon_pkg'
[0.306s] Level 1:colcon.colcon_core.package_identification:_identify(src/vrx/vrx_urdf/wamv_gazebo) by extensions ['colcon_meta']
[0.306s] Level 1:colcon.colcon_core.package_identification:_identify(src/vrx/vrx_urdf/wamv_gazebo) by extension 'colcon_meta'
[0.306s] Level 1:colcon.colcon_core.package_identification:_identify(src/vrx/vrx_urdf/wamv_gazebo) by extensions ['ros']
[0.306s] Level 1:colcon.colcon_core.package_identification:_identify(src/vrx/vrx_urdf/wamv_gazebo) by extension 'ros'
[0.307s] DEBUG:colcon.colcon_core.package_identification:Package 'src/vrx/vrx_urdf/wamv_gazebo' with type 'ros.ament_cmake' and name 'wamv_gazebo'
[0.307s] Level 1:colcon.colcon_core.package_discovery:discover_packages(recursive) using defaults
[0.307s] Level 1:colcon.colcon_core.package_discovery:discover_packages(ignore) discover
[0.307s] Level 1:colcon.colcon_core.package_discovery:discover_packages(ignore) using defaults
[0.307s] Level 1:colcon.colcon_core.package_discovery:discover_packages(path) discover
[0.307s] Level 1:colcon.colcon_core.package_discovery:discover_packages(path) using defaults
[0.327s] Level 1:colcon.colcon_core.package_discovery:discover_packages(prefix_path) check parameters
[0.327s] Level 1:colcon.colcon_core.package_discovery:discover_packages(prefix_path) discover
[0.331s] DEBUG:colcon.colcon_installed_package_information.package_discovery:Found 308 installed packages in /opt/ros/jazzy
[0.332s] Level 1:colcon.colcon_core.package_discovery:discover_packages(prefix_path) using defaults
[0.373s] Level 5:colcon.colcon_core.verb:set package 'vrx_gazebo' build argument 'cmake_args' from command line to 'None'
[0.373s] Level 5:colcon.colcon_core.verb:set package 'vrx_gazebo' build argument 'cmake_target' from command line to 'None'
[0.373s] Level 5:colcon.colcon_core.verb:set package 'vrx_gazebo' build argument 'cmake_target_skip_unavailable' from command line to 'False'
[0.373s] Level 5:colcon.colcon_core.verb:set package 'vrx_gazebo' build argument 'cmake_clean_cache' from command line to 'False'
[0.373s] Level 5:colcon.colcon_core.verb:set package 'vrx_gazebo' build argument 'cmake_clean_first' from command line to 'False'
[0.373s] Level 5:colcon.colcon_core.verb:set package 'vrx_gazebo' build argument 'cmake_force_configure' from command line to 'False'
[0.373s] Level 5:colcon.colcon_core.verb:set package 'vrx_gazebo' build argument 'ament_cmake_args' from command line to 'None'
[0.373s] Level 5:colcon.colcon_core.verb:set package 'vrx_gazebo' build argument 'catkin_cmake_args' from command line to 'None'
[0.373s] Level 5:colcon.colcon_core.verb:set package 'vrx_gazebo' build argument 'catkin_skip_building_tests' from command line to 'False'
[0.373s] DEBUG:colcon.colcon_core.verb:Building package 'vrx_gazebo' with the following arguments: {'ament_cmake_args': None, 'build_base': '/home/toyat/dev/vrx_ros2/vrx_ws/build/vrx_gazebo', 'catkin_cmake_args': None, 'catkin_skip_building_tests': False, 'cmake_args': None, 'cmake_clean_cache': False, 'cmake_clean_first': False, 'cmake_force_configure': False, 'cmake_target': None, 'cmake_target_skip_unavailable': False, 'install_base': '/home/toyat/dev/vrx_ros2/vrx_ws/install', 'merge_install': True, 'path': '/home/toyat/dev/vrx_ros2/vrx_ws/src/vrx/vrx_urdf/vrx_gazebo', 'symlink_install': False, 'test_result_base': None}
[0.373s] Level 5:colcon.colcon_core.verb:set package 'vrx_ros' build argument 'cmake_args' from command line to 'None'
[0.373s] Level 5:colcon.colcon_core.verb:set package 'vrx_ros' build argument 'cmake_target' from command line to 'None'
[0.373s] Level 5:colcon.colcon_core.verb:set package 'vrx_ros' build argument 'cmake_target_skip_unavailable' from command line to 'False'
[0.373s] Level 5:colcon.colcon_core.verb:set package 'vrx_ros' build argument 'cmake_clean_cache' from command line to 'False'
[0.373s] Level 5:colcon.colcon_core.verb:set package 'vrx_ros' build argument 'cmake_clean_first' from command line to 'False'
[0.373s] Level 5:colcon.colcon_core.verb:set package 'vrx_ros' build argument 'cmake_force_configure' from command line to 'False'
[0.373s] Level 5:colcon.colcon_core.verb:set package 'vrx_ros' build argument 'ament_cmake_args' from command line to 'None'
[0.373s] Level 5:colcon.colcon_core.verb:set package 'vrx_ros' build argument 'catkin_cmake_args' from command line to 'None'
[0.373s] Level 5:colcon.colcon_core.verb:set package 'vrx_ros' build argument 'catkin_skip_building_tests' from command line to 'False'
[0.373s] DEBUG:colcon.colcon_core.verb:Building package 'vrx_ros' with the following arguments: {'ament_cmake_args': None, 'build_base': '/home/toyat/dev/vrx_ros2/vrx_ws/build/vrx_ros', 'catkin_cmake_args': None, 'catkin_skip_building_tests': False, 'cmake_args': None, 'cmake_clean_cache': False, 'cmake_clean_first': False, 'cmake_force_configure': False, 'cmake_target': None, 'cmake_target_skip_unavailable': False, 'install_base': '/home/toyat/dev/vrx_ros2/vrx_ws/install', 'merge_install': True, 'path': '/home/toyat/dev/vrx_ros2/vrx_ws/src/vrx/vrx_ros', 'symlink_install': False, 'test_result_base': None}
[0.373s] Level 5:colcon.colcon_core.verb:set package 'wamv_description' build argument 'cmake_args' from command line to 'None'
[0.373s] Level 5:colcon.colcon_core.verb:set package 'wamv_description' build argument 'cmake_target' from command line to 'None'
[0.373s] Level 5:colcon.colcon_core.verb:set package 'wamv_description' build argument 'cmake_target_skip_unavailable' from command line to 'False'
[0.373s] Level 5:colcon.colcon_core.verb:set package 'wamv_description' build argument 'cmake_clean_cache' from command line to 'False'
[0.373s] Level 5:colcon.colcon_core.verb:set package 'wamv_description' build argument 'cmake_clean_first' from command line to 'False'
[0.374s] Level 5:colcon.colcon_core.verb:set package 'wamv_description' build argument 'cmake_force_configure' from command line to 'False'
[0.374s] Level 5:colcon.colcon_core.verb:set package 'wamv_description' build argument 'ament_cmake_args' from command line to 'None'
[0.374s] Level 5:colcon.colcon_core.verb:set package 'wamv_description' build argument 'catkin_cmake_args' from command line to 'None'
[0.374s] Level 5:colcon.colcon_core.verb:set package 'wamv_description' build argument 'catkin_skip_building_tests' from command line to 'False'
[0.374s] DEBUG:colcon.colcon_core.verb:Building package 'wamv_description' with the following arguments: {'ament_cmake_args': None, 'build_base': '/home/toyat/dev/vrx_ros2/vrx_ws/build/wamv_description', 'catkin_cmake_args': None, 'catkin_skip_building_tests': False, 'cmake_args': None, 'cmake_clean_cache': False, 'cmake_clean_first': False, 'cmake_force_configure': False, 'cmake_target': None, 'cmake_target_skip_unavailable': False, 'install_base': '/home/toyat/dev/vrx_ros2/vrx_ws/install', 'merge_install': True, 'path': '/home/toyat/dev/vrx_ros2/vrx_ws/src/vrx/vrx_urdf/wamv_description', 'symlink_install': False, 'test_result_base': None}
[0.374s] Level 5:colcon.colcon_core.verb:set package 'wamv_gazebo' build argument 'cmake_args' from command line to 'None'
[0.374s] Level 5:colcon.colcon_core.verb:set package 'wamv_gazebo' build argument 'cmake_target' from command line to 'None'
[0.374s] Level 5:colcon.colcon_core.verb:set package 'wamv_gazebo' build argument 'cmake_target_skip_unavailable' from command line to 'False'
[0.374s] Level 5:colcon.colcon_core.verb:set package 'wamv_gazebo' build argument 'cmake_clean_cache' from command line to 'False'
[0.374s] Level 5:colcon.colcon_core.verb:set package 'wamv_gazebo' build argument 'cmake_clean_first' from command line to 'False'
[0.374s] Level 5:colcon.colcon_core.verb:set package 'wamv_gazebo' build argument 'cmake_force_configure' from command line to 'False'
[0.374s] Level 5:colcon.colcon_core.verb:set package 'wamv_gazebo' build argument 'ament_cmake_args' from command line to 'None'
[0.374s] Level 5:colcon.colcon_core.verb:set package 'wamv_gazebo' build argument 'catkin_cmake_args' from command line to 'None'
[0.374s] Level 5:colcon.colcon_core.verb:set package 'wamv_gazebo' build argument 'catkin_skip_building_tests' from command line to 'False'
[0.374s] DEBUG:colcon.colcon_core.verb:Building package 'wamv_gazebo' with the following arguments: {'ament_cmake_args': None, 'build_base': '/home/toyat/dev/vrx_ros2/vrx_ws/build/wamv_gazebo', 'catkin_cmake_args': None, 'catkin_skip_building_tests': False, 'cmake_args': None, 'cmake_clean_cache': False, 'cmake_clean_first': False, 'cmake_force_configure': False, 'cmake_target': None, 'cmake_target_skip_unavailable': False, 'install_base': '/home/toyat/dev/vrx_ros2/vrx_ws/install', 'merge_install': True, 'path': '/home/toyat/dev/vrx_ros2/vrx_ws/src/vrx/vrx_urdf/wamv_gazebo', 'symlink_install': False, 'test_result_base': None}
[0.374s] Level 5:colcon.colcon_core.verb:set package 'vrx_gz' build argument 'cmake_args' from command line to 'None'
[0.374s] Level 5:colcon.colcon_core.verb:set package 'vrx_gz' build argument 'cmake_target' from command line to 'None'
[0.374s] Level 5:colcon.colcon_core.verb:set package 'vrx_gz' build argument 'cmake_target_skip_unavailable' from command line to 'False'
[0.374s] Level 5:colcon.colcon_core.verb:set package 'vrx_gz' build argument 'cmake_clean_cache' from command line to 'False'
[0.374s] Level 5:colcon.colcon_core.verb:set package 'vrx_gz' build argument 'cmake_clean_first' from command line to 'False'
[0.374s] Level 5:colcon.colcon_core.verb:set package 'vrx_gz' build argument 'cmake_force_configure' from command line to 'False'
[0.374s] Level 5:colcon.colcon_core.verb:set package 'vrx_gz' build argument 'ament_cmake_args' from command line to 'None'
[0.374s] Level 5:colcon.colcon_core.verb:set package 'vrx_gz' build argument 'catkin_cmake_args' from command line to 'None'
[0.374s] Level 5:colcon.colcon_core.verb:set package 'vrx_gz' build argument 'catkin_skip_building_tests' from command line to 'False'
[0.374s] DEBUG:colcon.colcon_core.verb:Building package 'vrx_gz' with the following arguments: {'ament_cmake_args': None, 'build_base': '/home/toyat/dev/vrx_ros2/vrx_ws/build/vrx_gz', 'catkin_cmake_args': None, 'catkin_skip_building_tests': False, 'cmake_args': None, 'cmake_clean_cache': False, 'cmake_clean_first': False, 'cmake_force_configure': False, 'cmake_target': None, 'cmake_target_skip_unavailable': False, 'install_base': '/home/toyat/dev/vrx_ros2/vrx_ws/install', 'merge_install': True, 'path': '/home/toyat/dev/vrx_ros2/vrx_ws/src/vrx/vrx_gz', 'symlink_install': False, 'test_result_base': None}
[0.374s] INFO:colcon.colcon_core.executor:Executing jobs using 'parallel' executor
[0.375s] DEBUG:colcon.colcon_parallel_executor.executor.parallel:run_until_complete
[0.376s] INFO:colcon.colcon_ros.task.ament_cmake.build:Building ROS package in '/home/toyat/dev/vrx_ros2/vrx_ws/src/vrx/vrx_urdf/vrx_gazebo' with build type 'ament_cmake'
[0.376s] INFO:colcon.colcon_cmake.task.cmake.build:Building CMake package in '/home/toyat/dev/vrx_ros2/vrx_ws/src/vrx/vrx_urdf/vrx_gazebo'
[0.382s] INFO:colcon.colcon_core.plugin_system:Skipping extension 'colcon_core.shell.bat': Not used on non-Windows systems
[0.382s] INFO:colcon.colcon_core.shell:Skip shell extension 'powershell' for command environment: Not usable outside of PowerShell
[0.382s] DEBUG:colcon.colcon_core.shell:Skip shell extension 'dsv' for command environment
[0.385s] INFO:colcon.colcon_ros.task.ament_cmake.build:Building ROS package in '/home/toyat/dev/vrx_ros2/vrx_ws/src/vrx/vrx_ros' with build type 'ament_cmake'
[0.385s] INFO:colcon.colcon_cmake.task.cmake.build:Building CMake package in '/home/toyat/dev/vrx_ros2/vrx_ws/src/vrx/vrx_ros'
[0.385s] INFO:colcon.colcon_core.shell:Skip shell extension 'powershell' for command environment: Not usable outside of PowerShell
[0.385s] DEBUG:colcon.colcon_core.shell:Skip shell extension 'dsv' for command environment
[0.391s] DEBUG:colcon.colcon_core.event_handler.log_command:Invoking command in '/home/toyat/dev/vrx_ros2/vrx_ws/build/vrx_gazebo': CMAKE_PREFIX_PATH=${CMAKE_PREFIX_PATH}:/opt/ros/jazzy DEBUGINFOD_URLS=https://debuginfod.ubuntu.com /usr/bin/cmake /home/toyat/dev/vrx_ros2/vrx_ws/src/vrx/vrx_urdf/vrx_gazebo -DCMAKE_INSTALL_PREFIX=/home/toyat/dev/vrx_ros2/vrx_ws/install
[0.394s] DEBUG:colcon.colcon_core.event_handler.log_command:Invoking command in '/home/toyat/dev/vrx_ros2/vrx_ws/build/vrx_ros': CMAKE_PREFIX_PATH=${CMAKE_PREFIX_PATH}:/opt/ros/jazzy DEBUGINFOD_URLS=https://debuginfod.ubuntu.com /usr/bin/cmake /home/toyat/dev/vrx_ros2/vrx_ws/src/vrx/vrx_ros -DCMAKE_INSTALL_PREFIX=/home/toyat/dev/vrx_ros2/vrx_ws/install
[1.525s] DEBUG:colcon.colcon_core.event_handler.log_command:Invoked command in '/home/toyat/dev/vrx_ros2/vrx_ws/build/vrx_gazebo' returned '0': CMAKE_PREFIX_PATH=${CMAKE_PREFIX_PATH}:/opt/ros/jazzy DEBUGINFOD_URLS=https://debuginfod.ubuntu.com /usr/bin/cmake /home/toyat/dev/vrx_ros2/vrx_ws/src/vrx/vrx_urdf/vrx_gazebo -DCMAKE_INSTALL_PREFIX=/home/toyat/dev/vrx_ros2/vrx_ws/install
[1.526s] DEBUG:colcon.colcon_core.event_handler.log_command:Invoking command in '/home/toyat/dev/vrx_ros2/vrx_ws/build/vrx_gazebo': CMAKE_PREFIX_PATH=${CMAKE_PREFIX_PATH}:/opt/ros/jazzy DEBUGINFOD_URLS=https://debuginfod.ubuntu.com /usr/bin/cmake --build /home/toyat/dev/vrx_ros2/vrx_ws/build/vrx_gazebo -- -j8 -l8
[1.982s] DEBUG:colcon.colcon_core.event_handler.log_command:Invoked command in '/home/toyat/dev/vrx_ros2/vrx_ws/build/vrx_gazebo' returned '0': CMAKE_PREFIX_PATH=${CMAKE_PREFIX_PATH}:/opt/ros/jazzy DEBUGINFOD_URLS=https://debuginfod.ubuntu.com /usr/bin/cmake --build /home/toyat/dev/vrx_ros2/vrx_ws/build/vrx_gazebo -- -j8 -l8
[1.996s] DEBUG:colcon.colcon_core.event_handler.log_command:Invoking command in '/home/toyat/dev/vrx_ros2/vrx_ws/build/vrx_gazebo': CMAKE_PREFIX_PATH=${CMAKE_PREFIX_PATH}:/opt/ros/jazzy DEBUGINFOD_URLS=https://debuginfod.ubuntu.com /usr/bin/cmake --install /home/toyat/dev/vrx_ros2/vrx_ws/build/vrx_gazebo
[2.183s] Level 1:colcon.colcon_core.environment:create_environment_scripts_only(vrx_gazebo)
[2.184s] DEBUG:colcon.colcon_core.event_handler.log_command:Invoked command in '/home/toyat/dev/vrx_ros2/vrx_ws/build/vrx_gazebo' returned '0': CMAKE_PREFIX_PATH=${CMAKE_PREFIX_PATH}:/opt/ros/jazzy DEBUGINFOD_URLS=https://debuginfod.ubuntu.com /usr/bin/cmake --install /home/toyat/dev/vrx_ros2/vrx_ws/build/vrx_gazebo
[2.194s] Level 1:colcon.colcon_core.environment:checking '/home/toyat/dev/vrx_ros2/vrx_ws/install' for CMake module files
[2.195s] Level 1:colcon.colcon_core.environment:checking '/home/toyat/dev/vrx_ros2/vrx_ws/install' for CMake config files
[2.196s] Level 1:colcon.colcon_core.shell:create_environment_hook('vrx_gazebo', 'cmake_prefix_path')
[2.196s] INFO:colcon.colcon_core.shell:Creating environment hook '/home/toyat/dev/vrx_ros2/vrx_ws/install/share/vrx_gazebo/hook/cmake_prefix_path.ps1'
[2.197s] INFO:colcon.colcon_core.shell:Creating environment descriptor '/home/toyat/dev/vrx_ros2/vrx_ws/install/share/vrx_gazebo/hook/cmake_prefix_path.dsv'
[2.198s] INFO:colcon.colcon_core.shell:Creating environment hook '/home/toyat/dev/vrx_ros2/vrx_ws/install/share/vrx_gazebo/hook/cmake_prefix_path.sh'
[2.200s] Level 1:colcon.colcon_core.environment:checking '/home/toyat/dev/vrx_ros2/vrx_ws/install/lib'
[2.200s] Level 1:colcon.colcon_core.environment:checking '/home/toyat/dev/vrx_ros2/vrx_ws/install/bin'
[2.200s] Level 1:colcon.colcon_core.environment:checking '/home/toyat/dev/vrx_ros2/vrx_ws/install/lib/pkgconfig/vrx_gazebo.pc'
[2.201s] Level 1:colcon.colcon_core.environment:checking '/home/toyat/dev/vrx_ros2/vrx_ws/install/lib/python3.12/site-packages'
[2.201s] Level 1:colcon.colcon_core.shell:create_environment_hook('vrx_gazebo', 'pythonpath')
[2.201s] INFO:colcon.colcon_core.shell:Creating environment hook '/home/toyat/dev/vrx_ros2/vrx_ws/install/share/vrx_gazebo/hook/pythonpath.ps1'
[2.202s] INFO:colcon.colcon_core.shell:Creating environment descriptor '/home/toyat/dev/vrx_ros2/vrx_ws/install/share/vrx_gazebo/hook/pythonpath.dsv'
[2.203s] INFO:colcon.colcon_core.shell:Creating environment hook '/home/toyat/dev/vrx_ros2/vrx_ws/install/share/vrx_gazebo/hook/pythonpath.sh'
[2.204s] Level 1:colcon.colcon_core.environment:checking '/home/toyat/dev/vrx_ros2/vrx_ws/install/bin'
[2.204s] INFO:colcon.colcon_core.shell:Creating package script '/home/toyat/dev/vrx_ros2/vrx_ws/install/share/vrx_gazebo/package.ps1'
[2.206s] INFO:colcon.colcon_core.shell:Creating package descriptor '/home/toyat/dev/vrx_ros2/vrx_ws/install/share/vrx_gazebo/package.dsv'
[2.207s] INFO:colcon.colcon_core.shell:Creating package script '/home/toyat/dev/vrx_ros2/vrx_ws/install/share/vrx_gazebo/package.sh'
[2.208s] INFO:colcon.colcon_core.shell:Creating package script '/home/toyat/dev/vrx_ros2/vrx_ws/install/share/vrx_gazebo/package.bash'
[2.209s] INFO:colcon.colcon_core.shell:Creating package script '/home/toyat/dev/vrx_ros2/vrx_ws/install/share/vrx_gazebo/package.zsh'
[2.210s] Level 1:colcon.colcon_core.environment:create_file_with_runtime_dependencies(/home/toyat/dev/vrx_ros2/vrx_ws/install/share/colcon-core/packages/vrx_gazebo)
[2.211s] Level 1:colcon.colcon_core.environment:create_environment_scripts_only(vrx_gazebo)
[2.212s] Level 1:colcon.colcon_core.environment:checking '/home/toyat/dev/vrx_ros2/vrx_ws/install' for CMake module files
[2.213s] Level 1:colcon.colcon_core.environment:checking '/home/toyat/dev/vrx_ros2/vrx_ws/install' for CMake config files
[2.213s] Level 1:colcon.colcon_core.shell:create_environment_hook('vrx_gazebo', 'cmake_prefix_path')
[2.214s] INFO:colcon.colcon_core.shell:Creating environment hook '/home/toyat/dev/vrx_ros2/vrx_ws/install/share/vrx_gazebo/hook/cmake_prefix_path.ps1'
[2.214s] INFO:colcon.colcon_core.shell:Creating environment descriptor '/home/toyat/dev/vrx_ros2/vrx_ws/install/share/vrx_gazebo/hook/cmake_prefix_path.dsv'
[2.215s] INFO:colcon.colcon_core.shell:Creating environment hook '/home/toyat/dev/vrx_ros2/vrx_ws/install/share/vrx_gazebo/hook/cmake_prefix_path.sh'
[2.216s] Level 1:colcon.colcon_core.environment:checking '/home/toyat/dev/vrx_ros2/vrx_ws/install/lib'
[2.216s] Level 1:colcon.colcon_core.environment:checking '/home/toyat/dev/vrx_ros2/vrx_ws/install/bin'
[2.216s] Level 1:colcon.colcon_core.environment:checking '/home/toyat/dev/vrx_ros2/vrx_ws/install/lib/pkgconfig/vrx_gazebo.pc'
[2.217s] Level 1:colcon.colcon_core.environment:checking '/home/toyat/dev/vrx_ros2/vrx_ws/install/lib/python3.12/site-packages'
[2.217s] Level 1:colcon.colcon_core.shell:create_environment_hook('vrx_gazebo', 'pythonpath')
[2.217s] INFO:colcon.colcon_core.shell:Creating environment hook '/home/toyat/dev/vrx_ros2/vrx_ws/install/share/vrx_gazebo/hook/pythonpath.ps1'
[2.218s] INFO:colcon.colcon_core.shell:Creating environment descriptor '/home/toyat/dev/vrx_ros2/vrx_ws/install/share/vrx_gazebo/hook/pythonpath.dsv'
[2.218s] INFO:colcon.colcon_core.shell:Creating environment hook '/home/toyat/dev/vrx_ros2/vrx_ws/install/share/vrx_gazebo/hook/pythonpath.sh'
[2.219s] Level 1:colcon.colcon_core.environment:checking '/home/toyat/dev/vrx_ros2/vrx_ws/install/bin'
[2.220s] INFO:colcon.colcon_core.shell:Creating package script '/home/toyat/dev/vrx_ros2/vrx_ws/install/share/vrx_gazebo/package.ps1'
[2.221s] INFO:colcon.colcon_core.shell:Creating package descriptor '/home/toyat/dev/vrx_ros2/vrx_ws/install/share/vrx_gazebo/package.dsv'
[2.222s] INFO:colcon.colcon_core.shell:Creating package script '/home/toyat/dev/vrx_ros2/vrx_ws/install/share/vrx_gazebo/package.sh'
[2.222s] INFO:colcon.colcon_core.shell:Creating package script '/home/toyat/dev/vrx_ros2/vrx_ws/install/share/vrx_gazebo/package.bash'
[2.223s] INFO:colcon.colcon_core.shell:Creating package script '/home/toyat/dev/vrx_ros2/vrx_ws/install/share/vrx_gazebo/package.zsh'
[2.223s] Level 1:colcon.colcon_core.environment:create_file_with_runtime_dependencies(/home/toyat/dev/vrx_ros2/vrx_ws/install/share/colcon-core/packages/vrx_gazebo)
[2.224s] INFO:colcon.colcon_ros.task.ament_cmake.build:Building ROS package in '/home/toyat/dev/vrx_ros2/vrx_ws/src/vrx/vrx_urdf/wamv_description' with build type 'ament_cmake'
[2.224s] INFO:colcon.colcon_cmake.task.cmake.build:Building CMake package in '/home/toyat/dev/vrx_ros2/vrx_ws/src/vrx/vrx_urdf/wamv_description'
[2.224s] INFO:colcon.colcon_core.shell:Skip shell extension 'powershell' for command environment: Not usable outside of PowerShell
[2.224s] DEBUG:colcon.colcon_core.shell:Skip shell extension 'dsv' for command environment
[2.237s] DEBUG:colcon.colcon_core.event_handler.log_command:Invoking command in '/home/toyat/dev/vrx_ros2/vrx_ws/build/wamv_description': AMENT_PREFIX_PATH=/home/toyat/dev/vrx_ros2/vrx_ws/install:${AMENT_PREFIX_PATH} CMAKE_PREFIX_PATH=/home/toyat/dev/vrx_ros2/vrx_ws/install:/opt/ros/jazzy/opt/gz_math_vendor:/opt/ros/jazzy/opt/gz_utils_vendor:/opt/ros/jazzy/opt/gz_cmake_vendor:/opt/ros/jazzy DEBUGINFOD_URLS=https://debuginfod.ubuntu.com GZ_SIM_RESOURCE_PATH=/home/toyat/dev/vrx_ros2/vrx_ws/install/share/vrx_gazebo/models:/home/toyat/dev/vrx_ros2/vrx_ws/install/share PYTHONPATH=/home/toyat/dev/vrx_ros2/vrx_ws/install/lib/python3.12/site-packages:${PYTHONPATH} /usr/bin/cmake /home/toyat/dev/vrx_ros2/vrx_ws/src/vrx/vrx_urdf/wamv_description -DCMAKE_INSTALL_PREFIX=/home/toyat/dev/vrx_ros2/vrx_ws/install
[2.617s] DEBUG:colcon.colcon_core.event_handler.log_command:Invoked command in '/home/toyat/dev/vrx_ros2/vrx_ws/build/vrx_ros' returned '0': CMAKE_PREFIX_PATH=${CMAKE_PREFIX_PATH}:/opt/ros/jazzy DEBUGINFOD_URLS=https://debuginfod.ubuntu.com /usr/bin/cmake /home/toyat/dev/vrx_ros2/vrx_ws/src/vrx/vrx_ros -DCMAKE_INSTALL_PREFIX=/home/toyat/dev/vrx_ros2/vrx_ws/install
[2.618s] DEBUG:colcon.colcon_core.event_handler.log_command:Invoking command in '/home/toyat/dev/vrx_ros2/vrx_ws/build/vrx_ros': CMAKE_PREFIX_PATH=${CMAKE_PREFIX_PATH}:/opt/ros/jazzy DEBUGINFOD_URLS=https://debuginfod.ubuntu.com /usr/bin/cmake --build /home/toyat/dev/vrx_ros2/vrx_ws/build/vrx_ros -- -j8 -l8
[3.162s] DEBUG:colcon.colcon_core.event_handler.log_command:Invoked command in '/home/toyat/dev/vrx_ros2/vrx_ws/build/wamv_description' returned '0': AMENT_PREFIX_PATH=/home/toyat/dev/vrx_ros2/vrx_ws/install:${AMENT_PREFIX_PATH} CMAKE_PREFIX_PATH=/home/toyat/dev/vrx_ros2/vrx_ws/install:/opt/ros/jazzy/opt/gz_math_vendor:/opt/ros/jazzy/opt/gz_utils_vendor:/opt/ros/jazzy/opt/gz_cmake_vendor:/opt/ros/jazzy DEBUGINFOD_URLS=https://debuginfod.ubuntu.com GZ_SIM_RESOURCE_PATH=/home/toyat/dev/vrx_ros2/vrx_ws/install/share/vrx_gazebo/models:/home/toyat/dev/vrx_ros2/vrx_ws/install/share PYTHONPATH=/home/toyat/dev/vrx_ros2/vrx_ws/install/lib/python3.12/site-packages:${PYTHONPATH} /usr/bin/cmake /home/toyat/dev/vrx_ros2/vrx_ws/src/vrx/vrx_urdf/wamv_description -DCMAKE_INSTALL_PREFIX=/home/toyat/dev/vrx_ros2/vrx_ws/install
[3.163s] DEBUG:colcon.colcon_core.event_handler.log_command:Invoking command in '/home/toyat/dev/vrx_ros2/vrx_ws/build/wamv_description': AMENT_PREFIX_PATH=/home/toyat/dev/vrx_ros2/vrx_ws/install:${AMENT_PREFIX_PATH} CMAKE_PREFIX_PATH=/home/toyat/dev/vrx_ros2/vrx_ws/install:/opt/ros/jazzy/opt/gz_math_vendor:/opt/ros/jazzy/opt/gz_utils_vendor:/opt/ros/jazzy/opt/gz_cmake_vendor:/opt/ros/jazzy DEBUGINFOD_URLS=https://debuginfod.ubuntu.com GZ_SIM_RESOURCE_PATH=/home/toyat/dev/vrx_ros2/vrx_ws/install/share/vrx_gazebo/models:/home/toyat/dev/vrx_ros2/vrx_ws/install/share PYTHONPATH=/home/toyat/dev/vrx_ros2/vrx_ws/install/lib/python3.12/site-packages:${PYTHONPATH} /usr/bin/cmake --build /home/toyat/dev/vrx_ros2/vrx_ws/build/wamv_description -- -j8 -l8
[3.360s] DEBUG:colcon.colcon_core.event_handler.log_command:Invoked command in '/home/toyat/dev/vrx_ros2/vrx_ws/build/wamv_description' returned '0': AMENT_PREFIX_PATH=/home/toyat/dev/vrx_ros2/vrx_ws/install:${AMENT_PREFIX_PATH} CMAKE_PREFIX_PATH=/home/toyat/dev/vrx_ros2/vrx_ws/install:/opt/ros/jazzy/opt/gz_math_vendor:/opt/ros/jazzy/opt/gz_utils_vendor:/opt/ros/jazzy/opt/gz_cmake_vendor:/opt/ros/jazzy DEBUGINFOD_URLS=https://debuginfod.ubuntu.com GZ_SIM_RESOURCE_PATH=/home/toyat/dev/vrx_ros2/vrx_ws/install/share/vrx_gazebo/models:/home/toyat/dev/vrx_ros2/vrx_ws/install/share PYTHONPATH=/home/toyat/dev/vrx_ros2/vrx_ws/install/lib/python3.12/site-packages:${PYTHONPATH} /usr/bin/cmake --build /home/toyat/dev/vrx_ros2/vrx_ws/build/wamv_description -- -j8 -l8
[3.361s] DEBUG:colcon.colcon_core.event_handler.log_command:Invoking command in '/home/toyat/dev/vrx_ros2/vrx_ws/build/wamv_description': AMENT_PREFIX_PATH=/home/toyat/dev/vrx_ros2/vrx_ws/install:${AMENT_PREFIX_PATH} CMAKE_PREFIX_PATH=/home/toyat/dev/vrx_ros2/vrx_ws/install:/opt/ros/jazzy/opt/gz_math_vendor:/opt/ros/jazzy/opt/gz_utils_vendor:/opt/ros/jazzy/opt/gz_cmake_vendor:/opt/ros/jazzy DEBUGINFOD_URLS=https://debuginfod.ubuntu.com GZ_SIM_RESOURCE_PATH=/home/toyat/dev/vrx_ros2/vrx_ws/install/share/vrx_gazebo/models:/home/toyat/dev/vrx_ros2/vrx_ws/install/share PYTHONPATH=/home/toyat/dev/vrx_ros2/vrx_ws/install/lib/python3.12/site-packages:${PYTHONPATH} /usr/bin/cmake --install /home/toyat/dev/vrx_ros2/vrx_ws/build/wamv_description
[3.385s] Level 1:colcon.colcon_core.environment:create_environment_scripts_only(wamv_description)
[3.385s] Level 1:colcon.colcon_core.environment:checking '/home/toyat/dev/vrx_ros2/vrx_ws/install' for CMake module files
[3.386s] DEBUG:colcon.colcon_core.event_handler.log_command:Invoked command in '/home/toyat/dev/vrx_ros2/vrx_ws/build/wamv_description' returned '0': AMENT_PREFIX_PATH=/home/toyat/dev/vrx_ros2/vrx_ws/install:${AMENT_PREFIX_PATH} CMAKE_PREFIX_PATH=/home/toyat/dev/vrx_ros2/vrx_ws/install:/opt/ros/jazzy/opt/gz_math_vendor:/opt/ros/jazzy/opt/gz_utils_vendor:/opt/ros/jazzy/opt/gz_cmake_vendor:/opt/ros/jazzy DEBUGINFOD_URLS=https://debuginfod.ubuntu.com GZ_SIM_RESOURCE_PATH=/home/toyat/dev/vrx_ros2/vrx_ws/install/share/vrx_gazebo/models:/home/toyat/dev/vrx_ros2/vrx_ws/install/share PYTHONPATH=/home/toyat/dev/vrx_ros2/vrx_ws/install/lib/python3.12/site-packages:${PYTHONPATH} /usr/bin/cmake --install /home/toyat/dev/vrx_ros2/vrx_ws/build/wamv_description
[3.386s] Level 1:colcon.colcon_core.environment:checking '/home/toyat/dev/vrx_ros2/vrx_ws/install' for CMake config files
[3.387s] Level 1:colcon.colcon_core.shell:create_environment_hook('wamv_description', 'cmake_prefix_path')
[3.387s] INFO:colcon.colcon_core.shell:Creating environment hook '/home/toyat/dev/vrx_ros2/vrx_ws/install/share/wamv_description/hook/cmake_prefix_path.ps1'
[3.387s] INFO:colcon.colcon_core.shell:Creating environment descriptor '/home/toyat/dev/vrx_ros2/vrx_ws/install/share/wamv_description/hook/cmake_prefix_path.dsv'
[3.388s] INFO:colcon.colcon_core.shell:Creating environment hook '/home/toyat/dev/vrx_ros2/vrx_ws/install/share/wamv_description/hook/cmake_prefix_path.sh'
[3.388s] Level 1:colcon.colcon_core.environment:checking '/home/toyat/dev/vrx_ros2/vrx_ws/install/lib'
[3.388s] Level 1:colcon.colcon_core.environment:checking '/home/toyat/dev/vrx_ros2/vrx_ws/install/bin'
[3.388s] Level 1:colcon.colcon_core.environment:checking '/home/toyat/dev/vrx_ros2/vrx_ws/install/lib/pkgconfig/wamv_description.pc'
[3.389s] Level 1:colcon.colcon_core.environment:checking '/home/toyat/dev/vrx_ros2/vrx_ws/install/lib/python3.12/site-packages'
[3.389s] Level 1:colcon.colcon_core.shell:create_environment_hook('wamv_description', 'pythonpath')
[3.389s] INFO:colcon.colcon_core.shell:Creating environment hook '/home/toyat/dev/vrx_ros2/vrx_ws/install/share/wamv_description/hook/pythonpath.ps1'
[3.389s] INFO:colcon.colcon_core.shell:Creating environment descriptor '/home/toyat/dev/vrx_ros2/vrx_ws/install/share/wamv_description/hook/pythonpath.dsv'
[3.389s] INFO:colcon.colcon_core.shell:Creating environment hook '/home/toyat/dev/vrx_ros2/vrx_ws/install/share/wamv_description/hook/pythonpath.sh'
[3.390s] Level 1:colcon.colcon_core.environment:checking '/home/toyat/dev/vrx_ros2/vrx_ws/install/bin'
[3.390s] INFO:colcon.colcon_core.shell:Creating package script '/home/toyat/dev/vrx_ros2/vrx_ws/install/share/wamv_description/package.ps1'
[3.390s] INFO:colcon.colcon_core.shell:Creating package descriptor '/home/toyat/dev/vrx_ros2/vrx_ws/install/share/wamv_description/package.dsv'
[3.391s] INFO:colcon.colcon_core.shell:Creating package script '/home/toyat/dev/vrx_ros2/vrx_ws/install/share/wamv_description/package.sh'
[3.391s] INFO:colcon.colcon_core.shell:Creating package script '/home/toyat/dev/vrx_ros2/vrx_ws/install/share/wamv_description/package.bash'
[3.391s] INFO:colcon.colcon_core.shell:Creating package script '/home/toyat/dev/vrx_ros2/vrx_ws/install/share/wamv_description/package.zsh'
[3.392s] Level 1:colcon.colcon_core.environment:create_file_with_runtime_dependencies(/home/toyat/dev/vrx_ros2/vrx_ws/install/share/colcon-core/packages/wamv_description)
[3.392s] Level 1:colcon.colcon_core.environment:create_environment_scripts_only(wamv_description)
[3.392s] Level 1:colcon.colcon_core.environment:checking '/home/toyat/dev/vrx_ros2/vrx_ws/install' for CMake module files
[3.393s] Level 1:colcon.colcon_core.environment:checking '/home/toyat/dev/vrx_ros2/vrx_ws/install' for CMake config files
[3.393s] Level 1:colcon.colcon_core.shell:create_environment_hook('wamv_description', 'cmake_prefix_path')
[3.393s] INFO:colcon.colcon_core.shell:Creating environment hook '/home/toyat/dev/vrx_ros2/vrx_ws/install/share/wamv_description/hook/cmake_prefix_path.ps1'
[3.393s] INFO:colcon.colcon_core.shell:Creating environment descriptor '/home/toyat/dev/vrx_ros2/vrx_ws/install/share/wamv_description/hook/cmake_prefix_path.dsv'
[3.394s] INFO:colcon.colcon_core.shell:Creating environment hook '/home/toyat/dev/vrx_ros2/vrx_ws/install/share/wamv_description/hook/cmake_prefix_path.sh'
[3.394s] Level 1:colcon.colcon_core.environment:checking '/home/toyat/dev/vrx_ros2/vrx_ws/install/lib'
[3.394s] Level 1:colcon.colcon_core.environment:checking '/home/toyat/dev/vrx_ros2/vrx_ws/install/bin'
[3.394s] Level 1:colcon.colcon_core.environment:checking '/home/toyat/dev/vrx_ros2/vrx_ws/install/lib/pkgconfig/wamv_description.pc'
[3.395s] Level 1:colcon.colcon_core.environment:checking '/home/toyat/dev/vrx_ros2/vrx_ws/install/lib/python3.12/site-packages'
[3.395s] Level 1:colcon.colcon_core.shell:create_environment_hook('wamv_description', 'pythonpath')
[3.395s] INFO:colcon.colcon_core.shell:Creating environment hook '/home/toyat/dev/vrx_ros2/vrx_ws/install/share/wamv_description/hook/pythonpath.ps1'
[3.395s] INFO:colcon.colcon_core.shell:Creating environment descriptor '/home/toyat/dev/vrx_ros2/vrx_ws/install/share/wamv_description/hook/pythonpath.dsv'
[3.395s] INFO:colcon.colcon_core.shell:Creating environment hook '/home/toyat/dev/vrx_ros2/vrx_ws/install/share/wamv_description/hook/pythonpath.sh'
[3.396s] Level 1:colcon.colcon_core.environment:checking '/home/toyat/dev/vrx_ros2/vrx_ws/install/bin'
[3.396s] INFO:colcon.colcon_core.shell:Creating package script '/home/toyat/dev/vrx_ros2/vrx_ws/install/share/wamv_description/package.ps1'
[3.396s] INFO:colcon.colcon_core.shell:Creating package descriptor '/home/toyat/dev/vrx_ros2/vrx_ws/install/share/wamv_description/package.dsv'
[3.397s] INFO:colcon.colcon_core.shell:Creating package script '/home/toyat/dev/vrx_ros2/vrx_ws/install/share/wamv_description/package.sh'
[3.397s] INFO:colcon.colcon_core.shell:Creating package script '/home/toyat/dev/vrx_ros2/vrx_ws/install/share/wamv_description/package.bash'
[3.397s] INFO:colcon.colcon_core.shell:Creating package script '/home/toyat/dev/vrx_ros2/vrx_ws/install/share/wamv_description/package.zsh'
[3.398s] Level 1:colcon.colcon_core.environment:create_file_with_runtime_dependencies(/home/toyat/dev/vrx_ros2/vrx_ws/install/share/colcon-core/packages/wamv_description)
[3.398s] INFO:colcon.colcon_ros.task.ament_cmake.build:Building ROS package in '/home/toyat/dev/vrx_ros2/vrx_ws/src/vrx/vrx_urdf/wamv_gazebo' with build type 'ament_cmake'
[3.398s] INFO:colcon.colcon_cmake.task.cmake.build:Building CMake package in '/home/toyat/dev/vrx_ros2/vrx_ws/src/vrx/vrx_urdf/wamv_gazebo'
[3.398s] INFO:colcon.colcon_core.shell:Skip shell extension 'powershell' for command environment: Not usable outside of PowerShell
[3.398s] DEBUG:colcon.colcon_core.shell:Skip shell extension 'dsv' for command environment
[3.409s] DEBUG:colcon.colcon_core.event_handler.log_command:Invoking command in '/home/toyat/dev/vrx_ros2/vrx_ws/build/wamv_gazebo': AMENT_PREFIX_PATH=/home/toyat/dev/vrx_ros2/vrx_ws/install:${AMENT_PREFIX_PATH} CMAKE_PREFIX_PATH=/home/toyat/dev/vrx_ros2/vrx_ws/install:/opt/ros/jazzy/opt/gz_math_vendor:/opt/ros/jazzy/opt/gz_utils_vendor:/opt/ros/jazzy/opt/gz_cmake_vendor:/opt/ros/jazzy DEBUGINFOD_URLS=https://debuginfod.ubuntu.com GZ_SIM_RESOURCE_PATH=/home/toyat/dev/vrx_ros2/vrx_ws/install/share/wamv_description/models:/home/toyat/dev/vrx_ros2/vrx_ws/install/share/vrx_gazebo/models:/home/toyat/dev/vrx_ros2/vrx_ws/install/share PYTHONPATH=/home/toyat/dev/vrx_ros2/vrx_ws/install/lib/python3.12/site-packages:${PYTHONPATH} /usr/bin/cmake /home/toyat/dev/vrx_ros2/vrx_ws/src/vrx/vrx_urdf/wamv_gazebo -DCMAKE_INSTALL_PREFIX=/home/toyat/dev/vrx_ros2/vrx_ws/install
[4.160s] DEBUG:colcon.colcon_core.event_handler.log_command:Invoked command in '/home/toyat/dev/vrx_ros2/vrx_ws/build/wamv_gazebo' returned '0': AMENT_PREFIX_PATH=/home/toyat/dev/vrx_ros2/vrx_ws/install:${AMENT_PREFIX_PATH} CMAKE_PREFIX_PATH=/home/toyat/dev/vrx_ros2/vrx_ws/install:/opt/ros/jazzy/opt/gz_math_vendor:/opt/ros/jazzy/opt/gz_utils_vendor:/opt/ros/jazzy/opt/gz_cmake_vendor:/opt/ros/jazzy DEBUGINFOD_URLS=https://debuginfod.ubuntu.com GZ_SIM_RESOURCE_PATH=/home/toyat/dev/vrx_ros2/vrx_ws/install/share/wamv_description/models:/home/toyat/dev/vrx_ros2/vrx_ws/install/share/vrx_gazebo/models:/home/toyat/dev/vrx_ros2/vrx_ws/install/share PYTHONPATH=/home/toyat/dev/vrx_ros2/vrx_ws/install/lib/python3.12/site-packages:${PYTHONPATH} /usr/bin/cmake /home/toyat/dev/vrx_ros2/vrx_ws/src/vrx/vrx_urdf/wamv_gazebo -DCMAKE_INSTALL_PREFIX=/home/toyat/dev/vrx_ros2/vrx_ws/install
[4.161s] DEBUG:colcon.colcon_core.event_handler.log_command:Invoking command in '/home/toyat/dev/vrx_ros2/vrx_ws/build/wamv_gazebo': AMENT_PREFIX_PATH=/home/toyat/dev/vrx_ros2/vrx_ws/install:${AMENT_PREFIX_PATH} CMAKE_PREFIX_PATH=/home/toyat/dev/vrx_ros2/vrx_ws/install:/opt/ros/jazzy/opt/gz_math_vendor:/opt/ros/jazzy/opt/gz_utils_vendor:/opt/ros/jazzy/opt/gz_cmake_vendor:/opt/ros/jazzy DEBUGINFOD_URLS=https://debuginfod.ubuntu.com GZ_SIM_RESOURCE_PATH=/home/toyat/dev/vrx_ros2/vrx_ws/install/share/wamv_description/models:/home/toyat/dev/vrx_ros2/vrx_ws/install/share/vrx_gazebo/models:/home/toyat/dev/vrx_ros2/vrx_ws/install/share PYTHONPATH=/home/toyat/dev/vrx_ros2/vrx_ws/install/lib/python3.12/site-packages:${PYTHONPATH} /usr/bin/cmake --build /home/toyat/dev/vrx_ros2/vrx_ws/build/wamv_gazebo -- -j8 -l8
[4.209s] DEBUG:colcon.colcon_core.event_handler.log_command:Invoked command in '/home/toyat/dev/vrx_ros2/vrx_ws/build/wamv_gazebo' returned '0': AMENT_PREFIX_PATH=/home/toyat/dev/vrx_ros2/vrx_ws/install:${AMENT_PREFIX_PATH} CMAKE_PREFIX_PATH=/home/toyat/dev/vrx_ros2/vrx_ws/install:/opt/ros/jazzy/opt/gz_math_vendor:/opt/ros/jazzy/opt/gz_utils_vendor:/opt/ros/jazzy/opt/gz_cmake_vendor:/opt/ros/jazzy DEBUGINFOD_URLS=https://debuginfod.ubuntu.com GZ_SIM_RESOURCE_PATH=/home/toyat/dev/vrx_ros2/vrx_ws/install/share/wamv_description/models:/home/toyat/dev/vrx_ros2/vrx_ws/install/share/vrx_gazebo/models:/home/toyat/dev/vrx_ros2/vrx_ws/install/share PYTHONPATH=/home/toyat/dev/vrx_ros2/vrx_ws/install/lib/python3.12/site-packages:${PYTHONPATH} /usr/bin/cmake --build /home/toyat/dev/vrx_ros2/vrx_ws/build/wamv_gazebo -- -j8 -l8
[4.210s] DEBUG:colcon.colcon_core.event_handler.log_command:Invoking command in '/home/toyat/dev/vrx_ros2/vrx_ws/build/wamv_gazebo': AMENT_PREFIX_PATH=/home/toyat/dev/vrx_ros2/vrx_ws/install:${AMENT_PREFIX_PATH} CMAKE_PREFIX_PATH=/home/toyat/dev/vrx_ros2/vrx_ws/install:/opt/ros/jazzy/opt/gz_math_vendor:/opt/ros/jazzy/opt/gz_utils_vendor:/opt/ros/jazzy/opt/gz_cmake_vendor:/opt/ros/jazzy DEBUGINFOD_URLS=https://debuginfod.ubuntu.com GZ_SIM_RESOURCE_PATH=/home/toyat/dev/vrx_ros2/vrx_ws/install/share/wamv_description/models:/home/toyat/dev/vrx_ros2/vrx_ws/install/share/vrx_gazebo/models:/home/toyat/dev/vrx_ros2/vrx_ws/install/share PYTHONPATH=/home/toyat/dev/vrx_ros2/vrx_ws/install/lib/python3.12/site-packages:${PYTHONPATH} /usr/bin/cmake --install /home/toyat/dev/vrx_ros2/vrx_ws/build/wamv_gazebo
[4.231s] Level 1:colcon.colcon_core.environment:create_environment_scripts_only(wamv_gazebo)
[4.231s] Level 1:colcon.colcon_core.environment:checking '/home/toyat/dev/vrx_ros2/vrx_ws/install' for CMake module files
[4.235s] DEBUG:colcon.colcon_core.event_handler.log_command:Invoked command in '/home/toyat/dev/vrx_ros2/vrx_ws/build/wamv_gazebo' returned '0': AMENT_PREFIX_PATH=/home/toyat/dev/vrx_ros2/vrx_ws/install:${AMENT_PREFIX_PATH} CMAKE_PREFIX_PATH=/home/toyat/dev/vrx_ros2/vrx_ws/install:/opt/ros/jazzy/opt/gz_math_vendor:/opt/ros/jazzy/opt/gz_utils_vendor:/opt/ros/jazzy/opt/gz_cmake_vendor:/opt/ros/jazzy DEBUGINFOD_URLS=https://debuginfod.ubuntu.com GZ_SIM_RESOURCE_PATH=/home/toyat/dev/vrx_ros2/vrx_ws/install/share/wamv_description/models:/home/toyat/dev/vrx_ros2/vrx_ws/install/share/vrx_gazebo/models:/home/toyat/dev/vrx_ros2/vrx_ws/install/share PYTHONPATH=/home/toyat/dev/vrx_ros2/vrx_ws/install/lib/python3.12/site-packages:${PYTHONPATH} /usr/bin/cmake --install /home/toyat/dev/vrx_ros2/vrx_ws/build/wamv_gazebo
[4.235s] Level 1:colcon.colcon_core.environment:checking '/home/toyat/dev/vrx_ros2/vrx_ws/install' for CMake config files
[4.236s] Level 1:colcon.colcon_core.shell:create_environment_hook('wamv_gazebo', 'cmake_prefix_path')
[4.236s] INFO:colcon.colcon_core.shell:Creating environment hook '/home/toyat/dev/vrx_ros2/vrx_ws/install/share/wamv_gazebo/hook/cmake_prefix_path.ps1'
[4.237s] INFO:colcon.colcon_core.shell:Creating environment descriptor '/home/toyat/dev/vrx_ros2/vrx_ws/install/share/wamv_gazebo/hook/cmake_prefix_path.dsv'
[4.237s] INFO:colcon.colcon_core.shell:Creating environment hook '/home/toyat/dev/vrx_ros2/vrx_ws/install/share/wamv_gazebo/hook/cmake_prefix_path.sh'
[4.239s] Level 1:colcon.colcon_core.environment:checking '/home/toyat/dev/vrx_ros2/vrx_ws/install/lib'
[4.239s] Level 1:colcon.colcon_core.environment:checking '/home/toyat/dev/vrx_ros2/vrx_ws/install/bin'
[4.239s] Level 1:colcon.colcon_core.environment:checking '/home/toyat/dev/vrx_ros2/vrx_ws/install/lib/pkgconfig/wamv_gazebo.pc'
[4.239s] Level 1:colcon.colcon_core.environment:checking '/home/toyat/dev/vrx_ros2/vrx_ws/install/lib/python3.12/site-packages'
[4.239s] Level 1:colcon.colcon_core.shell:create_environment_hook('wamv_gazebo', 'pythonpath')
[4.239s] INFO:colcon.colcon_core.shell:Creating environment hook '/home/toyat/dev/vrx_ros2/vrx_ws/install/share/wamv_gazebo/hook/pythonpath.ps1'
[4.240s] INFO:colcon.colcon_core.shell:Creating environment descriptor '/home/toyat/dev/vrx_ros2/vrx_ws/install/share/wamv_gazebo/hook/pythonpath.dsv'
[4.240s] INFO:colcon.colcon_core.shell:Creating environment hook '/home/toyat/dev/vrx_ros2/vrx_ws/install/share/wamv_gazebo/hook/pythonpath.sh'
[4.241s] Level 1:colcon.colcon_core.environment:checking '/home/toyat/dev/vrx_ros2/vrx_ws/install/bin'
[4.242s] INFO:colcon.colcon_core.shell:Creating package script '/home/toyat/dev/vrx_ros2/vrx_ws/install/share/wamv_gazebo/package.ps1'
[4.242s] INFO:colcon.colcon_core.shell:Creating package descriptor '/home/toyat/dev/vrx_ros2/vrx_ws/install/share/wamv_gazebo/package.dsv'
[4.243s] INFO:colcon.colcon_core.shell:Creating package script '/home/toyat/dev/vrx_ros2/vrx_ws/install/share/wamv_gazebo/package.sh'
[4.243s] INFO:colcon.colcon_core.shell:Creating package script '/home/toyat/dev/vrx_ros2/vrx_ws/install/share/wamv_gazebo/package.bash'
[4.244s] INFO:colcon.colcon_core.shell:Creating package script '/home/toyat/dev/vrx_ros2/vrx_ws/install/share/wamv_gazebo/package.zsh'
[4.244s] Level 1:colcon.colcon_core.environment:create_file_with_runtime_dependencies(/home/toyat/dev/vrx_ros2/vrx_ws/install/share/colcon-core/packages/wamv_gazebo)
[4.245s] Level 1:colcon.colcon_core.environment:create_environment_scripts_only(wamv_gazebo)
[4.246s] Level 1:colcon.colcon_core.environment:checking '/home/toyat/dev/vrx_ros2/vrx_ws/install' for CMake module files
[4.247s] Level 1:colcon.colcon_core.environment:checking '/home/toyat/dev/vrx_ros2/vrx_ws/install' for CMake config files
[4.247s] Level 1:colcon.colcon_core.shell:create_environment_hook('wamv_gazebo', 'cmake_prefix_path')
[4.247s] INFO:colcon.colcon_core.shell:Creating environment hook '/home/toyat/dev/vrx_ros2/vrx_ws/install/share/wamv_gazebo/hook/cmake_prefix_path.ps1'
[4.248s] INFO:colcon.colcon_core.shell:Creating environment descriptor '/home/toyat/dev/vrx_ros2/vrx_ws/install/share/wamv_gazebo/hook/cmake_prefix_path.dsv'
[4.249s] INFO:colcon.colcon_core.shell:Creating environment hook '/home/toyat/dev/vrx_ros2/vrx_ws/install/share/wamv_gazebo/hook/cmake_prefix_path.sh'
[4.249s] Level 1:colcon.colcon_core.environment:checking '/home/toyat/dev/vrx_ros2/vrx_ws/install/lib'
[4.249s] Level 1:colcon.colcon_core.environment:checking '/home/toyat/dev/vrx_ros2/vrx_ws/install/bin'
[4.250s] Level 1:colcon.colcon_core.environment:checking '/home/toyat/dev/vrx_ros2/vrx_ws/install/lib/pkgconfig/wamv_gazebo.pc'
[4.250s] Level 1:colcon.colcon_core.environment:checking '/home/toyat/dev/vrx_ros2/vrx_ws/install/lib/python3.12/site-packages'
[4.250s] Level 1:colcon.colcon_core.shell:create_environment_hook('wamv_gazebo', 'pythonpath')
[4.250s] INFO:colcon.colcon_core.shell:Creating environment hook '/home/toyat/dev/vrx_ros2/vrx_ws/install/share/wamv_gazebo/hook/pythonpath.ps1'
[4.251s] INFO:colcon.colcon_core.shell:Creating environment descriptor '/home/toyat/dev/vrx_ros2/vrx_ws/install/share/wamv_gazebo/hook/pythonpath.dsv'
[4.252s] INFO:colcon.colcon_core.shell:Creating environment hook '/home/toyat/dev/vrx_ros2/vrx_ws/install/share/wamv_gazebo/hook/pythonpath.sh'
[4.253s] Level 1:colcon.colcon_core.environment:checking '/home/toyat/dev/vrx_ros2/vrx_ws/install/bin'
[4.253s] INFO:colcon.colcon_core.shell:Creating package script '/home/toyat/dev/vrx_ros2/vrx_ws/install/share/wamv_gazebo/package.ps1'
[4.255s] INFO:colcon.colcon_core.shell:Creating package descriptor '/home/toyat/dev/vrx_ros2/vrx_ws/install/share/wamv_gazebo/package.dsv'
[4.256s] INFO:colcon.colcon_core.shell:Creating package script '/home/toyat/dev/vrx_ros2/vrx_ws/install/share/wamv_gazebo/package.sh'
[4.257s] INFO:colcon.colcon_core.shell:Creating package script '/home/toyat/dev/vrx_ros2/vrx_ws/install/share/wamv_gazebo/package.bash'
[4.258s] INFO:colcon.colcon_core.shell:Creating package script '/home/toyat/dev/vrx_ros2/vrx_ws/install/share/wamv_gazebo/package.zsh'
[4.258s] Level 1:colcon.colcon_core.environment:create_file_with_runtime_dependencies(/home/toyat/dev/vrx_ros2/vrx_ws/install/share/colcon-core/packages/wamv_gazebo)
[8.735s] DEBUG:colcon.colcon_core.event_handler.log_command:Invoked command in '/home/toyat/dev/vrx_ros2/vrx_ws/build/vrx_ros' returned '2': CMAKE_PREFIX_PATH=${CMAKE_PREFIX_PATH}:/opt/ros/jazzy DEBUGINFOD_URLS=https://debuginfod.ubuntu.com /usr/bin/cmake --build /home/toyat/dev/vrx_ros2/vrx_ws/build/vrx_ros -- -j8 -l8
[8.736s] Level 1:colcon.colcon_core.environment:create_environment_scripts_only(vrx_ros)
[8.736s] Level 1:colcon.colcon_core.environment:checking '/home/toyat/dev/vrx_ros2/vrx_ws/install' for CMake module files
[8.736s] Level 1:colcon.colcon_core.environment:checking '/home/toyat/dev/vrx_ros2/vrx_ws/install' for CMake config files
[8.737s] Level 1:colcon.colcon_core.shell:create_environment_hook('vrx_ros', 'cmake_prefix_path')
[8.737s] INFO:colcon.colcon_core.shell:Creating environment hook '/home/toyat/dev/vrx_ros2/vrx_ws/install/share/vrx_ros/hook/cmake_prefix_path.ps1'
[8.738s] INFO:colcon.colcon_core.shell:Creating environment descriptor '/home/toyat/dev/vrx_ros2/vrx_ws/install/share/vrx_ros/hook/cmake_prefix_path.dsv'
[8.738s] INFO:colcon.colcon_core.shell:Creating environment hook '/home/toyat/dev/vrx_ros2/vrx_ws/install/share/vrx_ros/hook/cmake_prefix_path.sh'
[8.738s] Level 1:colcon.colcon_core.environment:checking '/home/toyat/dev/vrx_ros2/vrx_ws/install/lib'
[8.738s] Level 1:colcon.colcon_core.environment:checking '/home/toyat/dev/vrx_ros2/vrx_ws/install/bin'
[8.738s] Level 1:colcon.colcon_core.environment:checking '/home/toyat/dev/vrx_ros2/vrx_ws/install/lib/pkgconfig/vrx_ros.pc'
[8.739s] Level 1:colcon.colcon_core.environment:checking '/home/toyat/dev/vrx_ros2/vrx_ws/install/lib/python3.12/site-packages'
[8.739s] Level 1:colcon.colcon_core.shell:create_environment_hook('vrx_ros', 'pythonpath')
[8.739s] INFO:colcon.colcon_core.shell:Creating environment hook '/home/toyat/dev/vrx_ros2/vrx_ws/install/share/vrx_ros/hook/pythonpath.ps1'
[8.739s] INFO:colcon.colcon_core.shell:Creating environment descriptor '/home/toyat/dev/vrx_ros2/vrx_ws/install/share/vrx_ros/hook/pythonpath.dsv'
[8.739s] INFO:colcon.colcon_core.shell:Creating environment hook '/home/toyat/dev/vrx_ros2/vrx_ws/install/share/vrx_ros/hook/pythonpath.sh'
[8.740s] Level 1:colcon.colcon_core.environment:checking '/home/toyat/dev/vrx_ros2/vrx_ws/install/bin'
[8.740s] INFO:colcon.colcon_core.shell:Creating package script '/home/toyat/dev/vrx_ros2/vrx_ws/install/share/vrx_ros/package.ps1'
[8.741s] INFO:colcon.colcon_core.shell:Creating package descriptor '/home/toyat/dev/vrx_ros2/vrx_ws/install/share/vrx_ros/package.dsv'
[8.741s] INFO:colcon.colcon_core.shell:Creating package script '/home/toyat/dev/vrx_ros2/vrx_ws/install/share/vrx_ros/package.sh'
[8.741s] INFO:colcon.colcon_core.shell:Creating package script '/home/toyat/dev/vrx_ros2/vrx_ws/install/share/vrx_ros/package.bash'
[8.742s] INFO:colcon.colcon_core.shell:Creating package script '/home/toyat/dev/vrx_ros2/vrx_ws/install/share/vrx_ros/package.zsh'
[8.742s] Level 1:colcon.colcon_core.environment:create_file_with_runtime_dependencies(/home/toyat/dev/vrx_ros2/vrx_ws/install/share/colcon-core/packages/vrx_ros)
[8.752s] DEBUG:colcon.colcon_parallel_executor.executor.parallel:closing loop
[8.753s] DEBUG:colcon.colcon_parallel_executor.executor.parallel:loop closed
[8.753s] DEBUG:colcon.colcon_parallel_executor.executor.parallel:run_until_complete finished with '2'
[8.753s] DEBUG:colcon.colcon_core.event_reactor:joining thread
[8.765s] INFO:colcon.colcon_core.plugin_system:Skipping extension 'colcon_notification.desktop_notification.terminal_notifier': Not used on non-Darwin systems
[8.765s] INFO:colcon.colcon_core.plugin_system:Skipping extension 'colcon_notification.desktop_notification.win32': Not used on non-Windows systems
[8.765s] INFO:colcon.colcon_notification.desktop_notification:Sending desktop notification using 'notify2'
[8.769s] DEBUG:colcon.colcon_core.event_reactor:joined thread
[8.769s] INFO:colcon.colcon_core.shell:Creating prefix script '/home/toyat/dev/vrx_ros2/vrx_ws/install/local_setup.ps1'
[8.771s] INFO:colcon.colcon_core.shell:Creating prefix util module '/home/toyat/dev/vrx_ros2/vrx_ws/install/_local_setup_util_ps1.py'
[8.774s] INFO:colcon.colcon_core.shell:Creating prefix chain script '/home/toyat/dev/vrx_ros2/vrx_ws/install/setup.ps1'
[8.775s] INFO:colcon.colcon_core.shell:Creating prefix script '/home/toyat/dev/vrx_ros2/vrx_ws/install/local_setup.sh'
[8.775s] INFO:colcon.colcon_core.shell:Creating prefix util module '/home/toyat/dev/vrx_ros2/vrx_ws/install/_local_setup_util_sh.py'
[8.776s] INFO:colcon.colcon_core.shell:Creating prefix chain script '/home/toyat/dev/vrx_ros2/vrx_ws/install/setup.sh'
[8.776s] INFO:colcon.colcon_core.shell:Creating prefix script '/home/toyat/dev/vrx_ros2/vrx_ws/install/local_setup.bash'
[8.777s] INFO:colcon.colcon_core.shell:Creating prefix chain script '/home/toyat/dev/vrx_ros2/vrx_ws/install/setup.bash'
[8.777s] INFO:colcon.colcon_core.shell:Creating prefix script '/home/toyat/dev/vrx_ros2/vrx_ws/install/local_setup.zsh'
[8.778s] INFO:colcon.colcon_core.shell:Creating prefix chain script '/home/toyat/dev/vrx_ros2/vrx_ws/install/setup.zsh'
