[ 25%] [32mBuilding CXX object CMakeFiles/optical_frame_publisher.dir/src/optical_frame_publisher.cc.o[0m
[ 50%] [32mBuilding CXX object CMakeFiles/pose_tf_broadcaster.dir/src/pose_tf_broadcaster.cc.o[0m
[ 75%] [32m[1mLinking CXX executable pose_tf_broadcaster[0m
[ 75%] Built target pose_tf_broadcaster
[100%] [32m[1mLinking CXX executable optical_frame_publisher[0m
[100%] Built target optical_frame_publisher
-- Install configuration: ""
-- Installing: /home/toyat/dev/vrx_ros2/vrx_ws/install/lib/vrx_ros/optical_frame_publisher
-- Set non-toolchain portion of runtime path of "/home/toyat/dev/vrx_ros2/vrx_ws/install/lib/vrx_ros/optical_frame_publisher" to ""
-- Installing: /home/toyat/dev/vrx_ros2/vrx_ws/install/lib/vrx_ros/pose_tf_broadcaster
-- Set non-toolchain portion of runtime path of "/home/toyat/dev/vrx_ros2/vrx_ws/install/lib/vrx_ros/pose_tf_broadcaster" to ""
-- Installing: /home/toyat/dev/vrx_ros2/vrx_ws/install/share/vrx_ros/launch
-- Installing: /home/toyat/dev/vrx_ros2/vrx_ws/install/share/vrx_ros/launch/monitor_sim.py
-- Installing: /home/toyat/dev/vrx_ros2/vrx_ws/install/share/ament_index/resource_index/package_run_dependencies/vrx_ros
-- Installing: /home/toyat/dev/vrx_ros2/vrx_ws/install/share/ament_index/resource_index/parent_prefix_path/vrx_ros
-- Installing: /home/toyat/dev/vrx_ros2/vrx_ws/install/share/vrx_ros/environment/ament_prefix_path.sh
-- Installing: /home/toyat/dev/vrx_ros2/vrx_ws/install/share/vrx_ros/environment/ament_prefix_path.dsv
-- Installing: /home/toyat/dev/vrx_ros2/vrx_ws/install/share/vrx_ros/environment/path.sh
-- Installing: /home/toyat/dev/vrx_ros2/vrx_ws/install/share/vrx_ros/environment/path.dsv
-- Installing: /home/toyat/dev/vrx_ros2/vrx_ws/install/share/vrx_ros/local_setup.bash
-- Installing: /home/toyat/dev/vrx_ros2/vrx_ws/install/share/vrx_ros/local_setup.sh
-- Installing: /home/toyat/dev/vrx_ros2/vrx_ws/install/share/vrx_ros/local_setup.zsh
-- Installing: /home/toyat/dev/vrx_ros2/vrx_ws/install/share/vrx_ros/local_setup.dsv
-- Installing: /home/toyat/dev/vrx_ros2/vrx_ws/install/share/vrx_ros/package.dsv
-- Installing: /home/toyat/dev/vrx_ros2/vrx_ws/install/share/ament_index/resource_index/packages/vrx_ros
-- Installing: /home/toyat/dev/vrx_ros2/vrx_ws/install/share/vrx_ros/cmake/vrx_rosConfig.cmake
-- Installing: /home/toyat/dev/vrx_ros2/vrx_ws/install/share/vrx_ros/cmake/vrx_rosConfig-version.cmake
-- Installing: /home/toyat/dev/vrx_ros2/vrx_ws/install/share/vrx_ros/package.xml
