-- Found ament_cmake: 2.5.4 (/opt/ros/jazzy/share/ament_cmake/cmake)
-- Found geometry_msgs: 5.3.6 (/opt/ros/jazzy/share/geometry_msgs/cmake)
-- Found rosidl_generator_c: 4.6.5 (/opt/ros/jazzy/share/rosidl_generator_c/cmake)
-- Found rosidl_generator_cpp: 4.6.5 (/opt/ros/jazzy/share/rosidl_generator_cpp/cmake)
-- Using all available rosidl_typesupport_c: rosidl_typesupport_fastrtps_c;rosidl_typesupport_introspection_c
-- Using all available rosidl_typesupport_cpp: rosidl_typesupport_fastrtps_cpp;rosidl_typesupport_introspection_cpp
-- Looking for gz-msgs10 -- found version 10.3.2
-- Searching for dependencies of gz-msgs10
-- Looking for gz-utils2 -- found version 2.2.1
-- Searching for dependencies of gz-utils2
-- Looking for gz-math7 -- found version 7.5.2
-- Searching for dependencies of gz-math7
-- Looking for gz-utils2 -- found version 2.2.1
-- Checking for module 'tinyxml2'
--   Found tinyxml2, version 10.0.0
-- Looking for gz-transport13 -- found version 13.4.1
-- Searching for dependencies of gz-transport13
-- Config-file not installed for ZeroMQ -- checking for pkg-config
-- Checking for module 'libzmq >= 4'
--   Found libzmq, version 4.3.5
-- Checking for module 'uuid'
--   Found uuid, version 2.39.3
-- Looking for gz-utils2 -- found version 2.2.1
-- Searching for dependencies of gz-utils2
-- Searching for <gz-utils2> component [cli]
-- Looking for gz-utils2-cli -- found version 2.2.1
-- Searching for dependencies of gz-utils2-cli
-- Looking for gz-msgs10 -- found version 10.3.2
-- Found rclcpp: 28.1.9 (/opt/ros/jazzy/share/rclcpp/cmake)
-- Found rmw_implementation_cmake: 7.3.2 (/opt/ros/jazzy/share/rmw_implementation_cmake/cmake)
-- Found rmw_fastrtps_cpp: 8.4.2 (/opt/ros/jazzy/share/rmw_fastrtps_cpp/cmake)
-- Using RMW implementation 'rmw_fastrtps_cpp' as default
-- Found ros_gz_interfaces: 1.0.12 (/opt/ros/jazzy/share/ros_gz_interfaces/cmake)
-- Found sensor_msgs: 5.3.6 (/opt/ros/jazzy/share/sensor_msgs/cmake)
-- Found tf2: 0.36.11 (/opt/ros/jazzy/share/tf2/cmake)
-- Found tf2_msgs: 0.36.11 (/opt/ros/jazzy/share/tf2_msgs/cmake)
-- Found tf2_ros: 0.36.11 (/opt/ros/jazzy/share/tf2_ros/cmake)
-- Configuring done (0.7s)
-- Generating done (0.0s)
-- Build files have been written to: /home/toyat/dev/vrx_ros2/vrx_ws/build/vrx_ros
[ 50%] [32mBuilding CXX object CMakeFiles/pose_tf_broadcaster.dir/src/pose_tf_broadcaster.cc.o[0m
[ 50%] [32mBuilding CXX object CMakeFiles/optical_frame_publisher.dir/src/optical_frame_publisher.cc.o[0m
[ 75%] [32m[1mLinking CXX executable pose_tf_broadcaster[0m
[ 75%] Built target pose_tf_broadcaster
[100%] [32m[1mLinking CXX executable optical_frame_publisher[0m
[100%] Built target optical_frame_publisher
-- Install configuration: ""
-- Installing: /home/toyat/dev/vrx_ros2/vrx_ws/install/lib/vrx_ros/optical_frame_publisher
-- Set non-toolchain portion of runtime path of "/home/toyat/dev/vrx_ros2/vrx_ws/install/lib/vrx_ros/optical_frame_publisher" to ""
-- Installing: /home/toyat/dev/vrx_ros2/vrx_ws/install/lib/vrx_ros/pose_tf_broadcaster
-- Set non-toolchain portion of runtime path of "/home/toyat/dev/vrx_ros2/vrx_ws/install/lib/vrx_ros/pose_tf_broadcaster" to ""
-- Up-to-date: /home/toyat/dev/vrx_ros2/vrx_ws/install/share/vrx_ros/launch
-- Installing: /home/toyat/dev/vrx_ros2/vrx_ws/install/share/vrx_ros/launch/monitor_sim.py
-- Up-to-date: /home/toyat/dev/vrx_ros2/vrx_ws/install/share/ament_index/resource_index/package_run_dependencies/vrx_ros
-- Up-to-date: /home/toyat/dev/vrx_ros2/vrx_ws/install/share/ament_index/resource_index/parent_prefix_path/vrx_ros
-- Up-to-date: /home/toyat/dev/vrx_ros2/vrx_ws/install/share/vrx_ros/environment/ament_prefix_path.sh
-- Up-to-date: /home/toyat/dev/vrx_ros2/vrx_ws/install/share/vrx_ros/environment/ament_prefix_path.dsv
-- Up-to-date: /home/toyat/dev/vrx_ros2/vrx_ws/install/share/vrx_ros/environment/path.sh
-- Up-to-date: /home/toyat/dev/vrx_ros2/vrx_ws/install/share/vrx_ros/environment/path.dsv
-- Up-to-date: /home/toyat/dev/vrx_ros2/vrx_ws/install/share/vrx_ros/local_setup.bash
-- Up-to-date: /home/toyat/dev/vrx_ros2/vrx_ws/install/share/vrx_ros/local_setup.sh
-- Up-to-date: /home/toyat/dev/vrx_ros2/vrx_ws/install/share/vrx_ros/local_setup.zsh
-- Up-to-date: /home/toyat/dev/vrx_ros2/vrx_ws/install/share/vrx_ros/local_setup.dsv
-- Installing: /home/toyat/dev/vrx_ros2/vrx_ws/install/share/vrx_ros/package.dsv
-- Up-to-date: /home/toyat/dev/vrx_ros2/vrx_ws/install/share/ament_index/resource_index/packages/vrx_ros
-- Up-to-date: /home/toyat/dev/vrx_ros2/vrx_ws/install/share/vrx_ros/cmake/vrx_rosConfig.cmake
-- Up-to-date: /home/toyat/dev/vrx_ros2/vrx_ws/install/share/vrx_ros/cmake/vrx_rosConfig-version.cmake
-- Installing: /home/toyat/dev/vrx_ros2/vrx_ws/install/share/vrx_ros/package.xml
