[0.011s] Invoking command in '/home/toyat/dev/vrx_ros2/vrx_ws/build/vrx_ros': CMAKE_PREFIX_PATH=${CMAKE_PREFIX_PATH}:/opt/ros/jazzy DEBUGINFOD_URLS=https://debuginfod.ubuntu.com /usr/bin/cmake --build /home/toyat/dev/vrx_ros2/vrx_ws/build/vrx_ros -- -j8 -l8
[0.029s] -- Found ament_cmake: 2.5.4 (/opt/ros/jazzy/share/ament_cmake/cmake)
[0.174s] -- Found geometry_msgs: 5.3.6 (/opt/ros/jazzy/share/geometry_msgs/cmake)
[0.196s] -- Found rosidl_generator_c: 4.6.5 (/opt/ros/jazzy/share/rosidl_generator_c/cmake)
[0.203s] -- Found rosidl_generator_cpp: 4.6.5 (/opt/ros/jazzy/share/rosidl_generator_cpp/cmake)
[0.210s] -- Using all available rosidl_typesupport_c: rosidl_typesupport_fastrtps_c;rosidl_typesupport_introspection_c
[0.219s] -- Using all available rosidl_typesupport_cpp: rosidl_typesupport_fastrtps_cpp;rosidl_typesupport_introspection_cpp
[0.249s] -- Looking for gz-msgs10 -- found version 10.3.2
[0.255s] -- Searching for dependencies of gz-msgs10
[0.275s] -- Looking for gz-utils2 -- found version 2.2.1
[0.275s] -- Searching for dependencies of gz-utils2
[0.276s] -- Looking for gz-math7 -- found version 7.5.2
[0.277s] -- Searching for dependencies of gz-math7
[0.277s] -- Looking for gz-utils2 -- found version 2.2.1
[0.281s] -- Checking for module 'tinyxml2'
[0.291s] --   Found tinyxml2, version 10.0.0
[0.314s] -- Looking for gz-transport13 -- found version 13.4.1
[0.314s] -- Searching for dependencies of gz-transport13
[0.339s] -- Config-file not installed for ZeroMQ -- checking for pkg-config
[0.342s] -- Checking for module 'libzmq >= 4'
[0.351s] --   Found libzmq, version 4.3.5
[0.380s] -- Checking for module 'uuid'
[0.389s] --   Found uuid, version 2.39.3
[0.410s] -- Looking for gz-utils2 -- found version 2.2.1
[0.410s] -- Searching for dependencies of gz-utils2
[0.410s] -- Searching for <gz-utils2> component [cli]
[0.411s] -- Looking for gz-utils2-cli -- found version 2.2.1
[0.411s] -- Searching for dependencies of gz-utils2-cli
[0.411s] -- Looking for gz-msgs10 -- found version 10.3.2
[0.412s] -- Found rclcpp: 28.1.9 (/opt/ros/jazzy/share/rclcpp/cmake)
[0.447s] -- Found rmw_implementation_cmake: 7.3.2 (/opt/ros/jazzy/share/rmw_implementation_cmake/cmake)
[0.447s] -- Found rmw_fastrtps_cpp: 8.4.2 (/opt/ros/jazzy/share/rmw_fastrtps_cpp/cmake)
[0.496s] -- Using RMW implementation 'rmw_fastrtps_cpp' as default
[0.540s] -- Found ros_gz_interfaces: 1.0.12 (/opt/ros/jazzy/share/ros_gz_interfaces/cmake)
[0.562s] -- Found sensor_msgs: 5.3.6 (/opt/ros/jazzy/share/sensor_msgs/cmake)
[0.580s] -- Found tf2: 0.36.11 (/opt/ros/jazzy/share/tf2/cmake)
[0.582s] -- Found tf2_msgs: 0.36.11 (/opt/ros/jazzy/share/tf2_msgs/cmake)
[0.626s] -- Found tf2_ros: 0.36.11 (/opt/ros/jazzy/share/tf2_ros/cmake)
[0.738s] -- Configuring done (0.7s)
[0.752s] -- Generating done (0.0s)
[0.756s] -- Build files have been written to: /home/toyat/dev/vrx_ros2/vrx_ws/build/vrx_ros
[0.789s] [ 50%] [32mBuilding CXX object CMakeFiles/pose_tf_broadcaster.dir/src/pose_tf_broadcaster.cc.o[0m
[0.789s] [ 50%] [32mBuilding CXX object CMakeFiles/optical_frame_publisher.dir/src/optical_frame_publisher.cc.o[0m
[5.889s] [ 75%] [32m[1mLinking CXX executable pose_tf_broadcaster[0m
[6.110s] [ 75%] Built target pose_tf_broadcaster
[7.763s] [100%] [32m[1mLinking CXX executable optical_frame_publisher[0m
[8.033s] [100%] Built target optical_frame_publisher
[8.041s] Invoked command in '/home/toyat/dev/vrx_ros2/vrx_ws/build/vrx_ros' returned '0': CMAKE_PREFIX_PATH=${CMAKE_PREFIX_PATH}:/opt/ros/jazzy DEBUGINFOD_URLS=https://debuginfod.ubuntu.com /usr/bin/cmake --build /home/toyat/dev/vrx_ros2/vrx_ws/build/vrx_ros -- -j8 -l8
[8.041s] Invoking command in '/home/toyat/dev/vrx_ros2/vrx_ws/build/vrx_ros': CMAKE_PREFIX_PATH=${CMAKE_PREFIX_PATH}:/opt/ros/jazzy DEBUGINFOD_URLS=https://debuginfod.ubuntu.com /usr/bin/cmake --install /home/toyat/dev/vrx_ros2/vrx_ws/build/vrx_ros
[8.047s] -- Install configuration: ""
[8.048s] -- Installing: /home/toyat/dev/vrx_ros2/vrx_ws/install/lib/vrx_ros/optical_frame_publisher
[8.051s] -- Set non-toolchain portion of runtime path of "/home/toyat/dev/vrx_ros2/vrx_ws/install/lib/vrx_ros/optical_frame_publisher" to ""
[8.052s] -- Installing: /home/toyat/dev/vrx_ros2/vrx_ws/install/lib/vrx_ros/pose_tf_broadcaster
[8.054s] -- Set non-toolchain portion of runtime path of "/home/toyat/dev/vrx_ros2/vrx_ws/install/lib/vrx_ros/pose_tf_broadcaster" to ""
[8.054s] -- Up-to-date: /home/toyat/dev/vrx_ros2/vrx_ws/install/share/vrx_ros/launch
[8.054s] -- Installing: /home/toyat/dev/vrx_ros2/vrx_ws/install/share/vrx_ros/launch/monitor_sim.py
[8.054s] -- Up-to-date: /home/toyat/dev/vrx_ros2/vrx_ws/install/share/ament_index/resource_index/package_run_dependencies/vrx_ros
[8.054s] -- Up-to-date: /home/toyat/dev/vrx_ros2/vrx_ws/install/share/ament_index/resource_index/parent_prefix_path/vrx_ros
[8.054s] -- Up-to-date: /home/toyat/dev/vrx_ros2/vrx_ws/install/share/vrx_ros/environment/ament_prefix_path.sh
[8.054s] -- Up-to-date: /home/toyat/dev/vrx_ros2/vrx_ws/install/share/vrx_ros/environment/ament_prefix_path.dsv
[8.054s] -- Up-to-date: /home/toyat/dev/vrx_ros2/vrx_ws/install/share/vrx_ros/environment/path.sh
[8.054s] -- Up-to-date: /home/toyat/dev/vrx_ros2/vrx_ws/install/share/vrx_ros/environment/path.dsv
[8.054s] -- Up-to-date: /home/toyat/dev/vrx_ros2/vrx_ws/install/share/vrx_ros/local_setup.bash
[8.055s] -- Up-to-date: /home/toyat/dev/vrx_ros2/vrx_ws/install/share/vrx_ros/local_setup.sh
[8.055s] -- Up-to-date: /home/toyat/dev/vrx_ros2/vrx_ws/install/share/vrx_ros/local_setup.zsh
[8.055s] -- Up-to-date: /home/toyat/dev/vrx_ros2/vrx_ws/install/share/vrx_ros/local_setup.dsv
[8.055s] -- Installing: /home/toyat/dev/vrx_ros2/vrx_ws/install/share/vrx_ros/package.dsv
[8.055s] -- Up-to-date: /home/toyat/dev/vrx_ros2/vrx_ws/install/share/ament_index/resource_index/packages/vrx_ros
[8.055s] -- Up-to-date: /home/toyat/dev/vrx_ros2/vrx_ws/install/share/vrx_ros/cmake/vrx_rosConfig.cmake
[8.055s] -- Up-to-date: /home/toyat/dev/vrx_ros2/vrx_ws/install/share/vrx_ros/cmake/vrx_rosConfig-version.cmake
[8.055s] -- Installing: /home/toyat/dev/vrx_ros2/vrx_ws/install/share/vrx_ros/package.xml
[8.056s] Invoked command in '/home/toyat/dev/vrx_ros2/vrx_ws/build/vrx_ros' returned '0': CMAKE_PREFIX_PATH=${CMAKE_PREFIX_PATH}:/opt/ros/jazzy DEBUGINFOD_URLS=https://debuginfod.ubuntu.com /usr/bin/cmake --install /home/toyat/dev/vrx_ros2/vrx_ws/build/vrx_ros
