[0.009s] Invoking command in '/home/toyat/dev/vrx_ros2/vrx_ws/build/wamv_gazebo': AMENT_PREFIX_PATH=/home/toyat/dev/vrx_ros2/vrx_ws/install:${AMENT_PREFIX_PATH} CMAKE_PREFIX_PATH=/home/toyat/dev/vrx_ros2/vrx_ws/install:/opt/ros/jazzy/opt/gz_math_vendor:/opt/ros/jazzy/opt/gz_utils_vendor:/opt/ros/jazzy/opt/gz_cmake_vendor:/opt/ros/jazzy DEBUGINFOD_URLS=https://debuginfod.ubuntu.com GZ_SIM_RESOURCE_PATH=/home/toyat/dev/vrx_ros2/vrx_ws/install/share/wamv_description/models:/home/toyat/dev/vrx_ros2/vrx_ws/install/share/vrx_gazebo/models:/home/toyat/dev/vrx_ros2/vrx_ws/install/share PYTHONPATH=/home/toyat/dev/vrx_ros2/vrx_ws/install/lib/python3.12/site-packages:${PYTHONPATH} /usr/bin/cmake /home/toyat/dev/vrx_ros2/vrx_ws/src/vrx/vrx_urdf/wamv_gazebo -DCMAKE_INSTALL_PREFIX=/home/toyat/dev/vrx_ros2/vrx_ws/install
[0.060s] -- The C compiler identification is GNU 13.3.0
[0.114s] -- The CXX compiler identification is GNU 13.3.0
[0.130s] -- Detecting C compiler ABI info
[0.214s] -- Detecting C compiler ABI info - done
[0.231s] -- Check for working C compiler: /usr/bin/cc - skipped
[0.231s] -- Detecting C compile features
[0.232s] -- Detecting C compile features - done
[0.243s] -- Detecting CXX compiler ABI info
[0.340s] -- Detecting CXX compiler ABI info - done
[0.358s] -- Check for working CXX compiler: /usr/bin/c++ - skipped
[0.358s] -- Detecting CXX compile features
[0.359s] -- Detecting CXX compile features - done
[0.362s] -- Found ament_cmake: 2.5.4 (/opt/ros/jazzy/share/ament_cmake/cmake)
[0.509s] -- Found Python3: /usr/bin/python3 (found version "3.12.3") found components: Interpreter 
[0.610s] -- Found xacro: 2.0.13 (/opt/ros/jazzy/share/xacro/cmake)
[0.610s] -- Found wamv_description: 1.3.0 (/home/toyat/dev/vrx_ros2/vrx_ws/install/share/wamv_description/cmake)
[0.750s] -- Configuring done (0.7s)
[0.753s] -- Generating done (0.0s)
[0.755s] -- Build files have been written to: /home/toyat/dev/vrx_ros2/vrx_ws/build/wamv_gazebo
[0.761s] Invoked command in '/home/toyat/dev/vrx_ros2/vrx_ws/build/wamv_gazebo' returned '0': AMENT_PREFIX_PATH=/home/toyat/dev/vrx_ros2/vrx_ws/install:${AMENT_PREFIX_PATH} CMAKE_PREFIX_PATH=/home/toyat/dev/vrx_ros2/vrx_ws/install:/opt/ros/jazzy/opt/gz_math_vendor:/opt/ros/jazzy/opt/gz_utils_vendor:/opt/ros/jazzy/opt/gz_cmake_vendor:/opt/ros/jazzy DEBUGINFOD_URLS=https://debuginfod.ubuntu.com GZ_SIM_RESOURCE_PATH=/home/toyat/dev/vrx_ros2/vrx_ws/install/share/wamv_description/models:/home/toyat/dev/vrx_ros2/vrx_ws/install/share/vrx_gazebo/models:/home/toyat/dev/vrx_ros2/vrx_ws/install/share PYTHONPATH=/home/toyat/dev/vrx_ros2/vrx_ws/install/lib/python3.12/site-packages:${PYTHONPATH} /usr/bin/cmake /home/toyat/dev/vrx_ros2/vrx_ws/src/vrx/vrx_urdf/wamv_gazebo -DCMAKE_INSTALL_PREFIX=/home/toyat/dev/vrx_ros2/vrx_ws/install
[0.762s] Invoking command in '/home/toyat/dev/vrx_ros2/vrx_ws/build/wamv_gazebo': AMENT_PREFIX_PATH=/home/toyat/dev/vrx_ros2/vrx_ws/install:${AMENT_PREFIX_PATH} CMAKE_PREFIX_PATH=/home/toyat/dev/vrx_ros2/vrx_ws/install:/opt/ros/jazzy/opt/gz_math_vendor:/opt/ros/jazzy/opt/gz_utils_vendor:/opt/ros/jazzy/opt/gz_cmake_vendor:/opt/ros/jazzy DEBUGINFOD_URLS=https://debuginfod.ubuntu.com GZ_SIM_RESOURCE_PATH=/home/toyat/dev/vrx_ros2/vrx_ws/install/share/wamv_description/models:/home/toyat/dev/vrx_ros2/vrx_ws/install/share/vrx_gazebo/models:/home/toyat/dev/vrx_ros2/vrx_ws/install/share PYTHONPATH=/home/toyat/dev/vrx_ros2/vrx_ws/install/lib/python3.12/site-packages:${PYTHONPATH} /usr/bin/cmake --build /home/toyat/dev/vrx_ros2/vrx_ws/build/wamv_gazebo -- -j8 -l8
[0.809s] Invoked command in '/home/toyat/dev/vrx_ros2/vrx_ws/build/wamv_gazebo' returned '0': AMENT_PREFIX_PATH=/home/toyat/dev/vrx_ros2/vrx_ws/install:${AMENT_PREFIX_PATH} CMAKE_PREFIX_PATH=/home/toyat/dev/vrx_ros2/vrx_ws/install:/opt/ros/jazzy/opt/gz_math_vendor:/opt/ros/jazzy/opt/gz_utils_vendor:/opt/ros/jazzy/opt/gz_cmake_vendor:/opt/ros/jazzy DEBUGINFOD_URLS=https://debuginfod.ubuntu.com GZ_SIM_RESOURCE_PATH=/home/toyat/dev/vrx_ros2/vrx_ws/install/share/wamv_description/models:/home/toyat/dev/vrx_ros2/vrx_ws/install/share/vrx_gazebo/models:/home/toyat/dev/vrx_ros2/vrx_ws/install/share PYTHONPATH=/home/toyat/dev/vrx_ros2/vrx_ws/install/lib/python3.12/site-packages:${PYTHONPATH} /usr/bin/cmake --build /home/toyat/dev/vrx_ros2/vrx_ws/build/wamv_gazebo -- -j8 -l8
[0.811s] Invoking command in '/home/toyat/dev/vrx_ros2/vrx_ws/build/wamv_gazebo': AMENT_PREFIX_PATH=/home/toyat/dev/vrx_ros2/vrx_ws/install:${AMENT_PREFIX_PATH} CMAKE_PREFIX_PATH=/home/toyat/dev/vrx_ros2/vrx_ws/install:/opt/ros/jazzy/opt/gz_math_vendor:/opt/ros/jazzy/opt/gz_utils_vendor:/opt/ros/jazzy/opt/gz_cmake_vendor:/opt/ros/jazzy DEBUGINFOD_URLS=https://debuginfod.ubuntu.com GZ_SIM_RESOURCE_PATH=/home/toyat/dev/vrx_ros2/vrx_ws/install/share/wamv_description/models:/home/toyat/dev/vrx_ros2/vrx_ws/install/share/vrx_gazebo/models:/home/toyat/dev/vrx_ros2/vrx_ws/install/share PYTHONPATH=/home/toyat/dev/vrx_ros2/vrx_ws/install/lib/python3.12/site-packages:${PYTHONPATH} /usr/bin/cmake --install /home/toyat/dev/vrx_ros2/vrx_ws/build/wamv_gazebo
[0.823s] -- Install configuration: ""
[0.824s] -- Installing: /home/toyat/dev/vrx_ros2/vrx_ws/install/share/wamv_gazebo/models
[0.824s] -- Installing: /home/toyat/dev/vrx_ros2/vrx_ws/install/share/wamv_gazebo/models/gps
[0.824s] -- Installing: /home/toyat/dev/vrx_ros2/vrx_ws/install/share/wamv_gazebo/models/gps/model.config
[0.824s] -- Installing: /home/toyat/dev/vrx_ros2/vrx_ws/install/share/wamv_gazebo/models/gps/mesh
[0.825s] -- Installing: /home/toyat/dev/vrx_ros2/vrx_ws/install/share/wamv_gazebo/models/gps/mesh/gps.png
[0.825s] -- Installing: /home/toyat/dev/vrx_ros2/vrx_ws/install/share/wamv_gazebo/models/gps/mesh/gps.dae
[0.825s] -- Installing: /home/toyat/dev/vrx_ros2/vrx_ws/install/share/wamv_gazebo/urdf
[0.825s] -- Installing: /home/toyat/dev/vrx_ros2/vrx_ws/install/share/wamv_gazebo/urdf/wamv_gazebo.urdf.xacro
[0.825s] -- Installing: /home/toyat/dev/vrx_ros2/vrx_ws/install/share/wamv_gazebo/urdf/dynamics
[0.825s] -- Installing: /home/toyat/dev/vrx_ros2/vrx_ws/install/share/wamv_gazebo/urdf/dynamics/wamv_gazebo_dynamics_plugin.xacro
[0.827s] -- Installing: /home/toyat/dev/vrx_ros2/vrx_ws/install/share/wamv_gazebo/urdf/macros.xacro
[0.827s] -- Installing: /home/toyat/dev/vrx_ros2/vrx_ws/install/share/wamv_gazebo/urdf/thruster_layouts
[0.829s] -- Installing: /home/toyat/dev/vrx_ros2/vrx_ws/install/share/wamv_gazebo/urdf/thruster_layouts/wamv_t_thrusters.xacro
[0.829s] -- Installing: /home/toyat/dev/vrx_ros2/vrx_ws/install/share/wamv_gazebo/urdf/thruster_layouts/wamv_aft_thrusters.xacro
[0.829s] -- Installing: /home/toyat/dev/vrx_ros2/vrx_ws/install/share/wamv_gazebo/urdf/thruster_layouts/wamv_x_thrusters.xacro
[0.829s] -- Installing: /home/toyat/dev/vrx_ros2/vrx_ws/install/share/wamv_gazebo/urdf/thruster_layouts/wamv_gazebo_thruster_config.xacro
[0.829s] -- Installing: /home/toyat/dev/vrx_ros2/vrx_ws/install/share/wamv_gazebo/urdf/components
[0.830s] -- Installing: /home/toyat/dev/vrx_ros2/vrx_ws/install/share/wamv_gazebo/urdf/components/wamv_camera.xacro
[0.830s] -- Installing: /home/toyat/dev/vrx_ros2/vrx_ws/install/share/wamv_gazebo/urdf/components/wamv_pinger.xacro
[0.830s] -- Installing: /home/toyat/dev/vrx_ros2/vrx_ws/install/share/wamv_gazebo/urdf/components/ball_shooter.xacro
[0.830s] -- Installing: /home/toyat/dev/vrx_ros2/vrx_ws/install/share/wamv_gazebo/urdf/components/wamv_gps.xacro
[0.830s] -- Installing: /home/toyat/dev/vrx_ros2/vrx_ws/install/share/wamv_gazebo/urdf/components/lidar.xacro
[0.830s] -- Installing: /home/toyat/dev/vrx_ros2/vrx_ws/install/share/wamv_gazebo/urdf/components/wamv_p3d.xacro
[0.830s] -- Installing: /home/toyat/dev/vrx_ros2/vrx_ws/install/share/wamv_gazebo/urdf/components/wamv_imu.xacro
[0.830s] -- Installing: /home/toyat/dev/vrx_ros2/vrx_ws/install/share/wamv_gazebo/urdf/components/wamv_3d_lidar.xacro
[0.830s] -- Installing: /home/toyat/dev/vrx_ros2/vrx_ws/install/share/wamv_gazebo/urdf/components/wamv_planar_lidar.xacro
[0.831s] -- Installing: /home/toyat/dev/vrx_ros2/vrx_ws/install/share/wamv_gazebo/urdf/wamv_gazebo.xacro
[0.833s] -- Installing: /home/toyat/dev/vrx_ros2/vrx_ws/install/share/ament_index/resource_index/package_run_dependencies/wamv_gazebo
[0.834s] -- Installing: /home/toyat/dev/vrx_ros2/vrx_ws/install/share/ament_index/resource_index/parent_prefix_path/wamv_gazebo
[0.834s] -- Installing: /home/toyat/dev/vrx_ros2/vrx_ws/install/share/wamv_gazebo/environment/ament_prefix_path.sh
[0.834s] -- Installing: /home/toyat/dev/vrx_ros2/vrx_ws/install/share/wamv_gazebo/environment/ament_prefix_path.dsv
[0.834s] -- Installing: /home/toyat/dev/vrx_ros2/vrx_ws/install/share/wamv_gazebo/environment/path.sh
[0.834s] -- Installing: /home/toyat/dev/vrx_ros2/vrx_ws/install/share/wamv_gazebo/environment/path.dsv
[0.834s] -- Installing: /home/toyat/dev/vrx_ros2/vrx_ws/install/share/wamv_gazebo/local_setup.bash
[0.834s] -- Installing: /home/toyat/dev/vrx_ros2/vrx_ws/install/share/wamv_gazebo/local_setup.sh
[0.834s] -- Installing: /home/toyat/dev/vrx_ros2/vrx_ws/install/share/wamv_gazebo/local_setup.zsh
[0.835s] -- Installing: /home/toyat/dev/vrx_ros2/vrx_ws/install/share/wamv_gazebo/local_setup.dsv
[0.835s] -- Installing: /home/toyat/dev/vrx_ros2/vrx_ws/install/share/wamv_gazebo/package.dsv
[0.835s] -- Installing: /home/toyat/dev/vrx_ros2/vrx_ws/install/share/ament_index/resource_index/packages/wamv_gazebo
[0.835s] -- Installing: /home/toyat/dev/vrx_ros2/vrx_ws/install/share/wamv_gazebo/cmake/wamv_gazeboConfig.cmake
[0.835s] -- Installing: /home/toyat/dev/vrx_ros2/vrx_ws/install/share/wamv_gazebo/cmake/wamv_gazeboConfig-version.cmake
[0.835s] -- Installing: /home/toyat/dev/vrx_ros2/vrx_ws/install/share/wamv_gazebo/package.xml
[0.835s] Invoked command in '/home/toyat/dev/vrx_ros2/vrx_ws/build/wamv_gazebo' returned '0': AMENT_PREFIX_PATH=/home/toyat/dev/vrx_ros2/vrx_ws/install:${AMENT_PREFIX_PATH} CMAKE_PREFIX_PATH=/home/toyat/dev/vrx_ros2/vrx_ws/install:/opt/ros/jazzy/opt/gz_math_vendor:/opt/ros/jazzy/opt/gz_utils_vendor:/opt/ros/jazzy/opt/gz_cmake_vendor:/opt/ros/jazzy DEBUGINFOD_URLS=https://debuginfod.ubuntu.com GZ_SIM_RESOURCE_PATH=/home/toyat/dev/vrx_ros2/vrx_ws/install/share/wamv_description/models:/home/toyat/dev/vrx_ros2/vrx_ws/install/share/vrx_gazebo/models:/home/toyat/dev/vrx_ros2/vrx_ws/install/share PYTHONPATH=/home/toyat/dev/vrx_ros2/vrx_ws/install/lib/python3.12/site-packages:${PYTHONPATH} /usr/bin/cmake --install /home/toyat/dev/vrx_ros2/vrx_ws/build/wamv_gazebo
