[0.010s] Invoking command in '/home/toyat/dev/vrx_ros2/vrx_ws/build/vrx_gz': AMENT_PREFIX_PATH=/home/toyat/dev/vrx_ros2/vrx_ws/install:${AMENT_PREFIX_PATH} CMAKE_PREFIX_PATH=/home/toyat/dev/vrx_ros2/vrx_ws/install:/opt/ros/jazzy/opt/gz_sim_vendor:/opt/ros/jazzy/opt/gz_sensors_vendor:/opt/ros/jazzy/opt/gz_physics_vendor:/opt/ros/jazzy/opt/sdformat_vendor:/opt/ros/jazzy/opt/gz_gui_vendor:/opt/ros/jazzy/opt/gz_transport_vendor:/opt/ros/jazzy/opt/gz_rendering_vendor:/opt/ros/jazzy/opt/gz_plugin_vendor:/opt/ros/jazzy/opt/gz_fuel_tools_vendor:/opt/ros/jazzy/opt/gz_msgs_vendor:/opt/ros/jazzy/opt/gz_common_vendor:/opt/ros/jazzy/opt/gz_math_vendor:/opt/ros/jazzy/opt/gz_utils_vendor:/opt/ros/jazzy/opt/gz_tools_vendor:/opt/ros/jazzy/opt/gz_ogre_next_vendor:/opt/ros/jazzy/opt/gz_dartsim_vendor:/opt/ros/jazzy/opt/gz_cmake_vendor:/opt/ros/jazzy DEBUGINFOD_URLS=https://debuginfod.ubuntu.com GZ_SIM_RESOURCE_PATH=/home/toyat/dev/vrx_ros2/vrx_ws/install/share/wamv_description/models:/home/toyat/dev/vrx_ros2/vrx_ws/install/share/vrx_gazebo/models:/home/toyat/dev/vrx_ros2/vrx_ws/install/share LD_LIBRARY_PATH=/home/toyat/dev/vrx_ros2/vrx_ws/install/lib:/opt/ros/jazzy/opt/gz_sim_vendor/lib:/opt/ros/jazzy/opt/gz_sensors_vendor/lib:/opt/ros/jazzy/opt/gz_physics_vendor/lib:/opt/ros/jazzy/opt/sdformat_vendor/lib:/opt/ros/jazzy/opt/rviz_ogre_vendor/lib:/opt/ros/jazzy/lib/x86_64-linux-gnu:/opt/ros/jazzy/opt/gz_gui_vendor/lib:/opt/ros/jazzy/opt/gz_transport_vendor/lib:/opt/ros/jazzy/opt/gz_rendering_vendor/lib:/opt/ros/jazzy/opt/gz_plugin_vendor/lib:/opt/ros/jazzy/opt/gz_fuel_tools_vendor/lib:/opt/ros/jazzy/opt/gz_msgs_vendor/lib:/opt/ros/jazzy/opt/gz_common_vendor/lib:/opt/ros/jazzy/opt/gz_math_vendor/lib:/opt/ros/jazzy/opt/gz_utils_vendor/lib:/opt/ros/jazzy/opt/gz_tools_vendor/lib:/opt/ros/jazzy/opt/gz_ogre_next_vendor/lib:/opt/ros/jazzy/opt/gz_dartsim_vendor/lib:/opt/ros/jazzy/opt/gz_cmake_vendor/lib:/opt/ros/jazzy/lib:/usr/local/lib PYTHONPATH=/home/toyat/dev/vrx_ros2/vrx_ws/install/lib/python3.12/site-packages:${PYTHONPATH} /usr/bin/cmake --build /home/toyat/dev/vrx_ros2/vrx_ws/build/vrx_gz -- -j8 -l8
[0.033s] -- Found ament_cmake: 2.5.4 (/opt/ros/jazzy/share/ament_cmake/cmake)
[0.178s] -- Looking for gz-sim8 -- found version 8.9.0
[0.181s] -- Searching for dependencies of gz-sim8
[0.182s] -- Looking for sdformat14 -- found version 14.7.0
[0.182s] -- Searching for dependencies of sdformat14
[0.185s] -- Checking for module 'tinyxml2'
[0.193s] --   Found tinyxml2, version 10.0.0
[0.219s] -- Looking for gz-math7 -- found version 7.5.2
[0.219s] -- Searching for dependencies of gz-math7
[0.219s] -- Looking for gz-utils2 -- found version 2.2.1
[0.220s] -- Searching for dependencies of gz-utils2
[0.222s] -- Looking for gz-utils2 -- found version 2.2.1
[0.222s] -- Searching for dependencies of gz-utils2
[0.222s] -- Searching for <gz-utils2> component [cli]
[0.223s] -- Looking for gz-utils2-cli -- found version 2.2.1
[0.223s] -- Searching for dependencies of gz-utils2-cli
[0.225s] -- Looking for gz-plugin2 -- found version 2.0.4
[0.225s] -- Searching for dependencies of gz-plugin2
[0.225s] -- Looking for gz-utils2 -- found version 2.2.1
[0.226s] -- Searching for <gz-plugin2> component [loader]
[0.226s] -- Looking for gz-plugin2-loader -- found version 2.0.4
[0.226s] -- Searching for dependencies of gz-plugin2-loader
[0.227s] -- Searching for <gz-plugin2> component [register]
[0.228s] -- Looking for gz-plugin2-register -- found version 2.0.4
[0.228s] -- Searching for dependencies of gz-plugin2-register
[0.229s] -- Looking for gz-transport13 -- found version 13.4.1
[0.229s] -- Searching for dependencies of gz-transport13
[0.253s] -- Config-file not installed for ZeroMQ -- checking for pkg-config
[0.256s] -- Checking for module 'libzmq >= 4'
[0.264s] --   Found libzmq, version 4.3.5
[0.294s] -- Checking for module 'uuid'
[0.304s] --   Found uuid, version 2.39.3
[0.337s] -- Looking for gz-utils2 -- found version 2.2.1
[0.339s] -- Looking for gz-msgs10 -- found version 10.3.2
[0.339s] -- Searching for dependencies of gz-msgs10
[0.360s] -- Looking for gz-utils2 -- found version 2.2.1
[0.360s] -- Looking for gz-math7 -- found version 7.5.2
[0.365s] -- Searching for <gz-transport13> component [log]
[0.365s] -- Looking for gz-transport13-log -- found version 13.4.1
[0.365s] -- Searching for dependencies of gz-transport13-log
[0.366s] -- Searching for <gz-transport13> component [parameters]
[0.366s] -- Looking for gz-transport13-parameters -- found version 13.4.1
[0.366s] -- Searching for dependencies of gz-transport13-parameters
[0.367s] -- Looking for gz-msgs10 -- found version 10.3.2
[0.367s] -- Looking for gz-common5 -- found version 5.7.1
[0.367s] -- Searching for dependencies of gz-common5
[0.368s] -- Looking for gz-utils2 -- found version 2.2.1
[0.368s] -- Looking for dlfcn.h - found
[0.368s] -- Looking for libdl - found
[0.373s] -- Searching for <gz-common5> component [av]
[0.374s] -- Looking for gz-common5-av -- found version 5.7.1
[0.374s] -- Searching for dependencies of gz-common5-av
[0.377s] -- Checking for module 'libswscale'
[0.386s] --   Found libswscale, version 7.5.100
[0.411s] -- Checking for module 'libavdevice >= 56.4.100'
[0.421s] --   Found libavdevice, version 60.3.100
[0.470s] -- Checking for module 'libavformat'
[0.487s] --   Found libavformat, version 60.16.100
[0.549s] -- Checking for module 'libavcodec'
[0.569s] --   Found libavcodec, version 60.31.102
[0.629s] -- Checking for module 'libavutil'
[0.648s] --   Found libavutil, version 58.29.100
[0.695s] -- Searching for <gz-common5> component [events]
[0.696s] -- Looking for gz-common5-events -- found version 5.7.1
[0.696s] -- Searching for dependencies of gz-common5-events
[0.697s] -- Looking for gz-math7 -- found version 7.5.2
[0.698s] -- Searching for <gz-common5> component [graphics]
[0.699s] -- Looking for gz-common5-graphics -- found version 5.7.1
[0.699s] -- Searching for dependencies of gz-common5-graphics
[0.700s] -- Looking for gz-math7 -- found version 7.5.2
[0.703s] -- Searching for <gz-common5> component [io]
[0.704s] -- Looking for gz-common5-io -- found version 5.7.1
[0.704s] -- Searching for dependencies of gz-common5-io
[0.704s] -- Searching for <gz-common5> component [profiler]
[0.705s] -- Looking for gz-common5-profiler -- found version 5.7.1
[0.705s] -- Searching for dependencies of gz-common5-profiler
[0.706s] -- Looking for gz-fuel_tools9 -- found version 9.1.1
[0.706s] -- Searching for dependencies of gz-fuel_tools9
[0.745s] -- Checking for module 'jsoncpp'
[0.755s] --   Found jsoncpp, version 1.9.5
[0.788s] -- Checking for module 'yaml-0.1'
[0.797s] --   Found yaml-0.1, version 0.2.5
[0.824s] -- Checking for module 'libzip'
[0.834s] --   Found libzip, version 1.7.3
[0.867s] -- Looking for gz-utils2 -- found version 2.2.1
[0.867s] -- Looking for gz-common5 -- found version 5.7.1
[0.867s] -- Searching for dependencies of gz-common5
[0.868s] -- Looking for gz-utils2 -- found version 2.2.1
[0.868s] -- Looking for dlfcn.h - found
[0.869s] -- Looking for libdl - found
[0.875s] -- Searching for <gz-common5> component [testing]
[0.876s] -- Looking for gz-common5-testing -- found version 5.7.1
[0.876s] -- Searching for dependencies of gz-common5-testing
[0.877s] -- Looking for gz-math7 -- found version 7.5.2
[0.877s] -- Looking for gz-msgs10 -- found version 10.3.2
[0.878s] -- Looking for gz-gui8 -- found version 8.4.0
[0.878s] -- Searching for dependencies of gz-gui8
[0.896s] -- Looking for gz-utils2 -- found version 2.2.1
[0.896s] -- Looking for gz-math7 -- found version 7.5.2
[0.896s] -- Looking for gz-common5 -- found version 5.7.1
[0.896s] -- Looking for gz-plugin2 -- found version 2.0.4
[0.897s] -- Looking for gz-transport13 -- found version 13.4.1
[0.897s] -- Looking for gz-rendering8 -- found version 8.2.2
[0.898s] -- Searching for dependencies of gz-rendering8
[0.898s] -- Looking for gz-math7 -- found version 7.5.2
[0.898s] -- Searching for dependencies of gz-math7
[0.898s] -- Looking for gz-utils2 -- found version 2.2.1
[0.898s] -- Searching for <gz-math7> component [eigen3]
[0.899s] -- Looking for gz-math7-eigen3 -- found version 7.5.2
[0.899s] -- Searching for dependencies of gz-math7-eigen3
[0.900s] -- Looking for gz-common5 -- found version 5.7.1
[0.900s] -- Searching for dependencies of gz-common5
[0.901s] -- Looking for gz-utils2 -- found version 2.2.1
[0.901s] -- Looking for dlfcn.h - found
[0.901s] -- Looking for libdl - found
[0.906s] -- Searching for <gz-common5> component [graphics]
[0.906s] -- Searching for <gz-common5> component [events]
[0.906s] -- Searching for <gz-common5> component [geospatial]
[0.907s] -- Looking for gz-common5-geospatial -- found version 5.7.1
[0.907s] -- Searching for dependencies of gz-common5-geospatial
[0.907s] -- Looking for gz-math7 -- found version 7.5.2
[0.907s] -- Looking for gz-common5 -- found version 5.7.1
[0.908s] -- Looking for gz-plugin2 -- found version 2.0.4
[0.908s] -- Searching for dependencies of gz-plugin2
[0.908s] -- Looking for gz-utils2 -- found version 2.2.1
[0.908s] -- Searching for <gz-plugin2> component [all]
[0.909s] -- Looking for all libraries of gz-plugin2 -- found version 2.0.4
[0.909s] -- Looking for gz-plugin2 -- found version 2.0.4
[0.910s] -- Looking for gz-utils2 -- found version 2.2.1
[0.913s] -- Looking for gz-msgs10 -- found version 10.3.2
[0.927s] -- Looking for gz-physics7 -- found version 7.5.0
[0.927s] -- Searching for dependencies of gz-physics7
[0.927s] -- Looking for gz-common5 -- found version 5.7.1
[0.928s] -- Looking for gz-math7 -- found version 7.5.2
[0.928s] -- Looking for gz-plugin2 -- found version 2.0.4
[0.928s] -- Looking for gz-utils2 -- found version 2.2.1
[0.929s] -- Searching for <gz-physics7> component [heightmap]
[0.930s] -- Looking for gz-physics7-heightmap -- found version 7.5.0
[0.930s] -- Searching for dependencies of gz-physics7-heightmap
[0.930s] -- Looking for gz-common5 -- found version 5.7.1
[0.930s] -- Searching for <gz-physics7> component [mesh]
[0.931s] -- Looking for gz-physics7-mesh -- found version 7.5.0
[0.931s] -- Searching for dependencies of gz-physics7-mesh
[0.931s] -- Looking for gz-common5 -- found version 5.7.1
[0.931s] -- Searching for <gz-physics7> component [sdf]
[0.932s] -- Looking for gz-physics7-sdf -- found version 7.5.0
[0.932s] -- Searching for dependencies of gz-physics7-sdf
[0.932s] -- Looking for sdformat14 -- found version 14.7.0
[0.933s] -- Looking for gz-sensors8 -- found version 8.2.2
[0.933s] -- Searching for dependencies of gz-sensors8
[0.948s] -- Looking for gz-math7 -- found version 7.5.2
[0.948s] -- Looking for gz-common5 -- found version 5.7.1
[0.949s] -- Looking for gz-transport13 -- found version 13.4.1
[0.949s] -- Looking for gz-rendering8 -- found version 8.2.2
[0.949s] -- Looking for gz-msgs10 -- found version 10.3.2
[0.950s] -- Looking for sdformat14 -- found version 14.7.0
[0.950s] -- Searching for <gz-sensors8> component [air_pressure]
[0.951s] -- Looking for gz-sensors8-air_pressure -- found version 8.2.2
[0.951s] -- Searching for dependencies of gz-sensors8-air_pressure
[0.951s] -- Searching for <gz-sensors8> component [air_speed]
[0.952s] -- Looking for gz-sensors8-air_speed -- found version 8.2.2
[0.952s] -- Searching for dependencies of gz-sensors8-air_speed
[0.952s] -- Searching for <gz-sensors8> component [altimeter]
[0.953s] -- Looking for gz-sensors8-altimeter -- found version 8.2.2
[0.953s] -- Searching for dependencies of gz-sensors8-altimeter
[0.953s] -- Searching for <gz-sensors8> component [imu]
[0.954s] -- Looking for gz-sensors8-imu -- found version 8.2.2
[0.954s] -- Searching for dependencies of gz-sensors8-imu
[0.954s] -- Searching for <gz-sensors8> component [force_torque]
[0.955s] -- Looking for gz-sensors8-force_torque -- found version 8.2.2
[0.955s] -- Searching for dependencies of gz-sensors8-force_torque
[0.955s] -- Searching for <gz-sensors8> component [logical_camera]
[0.956s] -- Looking for gz-sensors8-logical_camera -- found version 8.2.2
[0.956s] -- Searching for dependencies of gz-sensors8-logical_camera
[0.956s] -- Searching for <gz-sensors8> component [magnetometer]
[0.957s] -- Looking for gz-sensors8-magnetometer -- found version 8.2.2
[0.957s] -- Searching for dependencies of gz-sensors8-magnetometer
[0.957s] -- Searching for <gz-sensors8> component [navsat]
[0.957s] -- Looking for gz-sensors8-navsat -- found version 8.2.2
[0.958s] -- Searching for dependencies of gz-sensors8-navsat
[0.958s] -- Searching for <gz-sensors8> component [dvl]
[0.958s] -- Looking for gz-sensors8-dvl -- found version 8.2.2
[0.959s] -- Searching for dependencies of gz-sensors8-dvl
[0.959s] -- Looking for gz-sensors8 -- found version 8.2.2
[0.959s] -- Searching for dependencies of gz-sensors8
[0.974s] -- Looking for gz-math7 -- found version 7.5.2
[0.974s] -- Looking for gz-common5 -- found version 5.7.1
[0.974s] -- Looking for gz-transport13 -- found version 13.4.1
[0.975s] -- Looking for gz-rendering8 -- found version 8.2.2
[0.975s] -- Looking for gz-msgs10 -- found version 10.3.2
[0.975s] -- Looking for sdformat14 -- found version 14.7.0
[0.975s] -- Searching for <gz-sensors8> component [rendering]
[0.976s] -- Looking for gz-sensors8-rendering -- found version 8.2.2
[0.976s] -- Searching for dependencies of gz-sensors8-rendering
[0.977s] -- Searching for <gz-sensors8> component [rendering]
[0.977s] -- Searching for <gz-sensors8> component [lidar]
[0.977s] -- Looking for gz-sensors8-lidar -- found version 8.2.2
[0.978s] -- Searching for dependencies of gz-sensors8-lidar
[0.978s] -- Looking for gz-sensors8 -- found version 8.2.2
[0.978s] -- Searching for <gz-sensors8> component [gpu_lidar]
[0.979s] -- Looking for gz-sensors8-gpu_lidar -- found version 8.2.2
[0.979s] -- Searching for dependencies of gz-sensors8-gpu_lidar
[0.979s] -- Looking for gz-sensors8 -- found version 8.2.2
[0.980s] -- Searching for <gz-sensors8> component [camera]
[0.980s] -- Looking for gz-sensors8-camera -- found version 8.2.2
[0.980s] -- Searching for dependencies of gz-sensors8-camera
[0.981s] -- Looking for gz-sensors8 -- found version 8.2.2
[0.981s] -- Searching for <gz-sensors8> component [boundingbox_camera]
[0.981s] -- Looking for gz-sensors8-boundingbox_camera -- found version 8.2.2
[0.982s] -- Searching for dependencies of gz-sensors8-boundingbox_camera
[0.982s] -- Searching for <gz-sensors8> component [segmentation_camera]
[0.982s] -- Looking for gz-sensors8-segmentation_camera -- found version 8.2.2
[0.983s] -- Searching for dependencies of gz-sensors8-segmentation_camera
[0.983s] -- Searching for <gz-sensors8> component [depth_camera]
[0.984s] -- Looking for gz-sensors8-depth_camera -- found version 8.2.2
[0.984s] -- Searching for dependencies of gz-sensors8-depth_camera
[0.984s] -- Looking for gz-sensors8 -- found version 8.2.2
[0.985s] -- Searching for <gz-sensors8> component [rgbd_camera]
[0.985s] -- Looking for gz-sensors8-rgbd_camera -- found version 8.2.2
[0.985s] -- Searching for dependencies of gz-sensors8-rgbd_camera
[0.986s] -- Looking for gz-sensors8 -- found version 8.2.2
[0.986s] -- Searching for <gz-sensors8> component [thermal_camera]
[0.986s] -- Looking for gz-sensors8-thermal_camera -- found version 8.2.2
[0.986s] -- Searching for dependencies of gz-sensors8-thermal_camera
[0.987s] -- Looking for gz-sensors8 -- found version 8.2.2
[0.987s] -- Searching for <gz-sensors8> component [wide_angle_camera]
[0.988s] -- Looking for gz-sensors8-wide_angle_camera -- found version 8.2.2
[0.988s] -- Searching for dependencies of gz-sensors8-wide_angle_camera
[0.989s] -- Looking for gz-rendering8 -- found version 8.2.2
[0.989s] -- Looking for gz-math7 -- found version 7.5.2
[0.989s] -- Looking for gz-utils2 -- found version 2.2.1
[1.005s] -- Looking for gz-common5 -- found version 5.7.1
[1.005s] -- Looking for gz-fuel_tools9 -- found version 9.1.1
[1.005s] -- Looking for gz-math7 -- found version 7.5.2
[1.005s] -- Looking for gz-msgs10 -- found version 10.3.2
[1.006s] -- Looking for gz-transport13 -- found version 13.4.1
[1.006s] -- Looking for gz-plugin2 -- found version 2.0.4
[1.006s] -- Looking for gz-rendering8 -- found version 8.2.2
[1.007s] -- Looking for gz-sensors8 -- found version 8.2.2
[1.007s] -- Looking for gz-utils2 -- found version 2.2.1
[1.007s] -- Looking for sdformat14 -- found version 14.7.0
[1.007s] -- Found std_msgs: 5.3.6 (/opt/ros/jazzy/share/std_msgs/cmake)
[1.021s] -- Found rosidl_generator_c: 4.6.5 (/opt/ros/jazzy/share/rosidl_generator_c/cmake)
[1.027s] -- Found rosidl_generator_cpp: 4.6.5 (/opt/ros/jazzy/share/rosidl_generator_cpp/cmake)
[1.035s] -- Using all available rosidl_typesupport_c: rosidl_typesupport_fastrtps_c;rosidl_typesupport_introspection_c
[1.044s] -- Using all available rosidl_typesupport_cpp: rosidl_typesupport_fastrtps_cpp;rosidl_typesupport_introspection_cpp
[1.188s] -- Configuring done (1.2s)
[1.273s] -- Generating done (0.1s)
[1.289s] -- Build files have been written to: /home/toyat/dev/vrx_ros2/vrx_ws/build/vrx_gz
[1.325s] [  4%] [32mBuilding CXX object CMakeFiles/Waves.dir/src/Wavefield.cc.o[0m
[1.325s] [  4%] [32mBuilding CXX object CMakeFiles/ScoringPlugin.dir/src/ScoringPlugin.cc.o[0m
[1.327s] [  4%] Built target ament_cmake_python_copy_vrx_gz
[1.516s] running egg_info
[1.536s] writing vrx_gz.egg-info/PKG-INFO
[1.536s] writing dependency_links to vrx_gz.egg-info/dependency_links.txt
[1.536s] writing top-level names to vrx_gz.egg-info/top_level.txt
[1.600s] reading manifest file 'vrx_gz.egg-info/SOURCES.txt'
[1.600s] writing manifest file 'vrx_gz.egg-info/SOURCES.txt'
[1.622s] [  4%] Built target ament_cmake_python_build_vrx_gz_egg
[3.675s] [  6%] [32m[1mLinking CXX shared library libWaves.so[0m
[3.833s] [  6%] Built target Waves
[3.855s] [ 12%] [32mBuilding CXX object CMakeFiles/PolyhedraBuoyancyDrag.dir/src/PolyhedraBuoyancyDrag.cc.o[0m
[3.855s] [ 12%] [32mBuilding CXX object CMakeFiles/PolyhedraBuoyancyDrag.dir/src/PolyhedronVolume.cc.o[0m
[3.855s] [ 12%] [32mBuilding CXX object CMakeFiles/PolyhedraBuoyancyDrag.dir/src/ShapeVolume.cc.o[0m
[4.656s] [ 14%] [32m[1mLinking CXX shared library libScoringPlugin.so[0m
[4.816s] [ 14%] Built target ScoringPlugin
[4.850s] [ 18%] [32mBuilding CXX object CMakeFiles/AcousticPingerPlugin.dir/src/AcousticPingerPlugin.cc.o[0m
[4.851s] [ 18%] [32mBuilding CXX object CMakeFiles/BallShooterPlugin.dir/src/BallShooterPlugin.cc.o[0m
[4.854s] [ 20%] [32mBuilding CXX object CMakeFiles/WayfindingScoringPlugin.dir/src/WayfindingScoringPlugin.cc.o[0m
[4.854s] [ 25%] [32mBuilding CXX object CMakeFiles/StationkeepingScoringPlugin.dir/src/StationkeepingScoringPlugin.cc.o[0m
[4.854s] [ 25%] [32mBuilding CXX object CMakeFiles/AcousticPerceptionScoringPlugin.dir/src/AcousticPerceptionScoringPlugin.cc.o[0m
[4.855s] [ 27%] [32mBuilding CXX object CMakeFiles/AcousticTrackingScoringPlugin.dir/src/AcousticTrackingScoringPlugin.cc.o[0m
[5.052s] [ 29%] [32mBuilding CXX object CMakeFiles/StationkeepingScoringPlugin.dir/src/WaypointMarkers.cc.o[0m
[9.309s] [ 31%] [32mBuilding CXX object CMakeFiles/LightBuoyPlugin.dir/src/LightBuoyPlugin.cc.o[0m
[9.874s] [ 33%] [32m[1mLinking CXX shared library libPolyhedraBuoyancyDrag.so[0m
[10.214s] [ 33%] Built target PolyhedraBuoyancyDrag
[10.226s] [ 35%] [32mBuilding CXX object CMakeFiles/AcousticTrackingScoringPlugin.dir/src/WaypointMarkers.cc.o[0m
[11.823s] [ 37%] [32m[1mLinking CXX shared library libAcousticPingerPlugin.so[0m
[11.934s] [ 39%] [32mBuilding CXX object CMakeFiles/WayfindingScoringPlugin.dir/src/WaypointMarkers.cc.o[0m
[11.943s] [ 41%] [32mBuilding CXX object CMakeFiles/AcousticPerceptionScoringPlugin.dir/src/WaypointMarkers.cc.o[0m
[12.103s] [ 43%] [32mBuilding CXX object CMakeFiles/NavigationScoringPlugin.dir/src/NavigationScoringPlugin.cc.o[0m
[12.173s] [ 45%] [32m[1mLinking CXX shared library libStationkeepingScoringPlugin.so[0m
[12.176s] [ 45%] Built target AcousticPingerPlugin
[12.213s] [ 47%] [32mBuilding CXX object CMakeFiles/GymkhanaScoringPlugin.dir/src/GymkhanaScoringPlugin.cc.o[0m
[12.535s] [ 47%] Built target StationkeepingScoringPlugin
[12.568s] [ 50%] [32mBuilding CXX object CMakeFiles/PerceptionScoringPlugin.dir/src/PerceptionScoringPlugin.cc.o[0m
[13.049s] [ 52%] [32m[1mLinking CXX shared library libBallShooterPlugin.so[0m
[13.412s] [ 52%] Built target BallShooterPlugin
[13.449s] [ 54%] [32mBuilding CXX object CMakeFiles/PlacardPlugin.dir/src/PlacardPlugin.cc.o[0m
[14.135s] [ 56%] [32m[1mLinking CXX shared library libLightBuoyPlugin.so[0m
[14.439s] [ 56%] Built target LightBuoyPlugin
[14.475s] [ 58%] [32mBuilding CXX object CMakeFiles/PublisherPlugin.dir/src/PublisherPlugin.cc.o[0m
[14.665s] [ 60%] [32m[1mLinking CXX shared library libAcousticTrackingScoringPlugin.so[0m
[15.016s] [ 60%] Built target AcousticTrackingScoringPlugin
[15.056s] [ 62%] [32mBuilding CXX object CMakeFiles/ScanDockScoringPlugin.dir/src/ScanDockScoringPlugin.cc.o[0m
[16.397s] [ 64%] [32m[1mLinking CXX shared library libWayfindingScoringPlugin.so[0m
[16.398s] [ 66%] [32m[1mLinking CXX shared library libAcousticPerceptionScoringPlugin.so[0m
[16.890s] [ 66%] Built target AcousticPerceptionScoringPlugin
[16.894s] [ 66%] Built target WayfindingScoringPlugin
[16.945s] [ 68%] [32mBuilding CXX object CMakeFiles/SimpleHydrodynamics.dir/src/SimpleHydrodynamics.cc.o[0m
[16.949s] [ 70%] [32mBuilding CXX object CMakeFiles/Surface.dir/src/Surface.cc.o[0m
[18.339s] [ 72%] [32m[1mLinking CXX shared library libGymkhanaScoringPlugin.so[0m
[18.763s] [ 72%] Built target GymkhanaScoringPlugin
[18.821s] [ 75%] [32mBuilding CXX object CMakeFiles/USVWind.dir/src/USVWind.cc.o[0m
[19.769s] [ 77%] [32m[1mLinking CXX shared library libPublisherPlugin.so[0m
[20.124s] [ 77%] Built target PublisherPlugin
[20.179s] [ 79%] [32mBuilding CXX object CMakeFiles/WaveVisual.dir/src/WaveVisual.cc.o[0m
[20.305s] [ 81%] [32m[1mLinking CXX shared library libPlacardPlugin.so[0m
[20.722s] [ 81%] Built target PlacardPlugin
[20.778s] [ 83%] [32mBuilding CXX object CMakeFiles/WildlifeScoringPlugin.dir/src/WildlifeScoringPlugin.cc.o[0m
[20.956s] [ 85%] [32m[1mLinking CXX shared library libNavigationScoringPlugin.so[0m
[20.975s] [ 87%] [32m[1mLinking CXX shared library libPerceptionScoringPlugin.so[0m
[21.388s] [ 87%] Built target NavigationScoringPlugin
[21.475s] [ 87%] Built target PerceptionScoringPlugin
[24.451s] [ 89%] [32m[1mLinking CXX shared library libSurface.so[0m
[24.475s] [ 91%] [32m[1mLinking CXX shared library libSimpleHydrodynamics.so[0m
[24.819s] [ 91%] Built target SimpleHydrodynamics
[24.880s] [ 91%] Built target Surface
[25.488s] [ 93%] [32m[1mLinking CXX shared library libScanDockScoringPlugin.so[0m
[25.755s] [ 93%] Built target ScanDockScoringPlugin
[26.434s] [ 95%] [32m[1mLinking CXX shared library libUSVWind.so[0m
[26.656s] [ 95%] Built target USVWind
[26.908s] [ 97%] [32m[1mLinking CXX shared library libWaveVisual.so[0m
[27.136s] [ 97%] Built target WaveVisual
[27.682s] [100%] [32m[1mLinking CXX shared library libWildlifeScoringPlugin.so[0m
[27.856s] [100%] Built target WildlifeScoringPlugin
[27.864s] Invoked command in '/home/toyat/dev/vrx_ros2/vrx_ws/build/vrx_gz' returned '0': AMENT_PREFIX_PATH=/home/toyat/dev/vrx_ros2/vrx_ws/install:${AMENT_PREFIX_PATH} CMAKE_PREFIX_PATH=/home/toyat/dev/vrx_ros2/vrx_ws/install:/opt/ros/jazzy/opt/gz_sim_vendor:/opt/ros/jazzy/opt/gz_sensors_vendor:/opt/ros/jazzy/opt/gz_physics_vendor:/opt/ros/jazzy/opt/sdformat_vendor:/opt/ros/jazzy/opt/gz_gui_vendor:/opt/ros/jazzy/opt/gz_transport_vendor:/opt/ros/jazzy/opt/gz_rendering_vendor:/opt/ros/jazzy/opt/gz_plugin_vendor:/opt/ros/jazzy/opt/gz_fuel_tools_vendor:/opt/ros/jazzy/opt/gz_msgs_vendor:/opt/ros/jazzy/opt/gz_common_vendor:/opt/ros/jazzy/opt/gz_math_vendor:/opt/ros/jazzy/opt/gz_utils_vendor:/opt/ros/jazzy/opt/gz_tools_vendor:/opt/ros/jazzy/opt/gz_ogre_next_vendor:/opt/ros/jazzy/opt/gz_dartsim_vendor:/opt/ros/jazzy/opt/gz_cmake_vendor:/opt/ros/jazzy DEBUGINFOD_URLS=https://debuginfod.ubuntu.com GZ_SIM_RESOURCE_PATH=/home/toyat/dev/vrx_ros2/vrx_ws/install/share/wamv_description/models:/home/toyat/dev/vrx_ros2/vrx_ws/install/share/vrx_gazebo/models:/home/toyat/dev/vrx_ros2/vrx_ws/install/share LD_LIBRARY_PATH=/home/toyat/dev/vrx_ros2/vrx_ws/install/lib:/opt/ros/jazzy/opt/gz_sim_vendor/lib:/opt/ros/jazzy/opt/gz_sensors_vendor/lib:/opt/ros/jazzy/opt/gz_physics_vendor/lib:/opt/ros/jazzy/opt/sdformat_vendor/lib:/opt/ros/jazzy/opt/rviz_ogre_vendor/lib:/opt/ros/jazzy/lib/x86_64-linux-gnu:/opt/ros/jazzy/opt/gz_gui_vendor/lib:/opt/ros/jazzy/opt/gz_transport_vendor/lib:/opt/ros/jazzy/opt/gz_rendering_vendor/lib:/opt/ros/jazzy/opt/gz_plugin_vendor/lib:/opt/ros/jazzy/opt/gz_fuel_tools_vendor/lib:/opt/ros/jazzy/opt/gz_msgs_vendor/lib:/opt/ros/jazzy/opt/gz_common_vendor/lib:/opt/ros/jazzy/opt/gz_math_vendor/lib:/opt/ros/jazzy/opt/gz_utils_vendor/lib:/opt/ros/jazzy/opt/gz_tools_vendor/lib:/opt/ros/jazzy/opt/gz_ogre_next_vendor/lib:/opt/ros/jazzy/opt/gz_dartsim_vendor/lib:/opt/ros/jazzy/opt/gz_cmake_vendor/lib:/opt/ros/jazzy/lib:/usr/local/lib PYTHONPATH=/home/toyat/dev/vrx_ros2/vrx_ws/install/lib/python3.12/site-packages:${PYTHONPATH} /usr/bin/cmake --build /home/toyat/dev/vrx_ros2/vrx_ws/build/vrx_gz -- -j8 -l8
[27.865s] Invoking command in '/home/toyat/dev/vrx_ros2/vrx_ws/build/vrx_gz': AMENT_PREFIX_PATH=/home/toyat/dev/vrx_ros2/vrx_ws/install:${AMENT_PREFIX_PATH} CMAKE_PREFIX_PATH=/home/toyat/dev/vrx_ros2/vrx_ws/install:/opt/ros/jazzy/opt/gz_sim_vendor:/opt/ros/jazzy/opt/gz_sensors_vendor:/opt/ros/jazzy/opt/gz_physics_vendor:/opt/ros/jazzy/opt/sdformat_vendor:/opt/ros/jazzy/opt/gz_gui_vendor:/opt/ros/jazzy/opt/gz_transport_vendor:/opt/ros/jazzy/opt/gz_rendering_vendor:/opt/ros/jazzy/opt/gz_plugin_vendor:/opt/ros/jazzy/opt/gz_fuel_tools_vendor:/opt/ros/jazzy/opt/gz_msgs_vendor:/opt/ros/jazzy/opt/gz_common_vendor:/opt/ros/jazzy/opt/gz_math_vendor:/opt/ros/jazzy/opt/gz_utils_vendor:/opt/ros/jazzy/opt/gz_tools_vendor:/opt/ros/jazzy/opt/gz_ogre_next_vendor:/opt/ros/jazzy/opt/gz_dartsim_vendor:/opt/ros/jazzy/opt/gz_cmake_vendor:/opt/ros/jazzy DEBUGINFOD_URLS=https://debuginfod.ubuntu.com GZ_SIM_RESOURCE_PATH=/home/toyat/dev/vrx_ros2/vrx_ws/install/share/wamv_description/models:/home/toyat/dev/vrx_ros2/vrx_ws/install/share/vrx_gazebo/models:/home/toyat/dev/vrx_ros2/vrx_ws/install/share LD_LIBRARY_PATH=/home/toyat/dev/vrx_ros2/vrx_ws/install/lib:/opt/ros/jazzy/opt/gz_sim_vendor/lib:/opt/ros/jazzy/opt/gz_sensors_vendor/lib:/opt/ros/jazzy/opt/gz_physics_vendor/lib:/opt/ros/jazzy/opt/sdformat_vendor/lib:/opt/ros/jazzy/opt/rviz_ogre_vendor/lib:/opt/ros/jazzy/lib/x86_64-linux-gnu:/opt/ros/jazzy/opt/gz_gui_vendor/lib:/opt/ros/jazzy/opt/gz_transport_vendor/lib:/opt/ros/jazzy/opt/gz_rendering_vendor/lib:/opt/ros/jazzy/opt/gz_plugin_vendor/lib:/opt/ros/jazzy/opt/gz_fuel_tools_vendor/lib:/opt/ros/jazzy/opt/gz_msgs_vendor/lib:/opt/ros/jazzy/opt/gz_common_vendor/lib:/opt/ros/jazzy/opt/gz_math_vendor/lib:/opt/ros/jazzy/opt/gz_utils_vendor/lib:/opt/ros/jazzy/opt/gz_tools_vendor/lib:/opt/ros/jazzy/opt/gz_ogre_next_vendor/lib:/opt/ros/jazzy/opt/gz_dartsim_vendor/lib:/opt/ros/jazzy/opt/gz_cmake_vendor/lib:/opt/ros/jazzy/lib:/usr/local/lib PYTHONPATH=/home/toyat/dev/vrx_ros2/vrx_ws/install/lib/python3.12/site-packages:${PYTHONPATH} /usr/bin/cmake --install /home/toyat/dev/vrx_ros2/vrx_ws/build/vrx_gz
[27.871s] -- Install configuration: ""
[27.872s] -- Up-to-date: /home/toyat/dev/vrx_ros2/vrx_ws/install/share/vrx_gz/environment/resource_paths.dsv
[27.872s] -- Installing: /home/toyat/dev/vrx_ros2/vrx_ws/install/share/vrx_gz/environment/resource_paths.sh
[27.872s] -- Installing: /home/toyat/dev/vrx_ros2/vrx_ws/install/lib/libWaves.so
[27.873s] -- Set non-toolchain portion of runtime path of "/home/toyat/dev/vrx_ros2/vrx_ws/install/lib/libWaves.so" to ""
[27.873s] -- Installing: /home/toyat/dev/vrx_ros2/vrx_ws/install/lib/libPolyhedraBuoyancyDrag.so
[27.874s] -- Set non-toolchain portion of runtime path of "/home/toyat/dev/vrx_ros2/vrx_ws/install/lib/libPolyhedraBuoyancyDrag.so" to ""
[27.875s] -- Installing: /home/toyat/dev/vrx_ros2/vrx_ws/install/lib/libScoringPlugin.so
[27.875s] -- Set non-toolchain portion of runtime path of "/home/toyat/dev/vrx_ros2/vrx_ws/install/lib/libScoringPlugin.so" to ""
[27.876s] -- Installing: /home/toyat/dev/vrx_ros2/vrx_ws/install/lib/libStationkeepingScoringPlugin.so
[27.877s] -- Set non-toolchain portion of runtime path of "/home/toyat/dev/vrx_ros2/vrx_ws/install/lib/libStationkeepingScoringPlugin.so" to ""
[27.878s] -- Installing: /home/toyat/dev/vrx_ros2/vrx_ws/install/lib/libWayfindingScoringPlugin.so
[27.879s] -- Set non-toolchain portion of runtime path of "/home/toyat/dev/vrx_ros2/vrx_ws/install/lib/libWayfindingScoringPlugin.so" to ""
[27.879s] -- Installing: /home/toyat/dev/vrx_ros2/vrx_ws/install/lib/libAcousticPerceptionScoringPlugin.so
[27.880s] -- Set non-toolchain portion of runtime path of "/home/toyat/dev/vrx_ros2/vrx_ws/install/lib/libAcousticPerceptionScoringPlugin.so" to ""
[27.881s] -- Installing: /home/toyat/dev/vrx_ros2/vrx_ws/install/lib/libAcousticTrackingScoringPlugin.so
[27.882s] -- Set non-toolchain portion of runtime path of "/home/toyat/dev/vrx_ros2/vrx_ws/install/lib/libAcousticTrackingScoringPlugin.so" to ""
[27.882s] -- Installing: /home/toyat/dev/vrx_ros2/vrx_ws/install/lib/libAcousticPingerPlugin.so
[27.883s] -- Set non-toolchain portion of runtime path of "/home/toyat/dev/vrx_ros2/vrx_ws/install/lib/libAcousticPingerPlugin.so" to ""
[27.884s] -- Installing: /home/toyat/dev/vrx_ros2/vrx_ws/install/lib/libBallShooterPlugin.so
[27.885s] -- Set non-toolchain portion of runtime path of "/home/toyat/dev/vrx_ros2/vrx_ws/install/lib/libBallShooterPlugin.so" to ""
[27.885s] -- Installing: /home/toyat/dev/vrx_ros2/vrx_ws/install/lib/libLightBuoyPlugin.so
[27.886s] -- Set non-toolchain portion of runtime path of "/home/toyat/dev/vrx_ros2/vrx_ws/install/lib/libLightBuoyPlugin.so" to ""
[27.887s] -- Installing: /home/toyat/dev/vrx_ros2/vrx_ws/install/lib/libNavigationScoringPlugin.so
[27.888s] -- Set non-toolchain portion of runtime path of "/home/toyat/dev/vrx_ros2/vrx_ws/install/lib/libNavigationScoringPlugin.so" to ""
[27.888s] -- Installing: /home/toyat/dev/vrx_ros2/vrx_ws/install/lib/libGymkhanaScoringPlugin.so
[27.889s] -- Set non-toolchain portion of runtime path of "/home/toyat/dev/vrx_ros2/vrx_ws/install/lib/libGymkhanaScoringPlugin.so" to ""
[27.890s] -- Installing: /home/toyat/dev/vrx_ros2/vrx_ws/install/lib/libPerceptionScoringPlugin.so
[27.891s] -- Set non-toolchain portion of runtime path of "/home/toyat/dev/vrx_ros2/vrx_ws/install/lib/libPerceptionScoringPlugin.so" to ""
[27.891s] -- Installing: /home/toyat/dev/vrx_ros2/vrx_ws/install/lib/libPlacardPlugin.so
[27.892s] -- Set non-toolchain portion of runtime path of "/home/toyat/dev/vrx_ros2/vrx_ws/install/lib/libPlacardPlugin.so" to ""
[27.893s] -- Installing: /home/toyat/dev/vrx_ros2/vrx_ws/install/lib/libPublisherPlugin.so
[27.893s] -- Set non-toolchain portion of runtime path of "/home/toyat/dev/vrx_ros2/vrx_ws/install/lib/libPublisherPlugin.so" to ""
[27.894s] -- Installing: /home/toyat/dev/vrx_ros2/vrx_ws/install/lib/libScanDockScoringPlugin.so
[27.895s] -- Set non-toolchain portion of runtime path of "/home/toyat/dev/vrx_ros2/vrx_ws/install/lib/libScanDockScoringPlugin.so" to ""
[27.895s] -- Installing: /home/toyat/dev/vrx_ros2/vrx_ws/install/lib/libSimpleHydrodynamics.so
[27.896s] -- Set non-toolchain portion of runtime path of "/home/toyat/dev/vrx_ros2/vrx_ws/install/lib/libSimpleHydrodynamics.so" to ""
[27.896s] -- Installing: /home/toyat/dev/vrx_ros2/vrx_ws/install/lib/libSurface.so
[27.897s] -- Set non-toolchain portion of runtime path of "/home/toyat/dev/vrx_ros2/vrx_ws/install/lib/libSurface.so" to ""
[27.898s] -- Installing: /home/toyat/dev/vrx_ros2/vrx_ws/install/lib/libUSVWind.so
[27.899s] -- Set non-toolchain portion of runtime path of "/home/toyat/dev/vrx_ros2/vrx_ws/install/lib/libUSVWind.so" to ""
[27.899s] -- Installing: /home/toyat/dev/vrx_ros2/vrx_ws/install/lib/libWaveVisual.so
[27.900s] -- Set non-toolchain portion of runtime path of "/home/toyat/dev/vrx_ros2/vrx_ws/install/lib/libWaveVisual.so" to ""
[27.901s] -- Installing: /home/toyat/dev/vrx_ros2/vrx_ws/install/lib/libWildlifeScoringPlugin.so
[27.902s] -- Set non-toolchain portion of runtime path of "/home/toyat/dev/vrx_ros2/vrx_ws/install/lib/libWildlifeScoringPlugin.so" to ""
[27.902s] -- Up-to-date: /home/toyat/dev/vrx_ros2/vrx_ws/install/share/vrx_gz/environment/pythonpath.sh
[27.902s] -- Up-to-date: /home/toyat/dev/vrx_ros2/vrx_ws/install/share/vrx_gz/environment/pythonpath.dsv
[27.902s] -- Up-to-date: /home/toyat/dev/vrx_ros2/vrx_ws/install/lib/python3.12/site-packages/vrx_gz-0.0.0-py3.12.egg-info
[27.902s] -- Installing: /home/toyat/dev/vrx_ros2/vrx_ws/install/lib/python3.12/site-packages/vrx_gz-0.0.0-py3.12.egg-info/dependency_links.txt
[27.902s] -- Installing: /home/toyat/dev/vrx_ros2/vrx_ws/install/lib/python3.12/site-packages/vrx_gz-0.0.0-py3.12.egg-info/SOURCES.txt
[27.902s] -- Installing: /home/toyat/dev/vrx_ros2/vrx_ws/install/lib/python3.12/site-packages/vrx_gz-0.0.0-py3.12.egg-info/top_level.txt
[27.902s] -- Installing: /home/toyat/dev/vrx_ros2/vrx_ws/install/lib/python3.12/site-packages/vrx_gz-0.0.0-py3.12.egg-info/PKG-INFO
[27.902s] -- Up-to-date: /home/toyat/dev/vrx_ros2/vrx_ws/install/lib/python3.12/site-packages/vrx_gz
[27.902s] -- Installing: /home/toyat/dev/vrx_ros2/vrx_ws/install/lib/python3.12/site-packages/vrx_gz/bridges.py
[27.902s] -- Installing: /home/toyat/dev/vrx_ros2/vrx_ws/install/lib/python3.12/site-packages/vrx_gz/payload_bridges.py
[27.902s] -- Installing: /home/toyat/dev/vrx_ros2/vrx_ws/install/lib/python3.12/site-packages/vrx_gz/bridge.py
[27.903s] -- Installing: /home/toyat/dev/vrx_ros2/vrx_ws/install/lib/python3.12/site-packages/vrx_gz/__init__.py
[27.903s] -- Installing: /home/toyat/dev/vrx_ros2/vrx_ws/install/lib/python3.12/site-packages/vrx_gz/model.py
[27.903s] -- Installing: /home/toyat/dev/vrx_ros2/vrx_ws/install/lib/python3.12/site-packages/vrx_gz/launch.py
[27.934s] Listing '/home/toyat/dev/vrx_ros2/vrx_ws/install/lib/python3.12/site-packages/vrx_gz'...
[27.934s] Compiling '/home/toyat/dev/vrx_ros2/vrx_ws/install/lib/python3.12/site-packages/vrx_gz/__init__.py'...
[27.934s] Compiling '/home/toyat/dev/vrx_ros2/vrx_ws/install/lib/python3.12/site-packages/vrx_gz/bridge.py'...
[27.934s] Compiling '/home/toyat/dev/vrx_ros2/vrx_ws/install/lib/python3.12/site-packages/vrx_gz/bridges.py'...
[27.934s] Compiling '/home/toyat/dev/vrx_ros2/vrx_ws/install/lib/python3.12/site-packages/vrx_gz/launch.py'...
[27.934s] Compiling '/home/toyat/dev/vrx_ros2/vrx_ws/install/lib/python3.12/site-packages/vrx_gz/model.py'...
[27.934s] Compiling '/home/toyat/dev/vrx_ros2/vrx_ws/install/lib/python3.12/site-packages/vrx_gz/payload_bridges.py'...
[27.937s] -- Up-to-date: /home/toyat/dev/vrx_ros2/vrx_ws/install/share/vrx_gz/config
[27.937s] -- Installing: /home/toyat/dev/vrx_ros2/vrx_ws/install/share/vrx_gz/config/wamv.yaml
[27.938s] -- Installing: /home/toyat/dev/vrx_ros2/vrx_ws/install/share/vrx_gz/config/roboboat.yaml
[27.938s] -- Up-to-date: /home/toyat/dev/vrx_ros2/vrx_ws/install/share/vrx_gz/launch
[27.938s] -- Installing: /home/toyat/dev/vrx_ros2/vrx_ws/install/share/vrx_gz/launch/usv_joy_teleop.py
[27.938s] -- Installing: /home/toyat/dev/vrx_ros2/vrx_ws/install/share/vrx_gz/launch/spawn_config.launch.py
[27.938s] -- Installing: /home/toyat/dev/vrx_ros2/vrx_ws/install/share/vrx_gz/launch/vrx_environment.launch.py
[27.938s] -- Installing: /home/toyat/dev/vrx_ros2/vrx_ws/install/share/vrx_gz/launch/competition.launch.py
[27.938s] -- Installing: /home/toyat/dev/vrx_ros2/vrx_ws/install/share/vrx_gz/launch/spawn.launch.py
[27.938s] -- Up-to-date: /home/toyat/dev/vrx_ros2/vrx_ws/install/share/vrx_gz/models
[27.938s] -- Up-to-date: /home/toyat/dev/vrx_ros2/vrx_ws/install/share/vrx_gz/models/roboboat_cpubox
[27.938s] -- Up-to-date: /home/toyat/dev/vrx_ros2/vrx_ws/install/share/vrx_gz/models/roboboat_cpubox/meshes
[27.938s] -- Installing: /home/toyat/dev/vrx_ros2/vrx_ws/install/share/vrx_gz/models/roboboat_cpubox/meshes/drybox.dae
[27.938s] -- Up-to-date: /home/toyat/dev/vrx_ros2/vrx_ws/install/share/vrx_gz/models/roboboat_cpubox/materials
[27.938s] -- Up-to-date: /home/toyat/dev/vrx_ros2/vrx_ws/install/share/vrx_gz/models/roboboat_cpubox/materials/textures
[27.938s] -- Installing: /home/toyat/dev/vrx_ros2/vrx_ws/install/share/vrx_gz/models/roboboat_cpubox/materials/textures/DryBox_Albedo.png
[27.941s] -- Installing: /home/toyat/dev/vrx_ros2/vrx_ws/install/share/vrx_gz/models/roboboat_cpubox/materials/textures/DryBox_Roughness.png
[27.945s] -- Installing: /home/toyat/dev/vrx_ros2/vrx_ws/install/share/vrx_gz/models/roboboat_cpubox/model.sdf
[27.945s] -- Installing: /home/toyat/dev/vrx_ros2/vrx_ws/install/share/vrx_gz/models/roboboat_cpubox/model.config
[27.945s] -- Up-to-date: /home/toyat/dev/vrx_ros2/vrx_ws/install/share/vrx_gz/models/robotx_light_buoy_rbg
[27.945s] -- Installing: /home/toyat/dev/vrx_ros2/vrx_ws/install/share/vrx_gz/models/robotx_light_buoy_rbg/model.sdf
[27.945s] -- Installing: /home/toyat/dev/vrx_ros2/vrx_ws/install/share/vrx_gz/models/robotx_light_buoy_rbg/model.config
[27.945s] -- Up-to-date: /home/toyat/dev/vrx_ros2/vrx_ws/install/share/vrx_gz/models/short_navigation_course_3
[27.945s] -- Installing: /home/toyat/dev/vrx_ros2/vrx_ws/install/share/vrx_gz/models/short_navigation_course_3/model.sdf
[27.945s] -- Installing: /home/toyat/dev/vrx_ros2/vrx_ws/install/share/vrx_gz/models/short_navigation_course_3/model.config
[27.945s] -- Up-to-date: /home/toyat/dev/vrx_ros2/vrx_ws/install/share/vrx_gz/models/obstacle_course
[27.945s] -- Installing: /home/toyat/dev/vrx_ros2/vrx_ws/install/share/vrx_gz/models/obstacle_course/model.sdf
[27.945s] -- Installing: /home/toyat/dev/vrx_ros2/vrx_ws/install/share/vrx_gz/models/obstacle_course/model.config
[27.945s] -- Up-to-date: /home/toyat/dev/vrx_ros2/vrx_ws/install/share/vrx_gz/models/dock_block_4x4
[27.945s] -- Installing: /home/toyat/dev/vrx_ros2/vrx_ws/install/share/vrx_gz/models/dock_block_4x4/model.sdf
[27.946s] -- Installing: /home/toyat/dev/vrx_ros2/vrx_ws/install/share/vrx_gz/models/dock_block_4x4/model.config
[27.946s] -- Up-to-date: /home/toyat/dev/vrx_ros2/vrx_ws/install/share/vrx_gz/models/dock_block_4x4/mesh
[27.946s] -- Installing: /home/toyat/dev/vrx_ros2/vrx_ws/install/share/vrx_gz/models/dock_block_4x4/mesh/DockCubes_Normal.png
[27.958s] -- Installing: /home/toyat/dev/vrx_ros2/vrx_ws/install/share/vrx_gz/models/dock_block_4x4/mesh/DockCubes_Albedo.png
[27.958s] -- Installing: /home/toyat/dev/vrx_ros2/vrx_ws/install/share/vrx_gz/models/dock_block_4x4/mesh/DockCubes_Metalness.png
[27.958s] -- Installing: /home/toyat/dev/vrx_ros2/vrx_ws/install/share/vrx_gz/models/dock_block_4x4/mesh/DockCubes_Roughness.png
[27.958s] -- Installing: /home/toyat/dev/vrx_ros2/vrx_ws/install/share/vrx_gz/models/dock_block_4x4/mesh/dock_block_4x4.dae
[27.959s] -- Up-to-date: /home/toyat/dev/vrx_ros2/vrx_ws/install/share/vrx_gz/models/short_course_2023_phase3_1
[27.959s] -- Installing: /home/toyat/dev/vrx_ros2/vrx_ws/install/share/vrx_gz/models/short_course_2023_phase3_1/model.sdf
[27.959s] -- Installing: /home/toyat/dev/vrx_ros2/vrx_ws/install/share/vrx_gz/models/short_course_2023_phase3_1/model.config
[27.959s] -- Up-to-date: /home/toyat/dev/vrx_ros2/vrx_ws/install/share/vrx_gz/models/robotx_light_buoy_gbr
[27.960s] -- Installing: /home/toyat/dev/vrx_ros2/vrx_ws/install/share/vrx_gz/models/robotx_light_buoy_gbr/model.sdf
[27.960s] -- Installing: /home/toyat/dev/vrx_ros2/vrx_ws/install/share/vrx_gz/models/robotx_light_buoy_gbr/model.config
[27.960s] -- Up-to-date: /home/toyat/dev/vrx_ros2/vrx_ws/install/share/vrx_gz/models/coast_waves
[27.960s] -- Up-to-date: /home/toyat/dev/vrx_ros2/vrx_ws/install/share/vrx_gz/models/coast_waves/meshes
[27.960s] -- Installing: /home/toyat/dev/vrx_ros2/vrx_ws/install/share/vrx_gz/models/coast_waves/meshes/waterlow.dae
[27.965s] -- Up-to-date: /home/toyat/dev/vrx_ros2/vrx_ws/install/share/vrx_gz/models/coast_waves/materials
[27.965s] -- Up-to-date: /home/toyat/dev/vrx_ros2/vrx_ws/install/share/vrx_gz/models/coast_waves/materials/programs
[27.965s] -- Installing: /home/toyat/dev/vrx_ros2/vrx_ws/install/share/vrx_gz/models/coast_waves/materials/programs/GerstnerWaves_vs_330.glsl
[27.966s] -- Installing: /home/toyat/dev/vrx_ros2/vrx_ws/install/share/vrx_gz/models/coast_waves/materials/programs/GerstnerWaves_fs_330.glsl
[27.966s] -- Up-to-date: /home/toyat/dev/vrx_ros2/vrx_ws/install/share/vrx_gz/models/coast_waves/materials/textures
[27.966s] -- Installing: /home/toyat/dev/vrx_ros2/vrx_ws/install/share/vrx_gz/models/coast_waves/materials/textures/wave_normals.dds
[27.966s] -- Installing: /home/toyat/dev/vrx_ros2/vrx_ws/install/share/vrx_gz/models/coast_waves/materials/textures/skybox_lowres.dds
[27.966s] -- Installing: /home/toyat/dev/vrx_ros2/vrx_ws/install/share/vrx_gz/models/coast_waves/model.sdf
[27.966s] -- Installing: /home/toyat/dev/vrx_ros2/vrx_ws/install/share/vrx_gz/models/coast_waves/model.config
[27.966s] -- Up-to-date: /home/toyat/dev/vrx_ros2/vrx_ws/install/share/vrx_gz/models/articulated_platform
[27.966s] -- Installing: /home/toyat/dev/vrx_ros2/vrx_ws/install/share/vrx_gz/models/articulated_platform/model.sdf
[27.966s] -- Installing: /home/toyat/dev/vrx_ros2/vrx_ws/install/share/vrx_gz/models/articulated_platform/model.config
[27.966s] -- Up-to-date: /home/toyat/dev/vrx_ros2/vrx_ws/install/share/vrx_gz/models/dock_2022_base
[27.966s] -- Installing: /home/toyat/dev/vrx_ros2/vrx_ws/install/share/vrx_gz/models/dock_2022_base/model.sdf
[27.966s] -- Installing: /home/toyat/dev/vrx_ros2/vrx_ws/install/share/vrx_gz/models/dock_2022_base/model.config
[27.966s] -- Up-to-date: /home/toyat/dev/vrx_ros2/vrx_ws/install/share/vrx_gz/models/dock_2022
[27.967s] -- Installing: /home/toyat/dev/vrx_ros2/vrx_ws/install/share/vrx_gz/models/dock_2022/model.sdf
[27.967s] -- Installing: /home/toyat/dev/vrx_ros2/vrx_ws/install/share/vrx_gz/models/dock_2022/model.config
[27.967s] -- Up-to-date: /home/toyat/dev/vrx_ros2/vrx_ws/install/share/vrx_gz/models/placard_2022
[27.967s] -- Up-to-date: /home/toyat/dev/vrx_ros2/vrx_ws/install/share/vrx_gz/models/placard_2022/meshes
[27.967s] -- Installing: /home/toyat/dev/vrx_ros2/vrx_ws/install/share/vrx_gz/models/placard_2022/meshes/placard_2022.dae
[27.967s] -- Up-to-date: /home/toyat/dev/vrx_ros2/vrx_ws/install/share/vrx_gz/models/placard_2022/materials
[27.967s] -- Up-to-date: /home/toyat/dev/vrx_ros2/vrx_ws/install/share/vrx_gz/models/placard_2022/materials/textures
[27.967s] -- Installing: /home/toyat/dev/vrx_ros2/vrx_ws/install/share/vrx_gz/models/placard_2022/materials/textures/Placard.png
[27.967s] -- Installing: /home/toyat/dev/vrx_ros2/vrx_ws/install/share/vrx_gz/models/placard_2022/model.sdf
[27.967s] -- Installing: /home/toyat/dev/vrx_ros2/vrx_ws/install/share/vrx_gz/models/placard_2022/model.config
[27.967s] -- Up-to-date: /home/toyat/dev/vrx_ros2/vrx_ws/install/share/vrx_gz/models/robotx_light_buoy_bgr
[27.967s] -- Installing: /home/toyat/dev/vrx_ros2/vrx_ws/install/share/vrx_gz/models/robotx_light_buoy_bgr/model.sdf
[27.967s] -- Installing: /home/toyat/dev/vrx_ros2/vrx_ws/install/share/vrx_gz/models/robotx_light_buoy_bgr/model.config
[27.967s] -- Up-to-date: /home/toyat/dev/vrx_ros2/vrx_ws/install/share/vrx_gz/models/short_course_2023_phase3_2
[27.967s] -- Installing: /home/toyat/dev/vrx_ros2/vrx_ws/install/share/vrx_gz/models/short_course_2023_phase3_2/model.sdf
[27.967s] -- Installing: /home/toyat/dev/vrx_ros2/vrx_ws/install/share/vrx_gz/models/short_course_2023_phase3_2/model.config
[27.967s] -- Up-to-date: /home/toyat/dev/vrx_ros2/vrx_ws/install/share/vrx_gz/models/short_navigation_course_4
[27.967s] -- Installing: /home/toyat/dev/vrx_ros2/vrx_ws/install/share/vrx_gz/models/short_navigation_course_4/model.sdf
[27.968s] -- Installing: /home/toyat/dev/vrx_ros2/vrx_ws/install/share/vrx_gz/models/short_navigation_course_4/model.config
[27.968s] -- Up-to-date: /home/toyat/dev/vrx_ros2/vrx_ws/install/share/vrx_gz/models/robotx_light_buoy_yrg
[27.968s] -- Installing: /home/toyat/dev/vrx_ros2/vrx_ws/install/share/vrx_gz/models/robotx_light_buoy_yrg/model.sdf
[27.968s] -- Installing: /home/toyat/dev/vrx_ros2/vrx_ws/install/share/vrx_gz/models/robotx_light_buoy_yrg/model.config
[27.968s] -- Up-to-date: /home/toyat/dev/vrx_ros2/vrx_ws/install/share/vrx_gz/models/short_navigation_course_1
[27.968s] -- Installing: /home/toyat/dev/vrx_ros2/vrx_ws/install/share/vrx_gz/models/short_navigation_course_1/model.sdf
[27.968s] -- Installing: /home/toyat/dev/vrx_ros2/vrx_ws/install/share/vrx_gz/models/short_navigation_course_1/model.config
[27.968s] -- Up-to-date: /home/toyat/dev/vrx_ros2/vrx_ws/install/share/vrx_gz/models/platform
[27.968s] -- Installing: /home/toyat/dev/vrx_ros2/vrx_ws/install/share/vrx_gz/models/platform/model.sdf
[27.968s] -- Installing: /home/toyat/dev/vrx_ros2/vrx_ws/install/share/vrx_gz/models/platform/model.config
[27.968s] -- Up-to-date: /home/toyat/dev/vrx_ros2/vrx_ws/install/share/vrx_gz/models/robotx_light_buoy_rgy
[27.968s] -- Installing: /home/toyat/dev/vrx_ros2/vrx_ws/install/share/vrx_gz/models/robotx_light_buoy_rgy/model.sdf
[27.968s] -- Installing: /home/toyat/dev/vrx_ros2/vrx_ws/install/share/vrx_gz/models/robotx_light_buoy_rgy/model.config
[27.968s] -- Up-to-date: /home/toyat/dev/vrx_ros2/vrx_ws/install/share/vrx_gz/models/short_navigation_course_0
[27.968s] -- Installing: /home/toyat/dev/vrx_ros2/vrx_ws/install/share/vrx_gz/models/short_navigation_course_0/model.sdf
[27.968s] -- Installing: /home/toyat/dev/vrx_ros2/vrx_ws/install/share/vrx_gz/models/short_navigation_course_0/model.config
[27.968s] -- Up-to-date: /home/toyat/dev/vrx_ros2/vrx_ws/install/share/vrx_gz/models/roboboat02
[27.968s] -- Up-to-date: /home/toyat/dev/vrx_ros2/vrx_ws/install/share/vrx_gz/models/roboboat02/meshes
[27.968s] -- Installing: /home/toyat/dev/vrx_ros2/vrx_ws/install/share/vrx_gz/models/roboboat02/meshes/roboboat02.dae
[27.968s] -- Up-to-date: /home/toyat/dev/vrx_ros2/vrx_ws/install/share/vrx_gz/models/roboboat02/materials
[27.969s] -- Up-to-date: /home/toyat/dev/vrx_ros2/vrx_ws/install/share/vrx_gz/models/roboboat02/materials/scripts
[27.969s] -- Installing: /home/toyat/dev/vrx_ros2/vrx_ws/install/share/vrx_gz/models/roboboat02/materials/scripts/model.material
[27.969s] -- Up-to-date: /home/toyat/dev/vrx_ros2/vrx_ws/install/share/vrx_gz/models/roboboat02/materials/textures
[27.969s] -- Installing: /home/toyat/dev/vrx_ros2/vrx_ws/install/share/vrx_gz/models/roboboat02/materials/textures/Boat02_Albedo.png
[27.971s] -- Installing: /home/toyat/dev/vrx_ros2/vrx_ws/install/share/vrx_gz/models/roboboat02/materials/textures/Boat02_Roughness.png
[27.972s] -- Installing: /home/toyat/dev/vrx_ros2/vrx_ws/install/share/vrx_gz/models/roboboat02/materials/textures/Boat02_Metallic.png
[27.972s] -- Installing: /home/toyat/dev/vrx_ros2/vrx_ws/install/share/vrx_gz/models/roboboat02/materials/textures/Boat02_Normal.png
[27.973s] -- Installing: /home/toyat/dev/vrx_ros2/vrx_ws/install/share/vrx_gz/models/roboboat02/model.sdf
[27.973s] -- Installing: /home/toyat/dev/vrx_ros2/vrx_ws/install/share/vrx_gz/models/roboboat02/model.config
[27.973s] -- Up-to-date: /home/toyat/dev/vrx_ros2/vrx_ws/install/share/vrx_gz/models/entrance_exit
[27.973s] -- Installing: /home/toyat/dev/vrx_ros2/vrx_ws/install/share/vrx_gz/models/entrance_exit/model.sdf
[27.973s] -- Installing: /home/toyat/dev/vrx_ros2/vrx_ws/install/share/vrx_gz/models/entrance_exit/model.config
[27.973s] -- Up-to-date: /home/toyat/dev/vrx_ros2/vrx_ws/install/share/vrx_gz/models/short_navigation_course_2
[27.973s] -- Installing: /home/toyat/dev/vrx_ros2/vrx_ws/install/share/vrx_gz/models/short_navigation_course_2/model.sdf
[27.973s] -- Installing: /home/toyat/dev/vrx_ros2/vrx_ws/install/share/vrx_gz/models/short_navigation_course_2/model.config
[27.974s] -- Up-to-date: /home/toyat/dev/vrx_ros2/vrx_ws/install/share/vrx_gz/models/robotx_light_buoy_bgy
[27.974s] -- Installing: /home/toyat/dev/vrx_ros2/vrx_ws/install/share/vrx_gz/models/robotx_light_buoy_bgy/model.sdf
[27.974s] -- Installing: /home/toyat/dev/vrx_ros2/vrx_ws/install/share/vrx_gz/models/robotx_light_buoy_bgy/model.config
[27.974s] -- Up-to-date: /home/toyat/dev/vrx_ros2/vrx_ws/install/share/vrx_gz/models/symbol_triangle
[27.974s] -- Installing: /home/toyat/dev/vrx_ros2/vrx_ws/install/share/vrx_gz/models/symbol_triangle/model.sdf
[27.974s] -- Installing: /home/toyat/dev/vrx_ros2/vrx_ws/install/share/vrx_gz/models/symbol_triangle/model.config
[27.974s] -- Up-to-date: /home/toyat/dev/vrx_ros2/vrx_ws/install/share/vrx_gz/models/symbol_triangle/mesh
[27.974s] -- Installing: /home/toyat/dev/vrx_ros2/vrx_ws/install/share/vrx_gz/models/symbol_triangle/mesh/triangle.dae
[27.974s] -- Up-to-date: /home/toyat/dev/vrx_ros2/vrx_ws/install/share/vrx_gz/models/robotx_light_buoy_ybr
[27.974s] -- Installing: /home/toyat/dev/vrx_ros2/vrx_ws/install/share/vrx_gz/models/robotx_light_buoy_ybr/model.sdf
[27.974s] -- Installing: /home/toyat/dev/vrx_ros2/vrx_ws/install/share/vrx_gz/models/robotx_light_buoy_ybr/model.config
[27.974s] -- Up-to-date: /home/toyat/dev/vrx_ros2/vrx_ws/install/share/vrx_gz/models/roboboat01
[27.974s] -- Up-to-date: /home/toyat/dev/vrx_ros2/vrx_ws/install/share/vrx_gz/models/roboboat01/meshes
[27.974s] -- Installing: /home/toyat/dev/vrx_ros2/vrx_ws/install/share/vrx_gz/models/roboboat01/meshes/mount.dae
[27.974s] -- Installing: /home/toyat/dev/vrx_ros2/vrx_ws/install/share/vrx_gz/models/roboboat01/meshes/roboboat01.dae
[27.974s] -- Installing: /home/toyat/dev/vrx_ros2/vrx_ws/install/share/vrx_gz/models/roboboat01/meshes/prop.dae
[27.974s] -- Installing: /home/toyat/dev/vrx_ros2/vrx_ws/install/share/vrx_gz/models/roboboat01/meshes/housing.dae
[27.975s] -- Up-to-date: /home/toyat/dev/vrx_ros2/vrx_ws/install/share/vrx_gz/models/roboboat01/materials
[27.975s] -- Up-to-date: /home/toyat/dev/vrx_ros2/vrx_ws/install/share/vrx_gz/models/roboboat01/materials/scripts
[27.975s] -- Installing: /home/toyat/dev/vrx_ros2/vrx_ws/install/share/vrx_gz/models/roboboat01/materials/scripts/model.material
[27.975s] -- Up-to-date: /home/toyat/dev/vrx_ros2/vrx_ws/install/share/vrx_gz/models/roboboat01/materials/textures
[27.975s] -- Installing: /home/toyat/dev/vrx_ros2/vrx_ws/install/share/vrx_gz/models/roboboat01/materials/textures/Thruster_Roughness.png
[27.975s] -- Installing: /home/toyat/dev/vrx_ros2/vrx_ws/install/share/vrx_gz/models/roboboat01/materials/textures/Boat01_Metallic.png
[27.975s] -- Installing: /home/toyat/dev/vrx_ros2/vrx_ws/install/share/vrx_gz/models/roboboat01/materials/textures/Boat01_Roughness.png
[27.977s] -- Installing: /home/toyat/dev/vrx_ros2/vrx_ws/install/share/vrx_gz/models/roboboat01/materials/textures/Thruster_Albedo.png
[27.977s] -- Installing: /home/toyat/dev/vrx_ros2/vrx_ws/install/share/vrx_gz/models/roboboat01/materials/textures/Boat01_Albedo.png
[27.980s] -- Installing: /home/toyat/dev/vrx_ros2/vrx_ws/install/share/vrx_gz/models/roboboat01/materials/textures/Boat01_Normal.png
[27.981s] -- Installing: /home/toyat/dev/vrx_ros2/vrx_ws/install/share/vrx_gz/models/roboboat01/model.sdf
[27.981s] -- Installing: /home/toyat/dev/vrx_ros2/vrx_ws/install/share/vrx_gz/models/roboboat01/model.config
[27.981s] -- Up-to-date: /home/toyat/dev/vrx_ros2/vrx_ws/install/share/vrx_gz/models/short_navigation_course_5
[27.981s] -- Installing: /home/toyat/dev/vrx_ros2/vrx_ws/install/share/vrx_gz/models/short_navigation_course_5/model.sdf
[27.981s] -- Installing: /home/toyat/dev/vrx_ros2/vrx_ws/install/share/vrx_gz/models/short_navigation_course_5/model.config
[27.981s] -- Up-to-date: /home/toyat/dev/vrx_ros2/vrx_ws/install/share/vrx_gz/models/robotx_light_buoy_ygb
[27.981s] -- Installing: /home/toyat/dev/vrx_ros2/vrx_ws/install/share/vrx_gz/models/robotx_light_buoy_ygb/model.sdf
[27.981s] -- Installing: /home/toyat/dev/vrx_ros2/vrx_ws/install/share/vrx_gz/models/robotx_light_buoy_ygb/model.config
[27.981s] -- Up-to-date: /home/toyat/dev/vrx_ros2/vrx_ws/install/share/vrx_gz/models/robotx_light_buoy_rgb
[27.981s] -- Installing: /home/toyat/dev/vrx_ros2/vrx_ws/install/share/vrx_gz/models/robotx_light_buoy_rgb/model.sdf
[27.981s] -- Installing: /home/toyat/dev/vrx_ros2/vrx_ws/install/share/vrx_gz/models/robotx_light_buoy_rgb/model.config
[27.981s] -- Up-to-date: /home/toyat/dev/vrx_ros2/vrx_ws/install/share/vrx_gz/models/robotx_light_buoy_rgb/mesh
[27.981s] -- Installing: /home/toyat/dev/vrx_ros2/vrx_ws/install/share/vrx_gz/models/robotx_light_buoy_rgb/mesh/LightTower_Albedo.png
[27.982s] -- Installing: /home/toyat/dev/vrx_ros2/vrx_ws/install/share/vrx_gz/models/robotx_light_buoy_rgb/mesh/LightTower_Opacity.png
[27.982s] -- Installing: /home/toyat/dev/vrx_ros2/vrx_ws/install/share/vrx_gz/models/robotx_light_buoy_rgb/mesh/LightTower_Roughness.png
[27.983s] -- Installing: /home/toyat/dev/vrx_ros2/vrx_ws/install/share/vrx_gz/models/robotx_light_buoy_rgb/mesh/robotx_light_buoy.dae
[27.983s] -- Installing: /home/toyat/dev/vrx_ros2/vrx_ws/install/share/vrx_gz/models/robotx_light_buoy_rgb/mesh/LightTower_Normal.png
[27.985s] -- Installing: /home/toyat/dev/vrx_ros2/vrx_ws/install/share/vrx_gz/models/robotx_light_buoy_rgb/mesh/LightTower_Metalness.png
[27.985s] -- Up-to-date: /home/toyat/dev/vrx_ros2/vrx_ws/install/share/vrx_gz/worlds
[27.985s] -- Installing: /home/toyat/dev/vrx_ros2/vrx_ws/install/share/vrx_gz/worlds/acoustic_tracking_task.sdf
[27.985s] -- Installing: /home/toyat/dev/vrx_ros2/vrx_ws/install/share/vrx_gz/worlds/wayfinding_task.sdf
[27.985s] -- Installing: /home/toyat/dev/vrx_ros2/vrx_ws/install/share/vrx_gz/worlds/follow_path_task.sdf
[27.985s] -- Up-to-date: /home/toyat/dev/vrx_ros2/vrx_ws/install/share/vrx_gz/worlds/2023_practice
[27.985s] -- Installing: /home/toyat/dev/vrx_ros2/vrx_ws/install/share/vrx_gz/worlds/2023_practice/practice_2023_follow_path2_task.sdf
[27.985s] -- Installing: /home/toyat/dev/vrx_ros2/vrx_ws/install/share/vrx_gz/worlds/2023_practice/practice_2023_acoustic_perception0_task.sdf
[27.985s] -- Installing: /home/toyat/dev/vrx_ros2/vrx_ws/install/share/vrx_gz/worlds/2023_practice/practice_2023_stationkeeping1_task.sdf
[27.985s] -- Installing: /home/toyat/dev/vrx_ros2/vrx_ws/install/share/vrx_gz/worlds/2023_practice/practice_2023_wayfinding0_task.sdf
[27.985s] -- Installing: /home/toyat/dev/vrx_ros2/vrx_ws/install/share/vrx_gz/worlds/2023_practice/practice_2023_perception1_task.sdf
[27.985s] -- Installing: /home/toyat/dev/vrx_ros2/vrx_ws/install/share/vrx_gz/worlds/2023_practice/practice_2023_scan_dock_deliver1_task.sdf
[27.985s] -- Installing: /home/toyat/dev/vrx_ros2/vrx_ws/install/share/vrx_gz/worlds/2023_practice/practice_2023_wildlife1_task.sdf
[27.986s] -- Installing: /home/toyat/dev/vrx_ros2/vrx_ws/install/share/vrx_gz/worlds/2023_practice/practice_2023_wildlife0_task.sdf
[27.986s] -- Installing: /home/toyat/dev/vrx_ros2/vrx_ws/install/share/vrx_gz/worlds/2023_practice/practice_2023_acoustic_tracking1_task.sdf
[27.986s] -- Installing: /home/toyat/dev/vrx_ros2/vrx_ws/install/share/vrx_gz/worlds/2023_practice/practice_2023_wayfinding2_task.sdf
[27.986s] -- Installing: /home/toyat/dev/vrx_ros2/vrx_ws/install/share/vrx_gz/worlds/2023_practice/practice_2023_perception2_task.sdf
[27.986s] -- Installing: /home/toyat/dev/vrx_ros2/vrx_ws/install/share/vrx_gz/worlds/2023_practice/practice_2023_stationkeeping2_task.sdf
[27.986s] -- Installing: /home/toyat/dev/vrx_ros2/vrx_ws/install/share/vrx_gz/worlds/2023_practice/practice_2023_stationkeeping0_task.sdf
[27.986s] -- Installing: /home/toyat/dev/vrx_ros2/vrx_ws/install/share/vrx_gz/worlds/2023_practice/practice_2023_wildlife2_task.sdf
[27.986s] -- Installing: /home/toyat/dev/vrx_ros2/vrx_ws/install/share/vrx_gz/worlds/2023_practice/practice_2023_wayfinding1_task.sdf
[27.986s] -- Installing: /home/toyat/dev/vrx_ros2/vrx_ws/install/share/vrx_gz/worlds/2023_practice/practice_2023_acoustic_perception1_task.sdf
[27.986s] -- Installing: /home/toyat/dev/vrx_ros2/vrx_ws/install/share/vrx_gz/worlds/2023_practice/practice_2023_acoustic_perception2_task.sdf
[27.986s] -- Installing: /home/toyat/dev/vrx_ros2/vrx_ws/install/share/vrx_gz/worlds/2023_practice/practice_2023_perception0_task.sdf
[27.986s] -- Installing: /home/toyat/dev/vrx_ros2/vrx_ws/install/share/vrx_gz/worlds/2023_practice/practice_2023_follow_path1_task.sdf
[27.986s] -- Installing: /home/toyat/dev/vrx_ros2/vrx_ws/install/share/vrx_gz/worlds/2023_practice/practice_2023_follow_path0_task.sdf
[27.986s] -- Installing: /home/toyat/dev/vrx_ros2/vrx_ws/install/share/vrx_gz/worlds/2023_practice/practice_2023_acoustic_tracking0_task.sdf
[27.987s] -- Installing: /home/toyat/dev/vrx_ros2/vrx_ws/install/share/vrx_gz/worlds/2023_practice/practice_2023_acoustic_tracking2_task.sdf
[27.987s] -- Installing: /home/toyat/dev/vrx_ros2/vrx_ws/install/share/vrx_gz/worlds/2023_practice/practice_2023_scan_dock_deliver0_task.sdf
[27.987s] -- Installing: /home/toyat/dev/vrx_ros2/vrx_ws/install/share/vrx_gz/worlds/2023_practice/practice_2023_scan_dock_deliver2_task.sdf
[27.987s] -- Installing: /home/toyat/dev/vrx_ros2/vrx_ws/install/share/vrx_gz/worlds/nbpark.sdf
[27.987s] -- Installing: /home/toyat/dev/vrx_ros2/vrx_ws/install/share/vrx_gz/worlds/perception_task.sdf
[27.987s] -- Installing: /home/toyat/dev/vrx_ros2/vrx_ws/install/share/vrx_gz/worlds/gymkhana_task.sdf
[27.987s] -- Installing: /home/toyat/dev/vrx_ros2/vrx_ws/install/share/vrx_gz/worlds/sydney_regatta.sdf
[27.987s] -- Installing: /home/toyat/dev/vrx_ros2/vrx_ws/install/share/vrx_gz/worlds/acoustic_perception_task.sdf
[27.987s] -- Installing: /home/toyat/dev/vrx_ros2/vrx_ws/install/share/vrx_gz/worlds/wildlife_task.sdf
[27.987s] -- Up-to-date: /home/toyat/dev/vrx_ros2/vrx_ws/install/share/vrx_gz/worlds/2023_phase2
[27.987s] -- Installing: /home/toyat/dev/vrx_ros2/vrx_ws/install/share/vrx_gz/worlds/2023_phase2/phase2_2023_wayfinding1.sdf
[27.987s] -- Installing: /home/toyat/dev/vrx_ros2/vrx_ws/install/share/vrx_gz/worlds/2023_phase2/phase2_2023_acoustic_perception0.sdf
[27.987s] -- Installing: /home/toyat/dev/vrx_ros2/vrx_ws/install/share/vrx_gz/worlds/2023_phase2/phase2_2023_perception3.sdf
[27.987s] -- Installing: /home/toyat/dev/vrx_ros2/vrx_ws/install/share/vrx_gz/worlds/2023_phase2/phase2_2023_acoustic_tracking5.sdf
[27.987s] -- Installing: /home/toyat/dev/vrx_ros2/vrx_ws/install/share/vrx_gz/worlds/2023_phase2/phase2_2023_follow_path1.sdf
[27.987s] -- Installing: /home/toyat/dev/vrx_ros2/vrx_ws/install/share/vrx_gz/worlds/2023_phase2/phase2_2023_stationkeeping1.sdf
[27.988s] -- Installing: /home/toyat/dev/vrx_ros2/vrx_ws/install/share/vrx_gz/worlds/2023_phase2/phase2_2023_acoustic_perception2.sdf
[27.988s] -- Installing: /home/toyat/dev/vrx_ros2/vrx_ws/install/share/vrx_gz/worlds/2023_phase2/phase2_2023_acoustic_tracking0.sdf
[27.988s] -- Installing: /home/toyat/dev/vrx_ros2/vrx_ws/install/share/vrx_gz/worlds/2023_phase2/phase2_2023_wildlife3.sdf
[27.988s] -- Installing: /home/toyat/dev/vrx_ros2/vrx_ws/install/share/vrx_gz/worlds/2023_phase2/phase2_2023_wildlife1.sdf
[27.988s] -- Installing: /home/toyat/dev/vrx_ros2/vrx_ws/install/share/vrx_gz/worlds/2023_phase2/phase2_2023_acoustic_tracking2.sdf
[27.988s] -- Installing: /home/toyat/dev/vrx_ros2/vrx_ws/install/share/vrx_gz/worlds/2023_phase2/phase2_2023_wayfinding3.sdf
[27.988s] -- Installing: /home/toyat/dev/vrx_ros2/vrx_ws/install/share/vrx_gz/worlds/2023_phase2/phase2_2023_wayfinding0.sdf
[27.988s] -- Installing: /home/toyat/dev/vrx_ros2/vrx_ws/install/share/vrx_gz/worlds/2023_phase2/phase2_2023_wayfinding5.sdf
[27.988s] -- Installing: /home/toyat/dev/vrx_ros2/vrx_ws/install/share/vrx_gz/worlds/2023_phase2/phase2_2023_perception4.sdf
[27.988s] -- Installing: /home/toyat/dev/vrx_ros2/vrx_ws/install/share/vrx_gz/worlds/2023_phase2/phase2_2023_follow_path2.sdf
[27.988s] -- Installing: /home/toyat/dev/vrx_ros2/vrx_ws/install/share/vrx_gz/worlds/2023_phase2/phase2_2023_perception5.sdf
[27.988s] -- Installing: /home/toyat/dev/vrx_ros2/vrx_ws/install/share/vrx_gz/worlds/2023_phase2/phase2_2023_wildlife2.sdf
[27.988s] -- Installing: /home/toyat/dev/vrx_ros2/vrx_ws/install/share/vrx_gz/worlds/2023_phase2/phase2_2023_scan_dock_deliver1.sdf
[27.988s] -- Installing: /home/toyat/dev/vrx_ros2/vrx_ws/install/share/vrx_gz/worlds/2023_phase2/phase2_2023_perception2.sdf
[27.988s] -- Installing: /home/toyat/dev/vrx_ros2/vrx_ws/install/share/vrx_gz/worlds/2023_phase2/phase2_2023_stationkeeping5.sdf
[27.988s] -- Installing: /home/toyat/dev/vrx_ros2/vrx_ws/install/share/vrx_gz/worlds/2023_phase2/phase2_2023_stationkeeping4.sdf
[27.989s] -- Installing: /home/toyat/dev/vrx_ros2/vrx_ws/install/share/vrx_gz/worlds/2023_phase2/phase2_2023_stationkeeping3.sdf
[27.989s] -- Installing: /home/toyat/dev/vrx_ros2/vrx_ws/install/share/vrx_gz/worlds/2023_phase2/phase2_2023_stationkeeping0.sdf
[27.989s] -- Installing: /home/toyat/dev/vrx_ros2/vrx_ws/install/share/vrx_gz/worlds/2023_phase2/phase2_2023_wayfinding4.sdf
[27.989s] -- Installing: /home/toyat/dev/vrx_ros2/vrx_ws/install/share/vrx_gz/worlds/2023_phase2/phase2_2023_wayfinding2.sdf
[27.989s] -- Installing: /home/toyat/dev/vrx_ros2/vrx_ws/install/share/vrx_gz/worlds/2023_phase2/phase2_2023_scan_dock_deliver2.sdf
[27.989s] -- Installing: /home/toyat/dev/vrx_ros2/vrx_ws/install/share/vrx_gz/worlds/2023_phase2/phase2_2023_scan_dock_deliver4.sdf
[27.989s] -- Installing: /home/toyat/dev/vrx_ros2/vrx_ws/install/share/vrx_gz/worlds/2023_phase2/phase2_2023_wildlife0.sdf
[27.989s] -- Installing: /home/toyat/dev/vrx_ros2/vrx_ws/install/share/vrx_gz/worlds/2023_phase2/phase2_2023_stationkeeping2.sdf
[27.989s] -- Installing: /home/toyat/dev/vrx_ros2/vrx_ws/install/share/vrx_gz/worlds/2023_phase2/phase2_2023_acoustic_perception4.sdf
[27.989s] -- Installing: /home/toyat/dev/vrx_ros2/vrx_ws/install/share/vrx_gz/worlds/2023_phase2/phase2_2023_perception0.sdf
[27.989s] -- Installing: /home/toyat/dev/vrx_ros2/vrx_ws/install/share/vrx_gz/worlds/2023_phase2/phase2_2023_scan_dock_deliver5.sdf
[27.989s] -- Installing: /home/toyat/dev/vrx_ros2/vrx_ws/install/share/vrx_gz/worlds/2023_phase2/phase2_2023_acoustic_tracking1.sdf
[27.989s] -- Installing: /home/toyat/dev/vrx_ros2/vrx_ws/install/share/vrx_gz/worlds/2023_phase2/phase2_2023_acoustic_tracking4.sdf
[27.989s] -- Installing: /home/toyat/dev/vrx_ros2/vrx_ws/install/share/vrx_gz/worlds/2023_phase2/phase2_2023_follow_path3.sdf
[27.989s] -- Installing: /home/toyat/dev/vrx_ros2/vrx_ws/install/share/vrx_gz/worlds/2023_phase2/phase2_2023_acoustic_perception1.sdf
[27.989s] -- Installing: /home/toyat/dev/vrx_ros2/vrx_ws/install/share/vrx_gz/worlds/2023_phase2/phase2_2023_follow_path4.sdf
[27.989s] -- Installing: /home/toyat/dev/vrx_ros2/vrx_ws/install/share/vrx_gz/worlds/2023_phase2/phase2_2023_wildlife4.sdf
[27.990s] -- Installing: /home/toyat/dev/vrx_ros2/vrx_ws/install/share/vrx_gz/worlds/2023_phase2/phase2_2023_perception1.sdf
[27.990s] -- Installing: /home/toyat/dev/vrx_ros2/vrx_ws/install/share/vrx_gz/worlds/2023_phase2/phase2_2023_acoustic_perception5.sdf
[27.990s] -- Installing: /home/toyat/dev/vrx_ros2/vrx_ws/install/share/vrx_gz/worlds/2023_phase2/phase2_2023_scan_dock_deliver0.sdf
[27.990s] -- Installing: /home/toyat/dev/vrx_ros2/vrx_ws/install/share/vrx_gz/worlds/2023_phase2/phase2_2023_wildlife5.sdf
[27.990s] -- Installing: /home/toyat/dev/vrx_ros2/vrx_ws/install/share/vrx_gz/worlds/2023_phase2/phase2_2023_follow_path0.sdf
[27.990s] -- Installing: /home/toyat/dev/vrx_ros2/vrx_ws/install/share/vrx_gz/worlds/2023_phase2/phase2_2023_scan_dock_deliver3.sdf
[27.990s] -- Installing: /home/toyat/dev/vrx_ros2/vrx_ws/install/share/vrx_gz/worlds/2023_phase2/phase2_2023_acoustic_perception3.sdf
[27.990s] -- Installing: /home/toyat/dev/vrx_ros2/vrx_ws/install/share/vrx_gz/worlds/2023_phase2/phase2_2023_follow_path5.sdf
[27.990s] -- Installing: /home/toyat/dev/vrx_ros2/vrx_ws/install/share/vrx_gz/worlds/2023_phase2/phase2_2023_acoustic_tracking3.sdf
[27.990s] -- Installing: /home/toyat/dev/vrx_ros2/vrx_ws/install/share/vrx_gz/worlds/scan_dock_deliver_task.sdf
[27.990s] -- Installing: /home/toyat/dev/vrx_ros2/vrx_ws/install/share/vrx_gz/worlds/navigation_task.sdf
[27.990s] -- Installing: /home/toyat/dev/vrx_ros2/vrx_ws/install/share/vrx_gz/worlds/stationkeeping_task.sdf
[27.990s] -- Up-to-date: /home/toyat/dev/vrx_ros2/vrx_ws/install/share/ament_index/resource_index/package_run_dependencies/vrx_gz
[27.990s] -- Up-to-date: /home/toyat/dev/vrx_ros2/vrx_ws/install/share/ament_index/resource_index/parent_prefix_path/vrx_gz
[27.990s] -- Up-to-date: /home/toyat/dev/vrx_ros2/vrx_ws/install/share/vrx_gz/environment/ament_prefix_path.sh
[27.990s] -- Up-to-date: /home/toyat/dev/vrx_ros2/vrx_ws/install/share/vrx_gz/environment/ament_prefix_path.dsv
[27.991s] -- Up-to-date: /home/toyat/dev/vrx_ros2/vrx_ws/install/share/vrx_gz/environment/path.sh
[27.991s] -- Up-to-date: /home/toyat/dev/vrx_ros2/vrx_ws/install/share/vrx_gz/environment/path.dsv
[27.991s] -- Up-to-date: /home/toyat/dev/vrx_ros2/vrx_ws/install/share/vrx_gz/local_setup.bash
[27.991s] -- Up-to-date: /home/toyat/dev/vrx_ros2/vrx_ws/install/share/vrx_gz/local_setup.sh
[27.991s] -- Up-to-date: /home/toyat/dev/vrx_ros2/vrx_ws/install/share/vrx_gz/local_setup.zsh
[27.991s] -- Up-to-date: /home/toyat/dev/vrx_ros2/vrx_ws/install/share/vrx_gz/local_setup.dsv
[27.991s] -- Installing: /home/toyat/dev/vrx_ros2/vrx_ws/install/share/vrx_gz/package.dsv
[27.991s] -- Up-to-date: /home/toyat/dev/vrx_ros2/vrx_ws/install/share/ament_index/resource_index/packages/vrx_gz
[27.991s] -- Up-to-date: /home/toyat/dev/vrx_ros2/vrx_ws/install/share/vrx_gz/cmake/vrx_gzConfig.cmake
[27.991s] -- Up-to-date: /home/toyat/dev/vrx_ros2/vrx_ws/install/share/vrx_gz/cmake/vrx_gzConfig-version.cmake
[27.991s] -- Installing: /home/toyat/dev/vrx_ros2/vrx_ws/install/share/vrx_gz/package.xml
[27.993s] Invoked command in '/home/toyat/dev/vrx_ros2/vrx_ws/build/vrx_gz' returned '0': AMENT_PREFIX_PATH=/home/toyat/dev/vrx_ros2/vrx_ws/install:${AMENT_PREFIX_PATH} CMAKE_PREFIX_PATH=/home/toyat/dev/vrx_ros2/vrx_ws/install:/opt/ros/jazzy/opt/gz_sim_vendor:/opt/ros/jazzy/opt/gz_sensors_vendor:/opt/ros/jazzy/opt/gz_physics_vendor:/opt/ros/jazzy/opt/sdformat_vendor:/opt/ros/jazzy/opt/gz_gui_vendor:/opt/ros/jazzy/opt/gz_transport_vendor:/opt/ros/jazzy/opt/gz_rendering_vendor:/opt/ros/jazzy/opt/gz_plugin_vendor:/opt/ros/jazzy/opt/gz_fuel_tools_vendor:/opt/ros/jazzy/opt/gz_msgs_vendor:/opt/ros/jazzy/opt/gz_common_vendor:/opt/ros/jazzy/opt/gz_math_vendor:/opt/ros/jazzy/opt/gz_utils_vendor:/opt/ros/jazzy/opt/gz_tools_vendor:/opt/ros/jazzy/opt/gz_ogre_next_vendor:/opt/ros/jazzy/opt/gz_dartsim_vendor:/opt/ros/jazzy/opt/gz_cmake_vendor:/opt/ros/jazzy DEBUGINFOD_URLS=https://debuginfod.ubuntu.com GZ_SIM_RESOURCE_PATH=/home/toyat/dev/vrx_ros2/vrx_ws/install/share/wamv_description/models:/home/toyat/dev/vrx_ros2/vrx_ws/install/share/vrx_gazebo/models:/home/toyat/dev/vrx_ros2/vrx_ws/install/share LD_LIBRARY_PATH=/home/toyat/dev/vrx_ros2/vrx_ws/install/lib:/opt/ros/jazzy/opt/gz_sim_vendor/lib:/opt/ros/jazzy/opt/gz_sensors_vendor/lib:/opt/ros/jazzy/opt/gz_physics_vendor/lib:/opt/ros/jazzy/opt/sdformat_vendor/lib:/opt/ros/jazzy/opt/rviz_ogre_vendor/lib:/opt/ros/jazzy/lib/x86_64-linux-gnu:/opt/ros/jazzy/opt/gz_gui_vendor/lib:/opt/ros/jazzy/opt/gz_transport_vendor/lib:/opt/ros/jazzy/opt/gz_rendering_vendor/lib:/opt/ros/jazzy/opt/gz_plugin_vendor/lib:/opt/ros/jazzy/opt/gz_fuel_tools_vendor/lib:/opt/ros/jazzy/opt/gz_msgs_vendor/lib:/opt/ros/jazzy/opt/gz_common_vendor/lib:/opt/ros/jazzy/opt/gz_math_vendor/lib:/opt/ros/jazzy/opt/gz_utils_vendor/lib:/opt/ros/jazzy/opt/gz_tools_vendor/lib:/opt/ros/jazzy/opt/gz_ogre_next_vendor/lib:/opt/ros/jazzy/opt/gz_dartsim_vendor/lib:/opt/ros/jazzy/opt/gz_cmake_vendor/lib:/opt/ros/jazzy/lib:/usr/local/lib PYTHONPATH=/home/toyat/dev/vrx_ros2/vrx_ws/install/lib/python3.12/site-packages:${PYTHONPATH} /usr/bin/cmake --install /home/toyat/dev/vrx_ros2/vrx_ws/build/vrx_gz
