[0.000000] (-) TimerEvent: {}
[0.000232] (vrx_gazebo) JobQueued: {'identifier': 'vrx_gazebo', 'dependencies': OrderedDict()}
[0.000273] (vrx_ros) JobQueued: {'identifier': 'vrx_ros', 'dependencies': OrderedDict()}
[0.000303] (wamv_description) JobQueued: {'identifier': 'wamv_description', 'dependencies': OrderedDict({'vrx_gazebo': '/home/toyat/dev/vrx_ros2/vrx_ws/install'})}
[0.000324] (wamv_gazebo) JobQueued: {'identifier': 'wamv_gazebo', 'dependencies': OrderedDict({'vrx_gazebo': '/home/toyat/dev/vrx_ros2/vrx_ws/install', 'wamv_description': '/home/toyat/dev/vrx_ros2/vrx_ws/install'})}
[0.000342] (vrx_gz) JobQueued: {'identifier': 'vrx_gz', 'dependencies': OrderedDict({'vrx_gazebo': '/home/toyat/dev/vrx_ros2/vrx_ws/install', 'vrx_ros': '/home/toyat/dev/vrx_ros2/vrx_ws/install', 'wamv_description': '/home/toyat/dev/vrx_ros2/vrx_ws/install', 'wamv_gazebo': '/home/toyat/dev/vrx_ros2/vrx_ws/install'})}
[0.000651] (vrx_gazebo) JobStarted: {'identifier': 'vrx_gazebo'}
[0.010583] (vrx_ros) JobStarted: {'identifier': 'vrx_ros'}
[0.015116] (vrx_gazebo) JobProgress: {'identifier': 'vrx_gazebo', 'progress': 'cmake'}
[0.015625] (vrx_gazebo) JobProgress: {'identifier': 'vrx_gazebo', 'progress': 'build'}
[0.016208] (vrx_gazebo) Command: {'cmd': ['/usr/bin/cmake', '--build', '/home/toyat/dev/vrx_ros2/vrx_ws/build/vrx_gazebo', '--', '-j8', '-l8'], 'cwd': '/home/toyat/dev/vrx_ros2/vrx_ws/build/vrx_gazebo', 'env': OrderedDict({'LANGUAGE': 'en_US:en', 'LC_TIME': 'en_US.UTF-8', 'USER': 'toyat', 'XDG_SEAT': 'seat0', 'GZ_CONFIG_PATH': '/opt/ros/jazzy/opt/gz_sim_vendor/share/gz:/opt/ros/jazzy/opt/sdformat_vendor/share/gz:/opt/ros/jazzy/opt/gz_gui_vendor/share/gz:/opt/ros/jazzy/opt/gz_transport_vendor/share/gz:/opt/ros/jazzy/opt/gz_rendering_vendor/share/gz:/opt/ros/jazzy/opt/gz_plugin_vendor/share/gz:/opt/ros/jazzy/opt/gz_fuel_tools_vendor/share/gz:/opt/ros/jazzy/opt/gz_msgs_vendor/share/gz:/opt/ros/jazzy/opt/gz_common_vendor/share/gz', 'MATHEMATICA_HOME': '/usr/share/Wolfram/Documentation/13.3/en-us', 'XDG_SESSION_TYPE': 'x11', 'SHLVL': '1', 'LD_LIBRARY_PATH': '/opt/ros/jazzy/opt/gz_sim_vendor/lib:/opt/ros/jazzy/opt/gz_sensors_vendor/lib:/opt/ros/jazzy/opt/gz_physics_vendor/lib:/opt/ros/jazzy/opt/sdformat_vendor/lib:/opt/ros/jazzy/opt/rviz_ogre_vendor/lib:/opt/ros/jazzy/lib/x86_64-linux-gnu:/opt/ros/jazzy/opt/gz_gui_vendor/lib:/opt/ros/jazzy/opt/gz_transport_vendor/lib:/opt/ros/jazzy/opt/gz_rendering_vendor/lib:/opt/ros/jazzy/opt/gz_plugin_vendor/lib:/opt/ros/jazzy/opt/gz_fuel_tools_vendor/lib:/opt/ros/jazzy/opt/gz_msgs_vendor/lib:/opt/ros/jazzy/opt/gz_common_vendor/lib:/opt/ros/jazzy/opt/gz_math_vendor/lib:/opt/ros/jazzy/opt/gz_utils_vendor/lib:/opt/ros/jazzy/opt/gz_tools_vendor/lib:/opt/ros/jazzy/opt/gz_ogre_next_vendor/lib:/opt/ros/jazzy/opt/gz_dartsim_vendor/lib:/opt/ros/jazzy/opt/gz_cmake_vendor/lib:/opt/ros/jazzy/lib::/usr/local/lib', 'HOME': '/home/toyat', 'OLDPWD': '/home/toyat/dev/vrx_ros2/vrx_ws/src', 'DESKTOP_SESSION': 'i3', 'GTK_MODULES': 'gail:atk-bridge', 'ROS_PYTHON_VERSION': '3', 'LC_MONETARY': 'en_US.UTF-8', 'DBUS_SESSION_BUS_ADDRESS': 'unix:path=/run/user/1000/bus', 'GSM_SKIP_SSH_AGENT_WORKAROUND': 'true', 'P9K_TTY': 'old', 'COLORTERM': 'truecolor', 'DEBUGINFOD_URLS': 'https://debuginfod.ubuntu.com', 'ZPFX': '/home/toyat/.local/share/zinit/polaris', 'NVM_DIR': '/home/toyat/.nvm', 'CPLUS_INCLUDE_PATH': '/usr/include/c++/11:/usr/include/x86_64-linux-gnu/c++/11', '_colcon_cd_root': '/opt/ros/jazzy/', 'MANDATORY_PATH': '/usr/share/gconf/i3.mandatory.path', 'ROS_DISTRO': 'jazzy', 'ALACRITTY_SOCKET': '/run/user/1000/Alacritty-:0-40781.sock', 'GTK_IM_MODULE': 'ibus', 'LOGNAME': 'toyat', 'WINDOWID': '56623109', '_P9K_SSH_TTY': '/dev/pts/2', '_': '/usr/bin/colcon', 'DEFAULTS_PATH': '/usr/share/gconf/i3.default.path', 'XDG_SESSION_CLASS': 'user', 'ROS_VERSION': '2', 'ALACRITTY_LOG': '/tmp/Alacritty-40781.log', 'TERM': 'alacritty', 'USERNAME': 'toyat', 'XDG_SESSION_ID': '2', 'WINDOWPATH': '2', 'ZSH_CACHE_DIR': '/home/toyat/.cache/zinit', 'PMSPEC': '0uUpiPsf', 'PATH': '/opt/ros/jazzy/opt/gz_msgs_vendor/bin:/opt/ros/jazzy/opt/gz_tools_vendor/bin:/opt/ros/jazzy/opt/gz_ogre_next_vendor/bin:/opt/ros/jazzy/bin:/home/toyat/.local/share/zinit/polaris/bin:/home/toyat/.cargo/bin:/home/toyat/.local/bin:/usr/local/sbin:/usr/local/bin:/usr/sbin:/usr/bin:/sbin:/bin:/usr/games:/usr/local/games:/snap/bin:/snap/bin:/home/toyat/.fzf/bin:/home/toyat/.platformio/penv/bin', 'PAPERSIZE': 'letter', 'LC_ADDRESS': 'en_US.UTF-8', 'XDG_RUNTIME_DIR': '/run/user/1000', 'DISPLAY': ':0', 'LANG': 'en_US.UTF-8', 'LC_TELEPHONE': 'en_US.UTF-8', 'XDG_CURRENT_DESKTOP': 'i3', 'XAUTHORITY': '/run/user/1000/gdm/Xauthority', 'XDG_SESSION_DESKTOP': 'i3', 'XMODIFIERS': '@im=ibus', 'SSH_AUTH_SOCK': '/run/user/1000/gnupg/S.gpg-agent.ssh', 'AMENT_PREFIX_PATH': '/opt/ros/jazzy', 'LC_NAME': 'en_US.UTF-8', 'SHELL': '/usr/bin/zsh', 'GDMSESSION': 'i3', 'QT_ACCESSIBILITY': '1', 'LC_MEASUREMENT': 'en_US.UTF-8', 'GPG_AGENT_INFO': '/run/user/1000/gnupg/S.gpg-agent:0:1', 'LC_IDENTIFICATION': 'en_US.UTF-8', 'P9K_SSH': '0', 'ALACRITTY_WINDOW_ID': '56623109', 'QT_IM_MODULE': 'ibus', 'XDG_VTNR': '2', 'ROS_AUTOMATIC_DISCOVERY_RANGE': 'SUBNET', 'LC_ALL': 'en_US.UTF-8', 'PWD': '/home/toyat/dev/vrx_ros2/vrx_ws/build/vrx_gazebo', 'CLUTTER_IM_MODULE': 'ibus', 'XDG_CONFIG_DIRS': '/etc/xdg/xdg-i3:/etc/xdg', 'XDG_DATA_DIRS': '/usr/share/i3:/usr/share/gnome:/home/toyat/.local/share/flatpak/exports/share:/var/lib/flatpak/exports/share:/usr/local/share/:/usr/share/:/var/lib/snapd/desktop', '_P9K_TTY': '/dev/pts/2', 'LC_NUMERIC': 'en_US.UTF-8', 'QTWEBENGINE_DICTIONARIES_PATH': '/usr/share/hunspell-bdic/', 'PYTHONPATH': '/opt/ros/jazzy/lib/python3.12/site-packages', 'I3SOCK': '/run/user/1000/i3/ipc-socket.3408', 'LC_PAPER': 'en_US.UTF-8', 'COLCON': '1', 'EDITOR': 'nvim', 'CMAKE_PREFIX_PATH': '/opt/ros/jazzy/opt/gz_sim_vendor:/opt/ros/jazzy/opt/gz_sensors_vendor:/opt/ros/jazzy/opt/gz_physics_vendor:/opt/ros/jazzy/opt/sdformat_vendor:/opt/ros/jazzy/opt/gz_gui_vendor:/opt/ros/jazzy/opt/gz_transport_vendor:/opt/ros/jazzy/opt/gz_rendering_vendor:/opt/ros/jazzy/opt/gz_plugin_vendor:/opt/ros/jazzy/opt/gz_fuel_tools_vendor:/opt/ros/jazzy/opt/gz_msgs_vendor:/opt/ros/jazzy/opt/gz_common_vendor:/opt/ros/jazzy/opt/gz_math_vendor:/opt/ros/jazzy/opt/gz_utils_vendor:/opt/ros/jazzy/opt/gz_tools_vendor:/opt/ros/jazzy/opt/gz_ogre_next_vendor:/opt/ros/jazzy/opt/gz_dartsim_vendor:/opt/ros/jazzy/opt/gz_cmake_vendor:/opt/ros/jazzy'}), 'shell': False}
[0.019519] (vrx_ros) JobProgress: {'identifier': 'vrx_ros', 'progress': 'cmake'}
[0.020083] (vrx_ros) JobProgress: {'identifier': 'vrx_ros', 'progress': 'build'}
[0.020401] (vrx_ros) Command: {'cmd': ['/usr/bin/cmake', '--build', '/home/toyat/dev/vrx_ros2/vrx_ws/build/vrx_ros', '--', '-j8', '-l8'], 'cwd': '/home/toyat/dev/vrx_ros2/vrx_ws/build/vrx_ros', 'env': OrderedDict({'LANGUAGE': 'en_US:en', 'LC_TIME': 'en_US.UTF-8', 'USER': 'toyat', 'XDG_SEAT': 'seat0', 'GZ_CONFIG_PATH': '/opt/ros/jazzy/opt/gz_sim_vendor/share/gz:/opt/ros/jazzy/opt/sdformat_vendor/share/gz:/opt/ros/jazzy/opt/gz_gui_vendor/share/gz:/opt/ros/jazzy/opt/gz_transport_vendor/share/gz:/opt/ros/jazzy/opt/gz_rendering_vendor/share/gz:/opt/ros/jazzy/opt/gz_plugin_vendor/share/gz:/opt/ros/jazzy/opt/gz_fuel_tools_vendor/share/gz:/opt/ros/jazzy/opt/gz_msgs_vendor/share/gz:/opt/ros/jazzy/opt/gz_common_vendor/share/gz', 'MATHEMATICA_HOME': '/usr/share/Wolfram/Documentation/13.3/en-us', 'XDG_SESSION_TYPE': 'x11', 'SHLVL': '1', 'LD_LIBRARY_PATH': '/opt/ros/jazzy/opt/gz_sim_vendor/lib:/opt/ros/jazzy/opt/gz_sensors_vendor/lib:/opt/ros/jazzy/opt/gz_physics_vendor/lib:/opt/ros/jazzy/opt/sdformat_vendor/lib:/opt/ros/jazzy/opt/rviz_ogre_vendor/lib:/opt/ros/jazzy/lib/x86_64-linux-gnu:/opt/ros/jazzy/opt/gz_gui_vendor/lib:/opt/ros/jazzy/opt/gz_transport_vendor/lib:/opt/ros/jazzy/opt/gz_rendering_vendor/lib:/opt/ros/jazzy/opt/gz_plugin_vendor/lib:/opt/ros/jazzy/opt/gz_fuel_tools_vendor/lib:/opt/ros/jazzy/opt/gz_msgs_vendor/lib:/opt/ros/jazzy/opt/gz_common_vendor/lib:/opt/ros/jazzy/opt/gz_math_vendor/lib:/opt/ros/jazzy/opt/gz_utils_vendor/lib:/opt/ros/jazzy/opt/gz_tools_vendor/lib:/opt/ros/jazzy/opt/gz_ogre_next_vendor/lib:/opt/ros/jazzy/opt/gz_dartsim_vendor/lib:/opt/ros/jazzy/opt/gz_cmake_vendor/lib:/opt/ros/jazzy/lib::/usr/local/lib', 'HOME': '/home/toyat', 'OLDPWD': '/home/toyat/dev/vrx_ros2/vrx_ws/src', 'DESKTOP_SESSION': 'i3', 'GTK_MODULES': 'gail:atk-bridge', 'ROS_PYTHON_VERSION': '3', 'LC_MONETARY': 'en_US.UTF-8', 'DBUS_SESSION_BUS_ADDRESS': 'unix:path=/run/user/1000/bus', 'GSM_SKIP_SSH_AGENT_WORKAROUND': 'true', 'P9K_TTY': 'old', 'COLORTERM': 'truecolor', 'DEBUGINFOD_URLS': 'https://debuginfod.ubuntu.com', 'ZPFX': '/home/toyat/.local/share/zinit/polaris', 'NVM_DIR': '/home/toyat/.nvm', 'CPLUS_INCLUDE_PATH': '/usr/include/c++/11:/usr/include/x86_64-linux-gnu/c++/11', '_colcon_cd_root': '/opt/ros/jazzy/', 'MANDATORY_PATH': '/usr/share/gconf/i3.mandatory.path', 'ROS_DISTRO': 'jazzy', 'ALACRITTY_SOCKET': '/run/user/1000/Alacritty-:0-40781.sock', 'GTK_IM_MODULE': 'ibus', 'LOGNAME': 'toyat', 'WINDOWID': '56623109', '_P9K_SSH_TTY': '/dev/pts/2', '_': '/usr/bin/colcon', 'DEFAULTS_PATH': '/usr/share/gconf/i3.default.path', 'XDG_SESSION_CLASS': 'user', 'ROS_VERSION': '2', 'ALACRITTY_LOG': '/tmp/Alacritty-40781.log', 'TERM': 'alacritty', 'USERNAME': 'toyat', 'XDG_SESSION_ID': '2', 'WINDOWPATH': '2', 'ZSH_CACHE_DIR': '/home/toyat/.cache/zinit', 'PMSPEC': '0uUpiPsf', 'PATH': '/opt/ros/jazzy/opt/gz_msgs_vendor/bin:/opt/ros/jazzy/opt/gz_tools_vendor/bin:/opt/ros/jazzy/opt/gz_ogre_next_vendor/bin:/opt/ros/jazzy/bin:/home/toyat/.local/share/zinit/polaris/bin:/home/toyat/.cargo/bin:/home/toyat/.local/bin:/usr/local/sbin:/usr/local/bin:/usr/sbin:/usr/bin:/sbin:/bin:/usr/games:/usr/local/games:/snap/bin:/snap/bin:/home/toyat/.fzf/bin:/home/toyat/.platformio/penv/bin', 'PAPERSIZE': 'letter', 'LC_ADDRESS': 'en_US.UTF-8', 'XDG_RUNTIME_DIR': '/run/user/1000', 'DISPLAY': ':0', 'LANG': 'en_US.UTF-8', 'LC_TELEPHONE': 'en_US.UTF-8', 'XDG_CURRENT_DESKTOP': 'i3', 'XAUTHORITY': '/run/user/1000/gdm/Xauthority', 'XDG_SESSION_DESKTOP': 'i3', 'XMODIFIERS': '@im=ibus', 'SSH_AUTH_SOCK': '/run/user/1000/gnupg/S.gpg-agent.ssh', 'AMENT_PREFIX_PATH': '/opt/ros/jazzy', 'LC_NAME': 'en_US.UTF-8', 'SHELL': '/usr/bin/zsh', 'GDMSESSION': 'i3', 'QT_ACCESSIBILITY': '1', 'LC_MEASUREMENT': 'en_US.UTF-8', 'GPG_AGENT_INFO': '/run/user/1000/gnupg/S.gpg-agent:0:1', 'LC_IDENTIFICATION': 'en_US.UTF-8', 'P9K_SSH': '0', 'ALACRITTY_WINDOW_ID': '56623109', 'QT_IM_MODULE': 'ibus', 'XDG_VTNR': '2', 'ROS_AUTOMATIC_DISCOVERY_RANGE': 'SUBNET', 'LC_ALL': 'en_US.UTF-8', 'PWD': '/home/toyat/dev/vrx_ros2/vrx_ws/build/vrx_ros', 'CLUTTER_IM_MODULE': 'ibus', 'XDG_CONFIG_DIRS': '/etc/xdg/xdg-i3:/etc/xdg', 'XDG_DATA_DIRS': '/usr/share/i3:/usr/share/gnome:/home/toyat/.local/share/flatpak/exports/share:/var/lib/flatpak/exports/share:/usr/local/share/:/usr/share/:/var/lib/snapd/desktop', '_P9K_TTY': '/dev/pts/2', 'LC_NUMERIC': 'en_US.UTF-8', 'QTWEBENGINE_DICTIONARIES_PATH': '/usr/share/hunspell-bdic/', 'PYTHONPATH': '/opt/ros/jazzy/lib/python3.12/site-packages', 'I3SOCK': '/run/user/1000/i3/ipc-socket.3408', 'LC_PAPER': 'en_US.UTF-8', 'COLCON': '1', 'EDITOR': 'nvim', 'CMAKE_PREFIX_PATH': '/opt/ros/jazzy/opt/gz_sim_vendor:/opt/ros/jazzy/opt/gz_sensors_vendor:/opt/ros/jazzy/opt/gz_physics_vendor:/opt/ros/jazzy/opt/sdformat_vendor:/opt/ros/jazzy/opt/gz_gui_vendor:/opt/ros/jazzy/opt/gz_transport_vendor:/opt/ros/jazzy/opt/gz_rendering_vendor:/opt/ros/jazzy/opt/gz_plugin_vendor:/opt/ros/jazzy/opt/gz_fuel_tools_vendor:/opt/ros/jazzy/opt/gz_msgs_vendor:/opt/ros/jazzy/opt/gz_common_vendor:/opt/ros/jazzy/opt/gz_math_vendor:/opt/ros/jazzy/opt/gz_utils_vendor:/opt/ros/jazzy/opt/gz_tools_vendor:/opt/ros/jazzy/opt/gz_ogre_next_vendor:/opt/ros/jazzy/opt/gz_dartsim_vendor:/opt/ros/jazzy/opt/gz_cmake_vendor:/opt/ros/jazzy'}), 'shell': False}
[0.089031] (vrx_gazebo) StdoutLine: {'line': b'Built target ament_cmake_python_copy_vrx_gazebo\n'}
[0.099817] (-) TimerEvent: {}
[0.101621] (vrx_ros) StdoutLine: {'line': b'[ 25%] \x1b[32mBuilding CXX object CMakeFiles/optical_frame_publisher.dir/src/optical_frame_publisher.cc.o\x1b[0m\n'}
[0.102727] (vrx_ros) StdoutLine: {'line': b'[ 50%] \x1b[32mBuilding CXX object CMakeFiles/pose_tf_broadcaster.dir/src/pose_tf_broadcaster.cc.o\x1b[0m\n'}
[0.199957] (-) TimerEvent: {}
[0.300264] (-) TimerEvent: {}
[0.318906] (vrx_gazebo) StdoutLine: {'line': b'running egg_info\n'}
[0.340404] (vrx_gazebo) StdoutLine: {'line': b'writing vrx_gazebo.egg-info/PKG-INFO\n'}
[0.340715] (vrx_gazebo) StdoutLine: {'line': b'writing dependency_links to vrx_gazebo.egg-info/dependency_links.txt\n'}
[0.340994] (vrx_gazebo) StdoutLine: {'line': b'writing top-level names to vrx_gazebo.egg-info/top_level.txt\n'}
[0.400390] (-) TimerEvent: {}
[0.403879] (vrx_gazebo) StdoutLine: {'line': b"reading manifest file 'vrx_gazebo.egg-info/SOURCES.txt'\n"}
[0.404515] (vrx_gazebo) StdoutLine: {'line': b"writing manifest file 'vrx_gazebo.egg-info/SOURCES.txt'\n"}
[0.434957] (vrx_gazebo) StdoutLine: {'line': b'Built target ament_cmake_python_build_vrx_gazebo_egg\n'}
[0.447199] (vrx_gazebo) CommandEnded: {'returncode': 0}
[0.447868] (vrx_gazebo) JobProgress: {'identifier': 'vrx_gazebo', 'progress': 'install'}
[0.457924] (vrx_gazebo) Command: {'cmd': ['/usr/bin/cmake', '--install', '/home/toyat/dev/vrx_ros2/vrx_ws/build/vrx_gazebo'], 'cwd': '/home/toyat/dev/vrx_ros2/vrx_ws/build/vrx_gazebo', 'env': OrderedDict({'LANGUAGE': 'en_US:en', 'LC_TIME': 'en_US.UTF-8', 'USER': 'toyat', 'XDG_SEAT': 'seat0', 'GZ_CONFIG_PATH': '/opt/ros/jazzy/opt/gz_sim_vendor/share/gz:/opt/ros/jazzy/opt/sdformat_vendor/share/gz:/opt/ros/jazzy/opt/gz_gui_vendor/share/gz:/opt/ros/jazzy/opt/gz_transport_vendor/share/gz:/opt/ros/jazzy/opt/gz_rendering_vendor/share/gz:/opt/ros/jazzy/opt/gz_plugin_vendor/share/gz:/opt/ros/jazzy/opt/gz_fuel_tools_vendor/share/gz:/opt/ros/jazzy/opt/gz_msgs_vendor/share/gz:/opt/ros/jazzy/opt/gz_common_vendor/share/gz', 'MATHEMATICA_HOME': '/usr/share/Wolfram/Documentation/13.3/en-us', 'XDG_SESSION_TYPE': 'x11', 'SHLVL': '1', 'LD_LIBRARY_PATH': '/opt/ros/jazzy/opt/gz_sim_vendor/lib:/opt/ros/jazzy/opt/gz_sensors_vendor/lib:/opt/ros/jazzy/opt/gz_physics_vendor/lib:/opt/ros/jazzy/opt/sdformat_vendor/lib:/opt/ros/jazzy/opt/rviz_ogre_vendor/lib:/opt/ros/jazzy/lib/x86_64-linux-gnu:/opt/ros/jazzy/opt/gz_gui_vendor/lib:/opt/ros/jazzy/opt/gz_transport_vendor/lib:/opt/ros/jazzy/opt/gz_rendering_vendor/lib:/opt/ros/jazzy/opt/gz_plugin_vendor/lib:/opt/ros/jazzy/opt/gz_fuel_tools_vendor/lib:/opt/ros/jazzy/opt/gz_msgs_vendor/lib:/opt/ros/jazzy/opt/gz_common_vendor/lib:/opt/ros/jazzy/opt/gz_math_vendor/lib:/opt/ros/jazzy/opt/gz_utils_vendor/lib:/opt/ros/jazzy/opt/gz_tools_vendor/lib:/opt/ros/jazzy/opt/gz_ogre_next_vendor/lib:/opt/ros/jazzy/opt/gz_dartsim_vendor/lib:/opt/ros/jazzy/opt/gz_cmake_vendor/lib:/opt/ros/jazzy/lib::/usr/local/lib', 'HOME': '/home/toyat', 'OLDPWD': '/home/toyat/dev/vrx_ros2/vrx_ws/src', 'DESKTOP_SESSION': 'i3', 'GTK_MODULES': 'gail:atk-bridge', 'ROS_PYTHON_VERSION': '3', 'LC_MONETARY': 'en_US.UTF-8', 'DBUS_SESSION_BUS_ADDRESS': 'unix:path=/run/user/1000/bus', 'GSM_SKIP_SSH_AGENT_WORKAROUND': 'true', 'P9K_TTY': 'old', 'COLORTERM': 'truecolor', 'DEBUGINFOD_URLS': 'https://debuginfod.ubuntu.com', 'ZPFX': '/home/toyat/.local/share/zinit/polaris', 'NVM_DIR': '/home/toyat/.nvm', 'CPLUS_INCLUDE_PATH': '/usr/include/c++/11:/usr/include/x86_64-linux-gnu/c++/11', '_colcon_cd_root': '/opt/ros/jazzy/', 'MANDATORY_PATH': '/usr/share/gconf/i3.mandatory.path', 'ROS_DISTRO': 'jazzy', 'ALACRITTY_SOCKET': '/run/user/1000/Alacritty-:0-40781.sock', 'GTK_IM_MODULE': 'ibus', 'LOGNAME': 'toyat', 'WINDOWID': '56623109', '_P9K_SSH_TTY': '/dev/pts/2', '_': '/usr/bin/colcon', 'DEFAULTS_PATH': '/usr/share/gconf/i3.default.path', 'XDG_SESSION_CLASS': 'user', 'ROS_VERSION': '2', 'ALACRITTY_LOG': '/tmp/Alacritty-40781.log', 'TERM': 'alacritty', 'USERNAME': 'toyat', 'XDG_SESSION_ID': '2', 'WINDOWPATH': '2', 'ZSH_CACHE_DIR': '/home/toyat/.cache/zinit', 'PMSPEC': '0uUpiPsf', 'PATH': '/opt/ros/jazzy/opt/gz_msgs_vendor/bin:/opt/ros/jazzy/opt/gz_tools_vendor/bin:/opt/ros/jazzy/opt/gz_ogre_next_vendor/bin:/opt/ros/jazzy/bin:/home/toyat/.local/share/zinit/polaris/bin:/home/toyat/.cargo/bin:/home/toyat/.local/bin:/usr/local/sbin:/usr/local/bin:/usr/sbin:/usr/bin:/sbin:/bin:/usr/games:/usr/local/games:/snap/bin:/snap/bin:/home/toyat/.fzf/bin:/home/toyat/.platformio/penv/bin', 'PAPERSIZE': 'letter', 'LC_ADDRESS': 'en_US.UTF-8', 'XDG_RUNTIME_DIR': '/run/user/1000', 'DISPLAY': ':0', 'LANG': 'en_US.UTF-8', 'LC_TELEPHONE': 'en_US.UTF-8', 'XDG_CURRENT_DESKTOP': 'i3', 'XAUTHORITY': '/run/user/1000/gdm/Xauthority', 'XDG_SESSION_DESKTOP': 'i3', 'XMODIFIERS': '@im=ibus', 'SSH_AUTH_SOCK': '/run/user/1000/gnupg/S.gpg-agent.ssh', 'AMENT_PREFIX_PATH': '/opt/ros/jazzy', 'LC_NAME': 'en_US.UTF-8', 'SHELL': '/usr/bin/zsh', 'GDMSESSION': 'i3', 'QT_ACCESSIBILITY': '1', 'LC_MEASUREMENT': 'en_US.UTF-8', 'GPG_AGENT_INFO': '/run/user/1000/gnupg/S.gpg-agent:0:1', 'LC_IDENTIFICATION': 'en_US.UTF-8', 'P9K_SSH': '0', 'ALACRITTY_WINDOW_ID': '56623109', 'QT_IM_MODULE': 'ibus', 'XDG_VTNR': '2', 'ROS_AUTOMATIC_DISCOVERY_RANGE': 'SUBNET', 'LC_ALL': 'en_US.UTF-8', 'PWD': '/home/toyat/dev/vrx_ros2/vrx_ws/build/vrx_gazebo', 'CLUTTER_IM_MODULE': 'ibus', 'XDG_CONFIG_DIRS': '/etc/xdg/xdg-i3:/etc/xdg', 'XDG_DATA_DIRS': '/usr/share/i3:/usr/share/gnome:/home/toyat/.local/share/flatpak/exports/share:/var/lib/flatpak/exports/share:/usr/local/share/:/usr/share/:/var/lib/snapd/desktop', '_P9K_TTY': '/dev/pts/2', 'LC_NUMERIC': 'en_US.UTF-8', 'QTWEBENGINE_DICTIONARIES_PATH': '/usr/share/hunspell-bdic/', 'PYTHONPATH': '/opt/ros/jazzy/lib/python3.12/site-packages', 'I3SOCK': '/run/user/1000/i3/ipc-socket.3408', 'LC_PAPER': 'en_US.UTF-8', 'COLCON': '1', 'EDITOR': 'nvim', 'CMAKE_PREFIX_PATH': '/opt/ros/jazzy/opt/gz_sim_vendor:/opt/ros/jazzy/opt/gz_sensors_vendor:/opt/ros/jazzy/opt/gz_physics_vendor:/opt/ros/jazzy/opt/sdformat_vendor:/opt/ros/jazzy/opt/gz_gui_vendor:/opt/ros/jazzy/opt/gz_transport_vendor:/opt/ros/jazzy/opt/gz_rendering_vendor:/opt/ros/jazzy/opt/gz_plugin_vendor:/opt/ros/jazzy/opt/gz_fuel_tools_vendor:/opt/ros/jazzy/opt/gz_msgs_vendor:/opt/ros/jazzy/opt/gz_common_vendor:/opt/ros/jazzy/opt/gz_math_vendor:/opt/ros/jazzy/opt/gz_utils_vendor:/opt/ros/jazzy/opt/gz_tools_vendor:/opt/ros/jazzy/opt/gz_ogre_next_vendor:/opt/ros/jazzy/opt/gz_dartsim_vendor:/opt/ros/jazzy/opt/gz_cmake_vendor:/opt/ros/jazzy'}), 'shell': False}
[0.467481] (vrx_gazebo) StdoutLine: {'line': b'-- Install configuration: ""\n'}
[0.467914] (vrx_gazebo) StdoutLine: {'line': b'-- Up-to-date: /home/toyat/dev/vrx_ros2/vrx_ws/install/share/vrx_gazebo/environment/resource_paths.dsv\n'}
[0.468090] (vrx_gazebo) StdoutLine: {'line': b'-- Up-to-date: /home/toyat/dev/vrx_ros2/vrx_ws/install/share/vrx_gazebo/environment/resource_paths.sh\n'}
[0.468190] (vrx_gazebo) StdoutLine: {'line': b'-- Up-to-date: /home/toyat/dev/vrx_ros2/vrx_ws/install/share/vrx_gazebo/models\n'}
[0.468289] (vrx_gazebo) StdoutLine: {'line': b'-- Up-to-date: /home/toyat/dev/vrx_ros2/vrx_ws/install/share/vrx_gazebo/models/ball_shooter\n'}
[0.468386] (vrx_gazebo) StdoutLine: {'line': b'-- Up-to-date: /home/toyat/dev/vrx_ros2/vrx_ws/install/share/vrx_gazebo/models/ball_shooter/meshes\n'}
[0.468482] (vrx_gazebo) StdoutLine: {'line': b'-- Up-to-date: /home/toyat/dev/vrx_ros2/vrx_ws/install/share/vrx_gazebo/models/ball_shooter/meshes/ball_shooter_base.dae\n'}
[0.468569] (vrx_gazebo) StdoutLine: {'line': b'-- Up-to-date: /home/toyat/dev/vrx_ros2/vrx_ws/install/share/vrx_gazebo/models/ball_shooter/meshes/Launcher_BaseColor.png\n'}
[0.468672] (vrx_gazebo) StdoutLine: {'line': b'-- Up-to-date: /home/toyat/dev/vrx_ros2/vrx_ws/install/share/vrx_gazebo/models/ball_shooter/meshes/ball_shooter_launcher.dae\n'}
[0.468754] (vrx_gazebo) StdoutLine: {'line': b'-- Up-to-date: /home/toyat/dev/vrx_ros2/vrx_ws/install/share/vrx_gazebo/models/ball_shooter/meshes/Launcher_Albedo.png\n'}
[0.468819] (vrx_gazebo) StdoutLine: {'line': b'-- Up-to-date: /home/toyat/dev/vrx_ros2/vrx_ws/install/share/vrx_gazebo/models/ball_shooter/materials\n'}
[0.468882] (vrx_gazebo) StdoutLine: {'line': b'-- Up-to-date: /home/toyat/dev/vrx_ros2/vrx_ws/install/share/vrx_gazebo/models/ball_shooter/materials/Textures\n'}
[0.468944] (vrx_gazebo) StdoutLine: {'line': b'-- Up-to-date: /home/toyat/dev/vrx_ros2/vrx_ws/install/share/vrx_gazebo/models/ball_shooter/materials/Textures/Launcher_Metalness.png\n'}
[0.469056] (vrx_gazebo) StdoutLine: {'line': b'-- Up-to-date: /home/toyat/dev/vrx_ros2/vrx_ws/install/share/vrx_gazebo/models/ball_shooter/materials/Textures/Launcher_Normal.png\n'}
[0.469121] (vrx_gazebo) StdoutLine: {'line': b'-- Up-to-date: /home/toyat/dev/vrx_ros2/vrx_ws/install/share/vrx_gazebo/models/ball_shooter/materials/Textures/Launcher_Albedo.png\n'}
[0.469184] (vrx_gazebo) StdoutLine: {'line': b'-- Up-to-date: /home/toyat/dev/vrx_ros2/vrx_ws/install/share/vrx_gazebo/models/ball_shooter/materials/Textures/Launcher_Roughness.png\n'}
[0.469245] (vrx_gazebo) StdoutLine: {'line': b'-- Up-to-date: /home/toyat/dev/vrx_ros2/vrx_ws/install/share/vrx_gazebo/models/ball_shooter/model.sdf\n'}
[0.469307] (vrx_gazebo) StdoutLine: {'line': b'-- Up-to-date: /home/toyat/dev/vrx_ros2/vrx_ws/install/share/vrx_gazebo/models/ball_shooter/model.config\n'}
[0.469370] (vrx_gazebo) StdoutLine: {'line': b'-- Up-to-date: /home/toyat/dev/vrx_ros2/vrx_ws/install/share/vrx_gazebo/models/mono_camera\n'}
[0.469432] (vrx_gazebo) StdoutLine: {'line': b'-- Up-to-date: /home/toyat/dev/vrx_ros2/vrx_ws/install/share/vrx_gazebo/models/mono_camera/model.sdf\n'}
[0.469495] (vrx_gazebo) StdoutLine: {'line': b'-- Up-to-date: /home/toyat/dev/vrx_ros2/vrx_ws/install/share/vrx_gazebo/models/mono_camera/model.config\n'}
[0.469557] (vrx_gazebo) StdoutLine: {'line': b'-- Up-to-date: /home/toyat/dev/vrx_ros2/vrx_ws/install/share/vrx_gazebo/models/mono_camera/mesh\n'}
[0.469631] (vrx_gazebo) StdoutLine: {'line': b'-- Up-to-date: /home/toyat/dev/vrx_ros2/vrx_ws/install/share/vrx_gazebo/models/mono_camera/mesh/mono_camera.png\n'}
[0.469695] (vrx_gazebo) StdoutLine: {'line': b'-- Up-to-date: /home/toyat/dev/vrx_ros2/vrx_ws/install/share/vrx_gazebo/models/mono_camera/mesh/mono_camera_Normal.png\n'}
[0.469757] (vrx_gazebo) StdoutLine: {'line': b'-- Up-to-date: /home/toyat/dev/vrx_ros2/vrx_ws/install/share/vrx_gazebo/models/mono_camera/mesh/mono_camera_Metalness.png\n'}
[0.469970] (vrx_gazebo) StdoutLine: {'line': b'-- Up-to-date: /home/toyat/dev/vrx_ros2/vrx_ws/install/share/vrx_gazebo/models/mono_camera/mesh/mono_camera_Albedo.png\n'}
[0.470033] (vrx_gazebo) StdoutLine: {'line': b'-- Up-to-date: /home/toyat/dev/vrx_ros2/vrx_ws/install/share/vrx_gazebo/models/mono_camera/mesh/mono_camera_Roughness.png\n'}
[0.470093] (vrx_gazebo) StdoutLine: {'line': b'-- Up-to-date: /home/toyat/dev/vrx_ros2/vrx_ws/install/share/vrx_gazebo/models/mono_camera/mesh/mono_camera.dae\n'}
[0.470153] (vrx_gazebo) StdoutLine: {'line': b'-- Up-to-date: /home/toyat/dev/vrx_ros2/vrx_ws/install/share/vrx_gazebo/models/blue_projectile\n'}
[0.470213] (vrx_gazebo) StdoutLine: {'line': b'-- Up-to-date: /home/toyat/dev/vrx_ros2/vrx_ws/install/share/vrx_gazebo/models/blue_projectile/model.sdf\n'}
[0.470273] (vrx_gazebo) StdoutLine: {'line': b'-- Up-to-date: /home/toyat/dev/vrx_ros2/vrx_ws/install/share/vrx_gazebo/models/blue_projectile/model.config\n'}
[0.470334] (vrx_gazebo) StdoutLine: {'line': b'-- Up-to-date: /home/toyat/dev/vrx_ros2/vrx_ws/install/share/vrx_gazebo/models/3d_lidar\n'}
[0.470393] (vrx_gazebo) StdoutLine: {'line': b'-- Up-to-date: /home/toyat/dev/vrx_ros2/vrx_ws/install/share/vrx_gazebo/models/3d_lidar/model.sdf\n'}
[0.470452] (vrx_gazebo) StdoutLine: {'line': b'-- Up-to-date: /home/toyat/dev/vrx_ros2/vrx_ws/install/share/vrx_gazebo/models/3d_lidar/model.config\n'}
[0.470511] (vrx_gazebo) StdoutLine: {'line': b'-- Up-to-date: /home/toyat/dev/vrx_ros2/vrx_ws/install/share/vrx_gazebo/models/3d_lidar/mesh\n'}
[0.470674] (vrx_gazebo) StdoutLine: {'line': b'-- Up-to-date: /home/toyat/dev/vrx_ros2/vrx_ws/install/share/vrx_gazebo/models/3d_lidar/mesh/3d_Lidar_Metalness.png\n'}
[0.470734] (vrx_gazebo) StdoutLine: {'line': b'-- Up-to-date: /home/toyat/dev/vrx_ros2/vrx_ws/install/share/vrx_gazebo/models/3d_lidar/mesh/3d_lidar.png\n'}
[0.470792] (vrx_gazebo) StdoutLine: {'line': b'-- Up-to-date: /home/toyat/dev/vrx_ros2/vrx_ws/install/share/vrx_gazebo/models/3d_lidar/mesh/3d_Lidar_Roughness.png\n'}
[0.470848] (vrx_gazebo) StdoutLine: {'line': b'-- Up-to-date: /home/toyat/dev/vrx_ros2/vrx_ws/install/share/vrx_gazebo/models/3d_lidar/mesh/3d_Lidar_Normal.png\n'}
[0.470909] (vrx_gazebo) StdoutLine: {'line': b'-- Up-to-date: /home/toyat/dev/vrx_ros2/vrx_ws/install/share/vrx_gazebo/models/3d_lidar/mesh/3d_lidar.dae\n'}
[0.470964] (vrx_gazebo) StdoutLine: {'line': b'-- Up-to-date: /home/toyat/dev/vrx_ros2/vrx_ws/install/share/vrx_gazebo/models/3d_lidar/mesh/3d_Lidar_Albedo.png\n'}
[0.471017] (vrx_gazebo) StdoutLine: {'line': b'-- Up-to-date: /home/toyat/dev/vrx_ros2/vrx_ws/install/share/vrx_gazebo/models/sensor_post\n'}
[0.471071] (vrx_gazebo) StdoutLine: {'line': b'-- Up-to-date: /home/toyat/dev/vrx_ros2/vrx_ws/install/share/vrx_gazebo/models/sensor_post/model.sdf\n'}
[0.471125] (vrx_gazebo) StdoutLine: {'line': b'-- Up-to-date: /home/toyat/dev/vrx_ros2/vrx_ws/install/share/vrx_gazebo/models/sensor_post/model.config\n'}
[0.471179] (vrx_gazebo) StdoutLine: {'line': b'-- Up-to-date: /home/toyat/dev/vrx_ros2/vrx_ws/install/share/vrx_gazebo/models/sensor_post/mesh\n'}
[0.471234] (vrx_gazebo) StdoutLine: {'line': b'-- Up-to-date: /home/toyat/dev/vrx_ros2/vrx_ws/install/share/vrx_gazebo/models/sensor_post/mesh/sensor_post.dae\n'}
[0.471288] (vrx_gazebo) StdoutLine: {'line': b'-- Up-to-date: /home/toyat/dev/vrx_ros2/vrx_ws/install/share/vrx_gazebo/models/sensor_post/mesh/sensor_post_arm.dae\n'}
[0.471342] (vrx_gazebo) StdoutLine: {'line': b'-- Up-to-date: /home/toyat/dev/vrx_ros2/vrx_ws/install/share/vrx_gazebo/models/sensor_post/mesh/sensor_post.png\n'}
[0.471396] (vrx_gazebo) StdoutLine: {'line': b'-- Up-to-date: /home/toyat/dev/vrx_ros2/vrx_ws/install/share/vrx_gazebo/models/battery\n'}
[0.471452] (vrx_gazebo) StdoutLine: {'line': b'-- Up-to-date: /home/toyat/dev/vrx_ros2/vrx_ws/install/share/vrx_gazebo/models/battery/model.sdf\n'}
[0.471506] (vrx_gazebo) StdoutLine: {'line': b'-- Up-to-date: /home/toyat/dev/vrx_ros2/vrx_ws/install/share/vrx_gazebo/models/battery/model.config\n'}
[0.471561] (vrx_gazebo) StdoutLine: {'line': b'-- Up-to-date: /home/toyat/dev/vrx_ros2/vrx_ws/install/share/vrx_gazebo/models/battery/mesh\n'}
[0.471628] (vrx_gazebo) StdoutLine: {'line': b'-- Up-to-date: /home/toyat/dev/vrx_ros2/vrx_ws/install/share/vrx_gazebo/models/battery/mesh/battery_Normal.png\n'}
[0.471684] (vrx_gazebo) StdoutLine: {'line': b'-- Up-to-date: /home/toyat/dev/vrx_ros2/vrx_ws/install/share/vrx_gazebo/models/battery/mesh/battery_Roughness.png\n'}
[0.471739] (vrx_gazebo) StdoutLine: {'line': b'-- Up-to-date: /home/toyat/dev/vrx_ros2/vrx_ws/install/share/vrx_gazebo/models/battery/mesh/battery_Albedo.png\n'}
[0.471794] (vrx_gazebo) StdoutLine: {'line': b'-- Up-to-date: /home/toyat/dev/vrx_ros2/vrx_ws/install/share/vrx_gazebo/models/battery/mesh/battery.png\n'}
[0.471848] (vrx_gazebo) StdoutLine: {'line': b'-- Up-to-date: /home/toyat/dev/vrx_ros2/vrx_ws/install/share/vrx_gazebo/models/battery/mesh/battery_Metalness.png\n'}
[0.471902] (vrx_gazebo) StdoutLine: {'line': b'-- Up-to-date: /home/toyat/dev/vrx_ros2/vrx_ws/install/share/vrx_gazebo/models/battery/mesh/battery.dae\n'}
[0.471957] (vrx_gazebo) StdoutLine: {'line': b'-- Up-to-date: /home/toyat/dev/vrx_ros2/vrx_ws/install/share/vrx_gazebo/models/cpu_cases\n'}
[0.472012] (vrx_gazebo) StdoutLine: {'line': b'-- Up-to-date: /home/toyat/dev/vrx_ros2/vrx_ws/install/share/vrx_gazebo/models/cpu_cases/model.sdf\n'}
[0.472068] (vrx_gazebo) StdoutLine: {'line': b'-- Up-to-date: /home/toyat/dev/vrx_ros2/vrx_ws/install/share/vrx_gazebo/models/cpu_cases/model.config\n'}
[0.472127] (vrx_gazebo) StdoutLine: {'line': b'-- Up-to-date: /home/toyat/dev/vrx_ros2/vrx_ws/install/share/vrx_gazebo/models/cpu_cases/mesh\n'}
[0.472183] (vrx_gazebo) StdoutLine: {'line': b'-- Up-to-date: /home/toyat/dev/vrx_ros2/vrx_ws/install/share/vrx_gazebo/models/cpu_cases/mesh/cpu_cases.dae\n'}
[0.472237] (vrx_gazebo) StdoutLine: {'line': b'-- Up-to-date: /home/toyat/dev/vrx_ros2/vrx_ws/install/share/vrx_gazebo/models/cpu_cases/mesh/cpu_cases_Albedo.png\n'}
[0.472293] (vrx_gazebo) StdoutLine: {'line': b'-- Up-to-date: /home/toyat/dev/vrx_ros2/vrx_ws/install/share/vrx_gazebo/models/cpu_cases/mesh/cpu_cases_Metalness.png\n'}
[0.472352] (vrx_gazebo) StdoutLine: {'line': b'-- Up-to-date: /home/toyat/dev/vrx_ros2/vrx_ws/install/share/vrx_gazebo/models/cpu_cases/mesh/cpu_cases_Roughness.png\n'}
[0.472406] (vrx_gazebo) StdoutLine: {'line': b'-- Up-to-date: /home/toyat/dev/vrx_ros2/vrx_ws/install/share/vrx_gazebo/models/cpu_cases/mesh/cpu_cases_Normal.png\n'}
[0.472461] (vrx_gazebo) StdoutLine: {'line': b'-- Up-to-date: /home/toyat/dev/vrx_ros2/vrx_ws/install/share/vrx_gazebo/models/cpu_cases/mesh/cpu_cases.png\n'}
[0.472515] (vrx_gazebo) StdoutLine: {'line': b'-- Up-to-date: /home/toyat/dev/vrx_ros2/vrx_ws/install/share/vrx_gazebo/launch\n'}
[0.472574] (vrx_gazebo) StdoutLine: {'line': b'-- Up-to-date: /home/toyat/dev/vrx_ros2/vrx_ws/install/share/vrx_gazebo/launch/generate_wamv.launch.py\n'}
[0.472638] (vrx_gazebo) StdoutLine: {'line': b'-- Up-to-date: /home/toyat/dev/vrx_ros2/vrx_ws/install/share/vrx_gazebo/launch/rviz.launch.py\n'}
[0.472693] (vrx_gazebo) StdoutLine: {'line': b'-- Up-to-date: /home/toyat/dev/vrx_ros2/vrx_ws/install/share/vrx_gazebo/config\n'}
[0.472749] (vrx_gazebo) StdoutLine: {'line': b'-- Up-to-date: /home/toyat/dev/vrx_ros2/vrx_ws/install/share/vrx_gazebo/config/rviz_vrx_rsp.rviz\n'}
[0.472806] (vrx_gazebo) StdoutLine: {'line': b'-- Up-to-date: /home/toyat/dev/vrx_ros2/vrx_ws/install/share/vrx_gazebo/config/rviz_vrx_final.rviz\n'}
[0.472861] (vrx_gazebo) StdoutLine: {'line': b'-- Up-to-date: /home/toyat/dev/vrx_ros2/vrx_ws/install/share/vrx_gazebo/config/wamv_config\n'}
[0.472923] (vrx_gazebo) StdoutLine: {'line': b'-- Up-to-date: /home/toyat/dev/vrx_ros2/vrx_ws/install/share/vrx_gazebo/config/wamv_config/component_compliance\n'}
[0.472978] (vrx_gazebo) StdoutLine: {'line': b'-- Up-to-date: /home/toyat/dev/vrx_ros2/vrx_ws/install/share/vrx_gazebo/config/wamv_config/component_compliance/numeric.yaml\n'}
[0.473033] (vrx_gazebo) StdoutLine: {'line': b'-- Up-to-date: /home/toyat/dev/vrx_ros2/vrx_ws/install/share/vrx_gazebo/config/wamv_config/component_compliance/bounding_boxes.yaml\n'}
[0.473088] (vrx_gazebo) StdoutLine: {'line': b'-- Up-to-date: /home/toyat/dev/vrx_ros2/vrx_ws/install/share/vrx_gazebo/config/wamv_config/thruster_compliance\n'}
[0.473143] (vrx_gazebo) StdoutLine: {'line': b'-- Up-to-date: /home/toyat/dev/vrx_ros2/vrx_ws/install/share/vrx_gazebo/config/wamv_config/thruster_compliance/numeric.yaml\n'}
[0.473197] (vrx_gazebo) StdoutLine: {'line': b'-- Up-to-date: /home/toyat/dev/vrx_ros2/vrx_ws/install/share/vrx_gazebo/config/wamv_config/thruster_compliance/bounding_boxes.yaml\n'}
[0.473253] (vrx_gazebo) StdoutLine: {'line': b'-- Up-to-date: /home/toyat/dev/vrx_ros2/vrx_ws/install/share/vrx_gazebo/config/wamv_config/example_thruster_config.yaml\n'}
[0.473309] (vrx_gazebo) StdoutLine: {'line': b'-- Up-to-date: /home/toyat/dev/vrx_ros2/vrx_ws/install/share/vrx_gazebo/config/wamv_config/example_component_config.yaml\n'}
[0.473364] (vrx_gazebo) StdoutLine: {'line': b'-- Up-to-date: /home/toyat/dev/vrx_ros2/vrx_ws/install/lib/vrx_gazebo/generate_wamv.py\n'}
[0.473418] (vrx_gazebo) StdoutLine: {'line': b'-- Up-to-date: /home/toyat/dev/vrx_ros2/vrx_ws/install/share/vrx_gazebo/environment/pythonpath.sh\n'}
[0.473474] (vrx_gazebo) StdoutLine: {'line': b'-- Up-to-date: /home/toyat/dev/vrx_ros2/vrx_ws/install/share/vrx_gazebo/environment/pythonpath.dsv\n'}
[0.473528] (vrx_gazebo) StdoutLine: {'line': b'-- Up-to-date: /home/toyat/dev/vrx_ros2/vrx_ws/install/lib/python3.12/site-packages/vrx_gazebo-1.3.0-py3.12.egg-info\n'}
[0.473590] (vrx_gazebo) StdoutLine: {'line': b'-- Installing: /home/toyat/dev/vrx_ros2/vrx_ws/install/lib/python3.12/site-packages/vrx_gazebo-1.3.0-py3.12.egg-info/dependency_links.txt\n'}
[0.473648] (vrx_gazebo) StdoutLine: {'line': b'-- Installing: /home/toyat/dev/vrx_ros2/vrx_ws/install/lib/python3.12/site-packages/vrx_gazebo-1.3.0-py3.12.egg-info/SOURCES.txt\n'}
[0.473703] (vrx_gazebo) StdoutLine: {'line': b'-- Installing: /home/toyat/dev/vrx_ros2/vrx_ws/install/lib/python3.12/site-packages/vrx_gazebo-1.3.0-py3.12.egg-info/top_level.txt\n'}
[0.473760] (vrx_gazebo) StdoutLine: {'line': b'-- Installing: /home/toyat/dev/vrx_ros2/vrx_ws/install/lib/python3.12/site-packages/vrx_gazebo-1.3.0-py3.12.egg-info/PKG-INFO\n'}
[0.473821] (vrx_gazebo) StdoutLine: {'line': b'-- Up-to-date: /home/toyat/dev/vrx_ros2/vrx_ws/install/lib/python3.12/site-packages/vrx_gazebo\n'}
[0.473875] (vrx_gazebo) StdoutLine: {'line': b'-- Up-to-date: /home/toyat/dev/vrx_ros2/vrx_ws/install/lib/python3.12/site-packages/vrx_gazebo/utils.py\n'}
[0.473929] (vrx_gazebo) StdoutLine: {'line': b'-- Up-to-date: /home/toyat/dev/vrx_ros2/vrx_ws/install/lib/python3.12/site-packages/vrx_gazebo/__init__.py\n'}
[0.473984] (vrx_gazebo) StdoutLine: {'line': b'-- Up-to-date: /home/toyat/dev/vrx_ros2/vrx_ws/install/lib/python3.12/site-packages/vrx_gazebo/configure_wamv.py\n'}
[0.474041] (vrx_gazebo) StdoutLine: {'line': b'-- Up-to-date: /home/toyat/dev/vrx_ros2/vrx_ws/install/lib/python3.12/site-packages/vrx_gazebo/compliance.py\n'}
[0.492529] (vrx_ros) StderrLine: {'line': b'In file included from \x1b[01m\x1b[K/usr/include/c++/11/memory:76\x1b[m\x1b[K,\n'}
[0.492861] (vrx_ros) StderrLine: {'line': b'                 from \x1b[01m\x1b[K/opt/ros/jazzy/include/geometry_msgs/geometry_msgs/msg/detail/transform_stamped__struct.hpp:13\x1b[m\x1b[K,\n'}
[0.492953] (vrx_ros) StderrLine: {'line': b'                 from \x1b[01m\x1b[K/opt/ros/jazzy/include/geometry_msgs/geometry_msgs/msg/transform_stamped.hpp:7\x1b[m\x1b[K,\n'}
[0.493031] (vrx_ros) StderrLine: {'line': b'                 from \x1b[01m\x1b[K/home/toyat/dev/vrx_ros2/vrx_ws/src/vrx/vrx_ros/src/pose_tf_broadcaster.cc:18\x1b[m\x1b[K:\n'}
[0.493107] (vrx_ros) StderrLine: {'line': b'\x1b[01m\x1b[K/usr/include/c++/11/bits/unique_ptr.h:486:15:\x1b[m\x1b[K \x1b[01;31m\x1b[Kerror: \x1b[m\x1b[Kexpected identifier before \xe2\x80\x98\x1b[01m\x1b[K__remove_cv\x1b[m\x1b[K\xe2\x80\x99\n'}
[0.493183] (vrx_ros) StderrLine: {'line': b'  486 |         using \x1b[01;31m\x1b[K__remove_cv\x1b[m\x1b[K = typename remove_cv<_Up>::type;\n'}
[0.493259] (vrx_ros) StderrLine: {'line': b'      |               \x1b[01;31m\x1b[K^~~~~~~~~~~\x1b[m\x1b[K\n'}
[0.493332] (vrx_ros) StderrLine: {'line': b'\x1b[01m\x1b[K/usr/include/c++/11/bits/unique_ptr.h:486:27:\x1b[m\x1b[K \x1b[01;31m\x1b[Kerror: \x1b[m\x1b[Kexpected \xe2\x80\x98\x1b[01m\x1b[K(\x1b[m\x1b[K\xe2\x80\x99 before \xe2\x80\x98\x1b[01m\x1b[K=\x1b[m\x1b[K\xe2\x80\x99 token\n'}
[0.493407] (vrx_ros) StderrLine: {'line': b'  486 |         using __remove_cv \x1b[01;31m\x1b[K=\x1b[m\x1b[K typename remove_cv<_Up>::type;\n'}
[0.493481] (vrx_ros) StderrLine: {'line': b'      |                           \x1b[01;31m\x1b[K^\x1b[m\x1b[K\n'}
[0.493556] (vrx_ros) StderrLine: {'line': b'      |                           \x1b[32m\x1b[K(\x1b[m\x1b[K\n'}
[0.493635] (vrx_ros) StderrLine: {'line': b'\x1b[01m\x1b[K/usr/include/c++/11/bits/unique_ptr.h:486:27:\x1b[m\x1b[K \x1b[01;31m\x1b[Kerror: \x1b[m\x1b[Kexpected type-specifier before \xe2\x80\x98\x1b[01m\x1b[K=\x1b[m\x1b[K\xe2\x80\x99 token\n'}
[0.493695] (vrx_ros) StderrLine: {'line': b'\x1b[01m\x1b[K/usr/include/c++/11/bits/unique_ptr.h:486:27:\x1b[m\x1b[K \x1b[01;31m\x1b[Kerror: \x1b[m\x1b[Kexpected unqualified-id before \xe2\x80\x98\x1b[01m\x1b[K=\x1b[m\x1b[K\xe2\x80\x99 token\n'}
[0.493754] (vrx_ros) StderrLine: {'line': b'\x1b[01m\x1b[K/usr/include/c++/11/bits/unique_ptr.h:492:69:\x1b[m\x1b[K \x1b[01;31m\x1b[Kerror: \x1b[m\x1b[Kwrong number of template arguments (1, should be 2)\n'}
[0.493813] (vrx_ros) StderrLine: {'line': b'  492 |                     __not_<is_same<__remove_cv<_Tp>, __remove_cv<_Up\x1b[01;31m\x1b[K>>\x1b[m\x1b[K> >;\n'}
[0.493872] (vrx_ros) StderrLine: {'line': b'      |                                                                     \x1b[01;31m\x1b[K^~\x1b[m\x1b[K\n'}
[0.493929] (vrx_ros) StderrLine: {'line': b'In file included from \x1b[01m\x1b[K/usr/include/c++/11/bits/move.h:57\x1b[m\x1b[K,\n'}
[0.493988] (vrx_ros) StderrLine: {'line': b'                 from \x1b[01m\x1b[K/usr/include/c++/11/bits/stl_pair.h:59\x1b[m\x1b[K,\n'}
[0.494045] (vrx_ros) StderrLine: {'line': b'                 from \x1b[01m\x1b[K/usr/include/c++/11/utility:70\x1b[m\x1b[K,\n'}
[0.494120] (vrx_ros) StderrLine: {'line': b'                 from \x1b[01m\x1b[K/usr/include/c++/11/algorithm:60\x1b[m\x1b[K,\n'}
[0.494178] (vrx_ros) StderrLine: {'line': b'                 from \x1b[01m\x1b[K/opt/ros/jazzy/include/geometry_msgs/geometry_msgs/msg/detail/transform_stamped__struct.hpp:11\x1b[m\x1b[K:\n'}
[0.494235] (vrx_ros) StderrLine: {'line': b'\x1b[01m\x1b[K/usr/include/c++/11/type_traits:614:12:\x1b[m\x1b[K \x1b[01;36m\x1b[Knote: \x1b[m\x1b[Kprovided for \xe2\x80\x98\x1b[01m\x1b[Ktemplate<class, class> struct std::is_same\x1b[m\x1b[K\xe2\x80\x99\n'}
[0.494292] (vrx_ros) StderrLine: {'line': b'  614 |     struct \x1b[01;36m\x1b[Kis_same\x1b[m\x1b[K;\n'}
[0.494348] (vrx_ros) StderrLine: {'line': b'      |            \x1b[01;36m\x1b[K^~~~~~~\x1b[m\x1b[K\n'}
[0.494404] (vrx_ros) StderrLine: {'line': b'\x1b[01m\x1b[K/usr/include/c++/11/bits/unique_ptr.h:492:71:\x1b[m\x1b[K \x1b[01;31m\x1b[Kerror: \x1b[m\x1b[Ktemplate argument 1 is invalid\n'}
[0.494461] (vrx_ros) StderrLine: {'line': b'  492 |                     __not_<is_same<__remove_cv<_Tp>, __remove_cv<_Up>>\x1b[01;31m\x1b[K>\x1b[m\x1b[K >;\n'}
[0.494518] (vrx_ros) StderrLine: {'line': b'      |                                                                       \x1b[01;31m\x1b[K^\x1b[m\x1b[K\n'}
[0.494581] (vrx_ros) StderrLine: {'line': b'\x1b[01m\x1b[K/usr/include/c++/11/bits/unique_ptr.h:492:73:\x1b[m\x1b[K \x1b[01;31m\x1b[Kerror: \x1b[m\x1b[Ktemplate argument 2 is invalid\n'}
[0.494645] (vrx_ros) StderrLine: {'line': b'  492 |                     __not_<is_same<__remove_cv<_Tp>, __remove_cv<_Up>>> \x1b[01;31m\x1b[K>\x1b[m\x1b[K;\n'}
[0.494701] (vrx_ros) StderrLine: {'line': b'      |                                                                         \x1b[01;31m\x1b[K^\x1b[m\x1b[K\n'}
[0.496892] (vrx_ros) StderrLine: {'line': b'In file included from \x1b[01m\x1b[K/usr/include/c++/11/memory:76\x1b[m\x1b[K,\n'}
[0.497039] (vrx_ros) StderrLine: {'line': b'                 from \x1b[01m\x1b[K/opt/ros/jazzy/include/geometry_msgs/geometry_msgs/msg/detail/transform_stamped__struct.hpp:13\x1b[m\x1b[K,\n'}
[0.497108] (vrx_ros) StderrLine: {'line': b'                 from \x1b[01m\x1b[K/opt/ros/jazzy/include/geometry_msgs/geometry_msgs/msg/transform_stamped.hpp:7\x1b[m\x1b[K,\n'}
[0.497172] (vrx_ros) StderrLine: {'line': b'                 from \x1b[01m\x1b[K/home/toyat/dev/vrx_ros2/vrx_ws/src/vrx/vrx_ros/src/optical_frame_publisher.cc:18\x1b[m\x1b[K:\n'}
[0.497291] (vrx_ros) StderrLine: {'line': b'\x1b[01m\x1b[K/usr/include/c++/11/bits/unique_ptr.h:486:15:\x1b[m\x1b[K \x1b[01;31m\x1b[Kerror: \x1b[m\x1b[Kexpected identifier before \xe2\x80\x98\x1b[01m\x1b[K__remove_cv\x1b[m\x1b[K\xe2\x80\x99\n'}
[0.497356] (vrx_ros) StderrLine: {'line': b'  486 |         using \x1b[01;31m\x1b[K__remove_cv\x1b[m\x1b[K = typename remove_cv<_Up>::type;\n'}
[0.497417] (vrx_ros) StderrLine: {'line': b'      |               \x1b[01;31m\x1b[K^~~~~~~~~~~\x1b[m\x1b[K\n'}
[0.497479] (vrx_ros) StderrLine: {'line': b'\x1b[01m\x1b[K/usr/include/c++/11/bits/unique_ptr.h:486:27:\x1b[m\x1b[K \x1b[01;31m\x1b[Kerror: \x1b[m\x1b[Kexpected \xe2\x80\x98\x1b[01m\x1b[K(\x1b[m\x1b[K\xe2\x80\x99 before \xe2\x80\x98\x1b[01m\x1b[K=\x1b[m\x1b[K\xe2\x80\x99 token\n'}
[0.497542] (vrx_ros) StderrLine: {'line': b'  486 |         using __remove_cv \x1b[01;31m\x1b[K=\x1b[m\x1b[K typename remove_cv<_Up>::type;\n'}
[0.497663] (vrx_ros) StderrLine: {'line': b'      |                           \x1b[01;31m\x1b[K^\x1b[m\x1b[K\n'}
[0.497726] (vrx_ros) StderrLine: {'line': b'      |                           \x1b[32m\x1b[K(\x1b[m\x1b[K\n'}
[0.497784] (vrx_ros) StderrLine: {'line': b'\x1b[01m\x1b[K/usr/include/c++/11/bits/unique_ptr.h:486:27:\x1b[m\x1b[K \x1b[01;31m\x1b[Kerror: \x1b[m\x1b[Kexpected type-specifier before \xe2\x80\x98\x1b[01m\x1b[K=\x1b[m\x1b[K\xe2\x80\x99 token\n'}
[0.497846] (vrx_ros) StderrLine: {'line': b'\x1b[01m\x1b[K/usr/include/c++/11/bits/unique_ptr.h:486:27:\x1b[m\x1b[K \x1b[01;31m\x1b[Kerror: \x1b[m\x1b[Kexpected unqualified-id before \xe2\x80\x98\x1b[01m\x1b[K=\x1b[m\x1b[K\xe2\x80\x99 token\n'}
[0.497907] (vrx_ros) StderrLine: {'line': b'\x1b[01m\x1b[K/usr/include/c++/11/bits/unique_ptr.h:492:69:\x1b[m\x1b[K \x1b[01;31m\x1b[Kerror: \x1b[m\x1b[Kwrong number of template arguments (1, should be 2)\n'}
[0.497964] (vrx_ros) StderrLine: {'line': b'  492 |                __not_<is_same<__remove_cv<_Tp>, __remove_cv<_Up\x1b[01;31m\x1b[K>>\x1b[m\x1b[K> >;\n'}
[0.498022] (vrx_ros) StderrLine: {'line': b'      |                                                                \x1b[01;31m\x1b[K^~\x1b[m\x1b[K\n'}
[0.498079] (vrx_ros) StderrLine: {'line': b'\n'}
[0.498137] (vrx_ros) StderrLine: {'line': b'In file included from \x1b[01m\x1b[K/usr/include/c++/11/bits/move.h:57\x1b[m\x1b[K,\n'}
[0.498195] (vrx_ros) StderrLine: {'line': b'                 from \x1b[01m\x1b[K/usr/include/c++/11/bits/stl_pair.h:59\x1b[m\x1b[K,\n'}
[0.498253] (vrx_ros) StderrLine: {'line': b'                 from \x1b[01m\x1b[K/usr/include/c++/11/utility:70\x1b[m\x1b[K,\n'}
[0.498310] (vrx_ros) StderrLine: {'line': b'                 from \x1b[01m\x1b[K/usr/include/c++/11/algorithm:60\x1b[m\x1b[K,\n'}
[0.498368] (vrx_ros) StderrLine: {'line': b'                 from \x1b[01m\x1b[K/opt/ros/jazzy/include/geometry_msgs/geometry_msgs/msg/detail/transform_stamped__struct.hpp:11\x1b[m\x1b[K:\n'}
[0.498427] (vrx_ros) StderrLine: {'line': b'\x1b[01m\x1b[K/usr/include/c++/11/type_traits:614:12:\x1b[m\x1b[K \x1b[01;36m\x1b[Knote: \x1b[m\x1b[Kprovided for \xe2\x80\x98\x1b[01m\x1b[Ktemplate<class, class> struct std::is_same\x1b[m\x1b[K\xe2\x80\x99\n'}
[0.498486] (vrx_ros) StderrLine: {'line': b'  614 |     struct \x1b[01;36m\x1b[Kis_same\x1b[m\x1b[K;\n'}
[0.498542] (vrx_ros) StderrLine: {'line': b'      |            \x1b[01;36m\x1b[K^~~~~~~\x1b[m\x1b[K\n'}
[0.498608] (vrx_ros) StderrLine: {'line': b'\x1b[01m\x1b[K/usr/include/c++/11/bits/unique_ptr.h:492:71:\x1b[m\x1b[K \x1b[01;31m\x1b[Kerror: \x1b[m\x1b[Ktemplate argument 1 is invalid\n'}
[0.498666] (vrx_ros) StderrLine: {'line': b'  492 |                __not_<is_same<__remove_cv<_Tp>, __remove_cv<_Up>>\x1b[01;31m\x1b[K>\x1b[m\x1b[K >;\n'}
[0.498723] (vrx_ros) StderrLine: {'line': b'      |                                                                  \x1b[01;31m\x1b[K^\x1b[m\x1b[K\n'}
[0.498778] (vrx_ros) StderrLine: {'line': b'\n'}
[0.498834] (vrx_ros) StderrLine: {'line': b'\x1b[01m\x1b[K/usr/include/c++/11/bits/unique_ptr.h:492:73:\x1b[m\x1b[K \x1b[01;31m\x1b[Kerror: \x1b[m\x1b[Ktemplate argument 2 is invalid\n'}
[0.498891] (vrx_ros) StderrLine: {'line': b'  492 |                __not_<is_same<__remove_cv<_Tp>, __remove_cv<_Up>>> \x1b[01;31m\x1b[K>\x1b[m\x1b[K;\n'}
[0.498948] (vrx_ros) StderrLine: {'line': b'      |                                                                    \x1b[01;31m\x1b[K^\x1b[m\x1b[K\n'}
[0.499002] (vrx_ros) StderrLine: {'line': b'\n'}
[0.500473] (-) TimerEvent: {}
[0.505320] (vrx_gazebo) StdoutLine: {'line': b"Listing '/home/toyat/dev/vrx_ros2/vrx_ws/install/lib/python3.12/site-packages/vrx_gazebo'...\n"}
[0.511385] (vrx_gazebo) StdoutLine: {'line': b'-- Up-to-date: /home/toyat/dev/vrx_ros2/vrx_ws/install/share/ament_index/resource_index/package_run_dependencies/vrx_gazebo\n'}
[0.511605] (vrx_gazebo) StdoutLine: {'line': b'-- Up-to-date: /home/toyat/dev/vrx_ros2/vrx_ws/install/share/ament_index/resource_index/parent_prefix_path/vrx_gazebo\n'}
[0.511690] (vrx_gazebo) StdoutLine: {'line': b'-- Up-to-date: /home/toyat/dev/vrx_ros2/vrx_ws/install/share/vrx_gazebo/environment/ament_prefix_path.sh\n'}
[0.511812] (vrx_gazebo) StdoutLine: {'line': b'-- Up-to-date: /home/toyat/dev/vrx_ros2/vrx_ws/install/share/vrx_gazebo/environment/ament_prefix_path.dsv\n'}
[0.511887] (vrx_gazebo) StdoutLine: {'line': b'-- Up-to-date: /home/toyat/dev/vrx_ros2/vrx_ws/install/share/vrx_gazebo/environment/path.sh\n'}
[0.511957] (vrx_gazebo) StdoutLine: {'line': b'-- Up-to-date: /home/toyat/dev/vrx_ros2/vrx_ws/install/share/vrx_gazebo/environment/path.dsv\n'}
[0.512081] (vrx_gazebo) StdoutLine: {'line': b'-- Up-to-date: /home/toyat/dev/vrx_ros2/vrx_ws/install/share/vrx_gazebo/local_setup.bash\n'}
[0.512180] (vrx_gazebo) StdoutLine: {'line': b'-- Up-to-date: /home/toyat/dev/vrx_ros2/vrx_ws/install/share/vrx_gazebo/local_setup.sh\n'}
[0.512247] (vrx_gazebo) StdoutLine: {'line': b'-- Up-to-date: /home/toyat/dev/vrx_ros2/vrx_ws/install/share/vrx_gazebo/local_setup.zsh\n'}
[0.512313] (vrx_gazebo) StdoutLine: {'line': b'-- Up-to-date: /home/toyat/dev/vrx_ros2/vrx_ws/install/share/vrx_gazebo/local_setup.dsv\n'}
[0.512378] (vrx_gazebo) StdoutLine: {'line': b'-- Installing: /home/toyat/dev/vrx_ros2/vrx_ws/install/share/vrx_gazebo/package.dsv\n'}
[0.512437] (vrx_gazebo) StdoutLine: {'line': b'-- Up-to-date: /home/toyat/dev/vrx_ros2/vrx_ws/install/share/ament_index/resource_index/packages/vrx_gazebo\n'}
[0.512493] (vrx_gazebo) StdoutLine: {'line': b'-- Up-to-date: /home/toyat/dev/vrx_ros2/vrx_ws/install/share/vrx_gazebo/cmake/vrx_gazeboConfig.cmake\n'}
[0.512550] (vrx_gazebo) StdoutLine: {'line': b'-- Up-to-date: /home/toyat/dev/vrx_ros2/vrx_ws/install/share/vrx_gazebo/cmake/vrx_gazeboConfig-version.cmake\n'}
[0.512624] (vrx_gazebo) StdoutLine: {'line': b'-- Up-to-date: /home/toyat/dev/vrx_ros2/vrx_ws/install/share/vrx_gazebo/package.xml\n'}
[0.513702] (vrx_gazebo) CommandEnded: {'returncode': 0}
[0.543155] (vrx_gazebo) JobEnded: {'identifier': 'vrx_gazebo', 'rc': 0}
[0.543942] (wamv_description) JobStarted: {'identifier': 'wamv_description'}
[0.550162] (wamv_description) JobProgress: {'identifier': 'wamv_description', 'progress': 'cmake'}
[0.550626] (wamv_description) JobProgress: {'identifier': 'wamv_description', 'progress': 'build'}
[0.550785] (wamv_description) Command: {'cmd': ['/usr/bin/cmake', '--build', '/home/toyat/dev/vrx_ros2/vrx_ws/build/wamv_description', '--', '-j8', '-l8'], 'cwd': '/home/toyat/dev/vrx_ros2/vrx_ws/build/wamv_description', 'env': OrderedDict({'LANGUAGE': 'en_US:en', 'LC_TIME': 'en_US.UTF-8', 'USER': 'toyat', 'GZ_SIM_RESOURCE_PATH': '/home/toyat/dev/vrx_ros2/vrx_ws/install/share/vrx_gazebo/models:/home/toyat/dev/vrx_ros2/vrx_ws/install/share', 'XDG_SEAT': 'seat0', 'GZ_CONFIG_PATH': '/opt/ros/jazzy/opt/gz_sim_vendor/share/gz:/opt/ros/jazzy/opt/sdformat_vendor/share/gz:/opt/ros/jazzy/opt/gz_gui_vendor/share/gz:/opt/ros/jazzy/opt/gz_transport_vendor/share/gz:/opt/ros/jazzy/opt/gz_rendering_vendor/share/gz:/opt/ros/jazzy/opt/gz_plugin_vendor/share/gz:/opt/ros/jazzy/opt/gz_fuel_tools_vendor/share/gz:/opt/ros/jazzy/opt/gz_msgs_vendor/share/gz:/opt/ros/jazzy/opt/gz_common_vendor/share/gz', 'MATHEMATICA_HOME': '/usr/share/Wolfram/Documentation/13.3/en-us', 'XDG_SESSION_TYPE': 'x11', 'SHLVL': '1', 'LD_LIBRARY_PATH': '/opt/ros/jazzy/opt/gz_sim_vendor/lib:/opt/ros/jazzy/opt/gz_sensors_vendor/lib:/opt/ros/jazzy/opt/gz_physics_vendor/lib:/opt/ros/jazzy/opt/sdformat_vendor/lib:/opt/ros/jazzy/opt/rviz_ogre_vendor/lib:/opt/ros/jazzy/lib/x86_64-linux-gnu:/opt/ros/jazzy/opt/gz_gui_vendor/lib:/opt/ros/jazzy/opt/gz_transport_vendor/lib:/opt/ros/jazzy/opt/gz_rendering_vendor/lib:/opt/ros/jazzy/opt/gz_plugin_vendor/lib:/opt/ros/jazzy/opt/gz_fuel_tools_vendor/lib:/opt/ros/jazzy/opt/gz_msgs_vendor/lib:/opt/ros/jazzy/opt/gz_common_vendor/lib:/opt/ros/jazzy/opt/gz_math_vendor/lib:/opt/ros/jazzy/opt/gz_utils_vendor/lib:/opt/ros/jazzy/opt/gz_tools_vendor/lib:/opt/ros/jazzy/opt/gz_ogre_next_vendor/lib:/opt/ros/jazzy/opt/gz_dartsim_vendor/lib:/opt/ros/jazzy/opt/gz_cmake_vendor/lib:/opt/ros/jazzy/lib::/usr/local/lib', 'HOME': '/home/toyat', 'OLDPWD': '/home/toyat/dev/vrx_ros2/vrx_ws/src', 'DESKTOP_SESSION': 'i3', 'GTK_MODULES': 'gail:atk-bridge', 'ROS_PYTHON_VERSION': '3', 'LC_MONETARY': 'en_US.UTF-8', 'DBUS_SESSION_BUS_ADDRESS': 'unix:path=/run/user/1000/bus', 'GSM_SKIP_SSH_AGENT_WORKAROUND': 'true', 'P9K_TTY': 'old', 'COLORTERM': 'truecolor', 'DEBUGINFOD_URLS': 'https://debuginfod.ubuntu.com', 'ZPFX': '/home/toyat/.local/share/zinit/polaris', 'NVM_DIR': '/home/toyat/.nvm', 'CPLUS_INCLUDE_PATH': '/usr/include/c++/11:/usr/include/x86_64-linux-gnu/c++/11', '_colcon_cd_root': '/opt/ros/jazzy/', 'MANDATORY_PATH': '/usr/share/gconf/i3.mandatory.path', 'ROS_DISTRO': 'jazzy', 'ALACRITTY_SOCKET': '/run/user/1000/Alacritty-:0-40781.sock', 'GTK_IM_MODULE': 'ibus', 'LOGNAME': 'toyat', 'WINDOWID': '56623109', '_P9K_SSH_TTY': '/dev/pts/2', '_': '/usr/bin/colcon', 'DEFAULTS_PATH': '/usr/share/gconf/i3.default.path', 'XDG_SESSION_CLASS': 'user', 'ROS_VERSION': '2', 'ALACRITTY_LOG': '/tmp/Alacritty-40781.log', 'TERM': 'alacritty', 'USERNAME': 'toyat', 'XDG_SESSION_ID': '2', 'WINDOWPATH': '2', 'ZSH_CACHE_DIR': '/home/toyat/.cache/zinit', 'PMSPEC': '0uUpiPsf', 'PATH': '/opt/ros/jazzy/opt/gz_msgs_vendor/bin:/opt/ros/jazzy/opt/gz_tools_vendor/bin:/opt/ros/jazzy/opt/gz_ogre_next_vendor/bin:/opt/ros/jazzy/bin:/home/toyat/.local/share/zinit/polaris/bin:/home/toyat/.cargo/bin:/home/toyat/.local/bin:/usr/local/sbin:/usr/local/bin:/usr/sbin:/usr/bin:/sbin:/bin:/usr/games:/usr/local/games:/snap/bin:/snap/bin:/home/toyat/.fzf/bin:/home/toyat/.platformio/penv/bin', 'PAPERSIZE': 'letter', 'LC_ADDRESS': 'en_US.UTF-8', 'XDG_RUNTIME_DIR': '/run/user/1000', 'DISPLAY': ':0', 'LANG': 'en_US.UTF-8', 'LC_TELEPHONE': 'en_US.UTF-8', 'XDG_CURRENT_DESKTOP': 'i3', 'XAUTHORITY': '/run/user/1000/gdm/Xauthority', 'XDG_SESSION_DESKTOP': 'i3', 'XMODIFIERS': '@im=ibus', 'SSH_AUTH_SOCK': '/run/user/1000/gnupg/S.gpg-agent.ssh', 'AMENT_PREFIX_PATH': '/home/toyat/dev/vrx_ros2/vrx_ws/install:/opt/ros/jazzy', 'LC_NAME': 'en_US.UTF-8', 'SHELL': '/usr/bin/zsh', 'GDMSESSION': 'i3', 'QT_ACCESSIBILITY': '1', 'LC_MEASUREMENT': 'en_US.UTF-8', 'GPG_AGENT_INFO': '/run/user/1000/gnupg/S.gpg-agent:0:1', 'LC_IDENTIFICATION': 'en_US.UTF-8', 'P9K_SSH': '0', 'ALACRITTY_WINDOW_ID': '56623109', 'QT_IM_MODULE': 'ibus', 'XDG_VTNR': '2', 'ROS_AUTOMATIC_DISCOVERY_RANGE': 'SUBNET', 'LC_ALL': 'en_US.UTF-8', 'PWD': '/home/toyat/dev/vrx_ros2/vrx_ws/build/wamv_description', 'CLUTTER_IM_MODULE': 'ibus', 'XDG_CONFIG_DIRS': '/etc/xdg/xdg-i3:/etc/xdg', 'XDG_DATA_DIRS': '/usr/share/i3:/usr/share/gnome:/home/toyat/.local/share/flatpak/exports/share:/var/lib/flatpak/exports/share:/usr/local/share/:/usr/share/:/var/lib/snapd/desktop', '_P9K_TTY': '/dev/pts/2', 'LC_NUMERIC': 'en_US.UTF-8', 'QTWEBENGINE_DICTIONARIES_PATH': '/usr/share/hunspell-bdic/', 'PYTHONPATH': '/home/toyat/dev/vrx_ros2/vrx_ws/install/lib/python3.12/site-packages:/opt/ros/jazzy/lib/python3.12/site-packages', 'I3SOCK': '/run/user/1000/i3/ipc-socket.3408', 'LC_PAPER': 'en_US.UTF-8', 'COLCON': '1', 'EDITOR': 'nvim', 'CMAKE_PREFIX_PATH': '/home/toyat/dev/vrx_ros2/vrx_ws/install:/opt/ros/jazzy/opt/gz_sim_vendor:/opt/ros/jazzy/opt/gz_sensors_vendor:/opt/ros/jazzy/opt/gz_physics_vendor:/opt/ros/jazzy/opt/sdformat_vendor:/opt/ros/jazzy/opt/gz_gui_vendor:/opt/ros/jazzy/opt/gz_transport_vendor:/opt/ros/jazzy/opt/gz_rendering_vendor:/opt/ros/jazzy/opt/gz_plugin_vendor:/opt/ros/jazzy/opt/gz_fuel_tools_vendor:/opt/ros/jazzy/opt/gz_msgs_vendor:/opt/ros/jazzy/opt/gz_common_vendor:/opt/ros/jazzy/opt/gz_math_vendor:/opt/ros/jazzy/opt/gz_utils_vendor:/opt/ros/jazzy/opt/gz_tools_vendor:/opt/ros/jazzy/opt/gz_ogre_next_vendor:/opt/ros/jazzy/opt/gz_dartsim_vendor:/opt/ros/jazzy/opt/gz_cmake_vendor:/opt/ros/jazzy'}), 'shell': False}
[0.600617] (-) TimerEvent: {}
[0.602276] (wamv_description) StdoutLine: {'line': b'[100%] Built target wamv_description__xacro_auto_generate\n'}
[0.614451] (wamv_description) CommandEnded: {'returncode': 0}
[0.615132] (wamv_description) JobProgress: {'identifier': 'wamv_description', 'progress': 'install'}
[0.615313] (wamv_description) Command: {'cmd': ['/usr/bin/cmake', '--install', '/home/toyat/dev/vrx_ros2/vrx_ws/build/wamv_description'], 'cwd': '/home/toyat/dev/vrx_ros2/vrx_ws/build/wamv_description', 'env': OrderedDict({'LANGUAGE': 'en_US:en', 'LC_TIME': 'en_US.UTF-8', 'USER': 'toyat', 'GZ_SIM_RESOURCE_PATH': '/home/toyat/dev/vrx_ros2/vrx_ws/install/share/vrx_gazebo/models:/home/toyat/dev/vrx_ros2/vrx_ws/install/share', 'XDG_SEAT': 'seat0', 'GZ_CONFIG_PATH': '/opt/ros/jazzy/opt/gz_sim_vendor/share/gz:/opt/ros/jazzy/opt/sdformat_vendor/share/gz:/opt/ros/jazzy/opt/gz_gui_vendor/share/gz:/opt/ros/jazzy/opt/gz_transport_vendor/share/gz:/opt/ros/jazzy/opt/gz_rendering_vendor/share/gz:/opt/ros/jazzy/opt/gz_plugin_vendor/share/gz:/opt/ros/jazzy/opt/gz_fuel_tools_vendor/share/gz:/opt/ros/jazzy/opt/gz_msgs_vendor/share/gz:/opt/ros/jazzy/opt/gz_common_vendor/share/gz', 'MATHEMATICA_HOME': '/usr/share/Wolfram/Documentation/13.3/en-us', 'XDG_SESSION_TYPE': 'x11', 'SHLVL': '1', 'LD_LIBRARY_PATH': '/opt/ros/jazzy/opt/gz_sim_vendor/lib:/opt/ros/jazzy/opt/gz_sensors_vendor/lib:/opt/ros/jazzy/opt/gz_physics_vendor/lib:/opt/ros/jazzy/opt/sdformat_vendor/lib:/opt/ros/jazzy/opt/rviz_ogre_vendor/lib:/opt/ros/jazzy/lib/x86_64-linux-gnu:/opt/ros/jazzy/opt/gz_gui_vendor/lib:/opt/ros/jazzy/opt/gz_transport_vendor/lib:/opt/ros/jazzy/opt/gz_rendering_vendor/lib:/opt/ros/jazzy/opt/gz_plugin_vendor/lib:/opt/ros/jazzy/opt/gz_fuel_tools_vendor/lib:/opt/ros/jazzy/opt/gz_msgs_vendor/lib:/opt/ros/jazzy/opt/gz_common_vendor/lib:/opt/ros/jazzy/opt/gz_math_vendor/lib:/opt/ros/jazzy/opt/gz_utils_vendor/lib:/opt/ros/jazzy/opt/gz_tools_vendor/lib:/opt/ros/jazzy/opt/gz_ogre_next_vendor/lib:/opt/ros/jazzy/opt/gz_dartsim_vendor/lib:/opt/ros/jazzy/opt/gz_cmake_vendor/lib:/opt/ros/jazzy/lib::/usr/local/lib', 'HOME': '/home/toyat', 'OLDPWD': '/home/toyat/dev/vrx_ros2/vrx_ws/src', 'DESKTOP_SESSION': 'i3', 'GTK_MODULES': 'gail:atk-bridge', 'ROS_PYTHON_VERSION': '3', 'LC_MONETARY': 'en_US.UTF-8', 'DBUS_SESSION_BUS_ADDRESS': 'unix:path=/run/user/1000/bus', 'GSM_SKIP_SSH_AGENT_WORKAROUND': 'true', 'P9K_TTY': 'old', 'COLORTERM': 'truecolor', 'DEBUGINFOD_URLS': 'https://debuginfod.ubuntu.com', 'ZPFX': '/home/toyat/.local/share/zinit/polaris', 'NVM_DIR': '/home/toyat/.nvm', 'CPLUS_INCLUDE_PATH': '/usr/include/c++/11:/usr/include/x86_64-linux-gnu/c++/11', '_colcon_cd_root': '/opt/ros/jazzy/', 'MANDATORY_PATH': '/usr/share/gconf/i3.mandatory.path', 'ROS_DISTRO': 'jazzy', 'ALACRITTY_SOCKET': '/run/user/1000/Alacritty-:0-40781.sock', 'GTK_IM_MODULE': 'ibus', 'LOGNAME': 'toyat', 'WINDOWID': '56623109', '_P9K_SSH_TTY': '/dev/pts/2', '_': '/usr/bin/colcon', 'DEFAULTS_PATH': '/usr/share/gconf/i3.default.path', 'XDG_SESSION_CLASS': 'user', 'ROS_VERSION': '2', 'ALACRITTY_LOG': '/tmp/Alacritty-40781.log', 'TERM': 'alacritty', 'USERNAME': 'toyat', 'XDG_SESSION_ID': '2', 'WINDOWPATH': '2', 'ZSH_CACHE_DIR': '/home/toyat/.cache/zinit', 'PMSPEC': '0uUpiPsf', 'PATH': '/opt/ros/jazzy/opt/gz_msgs_vendor/bin:/opt/ros/jazzy/opt/gz_tools_vendor/bin:/opt/ros/jazzy/opt/gz_ogre_next_vendor/bin:/opt/ros/jazzy/bin:/home/toyat/.local/share/zinit/polaris/bin:/home/toyat/.cargo/bin:/home/toyat/.local/bin:/usr/local/sbin:/usr/local/bin:/usr/sbin:/usr/bin:/sbin:/bin:/usr/games:/usr/local/games:/snap/bin:/snap/bin:/home/toyat/.fzf/bin:/home/toyat/.platformio/penv/bin', 'PAPERSIZE': 'letter', 'LC_ADDRESS': 'en_US.UTF-8', 'XDG_RUNTIME_DIR': '/run/user/1000', 'DISPLAY': ':0', 'LANG': 'en_US.UTF-8', 'LC_TELEPHONE': 'en_US.UTF-8', 'XDG_CURRENT_DESKTOP': 'i3', 'XAUTHORITY': '/run/user/1000/gdm/Xauthority', 'XDG_SESSION_DESKTOP': 'i3', 'XMODIFIERS': '@im=ibus', 'SSH_AUTH_SOCK': '/run/user/1000/gnupg/S.gpg-agent.ssh', 'AMENT_PREFIX_PATH': '/home/toyat/dev/vrx_ros2/vrx_ws/install:/opt/ros/jazzy', 'LC_NAME': 'en_US.UTF-8', 'SHELL': '/usr/bin/zsh', 'GDMSESSION': 'i3', 'QT_ACCESSIBILITY': '1', 'LC_MEASUREMENT': 'en_US.UTF-8', 'GPG_AGENT_INFO': '/run/user/1000/gnupg/S.gpg-agent:0:1', 'LC_IDENTIFICATION': 'en_US.UTF-8', 'P9K_SSH': '0', 'ALACRITTY_WINDOW_ID': '56623109', 'QT_IM_MODULE': 'ibus', 'XDG_VTNR': '2', 'ROS_AUTOMATIC_DISCOVERY_RANGE': 'SUBNET', 'LC_ALL': 'en_US.UTF-8', 'PWD': '/home/toyat/dev/vrx_ros2/vrx_ws/build/wamv_description', 'CLUTTER_IM_MODULE': 'ibus', 'XDG_CONFIG_DIRS': '/etc/xdg/xdg-i3:/etc/xdg', 'XDG_DATA_DIRS': '/usr/share/i3:/usr/share/gnome:/home/toyat/.local/share/flatpak/exports/share:/var/lib/flatpak/exports/share:/usr/local/share/:/usr/share/:/var/lib/snapd/desktop', '_P9K_TTY': '/dev/pts/2', 'LC_NUMERIC': 'en_US.UTF-8', 'QTWEBENGINE_DICTIONARIES_PATH': '/usr/share/hunspell-bdic/', 'PYTHONPATH': '/home/toyat/dev/vrx_ros2/vrx_ws/install/lib/python3.12/site-packages:/opt/ros/jazzy/lib/python3.12/site-packages', 'I3SOCK': '/run/user/1000/i3/ipc-socket.3408', 'LC_PAPER': 'en_US.UTF-8', 'COLCON': '1', 'EDITOR': 'nvim', 'CMAKE_PREFIX_PATH': '/home/toyat/dev/vrx_ros2/vrx_ws/install:/opt/ros/jazzy/opt/gz_sim_vendor:/opt/ros/jazzy/opt/gz_sensors_vendor:/opt/ros/jazzy/opt/gz_physics_vendor:/opt/ros/jazzy/opt/sdformat_vendor:/opt/ros/jazzy/opt/gz_gui_vendor:/opt/ros/jazzy/opt/gz_transport_vendor:/opt/ros/jazzy/opt/gz_rendering_vendor:/opt/ros/jazzy/opt/gz_plugin_vendor:/opt/ros/jazzy/opt/gz_fuel_tools_vendor:/opt/ros/jazzy/opt/gz_msgs_vendor:/opt/ros/jazzy/opt/gz_common_vendor:/opt/ros/jazzy/opt/gz_math_vendor:/opt/ros/jazzy/opt/gz_utils_vendor:/opt/ros/jazzy/opt/gz_tools_vendor:/opt/ros/jazzy/opt/gz_ogre_next_vendor:/opt/ros/jazzy/opt/gz_dartsim_vendor:/opt/ros/jazzy/opt/gz_cmake_vendor:/opt/ros/jazzy'}), 'shell': False}
[0.624331] (wamv_description) StdoutLine: {'line': b'-- Install configuration: ""\n'}
[0.624703] (wamv_description) StdoutLine: {'line': b'-- Up-to-date: /home/toyat/dev/vrx_ros2/vrx_ws/install/share/wamv_description/environment/resource_paths.dsv\n'}
[0.624812] (wamv_description) StdoutLine: {'line': b'-- Up-to-date: /home/toyat/dev/vrx_ros2/vrx_ws/install/share/wamv_description/environment/resource_paths.sh\n'}
[0.624905] (wamv_description) StdoutLine: {'line': b'-- Up-to-date: /home/toyat/dev/vrx_ros2/vrx_ws/install/share/wamv_description/urdf/wamv_base.urdf\n'}
[0.624996] (wamv_description) StdoutLine: {'line': b'-- Up-to-date: /home/toyat/dev/vrx_ros2/vrx_ws/install/share/wamv_description/models\n'}
[0.625103] (wamv_description) StdoutLine: {'line': b'-- Up-to-date: /home/toyat/dev/vrx_ros2/vrx_ws/install/share/wamv_description/models/engine\n'}
[0.625196] (wamv_description) StdoutLine: {'line': b'-- Up-to-date: /home/toyat/dev/vrx_ros2/vrx_ws/install/share/wamv_description/models/engine/model.config\n'}
[0.625285] (wamv_description) StdoutLine: {'line': b'-- Up-to-date: /home/toyat/dev/vrx_ros2/vrx_ws/install/share/wamv_description/models/engine/mesh\n'}
[0.625373] (wamv_description) StdoutLine: {'line': b'-- Up-to-date: /home/toyat/dev/vrx_ros2/vrx_ws/install/share/wamv_description/models/engine/mesh/engine.dae\n'}
[0.625462] (wamv_description) StdoutLine: {'line': b'-- Up-to-date: /home/toyat/dev/vrx_ros2/vrx_ws/install/share/wamv_description/models/propeller\n'}
[0.625550] (wamv_description) StdoutLine: {'line': b'-- Up-to-date: /home/toyat/dev/vrx_ros2/vrx_ws/install/share/wamv_description/models/propeller/model.config\n'}
[0.625653] (wamv_description) StdoutLine: {'line': b'-- Up-to-date: /home/toyat/dev/vrx_ros2/vrx_ws/install/share/wamv_description/models/propeller/mesh\n'}
[0.625735] (wamv_description) StdoutLine: {'line': b'-- Up-to-date: /home/toyat/dev/vrx_ros2/vrx_ws/install/share/wamv_description/models/propeller/mesh/propeller.dae\n'}
[0.625809] (wamv_description) StdoutLine: {'line': b'-- Up-to-date: /home/toyat/dev/vrx_ros2/vrx_ws/install/share/wamv_description/models/WAM-V-Base\n'}
[0.625883] (wamv_description) StdoutLine: {'line': b'-- Up-to-date: /home/toyat/dev/vrx_ros2/vrx_ws/install/share/wamv_description/models/WAM-V-Base/model.config\n'}
[0.625958] (wamv_description) StdoutLine: {'line': b'-- Up-to-date: /home/toyat/dev/vrx_ros2/vrx_ws/install/share/wamv_description/models/WAM-V-Base/mesh\n'}
[0.626032] (wamv_description) StdoutLine: {'line': b'-- Up-to-date: /home/toyat/dev/vrx_ros2/vrx_ws/install/share/wamv_description/models/WAM-V-Base/mesh/WAM-V_Roughness.png\n'}
[0.626161] (wamv_description) StdoutLine: {'line': b'-- Up-to-date: /home/toyat/dev/vrx_ros2/vrx_ws/install/share/wamv_description/models/WAM-V-Base/mesh/WAM-V_Normal.png\n'}
[0.626241] (wamv_description) StdoutLine: {'line': b'-- Up-to-date: /home/toyat/dev/vrx_ros2/vrx_ws/install/share/wamv_description/models/WAM-V-Base/mesh/WAM-V_Albedo.png\n'}
[0.626315] (wamv_description) StdoutLine: {'line': b'-- Up-to-date: /home/toyat/dev/vrx_ros2/vrx_ws/install/share/wamv_description/models/WAM-V-Base/mesh/WAM-V-Base.dae\n'}
[0.626389] (wamv_description) StdoutLine: {'line': b'-- Up-to-date: /home/toyat/dev/vrx_ros2/vrx_ws/install/share/wamv_description/models/WAM-V-Base/mesh/WamV.png\n'}
[0.626463] (wamv_description) StdoutLine: {'line': b'-- Up-to-date: /home/toyat/dev/vrx_ros2/vrx_ws/install/share/wamv_description/models/WAM-V-Base/mesh/WAM-V_Metalness.png\n'}
[0.626568] (wamv_description) StdoutLine: {'line': b'-- Up-to-date: /home/toyat/dev/vrx_ros2/vrx_ws/install/share/wamv_description/urdf\n'}
[0.626649] (wamv_description) StdoutLine: {'line': b'-- Up-to-date: /home/toyat/dev/vrx_ros2/vrx_ws/install/share/wamv_description/urdf/thrusters\n'}
[0.626712] (wamv_description) StdoutLine: {'line': b'-- Up-to-date: /home/toyat/dev/vrx_ros2/vrx_ws/install/share/wamv_description/urdf/thrusters/engine.xacro\n'}
[0.626774] (wamv_description) StdoutLine: {'line': b'-- Up-to-date: /home/toyat/dev/vrx_ros2/vrx_ws/install/share/wamv_description/urdf/battery.xacro\n'}
[0.626835] (wamv_description) StdoutLine: {'line': b'-- Up-to-date: /home/toyat/dev/vrx_ros2/vrx_ws/install/share/wamv_description/urdf/wamv_base.urdf.xacro\n'}
[0.626897] (wamv_description) StdoutLine: {'line': b'-- Up-to-date: /home/toyat/dev/vrx_ros2/vrx_ws/install/share/wamv_description/urdf/cpu_cases.xacro\n'}
[0.626958] (wamv_description) StdoutLine: {'line': b'-- Up-to-date: /home/toyat/dev/vrx_ros2/vrx_ws/install/share/ament_index/resource_index/package_run_dependencies/wamv_description\n'}
[0.627020] (wamv_description) StdoutLine: {'line': b'-- Up-to-date: /home/toyat/dev/vrx_ros2/vrx_ws/install/share/ament_index/resource_index/parent_prefix_path/wamv_description\n'}
[0.627082] (wamv_description) StdoutLine: {'line': b'-- Up-to-date: /home/toyat/dev/vrx_ros2/vrx_ws/install/share/wamv_description/environment/ament_prefix_path.sh\n'}
[0.627142] (wamv_description) StdoutLine: {'line': b'-- Up-to-date: /home/toyat/dev/vrx_ros2/vrx_ws/install/share/wamv_description/environment/ament_prefix_path.dsv\n'}
[0.627201] (wamv_description) StdoutLine: {'line': b'-- Up-to-date: /home/toyat/dev/vrx_ros2/vrx_ws/install/share/wamv_description/environment/path.sh\n'}
[0.627261] (wamv_description) StdoutLine: {'line': b'-- Up-to-date: /home/toyat/dev/vrx_ros2/vrx_ws/install/share/wamv_description/environment/path.dsv\n'}
[0.627321] (wamv_description) StdoutLine: {'line': b'-- Up-to-date: /home/toyat/dev/vrx_ros2/vrx_ws/install/share/wamv_description/local_setup.bash\n'}
[0.627381] (wamv_description) StdoutLine: {'line': b'-- Up-to-date: /home/toyat/dev/vrx_ros2/vrx_ws/install/share/wamv_description/local_setup.sh\n'}
[0.627441] (wamv_description) StdoutLine: {'line': b'-- Up-to-date: /home/toyat/dev/vrx_ros2/vrx_ws/install/share/wamv_description/local_setup.zsh\n'}
[0.627501] (wamv_description) StdoutLine: {'line': b'-- Up-to-date: /home/toyat/dev/vrx_ros2/vrx_ws/install/share/wamv_description/local_setup.dsv\n'}
[0.627561] (wamv_description) StdoutLine: {'line': b'-- Installing: /home/toyat/dev/vrx_ros2/vrx_ws/install/share/wamv_description/package.dsv\n'}
[0.627641] (wamv_description) StdoutLine: {'line': b'-- Up-to-date: /home/toyat/dev/vrx_ros2/vrx_ws/install/share/ament_index/resource_index/packages/wamv_description\n'}
[0.627774] (wamv_description) StdoutLine: {'line': b'-- Up-to-date: /home/toyat/dev/vrx_ros2/vrx_ws/install/share/wamv_description/cmake/wamv_descriptionConfig.cmake\n'}
[0.627838] (wamv_description) StdoutLine: {'line': b'-- Up-to-date: /home/toyat/dev/vrx_ros2/vrx_ws/install/share/wamv_description/cmake/wamv_descriptionConfig-version.cmake\n'}
[0.627900] (wamv_description) StdoutLine: {'line': b'-- Up-to-date: /home/toyat/dev/vrx_ros2/vrx_ws/install/share/wamv_description/package.xml\n'}
[0.628524] (wamv_description) CommandEnded: {'returncode': 0}
[0.651106] (wamv_description) JobEnded: {'identifier': 'wamv_description', 'rc': 0}
[0.651775] (wamv_gazebo) JobStarted: {'identifier': 'wamv_gazebo'}
[0.661196] (wamv_gazebo) JobProgress: {'identifier': 'wamv_gazebo', 'progress': 'cmake'}
[0.661989] (wamv_gazebo) JobProgress: {'identifier': 'wamv_gazebo', 'progress': 'build'}
[0.662275] (wamv_gazebo) Command: {'cmd': ['/usr/bin/cmake', '--build', '/home/toyat/dev/vrx_ros2/vrx_ws/build/wamv_gazebo', '--', '-j8', '-l8'], 'cwd': '/home/toyat/dev/vrx_ros2/vrx_ws/build/wamv_gazebo', 'env': OrderedDict({'LANGUAGE': 'en_US:en', 'LC_TIME': 'en_US.UTF-8', 'USER': 'toyat', 'GZ_SIM_RESOURCE_PATH': '/home/toyat/dev/vrx_ros2/vrx_ws/install/share/wamv_description/models:/home/toyat/dev/vrx_ros2/vrx_ws/install/share/vrx_gazebo/models:/home/toyat/dev/vrx_ros2/vrx_ws/install/share', 'XDG_SEAT': 'seat0', 'GZ_CONFIG_PATH': '/opt/ros/jazzy/opt/gz_sim_vendor/share/gz:/opt/ros/jazzy/opt/sdformat_vendor/share/gz:/opt/ros/jazzy/opt/gz_gui_vendor/share/gz:/opt/ros/jazzy/opt/gz_transport_vendor/share/gz:/opt/ros/jazzy/opt/gz_rendering_vendor/share/gz:/opt/ros/jazzy/opt/gz_plugin_vendor/share/gz:/opt/ros/jazzy/opt/gz_fuel_tools_vendor/share/gz:/opt/ros/jazzy/opt/gz_msgs_vendor/share/gz:/opt/ros/jazzy/opt/gz_common_vendor/share/gz', 'MATHEMATICA_HOME': '/usr/share/Wolfram/Documentation/13.3/en-us', 'XDG_SESSION_TYPE': 'x11', 'SHLVL': '1', 'LD_LIBRARY_PATH': '/opt/ros/jazzy/opt/gz_sim_vendor/lib:/opt/ros/jazzy/opt/gz_sensors_vendor/lib:/opt/ros/jazzy/opt/gz_physics_vendor/lib:/opt/ros/jazzy/opt/sdformat_vendor/lib:/opt/ros/jazzy/opt/rviz_ogre_vendor/lib:/opt/ros/jazzy/lib/x86_64-linux-gnu:/opt/ros/jazzy/opt/gz_gui_vendor/lib:/opt/ros/jazzy/opt/gz_transport_vendor/lib:/opt/ros/jazzy/opt/gz_rendering_vendor/lib:/opt/ros/jazzy/opt/gz_plugin_vendor/lib:/opt/ros/jazzy/opt/gz_fuel_tools_vendor/lib:/opt/ros/jazzy/opt/gz_msgs_vendor/lib:/opt/ros/jazzy/opt/gz_common_vendor/lib:/opt/ros/jazzy/opt/gz_math_vendor/lib:/opt/ros/jazzy/opt/gz_utils_vendor/lib:/opt/ros/jazzy/opt/gz_tools_vendor/lib:/opt/ros/jazzy/opt/gz_ogre_next_vendor/lib:/opt/ros/jazzy/opt/gz_dartsim_vendor/lib:/opt/ros/jazzy/opt/gz_cmake_vendor/lib:/opt/ros/jazzy/lib::/usr/local/lib', 'HOME': '/home/toyat', 'OLDPWD': '/home/toyat/dev/vrx_ros2/vrx_ws/src', 'DESKTOP_SESSION': 'i3', 'GTK_MODULES': 'gail:atk-bridge', 'ROS_PYTHON_VERSION': '3', 'LC_MONETARY': 'en_US.UTF-8', 'DBUS_SESSION_BUS_ADDRESS': 'unix:path=/run/user/1000/bus', 'GSM_SKIP_SSH_AGENT_WORKAROUND': 'true', 'P9K_TTY': 'old', 'COLORTERM': 'truecolor', 'DEBUGINFOD_URLS': 'https://debuginfod.ubuntu.com', 'ZPFX': '/home/toyat/.local/share/zinit/polaris', 'NVM_DIR': '/home/toyat/.nvm', 'CPLUS_INCLUDE_PATH': '/usr/include/c++/11:/usr/include/x86_64-linux-gnu/c++/11', '_colcon_cd_root': '/opt/ros/jazzy/', 'MANDATORY_PATH': '/usr/share/gconf/i3.mandatory.path', 'ROS_DISTRO': 'jazzy', 'ALACRITTY_SOCKET': '/run/user/1000/Alacritty-:0-40781.sock', 'GTK_IM_MODULE': 'ibus', 'LOGNAME': 'toyat', 'WINDOWID': '56623109', '_P9K_SSH_TTY': '/dev/pts/2', '_': '/usr/bin/colcon', 'DEFAULTS_PATH': '/usr/share/gconf/i3.default.path', 'XDG_SESSION_CLASS': 'user', 'ROS_VERSION': '2', 'ALACRITTY_LOG': '/tmp/Alacritty-40781.log', 'TERM': 'alacritty', 'USERNAME': 'toyat', 'XDG_SESSION_ID': '2', 'WINDOWPATH': '2', 'ZSH_CACHE_DIR': '/home/toyat/.cache/zinit', 'PMSPEC': '0uUpiPsf', 'PATH': '/opt/ros/jazzy/opt/gz_msgs_vendor/bin:/opt/ros/jazzy/opt/gz_tools_vendor/bin:/opt/ros/jazzy/opt/gz_ogre_next_vendor/bin:/opt/ros/jazzy/bin:/home/toyat/.local/share/zinit/polaris/bin:/home/toyat/.cargo/bin:/home/toyat/.local/bin:/usr/local/sbin:/usr/local/bin:/usr/sbin:/usr/bin:/sbin:/bin:/usr/games:/usr/local/games:/snap/bin:/snap/bin:/home/toyat/.fzf/bin:/home/toyat/.platformio/penv/bin', 'PAPERSIZE': 'letter', 'LC_ADDRESS': 'en_US.UTF-8', 'XDG_RUNTIME_DIR': '/run/user/1000', 'DISPLAY': ':0', 'LANG': 'en_US.UTF-8', 'LC_TELEPHONE': 'en_US.UTF-8', 'XDG_CURRENT_DESKTOP': 'i3', 'XAUTHORITY': '/run/user/1000/gdm/Xauthority', 'XDG_SESSION_DESKTOP': 'i3', 'XMODIFIERS': '@im=ibus', 'SSH_AUTH_SOCK': '/run/user/1000/gnupg/S.gpg-agent.ssh', 'AMENT_PREFIX_PATH': '/home/toyat/dev/vrx_ros2/vrx_ws/install:/opt/ros/jazzy', 'LC_NAME': 'en_US.UTF-8', 'SHELL': '/usr/bin/zsh', 'GDMSESSION': 'i3', 'QT_ACCESSIBILITY': '1', 'LC_MEASUREMENT': 'en_US.UTF-8', 'GPG_AGENT_INFO': '/run/user/1000/gnupg/S.gpg-agent:0:1', 'LC_IDENTIFICATION': 'en_US.UTF-8', 'P9K_SSH': '0', 'ALACRITTY_WINDOW_ID': '56623109', 'QT_IM_MODULE': 'ibus', 'XDG_VTNR': '2', 'ROS_AUTOMATIC_DISCOVERY_RANGE': 'SUBNET', 'LC_ALL': 'en_US.UTF-8', 'PWD': '/home/toyat/dev/vrx_ros2/vrx_ws/build/wamv_gazebo', 'CLUTTER_IM_MODULE': 'ibus', 'XDG_CONFIG_DIRS': '/etc/xdg/xdg-i3:/etc/xdg', 'XDG_DATA_DIRS': '/usr/share/i3:/usr/share/gnome:/home/toyat/.local/share/flatpak/exports/share:/var/lib/flatpak/exports/share:/usr/local/share/:/usr/share/:/var/lib/snapd/desktop', '_P9K_TTY': '/dev/pts/2', 'LC_NUMERIC': 'en_US.UTF-8', 'QTWEBENGINE_DICTIONARIES_PATH': '/usr/share/hunspell-bdic/', 'PYTHONPATH': '/home/toyat/dev/vrx_ros2/vrx_ws/install/lib/python3.12/site-packages:/opt/ros/jazzy/lib/python3.12/site-packages', 'I3SOCK': '/run/user/1000/i3/ipc-socket.3408', 'LC_PAPER': 'en_US.UTF-8', 'COLCON': '1', 'EDITOR': 'nvim', 'CMAKE_PREFIX_PATH': '/home/toyat/dev/vrx_ros2/vrx_ws/install:/opt/ros/jazzy/opt/gz_sim_vendor:/opt/ros/jazzy/opt/gz_sensors_vendor:/opt/ros/jazzy/opt/gz_physics_vendor:/opt/ros/jazzy/opt/sdformat_vendor:/opt/ros/jazzy/opt/gz_gui_vendor:/opt/ros/jazzy/opt/gz_transport_vendor:/opt/ros/jazzy/opt/gz_rendering_vendor:/opt/ros/jazzy/opt/gz_plugin_vendor:/opt/ros/jazzy/opt/gz_fuel_tools_vendor:/opt/ros/jazzy/opt/gz_msgs_vendor:/opt/ros/jazzy/opt/gz_common_vendor:/opt/ros/jazzy/opt/gz_math_vendor:/opt/ros/jazzy/opt/gz_utils_vendor:/opt/ros/jazzy/opt/gz_tools_vendor:/opt/ros/jazzy/opt/gz_ogre_next_vendor:/opt/ros/jazzy/opt/gz_dartsim_vendor:/opt/ros/jazzy/opt/gz_cmake_vendor:/opt/ros/jazzy'}), 'shell': False}
[0.700746] (-) TimerEvent: {}
[0.705423] (wamv_gazebo) CommandEnded: {'returncode': 0}
[0.706210] (wamv_gazebo) JobProgress: {'identifier': 'wamv_gazebo', 'progress': 'install'}
[0.706466] (wamv_gazebo) Command: {'cmd': ['/usr/bin/cmake', '--install', '/home/toyat/dev/vrx_ros2/vrx_ws/build/wamv_gazebo'], 'cwd': '/home/toyat/dev/vrx_ros2/vrx_ws/build/wamv_gazebo', 'env': OrderedDict({'LANGUAGE': 'en_US:en', 'LC_TIME': 'en_US.UTF-8', 'USER': 'toyat', 'GZ_SIM_RESOURCE_PATH': '/home/toyat/dev/vrx_ros2/vrx_ws/install/share/wamv_description/models:/home/toyat/dev/vrx_ros2/vrx_ws/install/share/vrx_gazebo/models:/home/toyat/dev/vrx_ros2/vrx_ws/install/share', 'XDG_SEAT': 'seat0', 'GZ_CONFIG_PATH': '/opt/ros/jazzy/opt/gz_sim_vendor/share/gz:/opt/ros/jazzy/opt/sdformat_vendor/share/gz:/opt/ros/jazzy/opt/gz_gui_vendor/share/gz:/opt/ros/jazzy/opt/gz_transport_vendor/share/gz:/opt/ros/jazzy/opt/gz_rendering_vendor/share/gz:/opt/ros/jazzy/opt/gz_plugin_vendor/share/gz:/opt/ros/jazzy/opt/gz_fuel_tools_vendor/share/gz:/opt/ros/jazzy/opt/gz_msgs_vendor/share/gz:/opt/ros/jazzy/opt/gz_common_vendor/share/gz', 'MATHEMATICA_HOME': '/usr/share/Wolfram/Documentation/13.3/en-us', 'XDG_SESSION_TYPE': 'x11', 'SHLVL': '1', 'LD_LIBRARY_PATH': '/opt/ros/jazzy/opt/gz_sim_vendor/lib:/opt/ros/jazzy/opt/gz_sensors_vendor/lib:/opt/ros/jazzy/opt/gz_physics_vendor/lib:/opt/ros/jazzy/opt/sdformat_vendor/lib:/opt/ros/jazzy/opt/rviz_ogre_vendor/lib:/opt/ros/jazzy/lib/x86_64-linux-gnu:/opt/ros/jazzy/opt/gz_gui_vendor/lib:/opt/ros/jazzy/opt/gz_transport_vendor/lib:/opt/ros/jazzy/opt/gz_rendering_vendor/lib:/opt/ros/jazzy/opt/gz_plugin_vendor/lib:/opt/ros/jazzy/opt/gz_fuel_tools_vendor/lib:/opt/ros/jazzy/opt/gz_msgs_vendor/lib:/opt/ros/jazzy/opt/gz_common_vendor/lib:/opt/ros/jazzy/opt/gz_math_vendor/lib:/opt/ros/jazzy/opt/gz_utils_vendor/lib:/opt/ros/jazzy/opt/gz_tools_vendor/lib:/opt/ros/jazzy/opt/gz_ogre_next_vendor/lib:/opt/ros/jazzy/opt/gz_dartsim_vendor/lib:/opt/ros/jazzy/opt/gz_cmake_vendor/lib:/opt/ros/jazzy/lib::/usr/local/lib', 'HOME': '/home/toyat', 'OLDPWD': '/home/toyat/dev/vrx_ros2/vrx_ws/src', 'DESKTOP_SESSION': 'i3', 'GTK_MODULES': 'gail:atk-bridge', 'ROS_PYTHON_VERSION': '3', 'LC_MONETARY': 'en_US.UTF-8', 'DBUS_SESSION_BUS_ADDRESS': 'unix:path=/run/user/1000/bus', 'GSM_SKIP_SSH_AGENT_WORKAROUND': 'true', 'P9K_TTY': 'old', 'COLORTERM': 'truecolor', 'DEBUGINFOD_URLS': 'https://debuginfod.ubuntu.com', 'ZPFX': '/home/toyat/.local/share/zinit/polaris', 'NVM_DIR': '/home/toyat/.nvm', 'CPLUS_INCLUDE_PATH': '/usr/include/c++/11:/usr/include/x86_64-linux-gnu/c++/11', '_colcon_cd_root': '/opt/ros/jazzy/', 'MANDATORY_PATH': '/usr/share/gconf/i3.mandatory.path', 'ROS_DISTRO': 'jazzy', 'ALACRITTY_SOCKET': '/run/user/1000/Alacritty-:0-40781.sock', 'GTK_IM_MODULE': 'ibus', 'LOGNAME': 'toyat', 'WINDOWID': '56623109', '_P9K_SSH_TTY': '/dev/pts/2', '_': '/usr/bin/colcon', 'DEFAULTS_PATH': '/usr/share/gconf/i3.default.path', 'XDG_SESSION_CLASS': 'user', 'ROS_VERSION': '2', 'ALACRITTY_LOG': '/tmp/Alacritty-40781.log', 'TERM': 'alacritty', 'USERNAME': 'toyat', 'XDG_SESSION_ID': '2', 'WINDOWPATH': '2', 'ZSH_CACHE_DIR': '/home/toyat/.cache/zinit', 'PMSPEC': '0uUpiPsf', 'PATH': '/opt/ros/jazzy/opt/gz_msgs_vendor/bin:/opt/ros/jazzy/opt/gz_tools_vendor/bin:/opt/ros/jazzy/opt/gz_ogre_next_vendor/bin:/opt/ros/jazzy/bin:/home/toyat/.local/share/zinit/polaris/bin:/home/toyat/.cargo/bin:/home/toyat/.local/bin:/usr/local/sbin:/usr/local/bin:/usr/sbin:/usr/bin:/sbin:/bin:/usr/games:/usr/local/games:/snap/bin:/snap/bin:/home/toyat/.fzf/bin:/home/toyat/.platformio/penv/bin', 'PAPERSIZE': 'letter', 'LC_ADDRESS': 'en_US.UTF-8', 'XDG_RUNTIME_DIR': '/run/user/1000', 'DISPLAY': ':0', 'LANG': 'en_US.UTF-8', 'LC_TELEPHONE': 'en_US.UTF-8', 'XDG_CURRENT_DESKTOP': 'i3', 'XAUTHORITY': '/run/user/1000/gdm/Xauthority', 'XDG_SESSION_DESKTOP': 'i3', 'XMODIFIERS': '@im=ibus', 'SSH_AUTH_SOCK': '/run/user/1000/gnupg/S.gpg-agent.ssh', 'AMENT_PREFIX_PATH': '/home/toyat/dev/vrx_ros2/vrx_ws/install:/opt/ros/jazzy', 'LC_NAME': 'en_US.UTF-8', 'SHELL': '/usr/bin/zsh', 'GDMSESSION': 'i3', 'QT_ACCESSIBILITY': '1', 'LC_MEASUREMENT': 'en_US.UTF-8', 'GPG_AGENT_INFO': '/run/user/1000/gnupg/S.gpg-agent:0:1', 'LC_IDENTIFICATION': 'en_US.UTF-8', 'P9K_SSH': '0', 'ALACRITTY_WINDOW_ID': '56623109', 'QT_IM_MODULE': 'ibus', 'XDG_VTNR': '2', 'ROS_AUTOMATIC_DISCOVERY_RANGE': 'SUBNET', 'LC_ALL': 'en_US.UTF-8', 'PWD': '/home/toyat/dev/vrx_ros2/vrx_ws/build/wamv_gazebo', 'CLUTTER_IM_MODULE': 'ibus', 'XDG_CONFIG_DIRS': '/etc/xdg/xdg-i3:/etc/xdg', 'XDG_DATA_DIRS': '/usr/share/i3:/usr/share/gnome:/home/toyat/.local/share/flatpak/exports/share:/var/lib/flatpak/exports/share:/usr/local/share/:/usr/share/:/var/lib/snapd/desktop', '_P9K_TTY': '/dev/pts/2', 'LC_NUMERIC': 'en_US.UTF-8', 'QTWEBENGINE_DICTIONARIES_PATH': '/usr/share/hunspell-bdic/', 'PYTHONPATH': '/home/toyat/dev/vrx_ros2/vrx_ws/install/lib/python3.12/site-packages:/opt/ros/jazzy/lib/python3.12/site-packages', 'I3SOCK': '/run/user/1000/i3/ipc-socket.3408', 'LC_PAPER': 'en_US.UTF-8', 'COLCON': '1', 'EDITOR': 'nvim', 'CMAKE_PREFIX_PATH': '/home/toyat/dev/vrx_ros2/vrx_ws/install:/opt/ros/jazzy/opt/gz_sim_vendor:/opt/ros/jazzy/opt/gz_sensors_vendor:/opt/ros/jazzy/opt/gz_physics_vendor:/opt/ros/jazzy/opt/sdformat_vendor:/opt/ros/jazzy/opt/gz_gui_vendor:/opt/ros/jazzy/opt/gz_transport_vendor:/opt/ros/jazzy/opt/gz_rendering_vendor:/opt/ros/jazzy/opt/gz_plugin_vendor:/opt/ros/jazzy/opt/gz_fuel_tools_vendor:/opt/ros/jazzy/opt/gz_msgs_vendor:/opt/ros/jazzy/opt/gz_common_vendor:/opt/ros/jazzy/opt/gz_math_vendor:/opt/ros/jazzy/opt/gz_utils_vendor:/opt/ros/jazzy/opt/gz_tools_vendor:/opt/ros/jazzy/opt/gz_ogre_next_vendor:/opt/ros/jazzy/opt/gz_dartsim_vendor:/opt/ros/jazzy/opt/gz_cmake_vendor:/opt/ros/jazzy'}), 'shell': False}
[0.715568] (wamv_gazebo) StdoutLine: {'line': b'-- Install configuration: ""\n'}
[0.715993] (wamv_gazebo) StdoutLine: {'line': b'-- Up-to-date: /home/toyat/dev/vrx_ros2/vrx_ws/install/share/wamv_gazebo/models\n'}
[0.716121] (wamv_gazebo) StdoutLine: {'line': b'-- Up-to-date: /home/toyat/dev/vrx_ros2/vrx_ws/install/share/wamv_gazebo/models/gps\n'}
[0.716237] (wamv_gazebo) StdoutLine: {'line': b'-- Up-to-date: /home/toyat/dev/vrx_ros2/vrx_ws/install/share/wamv_gazebo/models/gps/model.config\n'}
[0.716377] (wamv_gazebo) StdoutLine: {'line': b'-- Up-to-date: /home/toyat/dev/vrx_ros2/vrx_ws/install/share/wamv_gazebo/models/gps/mesh\n'}
[0.716495] (wamv_gazebo) StdoutLine: {'line': b'-- Up-to-date: /home/toyat/dev/vrx_ros2/vrx_ws/install/share/wamv_gazebo/models/gps/mesh/gps.png\n'}
[0.716720] (wamv_gazebo) StdoutLine: {'line': b'-- Up-to-date: /home/toyat/dev/vrx_ros2/vrx_ws/install/share/wamv_gazebo/models/gps/mesh/gps.dae\n'}
[0.716856] (wamv_gazebo) StdoutLine: {'line': b'-- Up-to-date: /home/toyat/dev/vrx_ros2/vrx_ws/install/share/wamv_gazebo/urdf\n'}
[0.716969] (wamv_gazebo) StdoutLine: {'line': b'-- Up-to-date: /home/toyat/dev/vrx_ros2/vrx_ws/install/share/wamv_gazebo/urdf/wamv_gazebo.urdf.xacro\n'}
[0.717127] (wamv_gazebo) StdoutLine: {'line': b'-- Up-to-date: /home/toyat/dev/vrx_ros2/vrx_ws/install/share/wamv_gazebo/urdf/dynamics\n'}
[0.717241] (wamv_gazebo) StdoutLine: {'line': b'-- Up-to-date: /home/toyat/dev/vrx_ros2/vrx_ws/install/share/wamv_gazebo/urdf/dynamics/wamv_gazebo_dynamics_plugin.xacro\n'}
[0.717361] (wamv_gazebo) StdoutLine: {'line': b'-- Up-to-date: /home/toyat/dev/vrx_ros2/vrx_ws/install/share/wamv_gazebo/urdf/macros.xacro\n'}
[0.717475] (wamv_gazebo) StdoutLine: {'line': b'-- Up-to-date: /home/toyat/dev/vrx_ros2/vrx_ws/install/share/wamv_gazebo/urdf/thruster_layouts\n'}
[0.717585] (wamv_gazebo) StdoutLine: {'line': b'-- Up-to-date: /home/toyat/dev/vrx_ros2/vrx_ws/install/share/wamv_gazebo/urdf/thruster_layouts/wamv_t_thrusters.xacro\n'}
[0.717698] (wamv_gazebo) StdoutLine: {'line': b'-- Up-to-date: /home/toyat/dev/vrx_ros2/vrx_ws/install/share/wamv_gazebo/urdf/thruster_layouts/wamv_aft_thrusters.xacro\n'}
[0.717791] (wamv_gazebo) StdoutLine: {'line': b'-- Up-to-date: /home/toyat/dev/vrx_ros2/vrx_ws/install/share/wamv_gazebo/urdf/thruster_layouts/wamv_x_thrusters.xacro\n'}
[0.717883] (wamv_gazebo) StdoutLine: {'line': b'-- Up-to-date: /home/toyat/dev/vrx_ros2/vrx_ws/install/share/wamv_gazebo/urdf/thruster_layouts/wamv_gazebo_thruster_config.xacro\n'}
[0.717978] (wamv_gazebo) StdoutLine: {'line': b'-- Up-to-date: /home/toyat/dev/vrx_ros2/vrx_ws/install/share/wamv_gazebo/urdf/components\n'}
[0.718071] (wamv_gazebo) StdoutLine: {'line': b'-- Up-to-date: /home/toyat/dev/vrx_ros2/vrx_ws/install/share/wamv_gazebo/urdf/components/wamv_camera.xacro\n'}
[0.718165] (wamv_gazebo) StdoutLine: {'line': b'-- Up-to-date: /home/toyat/dev/vrx_ros2/vrx_ws/install/share/wamv_gazebo/urdf/components/wamv_pinger.xacro\n'}
[0.718256] (wamv_gazebo) StdoutLine: {'line': b'-- Up-to-date: /home/toyat/dev/vrx_ros2/vrx_ws/install/share/wamv_gazebo/urdf/components/ball_shooter.xacro\n'}
[0.718348] (wamv_gazebo) StdoutLine: {'line': b'-- Up-to-date: /home/toyat/dev/vrx_ros2/vrx_ws/install/share/wamv_gazebo/urdf/components/wamv_gps.xacro\n'}
[0.718438] (wamv_gazebo) StdoutLine: {'line': b'-- Up-to-date: /home/toyat/dev/vrx_ros2/vrx_ws/install/share/wamv_gazebo/urdf/components/lidar.xacro\n'}
[0.718530] (wamv_gazebo) StdoutLine: {'line': b'-- Up-to-date: /home/toyat/dev/vrx_ros2/vrx_ws/install/share/wamv_gazebo/urdf/components/wamv_p3d.xacro\n'}
[0.718636] (wamv_gazebo) StdoutLine: {'line': b'-- Up-to-date: /home/toyat/dev/vrx_ros2/vrx_ws/install/share/wamv_gazebo/urdf/components/wamv_imu.xacro\n'}
[0.718732] (wamv_gazebo) StdoutLine: {'line': b'-- Up-to-date: /home/toyat/dev/vrx_ros2/vrx_ws/install/share/wamv_gazebo/urdf/components/wamv_3d_lidar.xacro\n'}
[0.718822] (wamv_gazebo) StdoutLine: {'line': b'-- Up-to-date: /home/toyat/dev/vrx_ros2/vrx_ws/install/share/wamv_gazebo/urdf/components/wamv_planar_lidar.xacro\n'}
[0.718899] (wamv_gazebo) StdoutLine: {'line': b'-- Up-to-date: /home/toyat/dev/vrx_ros2/vrx_ws/install/share/wamv_gazebo/urdf/wamv_gazebo.xacro\n'}
[0.718961] (wamv_gazebo) StdoutLine: {'line': b'-- Up-to-date: /home/toyat/dev/vrx_ros2/vrx_ws/install/share/ament_index/resource_index/package_run_dependencies/wamv_gazebo\n'}
[0.719023] (wamv_gazebo) StdoutLine: {'line': b'-- Up-to-date: /home/toyat/dev/vrx_ros2/vrx_ws/install/share/ament_index/resource_index/parent_prefix_path/wamv_gazebo\n'}
[0.719084] (wamv_gazebo) StdoutLine: {'line': b'-- Up-to-date: /home/toyat/dev/vrx_ros2/vrx_ws/install/share/wamv_gazebo/environment/ament_prefix_path.sh\n'}
[0.719145] (wamv_gazebo) StdoutLine: {'line': b'-- Up-to-date: /home/toyat/dev/vrx_ros2/vrx_ws/install/share/wamv_gazebo/environment/ament_prefix_path.dsv\n'}
[0.719205] (wamv_gazebo) StdoutLine: {'line': b'-- Up-to-date: /home/toyat/dev/vrx_ros2/vrx_ws/install/share/wamv_gazebo/environment/path.sh\n'}
[0.719266] (wamv_gazebo) StdoutLine: {'line': b'-- Up-to-date: /home/toyat/dev/vrx_ros2/vrx_ws/install/share/wamv_gazebo/environment/path.dsv\n'}
[0.719412] (wamv_gazebo) StdoutLine: {'line': b'-- Up-to-date: /home/toyat/dev/vrx_ros2/vrx_ws/install/share/wamv_gazebo/local_setup.bash\n'}
[0.719473] (wamv_gazebo) StdoutLine: {'line': b'-- Up-to-date: /home/toyat/dev/vrx_ros2/vrx_ws/install/share/wamv_gazebo/local_setup.sh\n'}
[0.719534] (wamv_gazebo) StdoutLine: {'line': b'-- Up-to-date: /home/toyat/dev/vrx_ros2/vrx_ws/install/share/wamv_gazebo/local_setup.zsh\n'}
[0.719605] (wamv_gazebo) StdoutLine: {'line': b'-- Up-to-date: /home/toyat/dev/vrx_ros2/vrx_ws/install/share/wamv_gazebo/local_setup.dsv\n'}
[0.719668] (wamv_gazebo) StdoutLine: {'line': b'-- Installing: /home/toyat/dev/vrx_ros2/vrx_ws/install/share/wamv_gazebo/package.dsv\n'}
[0.719728] (wamv_gazebo) StdoutLine: {'line': b'-- Up-to-date: /home/toyat/dev/vrx_ros2/vrx_ws/install/share/ament_index/resource_index/packages/wamv_gazebo\n'}
[0.719862] (wamv_gazebo) StdoutLine: {'line': b'-- Up-to-date: /home/toyat/dev/vrx_ros2/vrx_ws/install/share/wamv_gazebo/cmake/wamv_gazeboConfig.cmake\n'}
[0.719952] (wamv_gazebo) StdoutLine: {'line': b'-- Up-to-date: /home/toyat/dev/vrx_ros2/vrx_ws/install/share/wamv_gazebo/cmake/wamv_gazeboConfig-version.cmake\n'}
[0.720042] (wamv_gazebo) StdoutLine: {'line': b'-- Up-to-date: /home/toyat/dev/vrx_ros2/vrx_ws/install/share/wamv_gazebo/package.xml\n'}
[0.720642] (wamv_gazebo) CommandEnded: {'returncode': 0}
[0.743274] (wamv_gazebo) JobEnded: {'identifier': 'wamv_gazebo', 'rc': 0}
[0.800854] (-) TimerEvent: {}
[0.901234] (-) TimerEvent: {}
[1.001640] (-) TimerEvent: {}
[1.102021] (-) TimerEvent: {}
[1.202409] (-) TimerEvent: {}
[1.302820] (-) TimerEvent: {}
[1.403286] (-) TimerEvent: {}
[1.503937] (-) TimerEvent: {}
[1.604249] (-) TimerEvent: {}
[1.704651] (-) TimerEvent: {}
[1.804965] (-) TimerEvent: {}
[1.905329] (-) TimerEvent: {}
[2.005655] (-) TimerEvent: {}
[2.105961] (-) TimerEvent: {}
[2.206274] (-) TimerEvent: {}
[2.306657] (-) TimerEvent: {}
[2.406979] (-) TimerEvent: {}
[2.507281] (-) TimerEvent: {}
[2.607611] (-) TimerEvent: {}
[2.707934] (-) TimerEvent: {}
[2.808304] (-) TimerEvent: {}
[2.908713] (-) TimerEvent: {}
[3.009025] (-) TimerEvent: {}
[3.109345] (-) TimerEvent: {}
[3.209730] (-) TimerEvent: {}
[3.310118] (-) TimerEvent: {}
[3.410478] (-) TimerEvent: {}
[3.510761] (-) TimerEvent: {}
[3.611155] (-) TimerEvent: {}
[3.711458] (-) TimerEvent: {}
[3.811779] (-) TimerEvent: {}
[3.912171] (-) TimerEvent: {}
[4.012568] (-) TimerEvent: {}
[4.112933] (-) TimerEvent: {}
[4.213370] (-) TimerEvent: {}
[4.313654] (-) TimerEvent: {}
[4.414052] (-) TimerEvent: {}
[4.514457] (-) TimerEvent: {}
[4.614765] (-) TimerEvent: {}
[4.715071] (-) TimerEvent: {}
[4.815427] (-) TimerEvent: {}
[4.825342] (vrx_ros) StderrLine: {'line': b'gmake[2]: *** [CMakeFiles/pose_tf_broadcaster.dir/build.make:76: CMakeFiles/pose_tf_broadcaster.dir/src/pose_tf_broadcaster.cc.o] Error 1\n'}
[4.825563] (vrx_ros) StderrLine: {'line': b'gmake[1]: *** [CMakeFiles/Makefile2:165: CMakeFiles/pose_tf_broadcaster.dir/all] Error 2\n'}
[4.825668] (vrx_ros) StderrLine: {'line': b'gmake[1]: *** Waiting for unfinished jobs....\n'}
[4.915648] (-) TimerEvent: {}
[5.016051] (-) TimerEvent: {}
[5.116498] (-) TimerEvent: {}
[5.216932] (-) TimerEvent: {}
[5.317253] (-) TimerEvent: {}
[5.417644] (-) TimerEvent: {}
[5.518055] (-) TimerEvent: {}
[5.618449] (-) TimerEvent: {}
[5.718886] (-) TimerEvent: {}
[5.806088] (vrx_ros) StderrLine: {'line': b'gmake[2]: *** [CMakeFiles/optical_frame_publisher.dir/build.make:76: CMakeFiles/optical_frame_publisher.dir/src/optical_frame_publisher.cc.o] Error 1\n'}
[5.806433] (vrx_ros) StderrLine: {'line': b'gmake[1]: *** [CMakeFiles/Makefile2:139: CMakeFiles/optical_frame_publisher.dir/all] Error 2\n'}
[5.806597] (vrx_ros) StderrLine: {'line': b'gmake: *** [Makefile:146: all] Error 2\n'}
[5.808716] (vrx_ros) CommandEnded: {'returncode': 2}
[5.815863] (vrx_ros) JobEnded: {'identifier': 'vrx_ros', 'rc': 2}
[5.818993] (-) TimerEvent: {}
[5.826307] (vrx_gz) JobSkipped: {'identifier': 'vrx_gz'}
[5.826353] (-) EventReactorShutdown: {}
