[0.225s] DEBUG:colcon:Command line arguments: ['/usr/bin/colcon', 'build', '--merge-install']
[0.225s] DEBUG:colcon:Parsed command line arguments: Namespace(log_base=None, log_level=None, verb_name='build', build_base='build', install_base='install', merge_install=True, symlink_install=False, test_result_base=None, continue_on_error=False, executor='parallel', parallel_workers=8, event_handlers=None, ignore_user_meta=False, metas=['./colcon.meta'], base_paths=['.'], packages_ignore=None, packages_ignore_regex=None, paths=None, packages_up_to=None, packages_up_to_regex=None, packages_above=None, packages_above_and_dependencies=None, packages_above_depth=None, packages_select_by_dep=None, packages_skip_by_dep=None, packages_skip_up_to=None, packages_select_build_failed=False, packages_skip_build_finished=False, packages_select_test_failures=False, packages_skip_test_passed=False, packages_select=None, packages_skip=None, packages_select_regex=None, packages_skip_regex=None, packages_start=None, packages_end=None, allow_overriding=[], cmake_args=None, cmake_target=None, cmake_target_skip_unavailable=False, cmake_clean_cache=False, cmake_clean_first=False, cmake_force_configure=False, ament_cmake_args=None, catkin_cmake_args=None, catkin_skip_building_tests=False, mixin_files=None, mixin=None, verb_parser=<colcon_mixin.mixin.mixin_argument.MixinArgumentDecorator object at 0x7b36c5b26cc0>, verb_extension=<colcon_core.verb.build.BuildVerb object at 0x7b36c5b26180>, main=<bound method BuildVerb.main of <colcon_core.verb.build.BuildVerb object at 0x7b36c5b26180>>, mixin_verb=('build',))
[0.268s] Level 1:colcon.colcon_core.package_discovery:discover_packages(colcon_meta) check parameters
[0.268s] Level 1:colcon.colcon_core.package_discovery:discover_packages(recursive) check parameters
[0.268s] Level 1:colcon.colcon_core.package_discovery:discover_packages(ignore) check parameters
[0.268s] Level 1:colcon.colcon_core.package_discovery:discover_packages(path) check parameters
[0.268s] Level 1:colcon.colcon_core.package_discovery:discover_packages(colcon_meta) discover
[0.268s] Level 1:colcon.colcon_core.package_discovery:discover_packages(recursive) discover
[0.268s] INFO:colcon.colcon_core.package_discovery:Crawling recursively for packages in '/home/toyat/dev/vrx_ros2/vrx_ws'
[0.268s] Level 1:colcon.colcon_core.package_identification:_identify(.) by extensions ['ignore', 'ignore_ament_install']
[0.268s] Level 1:colcon.colcon_core.package_identification:_identify(.) by extension 'ignore'
[0.268s] Level 1:colcon.colcon_core.package_identification:_identify(.) by extension 'ignore_ament_install'
[0.268s] Level 1:colcon.colcon_core.package_identification:_identify(.) by extensions ['colcon_pkg']
[0.268s] Level 1:colcon.colcon_core.package_identification:_identify(.) by extension 'colcon_pkg'
[0.268s] Level 1:colcon.colcon_core.package_identification:_identify(.) by extensions ['colcon_meta']
[0.268s] Level 1:colcon.colcon_core.package_identification:_identify(.) by extension 'colcon_meta'
[0.268s] Level 1:colcon.colcon_core.package_identification:_identify(.) by extensions ['ros']
[0.268s] Level 1:colcon.colcon_core.package_identification:_identify(.) by extension 'ros'
[0.299s] Level 1:colcon.colcon_core.package_identification:_identify(.) by extensions ['cmake', 'python']
[0.299s] Level 1:colcon.colcon_core.package_identification:_identify(.) by extension 'cmake'
[0.299s] Level 1:colcon.colcon_core.package_identification:_identify(.) by extension 'python'
[0.299s] Level 1:colcon.colcon_core.package_identification:_identify(.) by extensions ['python_setup_py']
[0.299s] Level 1:colcon.colcon_core.package_identification:_identify(.) by extension 'python_setup_py'
[0.299s] Level 1:colcon.colcon_core.package_identification:_identify(build) by extensions ['ignore', 'ignore_ament_install']
[0.299s] Level 1:colcon.colcon_core.package_identification:_identify(build) by extension 'ignore'
[0.299s] Level 1:colcon.colcon_core.package_identification:_identify(build) ignored
[0.299s] Level 1:colcon.colcon_core.package_identification:_identify(install) by extensions ['ignore', 'ignore_ament_install']
[0.299s] Level 1:colcon.colcon_core.package_identification:_identify(install) by extension 'ignore'
[0.299s] Level 1:colcon.colcon_core.package_identification:_identify(install) ignored
[0.299s] Level 1:colcon.colcon_core.package_identification:_identify(log) by extensions ['ignore', 'ignore_ament_install']
[0.299s] Level 1:colcon.colcon_core.package_identification:_identify(log) by extension 'ignore'
[0.299s] Level 1:colcon.colcon_core.package_identification:_identify(log) ignored
[0.299s] Level 1:colcon.colcon_core.package_identification:_identify(src) by extensions ['ignore', 'ignore_ament_install']
[0.299s] Level 1:colcon.colcon_core.package_identification:_identify(src) by extension 'ignore'
[0.300s] Level 1:colcon.colcon_core.package_identification:_identify(src) by extension 'ignore_ament_install'
[0.300s] Level 1:colcon.colcon_core.package_identification:_identify(src) by extensions ['colcon_pkg']
[0.300s] Level 1:colcon.colcon_core.package_identification:_identify(src) by extension 'colcon_pkg'
[0.300s] Level 1:colcon.colcon_core.package_identification:_identify(src) by extensions ['colcon_meta']
[0.300s] Level 1:colcon.colcon_core.package_identification:_identify(src) by extension 'colcon_meta'
[0.300s] Level 1:colcon.colcon_core.package_identification:_identify(src) by extensions ['ros']
[0.300s] Level 1:colcon.colcon_core.package_identification:_identify(src) by extension 'ros'
[0.300s] Level 1:colcon.colcon_core.package_identification:_identify(src) by extensions ['cmake', 'python']
[0.300s] Level 1:colcon.colcon_core.package_identification:_identify(src) by extension 'cmake'
[0.300s] Level 1:colcon.colcon_core.package_identification:_identify(src) by extension 'python'
[0.300s] Level 1:colcon.colcon_core.package_identification:_identify(src) by extensions ['python_setup_py']
[0.300s] Level 1:colcon.colcon_core.package_identification:_identify(src) by extension 'python_setup_py'
[0.300s] Level 1:colcon.colcon_core.package_identification:_identify(src/vrx) by extensions ['ignore', 'ignore_ament_install']
[0.300s] Level 1:colcon.colcon_core.package_identification:_identify(src/vrx) by extension 'ignore'
[0.300s] Level 1:colcon.colcon_core.package_identification:_identify(src/vrx) by extension 'ignore_ament_install'
[0.300s] Level 1:colcon.colcon_core.package_identification:_identify(src/vrx) by extensions ['colcon_pkg']
[0.300s] Level 1:colcon.colcon_core.package_identification:_identify(src/vrx) by extension 'colcon_pkg'
[0.300s] Level 1:colcon.colcon_core.package_identification:_identify(src/vrx) by extensions ['colcon_meta']
[0.300s] Level 1:colcon.colcon_core.package_identification:_identify(src/vrx) by extension 'colcon_meta'
[0.301s] Level 1:colcon.colcon_core.package_identification:_identify(src/vrx) by extensions ['ros']
[0.301s] Level 1:colcon.colcon_core.package_identification:_identify(src/vrx) by extension 'ros'
[0.301s] Level 1:colcon.colcon_core.package_identification:_identify(src/vrx) by extensions ['cmake', 'python']
[0.301s] Level 1:colcon.colcon_core.package_identification:_identify(src/vrx) by extension 'cmake'
[0.301s] Level 1:colcon.colcon_core.package_identification:_identify(src/vrx) by extension 'python'
[0.301s] Level 1:colcon.colcon_core.package_identification:_identify(src/vrx) by extensions ['python_setup_py']
[0.301s] Level 1:colcon.colcon_core.package_identification:_identify(src/vrx) by extension 'python_setup_py'
[0.301s] Level 1:colcon.colcon_core.package_identification:_identify(src/vrx/dev) by extensions ['ignore', 'ignore_ament_install']
[0.301s] Level 1:colcon.colcon_core.package_identification:_identify(src/vrx/dev) by extension 'ignore'
[0.301s] Level 1:colcon.colcon_core.package_identification:_identify(src/vrx/dev) by extension 'ignore_ament_install'
[0.301s] Level 1:colcon.colcon_core.package_identification:_identify(src/vrx/dev) by extensions ['colcon_pkg']
[0.301s] Level 1:colcon.colcon_core.package_identification:_identify(src/vrx/dev) by extension 'colcon_pkg'
[0.301s] Level 1:colcon.colcon_core.package_identification:_identify(src/vrx/dev) by extensions ['colcon_meta']
[0.301s] Level 1:colcon.colcon_core.package_identification:_identify(src/vrx/dev) by extension 'colcon_meta'
[0.301s] Level 1:colcon.colcon_core.package_identification:_identify(src/vrx/dev) by extensions ['ros']
[0.301s] Level 1:colcon.colcon_core.package_identification:_identify(src/vrx/dev) by extension 'ros'
[0.301s] Level 1:colcon.colcon_core.package_identification:_identify(src/vrx/dev) by extensions ['cmake', 'python']
[0.301s] Level 1:colcon.colcon_core.package_identification:_identify(src/vrx/dev) by extension 'cmake'
[0.301s] Level 1:colcon.colcon_core.package_identification:_identify(src/vrx/dev) by extension 'python'
[0.301s] Level 1:colcon.colcon_core.package_identification:_identify(src/vrx/dev) by extensions ['python_setup_py']
[0.301s] Level 1:colcon.colcon_core.package_identification:_identify(src/vrx/dev) by extension 'python_setup_py'
[0.301s] Level 1:colcon.colcon_core.package_identification:_identify(src/vrx/images) by extensions ['ignore', 'ignore_ament_install']
[0.301s] Level 1:colcon.colcon_core.package_identification:_identify(src/vrx/images) by extension 'ignore'
[0.302s] Level 1:colcon.colcon_core.package_identification:_identify(src/vrx/images) by extension 'ignore_ament_install'
[0.302s] Level 1:colcon.colcon_core.package_identification:_identify(src/vrx/images) by extensions ['colcon_pkg']
[0.302s] Level 1:colcon.colcon_core.package_identification:_identify(src/vrx/images) by extension 'colcon_pkg'
[0.302s] Level 1:colcon.colcon_core.package_identification:_identify(src/vrx/images) by extensions ['colcon_meta']
[0.302s] Level 1:colcon.colcon_core.package_identification:_identify(src/vrx/images) by extension 'colcon_meta'
[0.302s] Level 1:colcon.colcon_core.package_identification:_identify(src/vrx/images) by extensions ['ros']
[0.302s] Level 1:colcon.colcon_core.package_identification:_identify(src/vrx/images) by extension 'ros'
[0.302s] Level 1:colcon.colcon_core.package_identification:_identify(src/vrx/images) by extensions ['cmake', 'python']
[0.302s] Level 1:colcon.colcon_core.package_identification:_identify(src/vrx/images) by extension 'cmake'
[0.302s] Level 1:colcon.colcon_core.package_identification:_identify(src/vrx/images) by extension 'python'
[0.302s] Level 1:colcon.colcon_core.package_identification:_identify(src/vrx/images) by extensions ['python_setup_py']
[0.302s] Level 1:colcon.colcon_core.package_identification:_identify(src/vrx/images) by extension 'python_setup_py'
[0.302s] Level 1:colcon.colcon_core.package_identification:_identify(src/vrx/vrx_gz) by extensions ['ignore', 'ignore_ament_install']
[0.302s] Level 1:colcon.colcon_core.package_identification:_identify(src/vrx/vrx_gz) by extension 'ignore'
[0.302s] Level 1:colcon.colcon_core.package_identification:_identify(src/vrx/vrx_gz) by extension 'ignore_ament_install'
[0.302s] Level 1:colcon.colcon_core.package_identification:_identify(src/vrx/vrx_gz) by extensions ['colcon_pkg']
[0.302s] Level 1:colcon.colcon_core.package_identification:_identify(src/vrx/vrx_gz) by extension 'colcon_pkg'
[0.302s] Level 1:colcon.colcon_core.package_identification:_identify(src/vrx/vrx_gz) by extensions ['colcon_meta']
[0.302s] Level 1:colcon.colcon_core.package_identification:_identify(src/vrx/vrx_gz) by extension 'colcon_meta'
[0.302s] Level 1:colcon.colcon_core.package_identification:_identify(src/vrx/vrx_gz) by extensions ['ros']
[0.302s] Level 1:colcon.colcon_core.package_identification:_identify(src/vrx/vrx_gz) by extension 'ros'
[0.305s] DEBUG:colcon.colcon_core.package_identification:Package 'src/vrx/vrx_gz' with type 'ros.ament_cmake' and name 'vrx_gz'
[0.305s] Level 1:colcon.colcon_core.package_identification:_identify(src/vrx/vrx_ros) by extensions ['ignore', 'ignore_ament_install']
[0.305s] Level 1:colcon.colcon_core.package_identification:_identify(src/vrx/vrx_ros) by extension 'ignore'
[0.306s] Level 1:colcon.colcon_core.package_identification:_identify(src/vrx/vrx_ros) by extension 'ignore_ament_install'
[0.306s] Level 1:colcon.colcon_core.package_identification:_identify(src/vrx/vrx_ros) by extensions ['colcon_pkg']
[0.306s] Level 1:colcon.colcon_core.package_identification:_identify(src/vrx/vrx_ros) by extension 'colcon_pkg'
[0.306s] Level 1:colcon.colcon_core.package_identification:_identify(src/vrx/vrx_ros) by extensions ['colcon_meta']
[0.306s] Level 1:colcon.colcon_core.package_identification:_identify(src/vrx/vrx_ros) by extension 'colcon_meta'
[0.306s] Level 1:colcon.colcon_core.package_identification:_identify(src/vrx/vrx_ros) by extensions ['ros']
[0.306s] Level 1:colcon.colcon_core.package_identification:_identify(src/vrx/vrx_ros) by extension 'ros'
[0.307s] DEBUG:colcon.colcon_core.package_identification:Package 'src/vrx/vrx_ros' with type 'ros.ament_cmake' and name 'vrx_ros'
[0.307s] Level 1:colcon.colcon_core.package_identification:_identify(src/vrx/vrx_urdf) by extensions ['ignore', 'ignore_ament_install']
[0.307s] Level 1:colcon.colcon_core.package_identification:_identify(src/vrx/vrx_urdf) by extension 'ignore'
[0.307s] Level 1:colcon.colcon_core.package_identification:_identify(src/vrx/vrx_urdf) by extension 'ignore_ament_install'
[0.307s] Level 1:colcon.colcon_core.package_identification:_identify(src/vrx/vrx_urdf) by extensions ['colcon_pkg']
[0.307s] Level 1:colcon.colcon_core.package_identification:_identify(src/vrx/vrx_urdf) by extension 'colcon_pkg'
[0.307s] Level 1:colcon.colcon_core.package_identification:_identify(src/vrx/vrx_urdf) by extensions ['colcon_meta']
[0.307s] Level 1:colcon.colcon_core.package_identification:_identify(src/vrx/vrx_urdf) by extension 'colcon_meta'
[0.307s] Level 1:colcon.colcon_core.package_identification:_identify(src/vrx/vrx_urdf) by extensions ['ros']
[0.307s] Level 1:colcon.colcon_core.package_identification:_identify(src/vrx/vrx_urdf) by extension 'ros'
[0.307s] Level 1:colcon.colcon_core.package_identification:_identify(src/vrx/vrx_urdf) by extensions ['cmake', 'python']
[0.307s] Level 1:colcon.colcon_core.package_identification:_identify(src/vrx/vrx_urdf) by extension 'cmake'
[0.307s] Level 1:colcon.colcon_core.package_identification:_identify(src/vrx/vrx_urdf) by extension 'python'
[0.307s] Level 1:colcon.colcon_core.package_identification:_identify(src/vrx/vrx_urdf) by extensions ['python_setup_py']
[0.307s] Level 1:colcon.colcon_core.package_identification:_identify(src/vrx/vrx_urdf) by extension 'python_setup_py'
[0.307s] Level 1:colcon.colcon_core.package_identification:_identify(src/vrx/vrx_urdf/vrx_gazebo) by extensions ['ignore', 'ignore_ament_install']
[0.307s] Level 1:colcon.colcon_core.package_identification:_identify(src/vrx/vrx_urdf/vrx_gazebo) by extension 'ignore'
[0.307s] Level 1:colcon.colcon_core.package_identification:_identify(src/vrx/vrx_urdf/vrx_gazebo) by extension 'ignore_ament_install'
[0.307s] Level 1:colcon.colcon_core.package_identification:_identify(src/vrx/vrx_urdf/vrx_gazebo) by extensions ['colcon_pkg']
[0.307s] Level 1:colcon.colcon_core.package_identification:_identify(src/vrx/vrx_urdf/vrx_gazebo) by extension 'colcon_pkg'
[0.308s] Level 1:colcon.colcon_core.package_identification:_identify(src/vrx/vrx_urdf/vrx_gazebo) by extensions ['colcon_meta']
[0.308s] Level 1:colcon.colcon_core.package_identification:_identify(src/vrx/vrx_urdf/vrx_gazebo) by extension 'colcon_meta'
[0.308s] Level 1:colcon.colcon_core.package_identification:_identify(src/vrx/vrx_urdf/vrx_gazebo) by extensions ['ros']
[0.308s] Level 1:colcon.colcon_core.package_identification:_identify(src/vrx/vrx_urdf/vrx_gazebo) by extension 'ros'
[0.308s] DEBUG:colcon.colcon_core.package_identification:Package 'src/vrx/vrx_urdf/vrx_gazebo' with type 'ros.ament_cmake' and name 'vrx_gazebo'
[0.308s] Level 1:colcon.colcon_core.package_identification:_identify(src/vrx/vrx_urdf/wamv_description) by extensions ['ignore', 'ignore_ament_install']
[0.308s] Level 1:colcon.colcon_core.package_identification:_identify(src/vrx/vrx_urdf/wamv_description) by extension 'ignore'
[0.308s] Level 1:colcon.colcon_core.package_identification:_identify(src/vrx/vrx_urdf/wamv_description) by extension 'ignore_ament_install'
[0.308s] Level 1:colcon.colcon_core.package_identification:_identify(src/vrx/vrx_urdf/wamv_description) by extensions ['colcon_pkg']
[0.308s] Level 1:colcon.colcon_core.package_identification:_identify(src/vrx/vrx_urdf/wamv_description) by extension 'colcon_pkg'
[0.309s] Level 1:colcon.colcon_core.package_identification:_identify(src/vrx/vrx_urdf/wamv_description) by extensions ['colcon_meta']
[0.309s] Level 1:colcon.colcon_core.package_identification:_identify(src/vrx/vrx_urdf/wamv_description) by extension 'colcon_meta'
[0.309s] Level 1:colcon.colcon_core.package_identification:_identify(src/vrx/vrx_urdf/wamv_description) by extensions ['ros']
[0.309s] Level 1:colcon.colcon_core.package_identification:_identify(src/vrx/vrx_urdf/wamv_description) by extension 'ros'
[0.309s] DEBUG:colcon.colcon_core.package_identification:Package 'src/vrx/vrx_urdf/wamv_description' with type 'ros.ament_cmake' and name 'wamv_description'
[0.309s] Level 1:colcon.colcon_core.package_identification:_identify(src/vrx/vrx_urdf/wamv_gazebo) by extensions ['ignore', 'ignore_ament_install']
[0.309s] Level 1:colcon.colcon_core.package_identification:_identify(src/vrx/vrx_urdf/wamv_gazebo) by extension 'ignore'
[0.309s] Level 1:colcon.colcon_core.package_identification:_identify(src/vrx/vrx_urdf/wamv_gazebo) by extension 'ignore_ament_install'
[0.309s] Level 1:colcon.colcon_core.package_identification:_identify(src/vrx/vrx_urdf/wamv_gazebo) by extensions ['colcon_pkg']
[0.309s] Level 1:colcon.colcon_core.package_identification:_identify(src/vrx/vrx_urdf/wamv_gazebo) by extension 'colcon_pkg'
[0.309s] Level 1:colcon.colcon_core.package_identification:_identify(src/vrx/vrx_urdf/wamv_gazebo) by extensions ['colcon_meta']
[0.309s] Level 1:colcon.colcon_core.package_identification:_identify(src/vrx/vrx_urdf/wamv_gazebo) by extension 'colcon_meta'
[0.309s] Level 1:colcon.colcon_core.package_identification:_identify(src/vrx/vrx_urdf/wamv_gazebo) by extensions ['ros']
[0.309s] Level 1:colcon.colcon_core.package_identification:_identify(src/vrx/vrx_urdf/wamv_gazebo) by extension 'ros'
[0.310s] DEBUG:colcon.colcon_core.package_identification:Package 'src/vrx/vrx_urdf/wamv_gazebo' with type 'ros.ament_cmake' and name 'wamv_gazebo'
[0.310s] Level 1:colcon.colcon_core.package_discovery:discover_packages(recursive) using defaults
[0.310s] Level 1:colcon.colcon_core.package_discovery:discover_packages(ignore) discover
[0.310s] Level 1:colcon.colcon_core.package_discovery:discover_packages(ignore) using defaults
[0.310s] Level 1:colcon.colcon_core.package_discovery:discover_packages(path) discover
[0.310s] Level 1:colcon.colcon_core.package_discovery:discover_packages(path) using defaults
[0.330s] Level 1:colcon.colcon_core.package_discovery:discover_packages(prefix_path) check parameters
[0.330s] Level 1:colcon.colcon_core.package_discovery:discover_packages(prefix_path) discover
[0.335s] DEBUG:colcon.colcon_installed_package_information.package_discovery:Found 308 installed packages in /opt/ros/jazzy
[0.335s] Level 1:colcon.colcon_core.package_discovery:discover_packages(prefix_path) using defaults
[0.375s] Level 5:colcon.colcon_core.verb:set package 'vrx_gazebo' build argument 'cmake_args' from command line to 'None'
[0.375s] Level 5:colcon.colcon_core.verb:set package 'vrx_gazebo' build argument 'cmake_target' from command line to 'None'
[0.375s] Level 5:colcon.colcon_core.verb:set package 'vrx_gazebo' build argument 'cmake_target_skip_unavailable' from command line to 'False'
[0.375s] Level 5:colcon.colcon_core.verb:set package 'vrx_gazebo' build argument 'cmake_clean_cache' from command line to 'False'
[0.375s] Level 5:colcon.colcon_core.verb:set package 'vrx_gazebo' build argument 'cmake_clean_first' from command line to 'False'
[0.375s] Level 5:colcon.colcon_core.verb:set package 'vrx_gazebo' build argument 'cmake_force_configure' from command line to 'False'
[0.376s] Level 5:colcon.colcon_core.verb:set package 'vrx_gazebo' build argument 'ament_cmake_args' from command line to 'None'
[0.376s] Level 5:colcon.colcon_core.verb:set package 'vrx_gazebo' build argument 'catkin_cmake_args' from command line to 'None'
[0.376s] Level 5:colcon.colcon_core.verb:set package 'vrx_gazebo' build argument 'catkin_skip_building_tests' from command line to 'False'
[0.376s] DEBUG:colcon.colcon_core.verb:Building package 'vrx_gazebo' with the following arguments: {'ament_cmake_args': None, 'build_base': '/home/toyat/dev/vrx_ros2/vrx_ws/build/vrx_gazebo', 'catkin_cmake_args': None, 'catkin_skip_building_tests': False, 'cmake_args': None, 'cmake_clean_cache': False, 'cmake_clean_first': False, 'cmake_force_configure': False, 'cmake_target': None, 'cmake_target_skip_unavailable': False, 'install_base': '/home/toyat/dev/vrx_ros2/vrx_ws/install', 'merge_install': True, 'path': '/home/toyat/dev/vrx_ros2/vrx_ws/src/vrx/vrx_urdf/vrx_gazebo', 'symlink_install': False, 'test_result_base': None}
[0.376s] Level 5:colcon.colcon_core.verb:set package 'vrx_ros' build argument 'cmake_args' from command line to 'None'
[0.376s] Level 5:colcon.colcon_core.verb:set package 'vrx_ros' build argument 'cmake_target' from command line to 'None'
[0.376s] Level 5:colcon.colcon_core.verb:set package 'vrx_ros' build argument 'cmake_target_skip_unavailable' from command line to 'False'
[0.376s] Level 5:colcon.colcon_core.verb:set package 'vrx_ros' build argument 'cmake_clean_cache' from command line to 'False'
[0.376s] Level 5:colcon.colcon_core.verb:set package 'vrx_ros' build argument 'cmake_clean_first' from command line to 'False'
[0.376s] Level 5:colcon.colcon_core.verb:set package 'vrx_ros' build argument 'cmake_force_configure' from command line to 'False'
[0.376s] Level 5:colcon.colcon_core.verb:set package 'vrx_ros' build argument 'ament_cmake_args' from command line to 'None'
[0.376s] Level 5:colcon.colcon_core.verb:set package 'vrx_ros' build argument 'catkin_cmake_args' from command line to 'None'
[0.376s] Level 5:colcon.colcon_core.verb:set package 'vrx_ros' build argument 'catkin_skip_building_tests' from command line to 'False'
[0.376s] DEBUG:colcon.colcon_core.verb:Building package 'vrx_ros' with the following arguments: {'ament_cmake_args': None, 'build_base': '/home/toyat/dev/vrx_ros2/vrx_ws/build/vrx_ros', 'catkin_cmake_args': None, 'catkin_skip_building_tests': False, 'cmake_args': None, 'cmake_clean_cache': False, 'cmake_clean_first': False, 'cmake_force_configure': False, 'cmake_target': None, 'cmake_target_skip_unavailable': False, 'install_base': '/home/toyat/dev/vrx_ros2/vrx_ws/install', 'merge_install': True, 'path': '/home/toyat/dev/vrx_ros2/vrx_ws/src/vrx/vrx_ros', 'symlink_install': False, 'test_result_base': None}
[0.376s] Level 5:colcon.colcon_core.verb:set package 'wamv_description' build argument 'cmake_args' from command line to 'None'
[0.376s] Level 5:colcon.colcon_core.verb:set package 'wamv_description' build argument 'cmake_target' from command line to 'None'
[0.376s] Level 5:colcon.colcon_core.verb:set package 'wamv_description' build argument 'cmake_target_skip_unavailable' from command line to 'False'
[0.376s] Level 5:colcon.colcon_core.verb:set package 'wamv_description' build argument 'cmake_clean_cache' from command line to 'False'
[0.376s] Level 5:colcon.colcon_core.verb:set package 'wamv_description' build argument 'cmake_clean_first' from command line to 'False'
[0.376s] Level 5:colcon.colcon_core.verb:set package 'wamv_description' build argument 'cmake_force_configure' from command line to 'False'
[0.376s] Level 5:colcon.colcon_core.verb:set package 'wamv_description' build argument 'ament_cmake_args' from command line to 'None'
[0.376s] Level 5:colcon.colcon_core.verb:set package 'wamv_description' build argument 'catkin_cmake_args' from command line to 'None'
[0.376s] Level 5:colcon.colcon_core.verb:set package 'wamv_description' build argument 'catkin_skip_building_tests' from command line to 'False'
[0.376s] DEBUG:colcon.colcon_core.verb:Building package 'wamv_description' with the following arguments: {'ament_cmake_args': None, 'build_base': '/home/toyat/dev/vrx_ros2/vrx_ws/build/wamv_description', 'catkin_cmake_args': None, 'catkin_skip_building_tests': False, 'cmake_args': None, 'cmake_clean_cache': False, 'cmake_clean_first': False, 'cmake_force_configure': False, 'cmake_target': None, 'cmake_target_skip_unavailable': False, 'install_base': '/home/toyat/dev/vrx_ros2/vrx_ws/install', 'merge_install': True, 'path': '/home/toyat/dev/vrx_ros2/vrx_ws/src/vrx/vrx_urdf/wamv_description', 'symlink_install': False, 'test_result_base': None}
[0.377s] Level 5:colcon.colcon_core.verb:set package 'wamv_gazebo' build argument 'cmake_args' from command line to 'None'
[0.377s] Level 5:colcon.colcon_core.verb:set package 'wamv_gazebo' build argument 'cmake_target' from command line to 'None'
[0.377s] Level 5:colcon.colcon_core.verb:set package 'wamv_gazebo' build argument 'cmake_target_skip_unavailable' from command line to 'False'
[0.377s] Level 5:colcon.colcon_core.verb:set package 'wamv_gazebo' build argument 'cmake_clean_cache' from command line to 'False'
[0.377s] Level 5:colcon.colcon_core.verb:set package 'wamv_gazebo' build argument 'cmake_clean_first' from command line to 'False'
[0.377s] Level 5:colcon.colcon_core.verb:set package 'wamv_gazebo' build argument 'cmake_force_configure' from command line to 'False'
[0.377s] Level 5:colcon.colcon_core.verb:set package 'wamv_gazebo' build argument 'ament_cmake_args' from command line to 'None'
[0.377s] Level 5:colcon.colcon_core.verb:set package 'wamv_gazebo' build argument 'catkin_cmake_args' from command line to 'None'
[0.377s] Level 5:colcon.colcon_core.verb:set package 'wamv_gazebo' build argument 'catkin_skip_building_tests' from command line to 'False'
[0.377s] DEBUG:colcon.colcon_core.verb:Building package 'wamv_gazebo' with the following arguments: {'ament_cmake_args': None, 'build_base': '/home/toyat/dev/vrx_ros2/vrx_ws/build/wamv_gazebo', 'catkin_cmake_args': None, 'catkin_skip_building_tests': False, 'cmake_args': None, 'cmake_clean_cache': False, 'cmake_clean_first': False, 'cmake_force_configure': False, 'cmake_target': None, 'cmake_target_skip_unavailable': False, 'install_base': '/home/toyat/dev/vrx_ros2/vrx_ws/install', 'merge_install': True, 'path': '/home/toyat/dev/vrx_ros2/vrx_ws/src/vrx/vrx_urdf/wamv_gazebo', 'symlink_install': False, 'test_result_base': None}
[0.377s] Level 5:colcon.colcon_core.verb:set package 'vrx_gz' build argument 'cmake_args' from command line to 'None'
[0.377s] Level 5:colcon.colcon_core.verb:set package 'vrx_gz' build argument 'cmake_target' from command line to 'None'
[0.377s] Level 5:colcon.colcon_core.verb:set package 'vrx_gz' build argument 'cmake_target_skip_unavailable' from command line to 'False'
[0.377s] Level 5:colcon.colcon_core.verb:set package 'vrx_gz' build argument 'cmake_clean_cache' from command line to 'False'
[0.377s] Level 5:colcon.colcon_core.verb:set package 'vrx_gz' build argument 'cmake_clean_first' from command line to 'False'
[0.377s] Level 5:colcon.colcon_core.verb:set package 'vrx_gz' build argument 'cmake_force_configure' from command line to 'False'
[0.377s] Level 5:colcon.colcon_core.verb:set package 'vrx_gz' build argument 'ament_cmake_args' from command line to 'None'
[0.377s] Level 5:colcon.colcon_core.verb:set package 'vrx_gz' build argument 'catkin_cmake_args' from command line to 'None'
[0.377s] Level 5:colcon.colcon_core.verb:set package 'vrx_gz' build argument 'catkin_skip_building_tests' from command line to 'False'
[0.377s] DEBUG:colcon.colcon_core.verb:Building package 'vrx_gz' with the following arguments: {'ament_cmake_args': None, 'build_base': '/home/toyat/dev/vrx_ros2/vrx_ws/build/vrx_gz', 'catkin_cmake_args': None, 'catkin_skip_building_tests': False, 'cmake_args': None, 'cmake_clean_cache': False, 'cmake_clean_first': False, 'cmake_force_configure': False, 'cmake_target': None, 'cmake_target_skip_unavailable': False, 'install_base': '/home/toyat/dev/vrx_ros2/vrx_ws/install', 'merge_install': True, 'path': '/home/toyat/dev/vrx_ros2/vrx_ws/src/vrx/vrx_gz', 'symlink_install': False, 'test_result_base': None}
[0.377s] INFO:colcon.colcon_core.executor:Executing jobs using 'parallel' executor
[0.378s] DEBUG:colcon.colcon_parallel_executor.executor.parallel:run_until_complete
[0.379s] INFO:colcon.colcon_ros.task.ament_cmake.build:Building ROS package in '/home/toyat/dev/vrx_ros2/vrx_ws/src/vrx/vrx_urdf/vrx_gazebo' with build type 'ament_cmake'
[0.379s] INFO:colcon.colcon_cmake.task.cmake.build:Building CMake package in '/home/toyat/dev/vrx_ros2/vrx_ws/src/vrx/vrx_urdf/vrx_gazebo'
[0.385s] INFO:colcon.colcon_core.plugin_system:Skipping extension 'colcon_core.shell.bat': Not used on non-Windows systems
[0.385s] INFO:colcon.colcon_core.shell:Skip shell extension 'powershell' for command environment: Not usable outside of PowerShell
[0.385s] DEBUG:colcon.colcon_core.shell:Skip shell extension 'dsv' for command environment
[0.389s] INFO:colcon.colcon_ros.task.ament_cmake.build:Building ROS package in '/home/toyat/dev/vrx_ros2/vrx_ws/src/vrx/vrx_ros' with build type 'ament_cmake'
[0.389s] INFO:colcon.colcon_cmake.task.cmake.build:Building CMake package in '/home/toyat/dev/vrx_ros2/vrx_ws/src/vrx/vrx_ros'
[0.389s] INFO:colcon.colcon_core.shell:Skip shell extension 'powershell' for command environment: Not usable outside of PowerShell
[0.389s] DEBUG:colcon.colcon_core.shell:Skip shell extension 'dsv' for command environment
[0.396s] DEBUG:colcon.colcon_core.event_handler.log_command:Invoking command in '/home/toyat/dev/vrx_ros2/vrx_ws/build/vrx_gazebo': CMAKE_PREFIX_PATH=${CMAKE_PREFIX_PATH}:/opt/ros/jazzy DEBUGINFOD_URLS=https://debuginfod.ubuntu.com /usr/bin/cmake --build /home/toyat/dev/vrx_ros2/vrx_ws/build/vrx_gazebo -- -j8 -l8
[0.400s] DEBUG:colcon.colcon_core.event_handler.log_command:Invoking command in '/home/toyat/dev/vrx_ros2/vrx_ws/build/vrx_ros': CMAKE_PREFIX_PATH=${CMAKE_PREFIX_PATH}:/opt/ros/jazzy DEBUGINFOD_URLS=https://debuginfod.ubuntu.com /usr/bin/cmake --build /home/toyat/dev/vrx_ros2/vrx_ws/build/vrx_ros -- -j8 -l8
[0.826s] DEBUG:colcon.colcon_core.event_handler.log_command:Invoked command in '/home/toyat/dev/vrx_ros2/vrx_ws/build/vrx_gazebo' returned '0': CMAKE_PREFIX_PATH=${CMAKE_PREFIX_PATH}:/opt/ros/jazzy DEBUGINFOD_URLS=https://debuginfod.ubuntu.com /usr/bin/cmake --build /home/toyat/dev/vrx_ros2/vrx_ws/build/vrx_gazebo -- -j8 -l8
[0.837s] DEBUG:colcon.colcon_core.event_handler.log_command:Invoking command in '/home/toyat/dev/vrx_ros2/vrx_ws/build/vrx_gazebo': CMAKE_PREFIX_PATH=${CMAKE_PREFIX_PATH}:/opt/ros/jazzy DEBUGINFOD_URLS=https://debuginfod.ubuntu.com /usr/bin/cmake --install /home/toyat/dev/vrx_ros2/vrx_ws/build/vrx_gazebo
[0.892s] Level 1:colcon.colcon_core.environment:create_environment_scripts_only(vrx_gazebo)
[0.892s] DEBUG:colcon.colcon_core.event_handler.log_command:Invoked command in '/home/toyat/dev/vrx_ros2/vrx_ws/build/vrx_gazebo' returned '0': CMAKE_PREFIX_PATH=${CMAKE_PREFIX_PATH}:/opt/ros/jazzy DEBUGINFOD_URLS=https://debuginfod.ubuntu.com /usr/bin/cmake --install /home/toyat/dev/vrx_ros2/vrx_ws/build/vrx_gazebo
[0.900s] Level 1:colcon.colcon_core.environment:checking '/home/toyat/dev/vrx_ros2/vrx_ws/install' for CMake module files
[0.900s] Level 1:colcon.colcon_core.environment:checking '/home/toyat/dev/vrx_ros2/vrx_ws/install' for CMake config files
[0.901s] Level 1:colcon.colcon_core.shell:create_environment_hook('vrx_gazebo', 'cmake_prefix_path')
[0.902s] INFO:colcon.colcon_core.shell:Creating environment hook '/home/toyat/dev/vrx_ros2/vrx_ws/install/share/vrx_gazebo/hook/cmake_prefix_path.ps1'
[0.902s] INFO:colcon.colcon_core.shell:Creating environment descriptor '/home/toyat/dev/vrx_ros2/vrx_ws/install/share/vrx_gazebo/hook/cmake_prefix_path.dsv'
[0.903s] INFO:colcon.colcon_core.shell:Creating environment hook '/home/toyat/dev/vrx_ros2/vrx_ws/install/share/vrx_gazebo/hook/cmake_prefix_path.sh'
[0.904s] Level 1:colcon.colcon_core.environment:checking '/home/toyat/dev/vrx_ros2/vrx_ws/install/lib'
[0.905s] Level 1:colcon.colcon_core.environment:checking '/home/toyat/dev/vrx_ros2/vrx_ws/install/bin'
[0.905s] Level 1:colcon.colcon_core.environment:checking '/home/toyat/dev/vrx_ros2/vrx_ws/install/lib/pkgconfig/vrx_gazebo.pc'
[0.905s] Level 1:colcon.colcon_core.environment:checking '/home/toyat/dev/vrx_ros2/vrx_ws/install/lib/python3.12/site-packages'
[0.905s] Level 1:colcon.colcon_core.shell:create_environment_hook('vrx_gazebo', 'pythonpath')
[0.906s] INFO:colcon.colcon_core.shell:Creating environment hook '/home/toyat/dev/vrx_ros2/vrx_ws/install/share/vrx_gazebo/hook/pythonpath.ps1'
[0.906s] INFO:colcon.colcon_core.shell:Creating environment descriptor '/home/toyat/dev/vrx_ros2/vrx_ws/install/share/vrx_gazebo/hook/pythonpath.dsv'
[0.907s] INFO:colcon.colcon_core.shell:Creating environment hook '/home/toyat/dev/vrx_ros2/vrx_ws/install/share/vrx_gazebo/hook/pythonpath.sh'
[0.907s] Level 1:colcon.colcon_core.environment:checking '/home/toyat/dev/vrx_ros2/vrx_ws/install/bin'
[0.908s] INFO:colcon.colcon_core.shell:Creating package script '/home/toyat/dev/vrx_ros2/vrx_ws/install/share/vrx_gazebo/package.ps1'
[0.909s] INFO:colcon.colcon_core.shell:Creating package descriptor '/home/toyat/dev/vrx_ros2/vrx_ws/install/share/vrx_gazebo/package.dsv'
[0.910s] INFO:colcon.colcon_core.shell:Creating package script '/home/toyat/dev/vrx_ros2/vrx_ws/install/share/vrx_gazebo/package.sh'
[0.911s] INFO:colcon.colcon_core.shell:Creating package script '/home/toyat/dev/vrx_ros2/vrx_ws/install/share/vrx_gazebo/package.bash'
[0.912s] INFO:colcon.colcon_core.shell:Creating package script '/home/toyat/dev/vrx_ros2/vrx_ws/install/share/vrx_gazebo/package.zsh'
[0.913s] Level 1:colcon.colcon_core.environment:create_file_with_runtime_dependencies(/home/toyat/dev/vrx_ros2/vrx_ws/install/share/colcon-core/packages/vrx_gazebo)
[0.914s] Level 1:colcon.colcon_core.environment:create_environment_scripts_only(vrx_gazebo)
[0.914s] Level 1:colcon.colcon_core.environment:checking '/home/toyat/dev/vrx_ros2/vrx_ws/install' for CMake module files
[0.915s] Level 1:colcon.colcon_core.environment:checking '/home/toyat/dev/vrx_ros2/vrx_ws/install' for CMake config files
[0.916s] Level 1:colcon.colcon_core.shell:create_environment_hook('vrx_gazebo', 'cmake_prefix_path')
[0.916s] INFO:colcon.colcon_core.shell:Creating environment hook '/home/toyat/dev/vrx_ros2/vrx_ws/install/share/vrx_gazebo/hook/cmake_prefix_path.ps1'
[0.916s] INFO:colcon.colcon_core.shell:Creating environment descriptor '/home/toyat/dev/vrx_ros2/vrx_ws/install/share/vrx_gazebo/hook/cmake_prefix_path.dsv'
[0.917s] INFO:colcon.colcon_core.shell:Creating environment hook '/home/toyat/dev/vrx_ros2/vrx_ws/install/share/vrx_gazebo/hook/cmake_prefix_path.sh'
[0.917s] Level 1:colcon.colcon_core.environment:checking '/home/toyat/dev/vrx_ros2/vrx_ws/install/lib'
[0.917s] Level 1:colcon.colcon_core.environment:checking '/home/toyat/dev/vrx_ros2/vrx_ws/install/bin'
[0.917s] Level 1:colcon.colcon_core.environment:checking '/home/toyat/dev/vrx_ros2/vrx_ws/install/lib/pkgconfig/vrx_gazebo.pc'
[0.917s] Level 1:colcon.colcon_core.environment:checking '/home/toyat/dev/vrx_ros2/vrx_ws/install/lib/python3.12/site-packages'
[0.918s] Level 1:colcon.colcon_core.shell:create_environment_hook('vrx_gazebo', 'pythonpath')
[0.918s] INFO:colcon.colcon_core.shell:Creating environment hook '/home/toyat/dev/vrx_ros2/vrx_ws/install/share/vrx_gazebo/hook/pythonpath.ps1'
[0.918s] INFO:colcon.colcon_core.shell:Creating environment descriptor '/home/toyat/dev/vrx_ros2/vrx_ws/install/share/vrx_gazebo/hook/pythonpath.dsv'
[0.918s] INFO:colcon.colcon_core.shell:Creating environment hook '/home/toyat/dev/vrx_ros2/vrx_ws/install/share/vrx_gazebo/hook/pythonpath.sh'
[0.919s] Level 1:colcon.colcon_core.environment:checking '/home/toyat/dev/vrx_ros2/vrx_ws/install/bin'
[0.919s] INFO:colcon.colcon_core.shell:Creating package script '/home/toyat/dev/vrx_ros2/vrx_ws/install/share/vrx_gazebo/package.ps1'
[0.919s] INFO:colcon.colcon_core.shell:Creating package descriptor '/home/toyat/dev/vrx_ros2/vrx_ws/install/share/vrx_gazebo/package.dsv'
[0.920s] INFO:colcon.colcon_core.shell:Creating package script '/home/toyat/dev/vrx_ros2/vrx_ws/install/share/vrx_gazebo/package.sh'
[0.920s] INFO:colcon.colcon_core.shell:Creating package script '/home/toyat/dev/vrx_ros2/vrx_ws/install/share/vrx_gazebo/package.bash'
[0.920s] INFO:colcon.colcon_core.shell:Creating package script '/home/toyat/dev/vrx_ros2/vrx_ws/install/share/vrx_gazebo/package.zsh'
[0.921s] Level 1:colcon.colcon_core.environment:create_file_with_runtime_dependencies(/home/toyat/dev/vrx_ros2/vrx_ws/install/share/colcon-core/packages/vrx_gazebo)
[0.921s] INFO:colcon.colcon_ros.task.ament_cmake.build:Building ROS package in '/home/toyat/dev/vrx_ros2/vrx_ws/src/vrx/vrx_urdf/wamv_description' with build type 'ament_cmake'
[0.921s] INFO:colcon.colcon_cmake.task.cmake.build:Building CMake package in '/home/toyat/dev/vrx_ros2/vrx_ws/src/vrx/vrx_urdf/wamv_description'
[0.921s] INFO:colcon.colcon_core.shell:Skip shell extension 'powershell' for command environment: Not usable outside of PowerShell
[0.921s] DEBUG:colcon.colcon_core.shell:Skip shell extension 'dsv' for command environment
[0.930s] DEBUG:colcon.colcon_core.event_handler.log_command:Invoking command in '/home/toyat/dev/vrx_ros2/vrx_ws/build/wamv_description': AMENT_PREFIX_PATH=/home/toyat/dev/vrx_ros2/vrx_ws/install:${AMENT_PREFIX_PATH} CMAKE_PREFIX_PATH=/home/toyat/dev/vrx_ros2/vrx_ws/install:/opt/ros/jazzy/opt/gz_sim_vendor:/opt/ros/jazzy/opt/gz_sensors_vendor:/opt/ros/jazzy/opt/gz_physics_vendor:/opt/ros/jazzy/opt/sdformat_vendor:/opt/ros/jazzy/opt/gz_gui_vendor:/opt/ros/jazzy/opt/gz_transport_vendor:/opt/ros/jazzy/opt/gz_rendering_vendor:/opt/ros/jazzy/opt/gz_plugin_vendor:/opt/ros/jazzy/opt/gz_fuel_tools_vendor:/opt/ros/jazzy/opt/gz_msgs_vendor:/opt/ros/jazzy/opt/gz_common_vendor:/opt/ros/jazzy/opt/gz_math_vendor:/opt/ros/jazzy/opt/gz_utils_vendor:/opt/ros/jazzy/opt/gz_tools_vendor:/opt/ros/jazzy/opt/gz_ogre_next_vendor:/opt/ros/jazzy/opt/gz_dartsim_vendor:/opt/ros/jazzy/opt/gz_cmake_vendor:/opt/ros/jazzy DEBUGINFOD_URLS=https://debuginfod.ubuntu.com GZ_SIM_RESOURCE_PATH=/home/toyat/dev/vrx_ros2/vrx_ws/install/share/vrx_gazebo/models:/home/toyat/dev/vrx_ros2/vrx_ws/install/share PYTHONPATH=/home/toyat/dev/vrx_ros2/vrx_ws/install/lib/python3.12/site-packages:${PYTHONPATH} /usr/bin/cmake --build /home/toyat/dev/vrx_ros2/vrx_ws/build/wamv_description -- -j8 -l8
[0.993s] DEBUG:colcon.colcon_core.event_handler.log_command:Invoked command in '/home/toyat/dev/vrx_ros2/vrx_ws/build/wamv_description' returned '0': AMENT_PREFIX_PATH=/home/toyat/dev/vrx_ros2/vrx_ws/install:${AMENT_PREFIX_PATH} CMAKE_PREFIX_PATH=/home/toyat/dev/vrx_ros2/vrx_ws/install:/opt/ros/jazzy/opt/gz_sim_vendor:/opt/ros/jazzy/opt/gz_sensors_vendor:/opt/ros/jazzy/opt/gz_physics_vendor:/opt/ros/jazzy/opt/sdformat_vendor:/opt/ros/jazzy/opt/gz_gui_vendor:/opt/ros/jazzy/opt/gz_transport_vendor:/opt/ros/jazzy/opt/gz_rendering_vendor:/opt/ros/jazzy/opt/gz_plugin_vendor:/opt/ros/jazzy/opt/gz_fuel_tools_vendor:/opt/ros/jazzy/opt/gz_msgs_vendor:/opt/ros/jazzy/opt/gz_common_vendor:/opt/ros/jazzy/opt/gz_math_vendor:/opt/ros/jazzy/opt/gz_utils_vendor:/opt/ros/jazzy/opt/gz_tools_vendor:/opt/ros/jazzy/opt/gz_ogre_next_vendor:/opt/ros/jazzy/opt/gz_dartsim_vendor:/opt/ros/jazzy/opt/gz_cmake_vendor:/opt/ros/jazzy DEBUGINFOD_URLS=https://debuginfod.ubuntu.com GZ_SIM_RESOURCE_PATH=/home/toyat/dev/vrx_ros2/vrx_ws/install/share/vrx_gazebo/models:/home/toyat/dev/vrx_ros2/vrx_ws/install/share PYTHONPATH=/home/toyat/dev/vrx_ros2/vrx_ws/install/lib/python3.12/site-packages:${PYTHONPATH} /usr/bin/cmake --build /home/toyat/dev/vrx_ros2/vrx_ws/build/wamv_description -- -j8 -l8
[0.994s] DEBUG:colcon.colcon_core.event_handler.log_command:Invoking command in '/home/toyat/dev/vrx_ros2/vrx_ws/build/wamv_description': AMENT_PREFIX_PATH=/home/toyat/dev/vrx_ros2/vrx_ws/install:${AMENT_PREFIX_PATH} CMAKE_PREFIX_PATH=/home/toyat/dev/vrx_ros2/vrx_ws/install:/opt/ros/jazzy/opt/gz_sim_vendor:/opt/ros/jazzy/opt/gz_sensors_vendor:/opt/ros/jazzy/opt/gz_physics_vendor:/opt/ros/jazzy/opt/sdformat_vendor:/opt/ros/jazzy/opt/gz_gui_vendor:/opt/ros/jazzy/opt/gz_transport_vendor:/opt/ros/jazzy/opt/gz_rendering_vendor:/opt/ros/jazzy/opt/gz_plugin_vendor:/opt/ros/jazzy/opt/gz_fuel_tools_vendor:/opt/ros/jazzy/opt/gz_msgs_vendor:/opt/ros/jazzy/opt/gz_common_vendor:/opt/ros/jazzy/opt/gz_math_vendor:/opt/ros/jazzy/opt/gz_utils_vendor:/opt/ros/jazzy/opt/gz_tools_vendor:/opt/ros/jazzy/opt/gz_ogre_next_vendor:/opt/ros/jazzy/opt/gz_dartsim_vendor:/opt/ros/jazzy/opt/gz_cmake_vendor:/opt/ros/jazzy DEBUGINFOD_URLS=https://debuginfod.ubuntu.com GZ_SIM_RESOURCE_PATH=/home/toyat/dev/vrx_ros2/vrx_ws/install/share/vrx_gazebo/models:/home/toyat/dev/vrx_ros2/vrx_ws/install/share PYTHONPATH=/home/toyat/dev/vrx_ros2/vrx_ws/install/lib/python3.12/site-packages:${PYTHONPATH} /usr/bin/cmake --install /home/toyat/dev/vrx_ros2/vrx_ws/build/wamv_description
[1.006s] Level 1:colcon.colcon_core.environment:create_environment_scripts_only(wamv_description)
[1.007s] Level 1:colcon.colcon_core.environment:checking '/home/toyat/dev/vrx_ros2/vrx_ws/install' for CMake module files
[1.007s] DEBUG:colcon.colcon_core.event_handler.log_command:Invoked command in '/home/toyat/dev/vrx_ros2/vrx_ws/build/wamv_description' returned '0': AMENT_PREFIX_PATH=/home/toyat/dev/vrx_ros2/vrx_ws/install:${AMENT_PREFIX_PATH} CMAKE_PREFIX_PATH=/home/toyat/dev/vrx_ros2/vrx_ws/install:/opt/ros/jazzy/opt/gz_sim_vendor:/opt/ros/jazzy/opt/gz_sensors_vendor:/opt/ros/jazzy/opt/gz_physics_vendor:/opt/ros/jazzy/opt/sdformat_vendor:/opt/ros/jazzy/opt/gz_gui_vendor:/opt/ros/jazzy/opt/gz_transport_vendor:/opt/ros/jazzy/opt/gz_rendering_vendor:/opt/ros/jazzy/opt/gz_plugin_vendor:/opt/ros/jazzy/opt/gz_fuel_tools_vendor:/opt/ros/jazzy/opt/gz_msgs_vendor:/opt/ros/jazzy/opt/gz_common_vendor:/opt/ros/jazzy/opt/gz_math_vendor:/opt/ros/jazzy/opt/gz_utils_vendor:/opt/ros/jazzy/opt/gz_tools_vendor:/opt/ros/jazzy/opt/gz_ogre_next_vendor:/opt/ros/jazzy/opt/gz_dartsim_vendor:/opt/ros/jazzy/opt/gz_cmake_vendor:/opt/ros/jazzy DEBUGINFOD_URLS=https://debuginfod.ubuntu.com GZ_SIM_RESOURCE_PATH=/home/toyat/dev/vrx_ros2/vrx_ws/install/share/vrx_gazebo/models:/home/toyat/dev/vrx_ros2/vrx_ws/install/share PYTHONPATH=/home/toyat/dev/vrx_ros2/vrx_ws/install/lib/python3.12/site-packages:${PYTHONPATH} /usr/bin/cmake --install /home/toyat/dev/vrx_ros2/vrx_ws/build/wamv_description
[1.008s] Level 1:colcon.colcon_core.environment:checking '/home/toyat/dev/vrx_ros2/vrx_ws/install' for CMake config files
[1.009s] Level 1:colcon.colcon_core.shell:create_environment_hook('wamv_description', 'cmake_prefix_path')
[1.009s] INFO:colcon.colcon_core.shell:Creating environment hook '/home/toyat/dev/vrx_ros2/vrx_ws/install/share/wamv_description/hook/cmake_prefix_path.ps1'
[1.010s] INFO:colcon.colcon_core.shell:Creating environment descriptor '/home/toyat/dev/vrx_ros2/vrx_ws/install/share/wamv_description/hook/cmake_prefix_path.dsv'
[1.010s] INFO:colcon.colcon_core.shell:Creating environment hook '/home/toyat/dev/vrx_ros2/vrx_ws/install/share/wamv_description/hook/cmake_prefix_path.sh'
[1.011s] Level 1:colcon.colcon_core.environment:checking '/home/toyat/dev/vrx_ros2/vrx_ws/install/lib'
[1.011s] Level 1:colcon.colcon_core.environment:checking '/home/toyat/dev/vrx_ros2/vrx_ws/install/bin'
[1.012s] Level 1:colcon.colcon_core.environment:checking '/home/toyat/dev/vrx_ros2/vrx_ws/install/lib/pkgconfig/wamv_description.pc'
[1.012s] Level 1:colcon.colcon_core.environment:checking '/home/toyat/dev/vrx_ros2/vrx_ws/install/lib/python3.12/site-packages'
[1.012s] Level 1:colcon.colcon_core.shell:create_environment_hook('wamv_description', 'pythonpath')
[1.012s] INFO:colcon.colcon_core.shell:Creating environment hook '/home/toyat/dev/vrx_ros2/vrx_ws/install/share/wamv_description/hook/pythonpath.ps1'
[1.013s] INFO:colcon.colcon_core.shell:Creating environment descriptor '/home/toyat/dev/vrx_ros2/vrx_ws/install/share/wamv_description/hook/pythonpath.dsv'
[1.013s] INFO:colcon.colcon_core.shell:Creating environment hook '/home/toyat/dev/vrx_ros2/vrx_ws/install/share/wamv_description/hook/pythonpath.sh'
[1.014s] Level 1:colcon.colcon_core.environment:checking '/home/toyat/dev/vrx_ros2/vrx_ws/install/bin'
[1.014s] INFO:colcon.colcon_core.shell:Creating package script '/home/toyat/dev/vrx_ros2/vrx_ws/install/share/wamv_description/package.ps1'
[1.015s] INFO:colcon.colcon_core.shell:Creating package descriptor '/home/toyat/dev/vrx_ros2/vrx_ws/install/share/wamv_description/package.dsv'
[1.016s] INFO:colcon.colcon_core.shell:Creating package script '/home/toyat/dev/vrx_ros2/vrx_ws/install/share/wamv_description/package.sh'
[1.016s] INFO:colcon.colcon_core.shell:Creating package script '/home/toyat/dev/vrx_ros2/vrx_ws/install/share/wamv_description/package.bash'
[1.017s] INFO:colcon.colcon_core.shell:Creating package script '/home/toyat/dev/vrx_ros2/vrx_ws/install/share/wamv_description/package.zsh'
[1.017s] Level 1:colcon.colcon_core.environment:create_file_with_runtime_dependencies(/home/toyat/dev/vrx_ros2/vrx_ws/install/share/colcon-core/packages/wamv_description)
[1.018s] Level 1:colcon.colcon_core.environment:create_environment_scripts_only(wamv_description)
[1.018s] Level 1:colcon.colcon_core.environment:checking '/home/toyat/dev/vrx_ros2/vrx_ws/install' for CMake module files
[1.019s] Level 1:colcon.colcon_core.environment:checking '/home/toyat/dev/vrx_ros2/vrx_ws/install' for CMake config files
[1.020s] Level 1:colcon.colcon_core.shell:create_environment_hook('wamv_description', 'cmake_prefix_path')
[1.020s] INFO:colcon.colcon_core.shell:Creating environment hook '/home/toyat/dev/vrx_ros2/vrx_ws/install/share/wamv_description/hook/cmake_prefix_path.ps1'
[1.021s] INFO:colcon.colcon_core.shell:Creating environment descriptor '/home/toyat/dev/vrx_ros2/vrx_ws/install/share/wamv_description/hook/cmake_prefix_path.dsv'
[1.021s] INFO:colcon.colcon_core.shell:Creating environment hook '/home/toyat/dev/vrx_ros2/vrx_ws/install/share/wamv_description/hook/cmake_prefix_path.sh'
[1.022s] Level 1:colcon.colcon_core.environment:checking '/home/toyat/dev/vrx_ros2/vrx_ws/install/lib'
[1.022s] Level 1:colcon.colcon_core.environment:checking '/home/toyat/dev/vrx_ros2/vrx_ws/install/bin'
[1.022s] Level 1:colcon.colcon_core.environment:checking '/home/toyat/dev/vrx_ros2/vrx_ws/install/lib/pkgconfig/wamv_description.pc'
[1.022s] Level 1:colcon.colcon_core.environment:checking '/home/toyat/dev/vrx_ros2/vrx_ws/install/lib/python3.12/site-packages'
[1.022s] Level 1:colcon.colcon_core.shell:create_environment_hook('wamv_description', 'pythonpath')
[1.023s] INFO:colcon.colcon_core.shell:Creating environment hook '/home/toyat/dev/vrx_ros2/vrx_ws/install/share/wamv_description/hook/pythonpath.ps1'
[1.023s] INFO:colcon.colcon_core.shell:Creating environment descriptor '/home/toyat/dev/vrx_ros2/vrx_ws/install/share/wamv_description/hook/pythonpath.dsv'
[1.024s] INFO:colcon.colcon_core.shell:Creating environment hook '/home/toyat/dev/vrx_ros2/vrx_ws/install/share/wamv_description/hook/pythonpath.sh'
[1.024s] Level 1:colcon.colcon_core.environment:checking '/home/toyat/dev/vrx_ros2/vrx_ws/install/bin'
[1.025s] INFO:colcon.colcon_core.shell:Creating package script '/home/toyat/dev/vrx_ros2/vrx_ws/install/share/wamv_description/package.ps1'
[1.026s] INFO:colcon.colcon_core.shell:Creating package descriptor '/home/toyat/dev/vrx_ros2/vrx_ws/install/share/wamv_description/package.dsv'
[1.026s] INFO:colcon.colcon_core.shell:Creating package script '/home/toyat/dev/vrx_ros2/vrx_ws/install/share/wamv_description/package.sh'
[1.027s] INFO:colcon.colcon_core.shell:Creating package script '/home/toyat/dev/vrx_ros2/vrx_ws/install/share/wamv_description/package.bash'
[1.028s] INFO:colcon.colcon_core.shell:Creating package script '/home/toyat/dev/vrx_ros2/vrx_ws/install/share/wamv_description/package.zsh'
[1.028s] Level 1:colcon.colcon_core.environment:create_file_with_runtime_dependencies(/home/toyat/dev/vrx_ros2/vrx_ws/install/share/colcon-core/packages/wamv_description)
[1.029s] INFO:colcon.colcon_ros.task.ament_cmake.build:Building ROS package in '/home/toyat/dev/vrx_ros2/vrx_ws/src/vrx/vrx_urdf/wamv_gazebo' with build type 'ament_cmake'
[1.029s] INFO:colcon.colcon_cmake.task.cmake.build:Building CMake package in '/home/toyat/dev/vrx_ros2/vrx_ws/src/vrx/vrx_urdf/wamv_gazebo'
[1.029s] INFO:colcon.colcon_core.shell:Skip shell extension 'powershell' for command environment: Not usable outside of PowerShell
[1.029s] DEBUG:colcon.colcon_core.shell:Skip shell extension 'dsv' for command environment
[1.041s] DEBUG:colcon.colcon_core.event_handler.log_command:Invoking command in '/home/toyat/dev/vrx_ros2/vrx_ws/build/wamv_gazebo': AMENT_PREFIX_PATH=/home/toyat/dev/vrx_ros2/vrx_ws/install:${AMENT_PREFIX_PATH} CMAKE_PREFIX_PATH=/home/toyat/dev/vrx_ros2/vrx_ws/install:/opt/ros/jazzy/opt/gz_sim_vendor:/opt/ros/jazzy/opt/gz_sensors_vendor:/opt/ros/jazzy/opt/gz_physics_vendor:/opt/ros/jazzy/opt/sdformat_vendor:/opt/ros/jazzy/opt/gz_gui_vendor:/opt/ros/jazzy/opt/gz_transport_vendor:/opt/ros/jazzy/opt/gz_rendering_vendor:/opt/ros/jazzy/opt/gz_plugin_vendor:/opt/ros/jazzy/opt/gz_fuel_tools_vendor:/opt/ros/jazzy/opt/gz_msgs_vendor:/opt/ros/jazzy/opt/gz_common_vendor:/opt/ros/jazzy/opt/gz_math_vendor:/opt/ros/jazzy/opt/gz_utils_vendor:/opt/ros/jazzy/opt/gz_tools_vendor:/opt/ros/jazzy/opt/gz_ogre_next_vendor:/opt/ros/jazzy/opt/gz_dartsim_vendor:/opt/ros/jazzy/opt/gz_cmake_vendor:/opt/ros/jazzy DEBUGINFOD_URLS=https://debuginfod.ubuntu.com GZ_SIM_RESOURCE_PATH=/home/toyat/dev/vrx_ros2/vrx_ws/install/share/wamv_description/models:/home/toyat/dev/vrx_ros2/vrx_ws/install/share/vrx_gazebo/models:/home/toyat/dev/vrx_ros2/vrx_ws/install/share PYTHONPATH=/home/toyat/dev/vrx_ros2/vrx_ws/install/lib/python3.12/site-packages:${PYTHONPATH} /usr/bin/cmake --build /home/toyat/dev/vrx_ros2/vrx_ws/build/wamv_gazebo -- -j8 -l8
[1.084s] DEBUG:colcon.colcon_core.event_handler.log_command:Invoked command in '/home/toyat/dev/vrx_ros2/vrx_ws/build/wamv_gazebo' returned '0': AMENT_PREFIX_PATH=/home/toyat/dev/vrx_ros2/vrx_ws/install:${AMENT_PREFIX_PATH} CMAKE_PREFIX_PATH=/home/toyat/dev/vrx_ros2/vrx_ws/install:/opt/ros/jazzy/opt/gz_sim_vendor:/opt/ros/jazzy/opt/gz_sensors_vendor:/opt/ros/jazzy/opt/gz_physics_vendor:/opt/ros/jazzy/opt/sdformat_vendor:/opt/ros/jazzy/opt/gz_gui_vendor:/opt/ros/jazzy/opt/gz_transport_vendor:/opt/ros/jazzy/opt/gz_rendering_vendor:/opt/ros/jazzy/opt/gz_plugin_vendor:/opt/ros/jazzy/opt/gz_fuel_tools_vendor:/opt/ros/jazzy/opt/gz_msgs_vendor:/opt/ros/jazzy/opt/gz_common_vendor:/opt/ros/jazzy/opt/gz_math_vendor:/opt/ros/jazzy/opt/gz_utils_vendor:/opt/ros/jazzy/opt/gz_tools_vendor:/opt/ros/jazzy/opt/gz_ogre_next_vendor:/opt/ros/jazzy/opt/gz_dartsim_vendor:/opt/ros/jazzy/opt/gz_cmake_vendor:/opt/ros/jazzy DEBUGINFOD_URLS=https://debuginfod.ubuntu.com GZ_SIM_RESOURCE_PATH=/home/toyat/dev/vrx_ros2/vrx_ws/install/share/wamv_description/models:/home/toyat/dev/vrx_ros2/vrx_ws/install/share/vrx_gazebo/models:/home/toyat/dev/vrx_ros2/vrx_ws/install/share PYTHONPATH=/home/toyat/dev/vrx_ros2/vrx_ws/install/lib/python3.12/site-packages:${PYTHONPATH} /usr/bin/cmake --build /home/toyat/dev/vrx_ros2/vrx_ws/build/wamv_gazebo -- -j8 -l8
[1.085s] DEBUG:colcon.colcon_core.event_handler.log_command:Invoking command in '/home/toyat/dev/vrx_ros2/vrx_ws/build/wamv_gazebo': AMENT_PREFIX_PATH=/home/toyat/dev/vrx_ros2/vrx_ws/install:${AMENT_PREFIX_PATH} CMAKE_PREFIX_PATH=/home/toyat/dev/vrx_ros2/vrx_ws/install:/opt/ros/jazzy/opt/gz_sim_vendor:/opt/ros/jazzy/opt/gz_sensors_vendor:/opt/ros/jazzy/opt/gz_physics_vendor:/opt/ros/jazzy/opt/sdformat_vendor:/opt/ros/jazzy/opt/gz_gui_vendor:/opt/ros/jazzy/opt/gz_transport_vendor:/opt/ros/jazzy/opt/gz_rendering_vendor:/opt/ros/jazzy/opt/gz_plugin_vendor:/opt/ros/jazzy/opt/gz_fuel_tools_vendor:/opt/ros/jazzy/opt/gz_msgs_vendor:/opt/ros/jazzy/opt/gz_common_vendor:/opt/ros/jazzy/opt/gz_math_vendor:/opt/ros/jazzy/opt/gz_utils_vendor:/opt/ros/jazzy/opt/gz_tools_vendor:/opt/ros/jazzy/opt/gz_ogre_next_vendor:/opt/ros/jazzy/opt/gz_dartsim_vendor:/opt/ros/jazzy/opt/gz_cmake_vendor:/opt/ros/jazzy DEBUGINFOD_URLS=https://debuginfod.ubuntu.com GZ_SIM_RESOURCE_PATH=/home/toyat/dev/vrx_ros2/vrx_ws/install/share/wamv_description/models:/home/toyat/dev/vrx_ros2/vrx_ws/install/share/vrx_gazebo/models:/home/toyat/dev/vrx_ros2/vrx_ws/install/share PYTHONPATH=/home/toyat/dev/vrx_ros2/vrx_ws/install/lib/python3.12/site-packages:${PYTHONPATH} /usr/bin/cmake --install /home/toyat/dev/vrx_ros2/vrx_ws/build/wamv_gazebo
[1.099s] Level 1:colcon.colcon_core.environment:create_environment_scripts_only(wamv_gazebo)
[1.099s] Level 1:colcon.colcon_core.environment:checking '/home/toyat/dev/vrx_ros2/vrx_ws/install' for CMake module files
[1.100s] DEBUG:colcon.colcon_core.event_handler.log_command:Invoked command in '/home/toyat/dev/vrx_ros2/vrx_ws/build/wamv_gazebo' returned '0': AMENT_PREFIX_PATH=/home/toyat/dev/vrx_ros2/vrx_ws/install:${AMENT_PREFIX_PATH} CMAKE_PREFIX_PATH=/home/toyat/dev/vrx_ros2/vrx_ws/install:/opt/ros/jazzy/opt/gz_sim_vendor:/opt/ros/jazzy/opt/gz_sensors_vendor:/opt/ros/jazzy/opt/gz_physics_vendor:/opt/ros/jazzy/opt/sdformat_vendor:/opt/ros/jazzy/opt/gz_gui_vendor:/opt/ros/jazzy/opt/gz_transport_vendor:/opt/ros/jazzy/opt/gz_rendering_vendor:/opt/ros/jazzy/opt/gz_plugin_vendor:/opt/ros/jazzy/opt/gz_fuel_tools_vendor:/opt/ros/jazzy/opt/gz_msgs_vendor:/opt/ros/jazzy/opt/gz_common_vendor:/opt/ros/jazzy/opt/gz_math_vendor:/opt/ros/jazzy/opt/gz_utils_vendor:/opt/ros/jazzy/opt/gz_tools_vendor:/opt/ros/jazzy/opt/gz_ogre_next_vendor:/opt/ros/jazzy/opt/gz_dartsim_vendor:/opt/ros/jazzy/opt/gz_cmake_vendor:/opt/ros/jazzy DEBUGINFOD_URLS=https://debuginfod.ubuntu.com GZ_SIM_RESOURCE_PATH=/home/toyat/dev/vrx_ros2/vrx_ws/install/share/wamv_description/models:/home/toyat/dev/vrx_ros2/vrx_ws/install/share/vrx_gazebo/models:/home/toyat/dev/vrx_ros2/vrx_ws/install/share PYTHONPATH=/home/toyat/dev/vrx_ros2/vrx_ws/install/lib/python3.12/site-packages:${PYTHONPATH} /usr/bin/cmake --install /home/toyat/dev/vrx_ros2/vrx_ws/build/wamv_gazebo
[1.100s] Level 1:colcon.colcon_core.environment:checking '/home/toyat/dev/vrx_ros2/vrx_ws/install' for CMake config files
[1.101s] Level 1:colcon.colcon_core.shell:create_environment_hook('wamv_gazebo', 'cmake_prefix_path')
[1.101s] INFO:colcon.colcon_core.shell:Creating environment hook '/home/toyat/dev/vrx_ros2/vrx_ws/install/share/wamv_gazebo/hook/cmake_prefix_path.ps1'
[1.102s] INFO:colcon.colcon_core.shell:Creating environment descriptor '/home/toyat/dev/vrx_ros2/vrx_ws/install/share/wamv_gazebo/hook/cmake_prefix_path.dsv'
[1.103s] INFO:colcon.colcon_core.shell:Creating environment hook '/home/toyat/dev/vrx_ros2/vrx_ws/install/share/wamv_gazebo/hook/cmake_prefix_path.sh'
[1.104s] Level 1:colcon.colcon_core.environment:checking '/home/toyat/dev/vrx_ros2/vrx_ws/install/lib'
[1.104s] Level 1:colcon.colcon_core.environment:checking '/home/toyat/dev/vrx_ros2/vrx_ws/install/bin'
[1.104s] Level 1:colcon.colcon_core.environment:checking '/home/toyat/dev/vrx_ros2/vrx_ws/install/lib/pkgconfig/wamv_gazebo.pc'
[1.104s] Level 1:colcon.colcon_core.environment:checking '/home/toyat/dev/vrx_ros2/vrx_ws/install/lib/python3.12/site-packages'
[1.104s] Level 1:colcon.colcon_core.shell:create_environment_hook('wamv_gazebo', 'pythonpath')
[1.105s] INFO:colcon.colcon_core.shell:Creating environment hook '/home/toyat/dev/vrx_ros2/vrx_ws/install/share/wamv_gazebo/hook/pythonpath.ps1'
[1.105s] INFO:colcon.colcon_core.shell:Creating environment descriptor '/home/toyat/dev/vrx_ros2/vrx_ws/install/share/wamv_gazebo/hook/pythonpath.dsv'
[1.106s] INFO:colcon.colcon_core.shell:Creating environment hook '/home/toyat/dev/vrx_ros2/vrx_ws/install/share/wamv_gazebo/hook/pythonpath.sh'
[1.106s] Level 1:colcon.colcon_core.environment:checking '/home/toyat/dev/vrx_ros2/vrx_ws/install/bin'
[1.107s] INFO:colcon.colcon_core.shell:Creating package script '/home/toyat/dev/vrx_ros2/vrx_ws/install/share/wamv_gazebo/package.ps1'
[1.108s] INFO:colcon.colcon_core.shell:Creating package descriptor '/home/toyat/dev/vrx_ros2/vrx_ws/install/share/wamv_gazebo/package.dsv'
[1.108s] INFO:colcon.colcon_core.shell:Creating package script '/home/toyat/dev/vrx_ros2/vrx_ws/install/share/wamv_gazebo/package.sh'
[1.109s] INFO:colcon.colcon_core.shell:Creating package script '/home/toyat/dev/vrx_ros2/vrx_ws/install/share/wamv_gazebo/package.bash'
[1.109s] INFO:colcon.colcon_core.shell:Creating package script '/home/toyat/dev/vrx_ros2/vrx_ws/install/share/wamv_gazebo/package.zsh'
[1.110s] Level 1:colcon.colcon_core.environment:create_file_with_runtime_dependencies(/home/toyat/dev/vrx_ros2/vrx_ws/install/share/colcon-core/packages/wamv_gazebo)
[1.110s] Level 1:colcon.colcon_core.environment:create_environment_scripts_only(wamv_gazebo)
[1.111s] Level 1:colcon.colcon_core.environment:checking '/home/toyat/dev/vrx_ros2/vrx_ws/install' for CMake module files
[1.112s] Level 1:colcon.colcon_core.environment:checking '/home/toyat/dev/vrx_ros2/vrx_ws/install' for CMake config files
[1.112s] Level 1:colcon.colcon_core.shell:create_environment_hook('wamv_gazebo', 'cmake_prefix_path')
[1.113s] INFO:colcon.colcon_core.shell:Creating environment hook '/home/toyat/dev/vrx_ros2/vrx_ws/install/share/wamv_gazebo/hook/cmake_prefix_path.ps1'
[1.113s] INFO:colcon.colcon_core.shell:Creating environment descriptor '/home/toyat/dev/vrx_ros2/vrx_ws/install/share/wamv_gazebo/hook/cmake_prefix_path.dsv'
[1.114s] INFO:colcon.colcon_core.shell:Creating environment hook '/home/toyat/dev/vrx_ros2/vrx_ws/install/share/wamv_gazebo/hook/cmake_prefix_path.sh'
[1.114s] Level 1:colcon.colcon_core.environment:checking '/home/toyat/dev/vrx_ros2/vrx_ws/install/lib'
[1.115s] Level 1:colcon.colcon_core.environment:checking '/home/toyat/dev/vrx_ros2/vrx_ws/install/bin'
[1.115s] Level 1:colcon.colcon_core.environment:checking '/home/toyat/dev/vrx_ros2/vrx_ws/install/lib/pkgconfig/wamv_gazebo.pc'
[1.115s] Level 1:colcon.colcon_core.environment:checking '/home/toyat/dev/vrx_ros2/vrx_ws/install/lib/python3.12/site-packages'
[1.115s] Level 1:colcon.colcon_core.shell:create_environment_hook('wamv_gazebo', 'pythonpath')
[1.115s] INFO:colcon.colcon_core.shell:Creating environment hook '/home/toyat/dev/vrx_ros2/vrx_ws/install/share/wamv_gazebo/hook/pythonpath.ps1'
[1.116s] INFO:colcon.colcon_core.shell:Creating environment descriptor '/home/toyat/dev/vrx_ros2/vrx_ws/install/share/wamv_gazebo/hook/pythonpath.dsv'
[1.116s] INFO:colcon.colcon_core.shell:Creating environment hook '/home/toyat/dev/vrx_ros2/vrx_ws/install/share/wamv_gazebo/hook/pythonpath.sh'
[1.117s] Level 1:colcon.colcon_core.environment:checking '/home/toyat/dev/vrx_ros2/vrx_ws/install/bin'
[1.118s] INFO:colcon.colcon_core.shell:Creating package script '/home/toyat/dev/vrx_ros2/vrx_ws/install/share/wamv_gazebo/package.ps1'
[1.118s] INFO:colcon.colcon_core.shell:Creating package descriptor '/home/toyat/dev/vrx_ros2/vrx_ws/install/share/wamv_gazebo/package.dsv'
[1.119s] INFO:colcon.colcon_core.shell:Creating package script '/home/toyat/dev/vrx_ros2/vrx_ws/install/share/wamv_gazebo/package.sh'
[1.120s] INFO:colcon.colcon_core.shell:Creating package script '/home/toyat/dev/vrx_ros2/vrx_ws/install/share/wamv_gazebo/package.bash'
[1.120s] INFO:colcon.colcon_core.shell:Creating package script '/home/toyat/dev/vrx_ros2/vrx_ws/install/share/wamv_gazebo/package.zsh'
[1.121s] Level 1:colcon.colcon_core.environment:create_file_with_runtime_dependencies(/home/toyat/dev/vrx_ros2/vrx_ws/install/share/colcon-core/packages/wamv_gazebo)
[6.187s] DEBUG:colcon.colcon_core.event_handler.log_command:Invoked command in '/home/toyat/dev/vrx_ros2/vrx_ws/build/vrx_ros' returned '2': CMAKE_PREFIX_PATH=${CMAKE_PREFIX_PATH}:/opt/ros/jazzy DEBUGINFOD_URLS=https://debuginfod.ubuntu.com /usr/bin/cmake --build /home/toyat/dev/vrx_ros2/vrx_ws/build/vrx_ros -- -j8 -l8
[6.187s] Level 1:colcon.colcon_core.environment:create_environment_scripts_only(vrx_ros)
[6.188s] Level 1:colcon.colcon_core.environment:checking '/home/toyat/dev/vrx_ros2/vrx_ws/install' for CMake module files
[6.188s] Level 1:colcon.colcon_core.environment:checking '/home/toyat/dev/vrx_ros2/vrx_ws/install' for CMake config files
[6.189s] Level 1:colcon.colcon_core.shell:create_environment_hook('vrx_ros', 'cmake_prefix_path')
[6.189s] INFO:colcon.colcon_core.shell:Creating environment hook '/home/toyat/dev/vrx_ros2/vrx_ws/install/share/vrx_ros/hook/cmake_prefix_path.ps1'
[6.189s] INFO:colcon.colcon_core.shell:Creating environment descriptor '/home/toyat/dev/vrx_ros2/vrx_ws/install/share/vrx_ros/hook/cmake_prefix_path.dsv'
[6.190s] INFO:colcon.colcon_core.shell:Creating environment hook '/home/toyat/dev/vrx_ros2/vrx_ws/install/share/vrx_ros/hook/cmake_prefix_path.sh'
[6.190s] Level 1:colcon.colcon_core.environment:checking '/home/toyat/dev/vrx_ros2/vrx_ws/install/lib'
[6.190s] Level 1:colcon.colcon_core.environment:checking '/home/toyat/dev/vrx_ros2/vrx_ws/install/bin'
[6.190s] Level 1:colcon.colcon_core.environment:checking '/home/toyat/dev/vrx_ros2/vrx_ws/install/lib/pkgconfig/vrx_ros.pc'
[6.190s] Level 1:colcon.colcon_core.environment:checking '/home/toyat/dev/vrx_ros2/vrx_ws/install/lib/python3.12/site-packages'
[6.191s] Level 1:colcon.colcon_core.shell:create_environment_hook('vrx_ros', 'pythonpath')
[6.191s] INFO:colcon.colcon_core.shell:Creating environment hook '/home/toyat/dev/vrx_ros2/vrx_ws/install/share/vrx_ros/hook/pythonpath.ps1'
[6.191s] INFO:colcon.colcon_core.shell:Creating environment descriptor '/home/toyat/dev/vrx_ros2/vrx_ws/install/share/vrx_ros/hook/pythonpath.dsv'
[6.191s] INFO:colcon.colcon_core.shell:Creating environment hook '/home/toyat/dev/vrx_ros2/vrx_ws/install/share/vrx_ros/hook/pythonpath.sh'
[6.192s] Level 1:colcon.colcon_core.environment:checking '/home/toyat/dev/vrx_ros2/vrx_ws/install/bin'
[6.192s] INFO:colcon.colcon_core.shell:Creating package script '/home/toyat/dev/vrx_ros2/vrx_ws/install/share/vrx_ros/package.ps1'
[6.192s] INFO:colcon.colcon_core.shell:Creating package descriptor '/home/toyat/dev/vrx_ros2/vrx_ws/install/share/vrx_ros/package.dsv'
[6.193s] INFO:colcon.colcon_core.shell:Creating package script '/home/toyat/dev/vrx_ros2/vrx_ws/install/share/vrx_ros/package.sh'
[6.193s] INFO:colcon.colcon_core.shell:Creating package script '/home/toyat/dev/vrx_ros2/vrx_ws/install/share/vrx_ros/package.bash'
[6.193s] INFO:colcon.colcon_core.shell:Creating package script '/home/toyat/dev/vrx_ros2/vrx_ws/install/share/vrx_ros/package.zsh'
[6.194s] Level 1:colcon.colcon_core.environment:create_file_with_runtime_dependencies(/home/toyat/dev/vrx_ros2/vrx_ws/install/share/colcon-core/packages/vrx_ros)
[6.204s] DEBUG:colcon.colcon_parallel_executor.executor.parallel:closing loop
[6.204s] DEBUG:colcon.colcon_parallel_executor.executor.parallel:loop closed
[6.204s] DEBUG:colcon.colcon_parallel_executor.executor.parallel:run_until_complete finished with '2'
[6.204s] DEBUG:colcon.colcon_core.event_reactor:joining thread
[6.213s] INFO:colcon.colcon_core.plugin_system:Skipping extension 'colcon_notification.desktop_notification.terminal_notifier': Not used on non-Darwin systems
[6.213s] INFO:colcon.colcon_core.plugin_system:Skipping extension 'colcon_notification.desktop_notification.win32': Not used on non-Windows systems
[6.213s] INFO:colcon.colcon_notification.desktop_notification:Sending desktop notification using 'notify2'
[6.217s] DEBUG:colcon.colcon_core.event_reactor:joined thread
[6.218s] INFO:colcon.colcon_core.shell:Creating prefix script '/home/toyat/dev/vrx_ros2/vrx_ws/install/local_setup.ps1'
[6.220s] INFO:colcon.colcon_core.shell:Creating prefix util module '/home/toyat/dev/vrx_ros2/vrx_ws/install/_local_setup_util_ps1.py'
[6.222s] INFO:colcon.colcon_core.shell:Creating prefix chain script '/home/toyat/dev/vrx_ros2/vrx_ws/install/setup.ps1'
[6.224s] INFO:colcon.colcon_core.shell:Creating prefix script '/home/toyat/dev/vrx_ros2/vrx_ws/install/local_setup.sh'
[6.224s] INFO:colcon.colcon_core.shell:Creating prefix util module '/home/toyat/dev/vrx_ros2/vrx_ws/install/_local_setup_util_sh.py'
[6.225s] INFO:colcon.colcon_core.shell:Creating prefix chain script '/home/toyat/dev/vrx_ros2/vrx_ws/install/setup.sh'
[6.226s] INFO:colcon.colcon_core.shell:Creating prefix script '/home/toyat/dev/vrx_ros2/vrx_ws/install/local_setup.bash'
[6.226s] INFO:colcon.colcon_core.shell:Creating prefix chain script '/home/toyat/dev/vrx_ros2/vrx_ws/install/setup.bash'
[6.227s] INFO:colcon.colcon_core.shell:Creating prefix script '/home/toyat/dev/vrx_ros2/vrx_ws/install/local_setup.zsh'
[6.227s] INFO:colcon.colcon_core.shell:Creating prefix chain script '/home/toyat/dev/vrx_ros2/vrx_ws/install/setup.zsh'
