[0.297s] DEBUG:colcon:Command line arguments: ['/usr/bin/colcon', 'build', '--merge-install']
[0.297s] DEBUG:colcon:Parsed command line arguments: Namespace(log_base=None, log_level=None, verb_name='build', build_base='build', install_base='install', merge_install=True, symlink_install=False, test_result_base=None, continue_on_error=False, executor='parallel', parallel_workers=8, event_handlers=None, ignore_user_meta=False, metas=['./colcon.meta'], base_paths=['.'], packages_ignore=None, packages_ignore_regex=None, paths=None, packages_up_to=None, packages_up_to_regex=None, packages_above=None, packages_above_and_dependencies=None, packages_above_depth=None, packages_select_by_dep=None, packages_skip_by_dep=None, packages_skip_up_to=None, packages_select_build_failed=False, packages_skip_build_finished=False, packages_select_test_failures=False, packages_skip_test_passed=False, packages_select=None, packages_skip=None, packages_select_regex=None, packages_skip_regex=None, packages_start=None, packages_end=None, allow_overriding=[], cmake_args=None, cmake_target=None, cmake_target_skip_unavailable=False, cmake_clean_cache=False, cmake_clean_first=False, cmake_force_configure=False, ament_cmake_args=None, catkin_cmake_args=None, catkin_skip_building_tests=False, mixin_files=None, mixin=None, verb_parser=<colcon_mixin.mixin.mixin_argument.MixinArgumentDecorator object at 0x7ef91062ad80>, verb_extension=<colcon_core.verb.build.BuildVerb object at 0x7ef91062a4e0>, main=<bound method BuildVerb.main of <colcon_core.verb.build.BuildVerb object at 0x7ef91062a4e0>>, mixin_verb=('build',))
[0.355s] Level 1:colcon.colcon_core.package_discovery:discover_packages(colcon_meta) check parameters
[0.355s] Level 1:colcon.colcon_core.package_discovery:discover_packages(recursive) check parameters
[0.355s] Level 1:colcon.colcon_core.package_discovery:discover_packages(ignore) check parameters
[0.356s] Level 1:colcon.colcon_core.package_discovery:discover_packages(path) check parameters
[0.356s] Level 1:colcon.colcon_core.package_discovery:discover_packages(colcon_meta) discover
[0.356s] Level 1:colcon.colcon_core.package_discovery:discover_packages(recursive) discover
[0.356s] INFO:colcon.colcon_core.package_discovery:Crawling recursively for packages in '/home/toyat/dev/vrx_ros2/vrx_ws'
[0.356s] Level 1:colcon.colcon_core.package_identification:_identify(.) by extensions ['ignore', 'ignore_ament_install']
[0.356s] Level 1:colcon.colcon_core.package_identification:_identify(.) by extension 'ignore'
[0.356s] Level 1:colcon.colcon_core.package_identification:_identify(.) by extension 'ignore_ament_install'
[0.356s] Level 1:colcon.colcon_core.package_identification:_identify(.) by extensions ['colcon_pkg']
[0.356s] Level 1:colcon.colcon_core.package_identification:_identify(.) by extension 'colcon_pkg'
[0.356s] Level 1:colcon.colcon_core.package_identification:_identify(.) by extensions ['colcon_meta']
[0.356s] Level 1:colcon.colcon_core.package_identification:_identify(.) by extension 'colcon_meta'
[0.356s] Level 1:colcon.colcon_core.package_identification:_identify(.) by extensions ['ros']
[0.356s] Level 1:colcon.colcon_core.package_identification:_identify(.) by extension 'ros'
[0.388s] Level 1:colcon.colcon_core.package_identification:_identify(.) by extensions ['cmake', 'python']
[0.388s] Level 1:colcon.colcon_core.package_identification:_identify(.) by extension 'cmake'
[0.388s] Level 1:colcon.colcon_core.package_identification:_identify(.) by extension 'python'
[0.388s] Level 1:colcon.colcon_core.package_identification:_identify(.) by extensions ['python_setup_py']
[0.388s] Level 1:colcon.colcon_core.package_identification:_identify(.) by extension 'python_setup_py'
[0.388s] Level 1:colcon.colcon_core.package_identification:_identify(build) by extensions ['ignore', 'ignore_ament_install']
[0.389s] Level 1:colcon.colcon_core.package_identification:_identify(build) by extension 'ignore'
[0.389s] Level 1:colcon.colcon_core.package_identification:_identify(build) ignored
[0.389s] Level 1:colcon.colcon_core.package_identification:_identify(install) by extensions ['ignore', 'ignore_ament_install']
[0.389s] Level 1:colcon.colcon_core.package_identification:_identify(install) by extension 'ignore'
[0.389s] Level 1:colcon.colcon_core.package_identification:_identify(install) ignored
[0.389s] Level 1:colcon.colcon_core.package_identification:_identify(log) by extensions ['ignore', 'ignore_ament_install']
[0.389s] Level 1:colcon.colcon_core.package_identification:_identify(log) by extension 'ignore'
[0.389s] Level 1:colcon.colcon_core.package_identification:_identify(log) ignored
[0.389s] Level 1:colcon.colcon_core.package_identification:_identify(src) by extensions ['ignore', 'ignore_ament_install']
[0.389s] Level 1:colcon.colcon_core.package_identification:_identify(src) by extension 'ignore'
[0.389s] Level 1:colcon.colcon_core.package_identification:_identify(src) by extension 'ignore_ament_install'
[0.389s] Level 1:colcon.colcon_core.package_identification:_identify(src) by extensions ['colcon_pkg']
[0.389s] Level 1:colcon.colcon_core.package_identification:_identify(src) by extension 'colcon_pkg'
[0.389s] Level 1:colcon.colcon_core.package_identification:_identify(src) by extensions ['colcon_meta']
[0.389s] Level 1:colcon.colcon_core.package_identification:_identify(src) by extension 'colcon_meta'
[0.389s] Level 1:colcon.colcon_core.package_identification:_identify(src) by extensions ['ros']
[0.389s] Level 1:colcon.colcon_core.package_identification:_identify(src) by extension 'ros'
[0.390s] Level 1:colcon.colcon_core.package_identification:_identify(src) by extensions ['cmake', 'python']
[0.390s] Level 1:colcon.colcon_core.package_identification:_identify(src) by extension 'cmake'
[0.390s] Level 1:colcon.colcon_core.package_identification:_identify(src) by extension 'python'
[0.390s] Level 1:colcon.colcon_core.package_identification:_identify(src) by extensions ['python_setup_py']
[0.390s] Level 1:colcon.colcon_core.package_identification:_identify(src) by extension 'python_setup_py'
[0.390s] Level 1:colcon.colcon_core.package_identification:_identify(src/vrx) by extensions ['ignore', 'ignore_ament_install']
[0.390s] Level 1:colcon.colcon_core.package_identification:_identify(src/vrx) by extension 'ignore'
[0.390s] Level 1:colcon.colcon_core.package_identification:_identify(src/vrx) by extension 'ignore_ament_install'
[0.390s] Level 1:colcon.colcon_core.package_identification:_identify(src/vrx) by extensions ['colcon_pkg']
[0.390s] Level 1:colcon.colcon_core.package_identification:_identify(src/vrx) by extension 'colcon_pkg'
[0.390s] Level 1:colcon.colcon_core.package_identification:_identify(src/vrx) by extensions ['colcon_meta']
[0.390s] Level 1:colcon.colcon_core.package_identification:_identify(src/vrx) by extension 'colcon_meta'
[0.390s] Level 1:colcon.colcon_core.package_identification:_identify(src/vrx) by extensions ['ros']
[0.390s] Level 1:colcon.colcon_core.package_identification:_identify(src/vrx) by extension 'ros'
[0.390s] Level 1:colcon.colcon_core.package_identification:_identify(src/vrx) by extensions ['cmake', 'python']
[0.390s] Level 1:colcon.colcon_core.package_identification:_identify(src/vrx) by extension 'cmake'
[0.390s] Level 1:colcon.colcon_core.package_identification:_identify(src/vrx) by extension 'python'
[0.390s] Level 1:colcon.colcon_core.package_identification:_identify(src/vrx) by extensions ['python_setup_py']
[0.391s] Level 1:colcon.colcon_core.package_identification:_identify(src/vrx) by extension 'python_setup_py'
[0.391s] Level 1:colcon.colcon_core.package_identification:_identify(src/vrx/dev) by extensions ['ignore', 'ignore_ament_install']
[0.391s] Level 1:colcon.colcon_core.package_identification:_identify(src/vrx/dev) by extension 'ignore'
[0.391s] Level 1:colcon.colcon_core.package_identification:_identify(src/vrx/dev) by extension 'ignore_ament_install'
[0.391s] Level 1:colcon.colcon_core.package_identification:_identify(src/vrx/dev) by extensions ['colcon_pkg']
[0.391s] Level 1:colcon.colcon_core.package_identification:_identify(src/vrx/dev) by extension 'colcon_pkg'
[0.391s] Level 1:colcon.colcon_core.package_identification:_identify(src/vrx/dev) by extensions ['colcon_meta']
[0.391s] Level 1:colcon.colcon_core.package_identification:_identify(src/vrx/dev) by extension 'colcon_meta'
[0.391s] Level 1:colcon.colcon_core.package_identification:_identify(src/vrx/dev) by extensions ['ros']
[0.391s] Level 1:colcon.colcon_core.package_identification:_identify(src/vrx/dev) by extension 'ros'
[0.391s] Level 1:colcon.colcon_core.package_identification:_identify(src/vrx/dev) by extensions ['cmake', 'python']
[0.391s] Level 1:colcon.colcon_core.package_identification:_identify(src/vrx/dev) by extension 'cmake'
[0.391s] Level 1:colcon.colcon_core.package_identification:_identify(src/vrx/dev) by extension 'python'
[0.391s] Level 1:colcon.colcon_core.package_identification:_identify(src/vrx/dev) by extensions ['python_setup_py']
[0.391s] Level 1:colcon.colcon_core.package_identification:_identify(src/vrx/dev) by extension 'python_setup_py'
[0.391s] Level 1:colcon.colcon_core.package_identification:_identify(src/vrx/images) by extensions ['ignore', 'ignore_ament_install']
[0.392s] Level 1:colcon.colcon_core.package_identification:_identify(src/vrx/images) by extension 'ignore'
[0.392s] Level 1:colcon.colcon_core.package_identification:_identify(src/vrx/images) by extension 'ignore_ament_install'
[0.392s] Level 1:colcon.colcon_core.package_identification:_identify(src/vrx/images) by extensions ['colcon_pkg']
[0.392s] Level 1:colcon.colcon_core.package_identification:_identify(src/vrx/images) by extension 'colcon_pkg'
[0.392s] Level 1:colcon.colcon_core.package_identification:_identify(src/vrx/images) by extensions ['colcon_meta']
[0.392s] Level 1:colcon.colcon_core.package_identification:_identify(src/vrx/images) by extension 'colcon_meta'
[0.392s] Level 1:colcon.colcon_core.package_identification:_identify(src/vrx/images) by extensions ['ros']
[0.392s] Level 1:colcon.colcon_core.package_identification:_identify(src/vrx/images) by extension 'ros'
[0.392s] Level 1:colcon.colcon_core.package_identification:_identify(src/vrx/images) by extensions ['cmake', 'python']
[0.392s] Level 1:colcon.colcon_core.package_identification:_identify(src/vrx/images) by extension 'cmake'
[0.392s] Level 1:colcon.colcon_core.package_identification:_identify(src/vrx/images) by extension 'python'
[0.392s] Level 1:colcon.colcon_core.package_identification:_identify(src/vrx/images) by extensions ['python_setup_py']
[0.392s] Level 1:colcon.colcon_core.package_identification:_identify(src/vrx/images) by extension 'python_setup_py'
[0.392s] Level 1:colcon.colcon_core.package_identification:_identify(src/vrx/vrx_gz) by extensions ['ignore', 'ignore_ament_install']
[0.392s] Level 1:colcon.colcon_core.package_identification:_identify(src/vrx/vrx_gz) by extension 'ignore'
[0.392s] Level 1:colcon.colcon_core.package_identification:_identify(src/vrx/vrx_gz) by extension 'ignore_ament_install'
[0.392s] Level 1:colcon.colcon_core.package_identification:_identify(src/vrx/vrx_gz) by extensions ['colcon_pkg']
[0.392s] Level 1:colcon.colcon_core.package_identification:_identify(src/vrx/vrx_gz) by extension 'colcon_pkg'
[0.392s] Level 1:colcon.colcon_core.package_identification:_identify(src/vrx/vrx_gz) by extensions ['colcon_meta']
[0.392s] Level 1:colcon.colcon_core.package_identification:_identify(src/vrx/vrx_gz) by extension 'colcon_meta'
[0.392s] Level 1:colcon.colcon_core.package_identification:_identify(src/vrx/vrx_gz) by extensions ['ros']
[0.392s] Level 1:colcon.colcon_core.package_identification:_identify(src/vrx/vrx_gz) by extension 'ros'
[0.397s] DEBUG:colcon.colcon_core.package_identification:Package 'src/vrx/vrx_gz' with type 'ros.ament_cmake' and name 'vrx_gz'
[0.397s] Level 1:colcon.colcon_core.package_identification:_identify(src/vrx/vrx_ros) by extensions ['ignore', 'ignore_ament_install']
[0.397s] Level 1:colcon.colcon_core.package_identification:_identify(src/vrx/vrx_ros) by extension 'ignore'
[0.397s] Level 1:colcon.colcon_core.package_identification:_identify(src/vrx/vrx_ros) by extension 'ignore_ament_install'
[0.397s] Level 1:colcon.colcon_core.package_identification:_identify(src/vrx/vrx_ros) by extensions ['colcon_pkg']
[0.397s] Level 1:colcon.colcon_core.package_identification:_identify(src/vrx/vrx_ros) by extension 'colcon_pkg'
[0.397s] Level 1:colcon.colcon_core.package_identification:_identify(src/vrx/vrx_ros) by extensions ['colcon_meta']
[0.397s] Level 1:colcon.colcon_core.package_identification:_identify(src/vrx/vrx_ros) by extension 'colcon_meta'
[0.397s] Level 1:colcon.colcon_core.package_identification:_identify(src/vrx/vrx_ros) by extensions ['ros']
[0.397s] Level 1:colcon.colcon_core.package_identification:_identify(src/vrx/vrx_ros) by extension 'ros'
[0.398s] DEBUG:colcon.colcon_core.package_identification:Package 'src/vrx/vrx_ros' with type 'ros.ament_cmake' and name 'vrx_ros'
[0.399s] Level 1:colcon.colcon_core.package_identification:_identify(src/vrx/vrx_urdf) by extensions ['ignore', 'ignore_ament_install']
[0.399s] Level 1:colcon.colcon_core.package_identification:_identify(src/vrx/vrx_urdf) by extension 'ignore'
[0.399s] Level 1:colcon.colcon_core.package_identification:_identify(src/vrx/vrx_urdf) by extension 'ignore_ament_install'
[0.399s] Level 1:colcon.colcon_core.package_identification:_identify(src/vrx/vrx_urdf) by extensions ['colcon_pkg']
[0.399s] Level 1:colcon.colcon_core.package_identification:_identify(src/vrx/vrx_urdf) by extension 'colcon_pkg'
[0.399s] Level 1:colcon.colcon_core.package_identification:_identify(src/vrx/vrx_urdf) by extensions ['colcon_meta']
[0.399s] Level 1:colcon.colcon_core.package_identification:_identify(src/vrx/vrx_urdf) by extension 'colcon_meta'
[0.399s] Level 1:colcon.colcon_core.package_identification:_identify(src/vrx/vrx_urdf) by extensions ['ros']
[0.399s] Level 1:colcon.colcon_core.package_identification:_identify(src/vrx/vrx_urdf) by extension 'ros'
[0.399s] Level 1:colcon.colcon_core.package_identification:_identify(src/vrx/vrx_urdf) by extensions ['cmake', 'python']
[0.399s] Level 1:colcon.colcon_core.package_identification:_identify(src/vrx/vrx_urdf) by extension 'cmake'
[0.399s] Level 1:colcon.colcon_core.package_identification:_identify(src/vrx/vrx_urdf) by extension 'python'
[0.399s] Level 1:colcon.colcon_core.package_identification:_identify(src/vrx/vrx_urdf) by extensions ['python_setup_py']
[0.399s] Level 1:colcon.colcon_core.package_identification:_identify(src/vrx/vrx_urdf) by extension 'python_setup_py'
[0.399s] Level 1:colcon.colcon_core.package_identification:_identify(src/vrx/vrx_urdf/vrx_gazebo) by extensions ['ignore', 'ignore_ament_install']
[0.399s] Level 1:colcon.colcon_core.package_identification:_identify(src/vrx/vrx_urdf/vrx_gazebo) by extension 'ignore'
[0.399s] Level 1:colcon.colcon_core.package_identification:_identify(src/vrx/vrx_urdf/vrx_gazebo) by extension 'ignore_ament_install'
[0.400s] Level 1:colcon.colcon_core.package_identification:_identify(src/vrx/vrx_urdf/vrx_gazebo) by extensions ['colcon_pkg']
[0.400s] Level 1:colcon.colcon_core.package_identification:_identify(src/vrx/vrx_urdf/vrx_gazebo) by extension 'colcon_pkg'
[0.400s] Level 1:colcon.colcon_core.package_identification:_identify(src/vrx/vrx_urdf/vrx_gazebo) by extensions ['colcon_meta']
[0.400s] Level 1:colcon.colcon_core.package_identification:_identify(src/vrx/vrx_urdf/vrx_gazebo) by extension 'colcon_meta'
[0.400s] Level 1:colcon.colcon_core.package_identification:_identify(src/vrx/vrx_urdf/vrx_gazebo) by extensions ['ros']
[0.400s] Level 1:colcon.colcon_core.package_identification:_identify(src/vrx/vrx_urdf/vrx_gazebo) by extension 'ros'
[0.400s] DEBUG:colcon.colcon_core.package_identification:Package 'src/vrx/vrx_urdf/vrx_gazebo' with type 'ros.ament_cmake' and name 'vrx_gazebo'
[0.401s] Level 1:colcon.colcon_core.package_identification:_identify(src/vrx/vrx_urdf/wamv_description) by extensions ['ignore', 'ignore_ament_install']
[0.401s] Level 1:colcon.colcon_core.package_identification:_identify(src/vrx/vrx_urdf/wamv_description) by extension 'ignore'
[0.401s] Level 1:colcon.colcon_core.package_identification:_identify(src/vrx/vrx_urdf/wamv_description) by extension 'ignore_ament_install'
[0.401s] Level 1:colcon.colcon_core.package_identification:_identify(src/vrx/vrx_urdf/wamv_description) by extensions ['colcon_pkg']
[0.401s] Level 1:colcon.colcon_core.package_identification:_identify(src/vrx/vrx_urdf/wamv_description) by extension 'colcon_pkg'
[0.401s] Level 1:colcon.colcon_core.package_identification:_identify(src/vrx/vrx_urdf/wamv_description) by extensions ['colcon_meta']
[0.401s] Level 1:colcon.colcon_core.package_identification:_identify(src/vrx/vrx_urdf/wamv_description) by extension 'colcon_meta'
[0.401s] Level 1:colcon.colcon_core.package_identification:_identify(src/vrx/vrx_urdf/wamv_description) by extensions ['ros']
[0.401s] Level 1:colcon.colcon_core.package_identification:_identify(src/vrx/vrx_urdf/wamv_description) by extension 'ros'
[0.402s] DEBUG:colcon.colcon_core.package_identification:Package 'src/vrx/vrx_urdf/wamv_description' with type 'ros.ament_cmake' and name 'wamv_description'
[0.402s] Level 1:colcon.colcon_core.package_identification:_identify(src/vrx/vrx_urdf/wamv_gazebo) by extensions ['ignore', 'ignore_ament_install']
[0.402s] Level 1:colcon.colcon_core.package_identification:_identify(src/vrx/vrx_urdf/wamv_gazebo) by extension 'ignore'
[0.402s] Level 1:colcon.colcon_core.package_identification:_identify(src/vrx/vrx_urdf/wamv_gazebo) by extension 'ignore_ament_install'
[0.402s] Level 1:colcon.colcon_core.package_identification:_identify(src/vrx/vrx_urdf/wamv_gazebo) by extensions ['colcon_pkg']
[0.402s] Level 1:colcon.colcon_core.package_identification:_identify(src/vrx/vrx_urdf/wamv_gazebo) by extension 'colcon_pkg'
[0.402s] Level 1:colcon.colcon_core.package_identification:_identify(src/vrx/vrx_urdf/wamv_gazebo) by extensions ['colcon_meta']
[0.402s] Level 1:colcon.colcon_core.package_identification:_identify(src/vrx/vrx_urdf/wamv_gazebo) by extension 'colcon_meta'
[0.402s] Level 1:colcon.colcon_core.package_identification:_identify(src/vrx/vrx_urdf/wamv_gazebo) by extensions ['ros']
[0.402s] Level 1:colcon.colcon_core.package_identification:_identify(src/vrx/vrx_urdf/wamv_gazebo) by extension 'ros'
[0.403s] DEBUG:colcon.colcon_core.package_identification:Package 'src/vrx/vrx_urdf/wamv_gazebo' with type 'ros.ament_cmake' and name 'wamv_gazebo'
[0.403s] Level 1:colcon.colcon_core.package_discovery:discover_packages(recursive) using defaults
[0.403s] Level 1:colcon.colcon_core.package_discovery:discover_packages(ignore) discover
[0.403s] Level 1:colcon.colcon_core.package_discovery:discover_packages(ignore) using defaults
[0.403s] Level 1:colcon.colcon_core.package_discovery:discover_packages(path) discover
[0.403s] Level 1:colcon.colcon_core.package_discovery:discover_packages(path) using defaults
[0.427s] Level 1:colcon.colcon_core.package_discovery:discover_packages(prefix_path) check parameters
[0.427s] Level 1:colcon.colcon_core.package_discovery:discover_packages(prefix_path) discover
[0.434s] DEBUG:colcon.colcon_installed_package_information.package_discovery:Found 308 installed packages in /opt/ros/jazzy
[0.435s] Level 1:colcon.colcon_core.package_discovery:discover_packages(prefix_path) using defaults
[0.477s] Level 5:colcon.colcon_core.verb:set package 'vrx_gazebo' build argument 'cmake_args' from command line to 'None'
[0.477s] Level 5:colcon.colcon_core.verb:set package 'vrx_gazebo' build argument 'cmake_target' from command line to 'None'
[0.477s] Level 5:colcon.colcon_core.verb:set package 'vrx_gazebo' build argument 'cmake_target_skip_unavailable' from command line to 'False'
[0.477s] Level 5:colcon.colcon_core.verb:set package 'vrx_gazebo' build argument 'cmake_clean_cache' from command line to 'False'
[0.477s] Level 5:colcon.colcon_core.verb:set package 'vrx_gazebo' build argument 'cmake_clean_first' from command line to 'False'
[0.477s] Level 5:colcon.colcon_core.verb:set package 'vrx_gazebo' build argument 'cmake_force_configure' from command line to 'False'
[0.477s] Level 5:colcon.colcon_core.verb:set package 'vrx_gazebo' build argument 'ament_cmake_args' from command line to 'None'
[0.477s] Level 5:colcon.colcon_core.verb:set package 'vrx_gazebo' build argument 'catkin_cmake_args' from command line to 'None'
[0.477s] Level 5:colcon.colcon_core.verb:set package 'vrx_gazebo' build argument 'catkin_skip_building_tests' from command line to 'False'
[0.477s] DEBUG:colcon.colcon_core.verb:Building package 'vrx_gazebo' with the following arguments: {'ament_cmake_args': None, 'build_base': '/home/toyat/dev/vrx_ros2/vrx_ws/build/vrx_gazebo', 'catkin_cmake_args': None, 'catkin_skip_building_tests': False, 'cmake_args': None, 'cmake_clean_cache': False, 'cmake_clean_first': False, 'cmake_force_configure': False, 'cmake_target': None, 'cmake_target_skip_unavailable': False, 'install_base': '/home/toyat/dev/vrx_ros2/vrx_ws/install', 'merge_install': True, 'path': '/home/toyat/dev/vrx_ros2/vrx_ws/src/vrx/vrx_urdf/vrx_gazebo', 'symlink_install': False, 'test_result_base': None}
[0.477s] Level 5:colcon.colcon_core.verb:set package 'vrx_ros' build argument 'cmake_args' from command line to 'None'
[0.477s] Level 5:colcon.colcon_core.verb:set package 'vrx_ros' build argument 'cmake_target' from command line to 'None'
[0.477s] Level 5:colcon.colcon_core.verb:set package 'vrx_ros' build argument 'cmake_target_skip_unavailable' from command line to 'False'
[0.477s] Level 5:colcon.colcon_core.verb:set package 'vrx_ros' build argument 'cmake_clean_cache' from command line to 'False'
[0.477s] Level 5:colcon.colcon_core.verb:set package 'vrx_ros' build argument 'cmake_clean_first' from command line to 'False'
[0.477s] Level 5:colcon.colcon_core.verb:set package 'vrx_ros' build argument 'cmake_force_configure' from command line to 'False'
[0.477s] Level 5:colcon.colcon_core.verb:set package 'vrx_ros' build argument 'ament_cmake_args' from command line to 'None'
[0.477s] Level 5:colcon.colcon_core.verb:set package 'vrx_ros' build argument 'catkin_cmake_args' from command line to 'None'
[0.477s] Level 5:colcon.colcon_core.verb:set package 'vrx_ros' build argument 'catkin_skip_building_tests' from command line to 'False'
[0.477s] DEBUG:colcon.colcon_core.verb:Building package 'vrx_ros' with the following arguments: {'ament_cmake_args': None, 'build_base': '/home/toyat/dev/vrx_ros2/vrx_ws/build/vrx_ros', 'catkin_cmake_args': None, 'catkin_skip_building_tests': False, 'cmake_args': None, 'cmake_clean_cache': False, 'cmake_clean_first': False, 'cmake_force_configure': False, 'cmake_target': None, 'cmake_target_skip_unavailable': False, 'install_base': '/home/toyat/dev/vrx_ros2/vrx_ws/install', 'merge_install': True, 'path': '/home/toyat/dev/vrx_ros2/vrx_ws/src/vrx/vrx_ros', 'symlink_install': False, 'test_result_base': None}
[0.478s] Level 5:colcon.colcon_core.verb:set package 'wamv_description' build argument 'cmake_args' from command line to 'None'
[0.478s] Level 5:colcon.colcon_core.verb:set package 'wamv_description' build argument 'cmake_target' from command line to 'None'
[0.478s] Level 5:colcon.colcon_core.verb:set package 'wamv_description' build argument 'cmake_target_skip_unavailable' from command line to 'False'
[0.478s] Level 5:colcon.colcon_core.verb:set package 'wamv_description' build argument 'cmake_clean_cache' from command line to 'False'
[0.478s] Level 5:colcon.colcon_core.verb:set package 'wamv_description' build argument 'cmake_clean_first' from command line to 'False'
[0.478s] Level 5:colcon.colcon_core.verb:set package 'wamv_description' build argument 'cmake_force_configure' from command line to 'False'
[0.478s] Level 5:colcon.colcon_core.verb:set package 'wamv_description' build argument 'ament_cmake_args' from command line to 'None'
[0.478s] Level 5:colcon.colcon_core.verb:set package 'wamv_description' build argument 'catkin_cmake_args' from command line to 'None'
[0.478s] Level 5:colcon.colcon_core.verb:set package 'wamv_description' build argument 'catkin_skip_building_tests' from command line to 'False'
[0.478s] DEBUG:colcon.colcon_core.verb:Building package 'wamv_description' with the following arguments: {'ament_cmake_args': None, 'build_base': '/home/toyat/dev/vrx_ros2/vrx_ws/build/wamv_description', 'catkin_cmake_args': None, 'catkin_skip_building_tests': False, 'cmake_args': None, 'cmake_clean_cache': False, 'cmake_clean_first': False, 'cmake_force_configure': False, 'cmake_target': None, 'cmake_target_skip_unavailable': False, 'install_base': '/home/toyat/dev/vrx_ros2/vrx_ws/install', 'merge_install': True, 'path': '/home/toyat/dev/vrx_ros2/vrx_ws/src/vrx/vrx_urdf/wamv_description', 'symlink_install': False, 'test_result_base': None}
[0.478s] Level 5:colcon.colcon_core.verb:set package 'wamv_gazebo' build argument 'cmake_args' from command line to 'None'
[0.478s] Level 5:colcon.colcon_core.verb:set package 'wamv_gazebo' build argument 'cmake_target' from command line to 'None'
[0.478s] Level 5:colcon.colcon_core.verb:set package 'wamv_gazebo' build argument 'cmake_target_skip_unavailable' from command line to 'False'
[0.478s] Level 5:colcon.colcon_core.verb:set package 'wamv_gazebo' build argument 'cmake_clean_cache' from command line to 'False'
[0.478s] Level 5:colcon.colcon_core.verb:set package 'wamv_gazebo' build argument 'cmake_clean_first' from command line to 'False'
[0.478s] Level 5:colcon.colcon_core.verb:set package 'wamv_gazebo' build argument 'cmake_force_configure' from command line to 'False'
[0.478s] Level 5:colcon.colcon_core.verb:set package 'wamv_gazebo' build argument 'ament_cmake_args' from command line to 'None'
[0.478s] Level 5:colcon.colcon_core.verb:set package 'wamv_gazebo' build argument 'catkin_cmake_args' from command line to 'None'
[0.478s] Level 5:colcon.colcon_core.verb:set package 'wamv_gazebo' build argument 'catkin_skip_building_tests' from command line to 'False'
[0.478s] DEBUG:colcon.colcon_core.verb:Building package 'wamv_gazebo' with the following arguments: {'ament_cmake_args': None, 'build_base': '/home/toyat/dev/vrx_ros2/vrx_ws/build/wamv_gazebo', 'catkin_cmake_args': None, 'catkin_skip_building_tests': False, 'cmake_args': None, 'cmake_clean_cache': False, 'cmake_clean_first': False, 'cmake_force_configure': False, 'cmake_target': None, 'cmake_target_skip_unavailable': False, 'install_base': '/home/toyat/dev/vrx_ros2/vrx_ws/install', 'merge_install': True, 'path': '/home/toyat/dev/vrx_ros2/vrx_ws/src/vrx/vrx_urdf/wamv_gazebo', 'symlink_install': False, 'test_result_base': None}
[0.478s] Level 5:colcon.colcon_core.verb:set package 'vrx_gz' build argument 'cmake_args' from command line to 'None'
[0.478s] Level 5:colcon.colcon_core.verb:set package 'vrx_gz' build argument 'cmake_target' from command line to 'None'
[0.478s] Level 5:colcon.colcon_core.verb:set package 'vrx_gz' build argument 'cmake_target_skip_unavailable' from command line to 'False'
[0.478s] Level 5:colcon.colcon_core.verb:set package 'vrx_gz' build argument 'cmake_clean_cache' from command line to 'False'
[0.478s] Level 5:colcon.colcon_core.verb:set package 'vrx_gz' build argument 'cmake_clean_first' from command line to 'False'
[0.479s] Level 5:colcon.colcon_core.verb:set package 'vrx_gz' build argument 'cmake_force_configure' from command line to 'False'
[0.479s] Level 5:colcon.colcon_core.verb:set package 'vrx_gz' build argument 'ament_cmake_args' from command line to 'None'
[0.479s] Level 5:colcon.colcon_core.verb:set package 'vrx_gz' build argument 'catkin_cmake_args' from command line to 'None'
[0.479s] Level 5:colcon.colcon_core.verb:set package 'vrx_gz' build argument 'catkin_skip_building_tests' from command line to 'False'
[0.479s] DEBUG:colcon.colcon_core.verb:Building package 'vrx_gz' with the following arguments: {'ament_cmake_args': None, 'build_base': '/home/toyat/dev/vrx_ros2/vrx_ws/build/vrx_gz', 'catkin_cmake_args': None, 'catkin_skip_building_tests': False, 'cmake_args': None, 'cmake_clean_cache': False, 'cmake_clean_first': False, 'cmake_force_configure': False, 'cmake_target': None, 'cmake_target_skip_unavailable': False, 'install_base': '/home/toyat/dev/vrx_ros2/vrx_ws/install', 'merge_install': True, 'path': '/home/toyat/dev/vrx_ros2/vrx_ws/src/vrx/vrx_gz', 'symlink_install': False, 'test_result_base': None}
[0.479s] INFO:colcon.colcon_core.executor:Executing jobs using 'parallel' executor
[0.480s] DEBUG:colcon.colcon_parallel_executor.executor.parallel:run_until_complete
[0.480s] INFO:colcon.colcon_ros.task.ament_cmake.build:Building ROS package in '/home/toyat/dev/vrx_ros2/vrx_ws/src/vrx/vrx_urdf/vrx_gazebo' with build type 'ament_cmake'
[0.480s] INFO:colcon.colcon_cmake.task.cmake.build:Building CMake package in '/home/toyat/dev/vrx_ros2/vrx_ws/src/vrx/vrx_urdf/vrx_gazebo'
[0.490s] INFO:colcon.colcon_core.plugin_system:Skipping extension 'colcon_core.shell.bat': Not used on non-Windows systems
[0.490s] INFO:colcon.colcon_core.shell:Skip shell extension 'powershell' for command environment: Not usable outside of PowerShell
[0.490s] DEBUG:colcon.colcon_core.shell:Skip shell extension 'dsv' for command environment
[0.493s] INFO:colcon.colcon_ros.task.ament_cmake.build:Building ROS package in '/home/toyat/dev/vrx_ros2/vrx_ws/src/vrx/vrx_ros' with build type 'ament_cmake'
[0.493s] INFO:colcon.colcon_cmake.task.cmake.build:Building CMake package in '/home/toyat/dev/vrx_ros2/vrx_ws/src/vrx/vrx_ros'
[0.493s] INFO:colcon.colcon_core.shell:Skip shell extension 'powershell' for command environment: Not usable outside of PowerShell
[0.493s] DEBUG:colcon.colcon_core.shell:Skip shell extension 'dsv' for command environment
[0.501s] DEBUG:colcon.colcon_core.event_handler.log_command:Invoking command in '/home/toyat/dev/vrx_ros2/vrx_ws/build/vrx_gazebo': CMAKE_PREFIX_PATH=${CMAKE_PREFIX_PATH}:/opt/ros/jazzy DEBUGINFOD_URLS=https://debuginfod.ubuntu.com /usr/bin/cmake --build /home/toyat/dev/vrx_ros2/vrx_ws/build/vrx_gazebo -- -j8 -l8
[0.506s] DEBUG:colcon.colcon_core.event_handler.log_command:Invoking command in '/home/toyat/dev/vrx_ros2/vrx_ws/build/vrx_ros': CMAKE_PREFIX_PATH=${CMAKE_PREFIX_PATH}:/opt/ros/jazzy DEBUGINFOD_URLS=https://debuginfod.ubuntu.com /usr/bin/cmake --build /home/toyat/dev/vrx_ros2/vrx_ws/build/vrx_ros -- -j8 -l8
[0.989s] DEBUG:colcon.colcon_core.event_handler.log_command:Invoked command in '/home/toyat/dev/vrx_ros2/vrx_ws/build/vrx_gazebo' returned '0': CMAKE_PREFIX_PATH=${CMAKE_PREFIX_PATH}:/opt/ros/jazzy DEBUGINFOD_URLS=https://debuginfod.ubuntu.com /usr/bin/cmake --build /home/toyat/dev/vrx_ros2/vrx_ws/build/vrx_gazebo -- -j8 -l8
[1.001s] DEBUG:colcon.colcon_core.event_handler.log_command:Invoking command in '/home/toyat/dev/vrx_ros2/vrx_ws/build/vrx_gazebo': CMAKE_PREFIX_PATH=${CMAKE_PREFIX_PATH}:/opt/ros/jazzy DEBUGINFOD_URLS=https://debuginfod.ubuntu.com /usr/bin/cmake --install /home/toyat/dev/vrx_ros2/vrx_ws/build/vrx_gazebo
[1.064s] Level 1:colcon.colcon_core.environment:create_environment_scripts_only(vrx_gazebo)
[1.065s] DEBUG:colcon.colcon_core.event_handler.log_command:Invoked command in '/home/toyat/dev/vrx_ros2/vrx_ws/build/vrx_gazebo' returned '0': CMAKE_PREFIX_PATH=${CMAKE_PREFIX_PATH}:/opt/ros/jazzy DEBUGINFOD_URLS=https://debuginfod.ubuntu.com /usr/bin/cmake --install /home/toyat/dev/vrx_ros2/vrx_ws/build/vrx_gazebo
[1.073s] Level 1:colcon.colcon_core.environment:checking '/home/toyat/dev/vrx_ros2/vrx_ws/install' for CMake module files
[1.073s] Level 1:colcon.colcon_core.environment:checking '/home/toyat/dev/vrx_ros2/vrx_ws/install' for CMake config files
[1.074s] Level 1:colcon.colcon_core.shell:create_environment_hook('vrx_gazebo', 'cmake_prefix_path')
[1.074s] INFO:colcon.colcon_core.shell:Creating environment hook '/home/toyat/dev/vrx_ros2/vrx_ws/install/share/vrx_gazebo/hook/cmake_prefix_path.ps1'
[1.076s] INFO:colcon.colcon_core.shell:Creating environment descriptor '/home/toyat/dev/vrx_ros2/vrx_ws/install/share/vrx_gazebo/hook/cmake_prefix_path.dsv'
[1.076s] INFO:colcon.colcon_core.shell:Creating environment hook '/home/toyat/dev/vrx_ros2/vrx_ws/install/share/vrx_gazebo/hook/cmake_prefix_path.sh'
[1.077s] Level 1:colcon.colcon_core.environment:checking '/home/toyat/dev/vrx_ros2/vrx_ws/install/lib'
[1.077s] Level 1:colcon.colcon_core.environment:checking '/home/toyat/dev/vrx_ros2/vrx_ws/install/bin'
[1.077s] Level 1:colcon.colcon_core.environment:checking '/home/toyat/dev/vrx_ros2/vrx_ws/install/lib/pkgconfig/vrx_gazebo.pc'
[1.078s] Level 1:colcon.colcon_core.environment:checking '/home/toyat/dev/vrx_ros2/vrx_ws/install/lib/python3.12/site-packages'
[1.078s] Level 1:colcon.colcon_core.shell:create_environment_hook('vrx_gazebo', 'pythonpath')
[1.078s] INFO:colcon.colcon_core.shell:Creating environment hook '/home/toyat/dev/vrx_ros2/vrx_ws/install/share/vrx_gazebo/hook/pythonpath.ps1'
[1.078s] INFO:colcon.colcon_core.shell:Creating environment descriptor '/home/toyat/dev/vrx_ros2/vrx_ws/install/share/vrx_gazebo/hook/pythonpath.dsv'
[1.079s] INFO:colcon.colcon_core.shell:Creating environment hook '/home/toyat/dev/vrx_ros2/vrx_ws/install/share/vrx_gazebo/hook/pythonpath.sh'
[1.079s] Level 1:colcon.colcon_core.environment:checking '/home/toyat/dev/vrx_ros2/vrx_ws/install/bin'
[1.079s] INFO:colcon.colcon_core.shell:Creating package script '/home/toyat/dev/vrx_ros2/vrx_ws/install/share/vrx_gazebo/package.ps1'
[1.080s] INFO:colcon.colcon_core.shell:Creating package descriptor '/home/toyat/dev/vrx_ros2/vrx_ws/install/share/vrx_gazebo/package.dsv'
[1.081s] INFO:colcon.colcon_core.shell:Creating package script '/home/toyat/dev/vrx_ros2/vrx_ws/install/share/vrx_gazebo/package.sh'
[1.081s] INFO:colcon.colcon_core.shell:Creating package script '/home/toyat/dev/vrx_ros2/vrx_ws/install/share/vrx_gazebo/package.bash'
[1.083s] INFO:colcon.colcon_core.shell:Creating package script '/home/toyat/dev/vrx_ros2/vrx_ws/install/share/vrx_gazebo/package.zsh'
[1.085s] Level 1:colcon.colcon_core.environment:create_file_with_runtime_dependencies(/home/toyat/dev/vrx_ros2/vrx_ws/install/share/colcon-core/packages/vrx_gazebo)
[1.086s] Level 1:colcon.colcon_core.environment:create_environment_scripts_only(vrx_gazebo)
[1.086s] Level 1:colcon.colcon_core.environment:checking '/home/toyat/dev/vrx_ros2/vrx_ws/install' for CMake module files
[1.087s] Level 1:colcon.colcon_core.environment:checking '/home/toyat/dev/vrx_ros2/vrx_ws/install' for CMake config files
[1.088s] Level 1:colcon.colcon_core.shell:create_environment_hook('vrx_gazebo', 'cmake_prefix_path')
[1.088s] INFO:colcon.colcon_core.shell:Creating environment hook '/home/toyat/dev/vrx_ros2/vrx_ws/install/share/vrx_gazebo/hook/cmake_prefix_path.ps1'
[1.089s] INFO:colcon.colcon_core.shell:Creating environment descriptor '/home/toyat/dev/vrx_ros2/vrx_ws/install/share/vrx_gazebo/hook/cmake_prefix_path.dsv'
[1.089s] INFO:colcon.colcon_core.shell:Creating environment hook '/home/toyat/dev/vrx_ros2/vrx_ws/install/share/vrx_gazebo/hook/cmake_prefix_path.sh'
[1.090s] Level 1:colcon.colcon_core.environment:checking '/home/toyat/dev/vrx_ros2/vrx_ws/install/lib'
[1.090s] Level 1:colcon.colcon_core.environment:checking '/home/toyat/dev/vrx_ros2/vrx_ws/install/bin'
[1.090s] Level 1:colcon.colcon_core.environment:checking '/home/toyat/dev/vrx_ros2/vrx_ws/install/lib/pkgconfig/vrx_gazebo.pc'
[1.091s] Level 1:colcon.colcon_core.environment:checking '/home/toyat/dev/vrx_ros2/vrx_ws/install/lib/python3.12/site-packages'
[1.091s] Level 1:colcon.colcon_core.shell:create_environment_hook('vrx_gazebo', 'pythonpath')
[1.091s] INFO:colcon.colcon_core.shell:Creating environment hook '/home/toyat/dev/vrx_ros2/vrx_ws/install/share/vrx_gazebo/hook/pythonpath.ps1'
[1.092s] INFO:colcon.colcon_core.shell:Creating environment descriptor '/home/toyat/dev/vrx_ros2/vrx_ws/install/share/vrx_gazebo/hook/pythonpath.dsv'
[1.092s] INFO:colcon.colcon_core.shell:Creating environment hook '/home/toyat/dev/vrx_ros2/vrx_ws/install/share/vrx_gazebo/hook/pythonpath.sh'
[1.093s] Level 1:colcon.colcon_core.environment:checking '/home/toyat/dev/vrx_ros2/vrx_ws/install/bin'
[1.093s] INFO:colcon.colcon_core.shell:Creating package script '/home/toyat/dev/vrx_ros2/vrx_ws/install/share/vrx_gazebo/package.ps1'
[1.094s] INFO:colcon.colcon_core.shell:Creating package descriptor '/home/toyat/dev/vrx_ros2/vrx_ws/install/share/vrx_gazebo/package.dsv'
[1.095s] INFO:colcon.colcon_core.shell:Creating package script '/home/toyat/dev/vrx_ros2/vrx_ws/install/share/vrx_gazebo/package.sh'
[1.096s] INFO:colcon.colcon_core.shell:Creating package script '/home/toyat/dev/vrx_ros2/vrx_ws/install/share/vrx_gazebo/package.bash'
[1.096s] INFO:colcon.colcon_core.shell:Creating package script '/home/toyat/dev/vrx_ros2/vrx_ws/install/share/vrx_gazebo/package.zsh'
[1.097s] Level 1:colcon.colcon_core.environment:create_file_with_runtime_dependencies(/home/toyat/dev/vrx_ros2/vrx_ws/install/share/colcon-core/packages/vrx_gazebo)
[1.097s] INFO:colcon.colcon_ros.task.ament_cmake.build:Building ROS package in '/home/toyat/dev/vrx_ros2/vrx_ws/src/vrx/vrx_urdf/wamv_description' with build type 'ament_cmake'
[1.097s] INFO:colcon.colcon_cmake.task.cmake.build:Building CMake package in '/home/toyat/dev/vrx_ros2/vrx_ws/src/vrx/vrx_urdf/wamv_description'
[1.098s] INFO:colcon.colcon_core.shell:Skip shell extension 'powershell' for command environment: Not usable outside of PowerShell
[1.098s] DEBUG:colcon.colcon_core.shell:Skip shell extension 'dsv' for command environment
[1.110s] DEBUG:colcon.colcon_core.event_handler.log_command:Invoking command in '/home/toyat/dev/vrx_ros2/vrx_ws/build/wamv_description': AMENT_PREFIX_PATH=/home/toyat/dev/vrx_ros2/vrx_ws/install:${AMENT_PREFIX_PATH} CMAKE_PREFIX_PATH=/home/toyat/dev/vrx_ros2/vrx_ws/install:/opt/ros/jazzy/opt/gz_sim_vendor:/opt/ros/jazzy/opt/gz_sensors_vendor:/opt/ros/jazzy/opt/gz_physics_vendor:/opt/ros/jazzy/opt/sdformat_vendor:/opt/ros/jazzy/opt/gz_gui_vendor:/opt/ros/jazzy/opt/gz_transport_vendor:/opt/ros/jazzy/opt/gz_rendering_vendor:/opt/ros/jazzy/opt/gz_plugin_vendor:/opt/ros/jazzy/opt/gz_fuel_tools_vendor:/opt/ros/jazzy/opt/gz_msgs_vendor:/opt/ros/jazzy/opt/gz_common_vendor:/opt/ros/jazzy/opt/gz_math_vendor:/opt/ros/jazzy/opt/gz_utils_vendor:/opt/ros/jazzy/opt/gz_tools_vendor:/opt/ros/jazzy/opt/gz_ogre_next_vendor:/opt/ros/jazzy/opt/gz_dartsim_vendor:/opt/ros/jazzy/opt/gz_cmake_vendor:/opt/ros/jazzy DEBUGINFOD_URLS=https://debuginfod.ubuntu.com GZ_SIM_RESOURCE_PATH=/home/toyat/dev/vrx_ros2/vrx_ws/install/share/vrx_gazebo/models:/home/toyat/dev/vrx_ros2/vrx_ws/install/share PYTHONPATH=/home/toyat/dev/vrx_ros2/vrx_ws/install/lib/python3.12/site-packages:${PYTHONPATH} /usr/bin/cmake --build /home/toyat/dev/vrx_ros2/vrx_ws/build/wamv_description -- -j8 -l8
[1.177s] DEBUG:colcon.colcon_core.event_handler.log_command:Invoked command in '/home/toyat/dev/vrx_ros2/vrx_ws/build/wamv_description' returned '0': AMENT_PREFIX_PATH=/home/toyat/dev/vrx_ros2/vrx_ws/install:${AMENT_PREFIX_PATH} CMAKE_PREFIX_PATH=/home/toyat/dev/vrx_ros2/vrx_ws/install:/opt/ros/jazzy/opt/gz_sim_vendor:/opt/ros/jazzy/opt/gz_sensors_vendor:/opt/ros/jazzy/opt/gz_physics_vendor:/opt/ros/jazzy/opt/sdformat_vendor:/opt/ros/jazzy/opt/gz_gui_vendor:/opt/ros/jazzy/opt/gz_transport_vendor:/opt/ros/jazzy/opt/gz_rendering_vendor:/opt/ros/jazzy/opt/gz_plugin_vendor:/opt/ros/jazzy/opt/gz_fuel_tools_vendor:/opt/ros/jazzy/opt/gz_msgs_vendor:/opt/ros/jazzy/opt/gz_common_vendor:/opt/ros/jazzy/opt/gz_math_vendor:/opt/ros/jazzy/opt/gz_utils_vendor:/opt/ros/jazzy/opt/gz_tools_vendor:/opt/ros/jazzy/opt/gz_ogre_next_vendor:/opt/ros/jazzy/opt/gz_dartsim_vendor:/opt/ros/jazzy/opt/gz_cmake_vendor:/opt/ros/jazzy DEBUGINFOD_URLS=https://debuginfod.ubuntu.com GZ_SIM_RESOURCE_PATH=/home/toyat/dev/vrx_ros2/vrx_ws/install/share/vrx_gazebo/models:/home/toyat/dev/vrx_ros2/vrx_ws/install/share PYTHONPATH=/home/toyat/dev/vrx_ros2/vrx_ws/install/lib/python3.12/site-packages:${PYTHONPATH} /usr/bin/cmake --build /home/toyat/dev/vrx_ros2/vrx_ws/build/wamv_description -- -j8 -l8
[1.179s] DEBUG:colcon.colcon_core.event_handler.log_command:Invoking command in '/home/toyat/dev/vrx_ros2/vrx_ws/build/wamv_description': AMENT_PREFIX_PATH=/home/toyat/dev/vrx_ros2/vrx_ws/install:${AMENT_PREFIX_PATH} CMAKE_PREFIX_PATH=/home/toyat/dev/vrx_ros2/vrx_ws/install:/opt/ros/jazzy/opt/gz_sim_vendor:/opt/ros/jazzy/opt/gz_sensors_vendor:/opt/ros/jazzy/opt/gz_physics_vendor:/opt/ros/jazzy/opt/sdformat_vendor:/opt/ros/jazzy/opt/gz_gui_vendor:/opt/ros/jazzy/opt/gz_transport_vendor:/opt/ros/jazzy/opt/gz_rendering_vendor:/opt/ros/jazzy/opt/gz_plugin_vendor:/opt/ros/jazzy/opt/gz_fuel_tools_vendor:/opt/ros/jazzy/opt/gz_msgs_vendor:/opt/ros/jazzy/opt/gz_common_vendor:/opt/ros/jazzy/opt/gz_math_vendor:/opt/ros/jazzy/opt/gz_utils_vendor:/opt/ros/jazzy/opt/gz_tools_vendor:/opt/ros/jazzy/opt/gz_ogre_next_vendor:/opt/ros/jazzy/opt/gz_dartsim_vendor:/opt/ros/jazzy/opt/gz_cmake_vendor:/opt/ros/jazzy DEBUGINFOD_URLS=https://debuginfod.ubuntu.com GZ_SIM_RESOURCE_PATH=/home/toyat/dev/vrx_ros2/vrx_ws/install/share/vrx_gazebo/models:/home/toyat/dev/vrx_ros2/vrx_ws/install/share PYTHONPATH=/home/toyat/dev/vrx_ros2/vrx_ws/install/lib/python3.12/site-packages:${PYTHONPATH} /usr/bin/cmake --install /home/toyat/dev/vrx_ros2/vrx_ws/build/wamv_description
[1.193s] Level 1:colcon.colcon_core.environment:create_environment_scripts_only(wamv_description)
[1.194s] Level 1:colcon.colcon_core.environment:checking '/home/toyat/dev/vrx_ros2/vrx_ws/install' for CMake module files
[1.195s] DEBUG:colcon.colcon_core.event_handler.log_command:Invoked command in '/home/toyat/dev/vrx_ros2/vrx_ws/build/wamv_description' returned '0': AMENT_PREFIX_PATH=/home/toyat/dev/vrx_ros2/vrx_ws/install:${AMENT_PREFIX_PATH} CMAKE_PREFIX_PATH=/home/toyat/dev/vrx_ros2/vrx_ws/install:/opt/ros/jazzy/opt/gz_sim_vendor:/opt/ros/jazzy/opt/gz_sensors_vendor:/opt/ros/jazzy/opt/gz_physics_vendor:/opt/ros/jazzy/opt/sdformat_vendor:/opt/ros/jazzy/opt/gz_gui_vendor:/opt/ros/jazzy/opt/gz_transport_vendor:/opt/ros/jazzy/opt/gz_rendering_vendor:/opt/ros/jazzy/opt/gz_plugin_vendor:/opt/ros/jazzy/opt/gz_fuel_tools_vendor:/opt/ros/jazzy/opt/gz_msgs_vendor:/opt/ros/jazzy/opt/gz_common_vendor:/opt/ros/jazzy/opt/gz_math_vendor:/opt/ros/jazzy/opt/gz_utils_vendor:/opt/ros/jazzy/opt/gz_tools_vendor:/opt/ros/jazzy/opt/gz_ogre_next_vendor:/opt/ros/jazzy/opt/gz_dartsim_vendor:/opt/ros/jazzy/opt/gz_cmake_vendor:/opt/ros/jazzy DEBUGINFOD_URLS=https://debuginfod.ubuntu.com GZ_SIM_RESOURCE_PATH=/home/toyat/dev/vrx_ros2/vrx_ws/install/share/vrx_gazebo/models:/home/toyat/dev/vrx_ros2/vrx_ws/install/share PYTHONPATH=/home/toyat/dev/vrx_ros2/vrx_ws/install/lib/python3.12/site-packages:${PYTHONPATH} /usr/bin/cmake --install /home/toyat/dev/vrx_ros2/vrx_ws/build/wamv_description
[1.196s] Level 1:colcon.colcon_core.environment:checking '/home/toyat/dev/vrx_ros2/vrx_ws/install' for CMake config files
[1.196s] Level 1:colcon.colcon_core.shell:create_environment_hook('wamv_description', 'cmake_prefix_path')
[1.196s] INFO:colcon.colcon_core.shell:Creating environment hook '/home/toyat/dev/vrx_ros2/vrx_ws/install/share/wamv_description/hook/cmake_prefix_path.ps1'
[1.197s] INFO:colcon.colcon_core.shell:Creating environment descriptor '/home/toyat/dev/vrx_ros2/vrx_ws/install/share/wamv_description/hook/cmake_prefix_path.dsv'
[1.197s] INFO:colcon.colcon_core.shell:Creating environment hook '/home/toyat/dev/vrx_ros2/vrx_ws/install/share/wamv_description/hook/cmake_prefix_path.sh'
[1.198s] Level 1:colcon.colcon_core.environment:checking '/home/toyat/dev/vrx_ros2/vrx_ws/install/lib'
[1.198s] Level 1:colcon.colcon_core.environment:checking '/home/toyat/dev/vrx_ros2/vrx_ws/install/bin'
[1.198s] Level 1:colcon.colcon_core.environment:checking '/home/toyat/dev/vrx_ros2/vrx_ws/install/lib/pkgconfig/wamv_description.pc'
[1.198s] Level 1:colcon.colcon_core.environment:checking '/home/toyat/dev/vrx_ros2/vrx_ws/install/lib/python3.12/site-packages'
[1.198s] Level 1:colcon.colcon_core.shell:create_environment_hook('wamv_description', 'pythonpath')
[1.198s] INFO:colcon.colcon_core.shell:Creating environment hook '/home/toyat/dev/vrx_ros2/vrx_ws/install/share/wamv_description/hook/pythonpath.ps1'
[1.199s] INFO:colcon.colcon_core.shell:Creating environment descriptor '/home/toyat/dev/vrx_ros2/vrx_ws/install/share/wamv_description/hook/pythonpath.dsv'
[1.199s] INFO:colcon.colcon_core.shell:Creating environment hook '/home/toyat/dev/vrx_ros2/vrx_ws/install/share/wamv_description/hook/pythonpath.sh'
[1.199s] Level 1:colcon.colcon_core.environment:checking '/home/toyat/dev/vrx_ros2/vrx_ws/install/bin'
[1.200s] INFO:colcon.colcon_core.shell:Creating package script '/home/toyat/dev/vrx_ros2/vrx_ws/install/share/wamv_description/package.ps1'
[1.200s] INFO:colcon.colcon_core.shell:Creating package descriptor '/home/toyat/dev/vrx_ros2/vrx_ws/install/share/wamv_description/package.dsv'
[1.200s] INFO:colcon.colcon_core.shell:Creating package script '/home/toyat/dev/vrx_ros2/vrx_ws/install/share/wamv_description/package.sh'
[1.201s] INFO:colcon.colcon_core.shell:Creating package script '/home/toyat/dev/vrx_ros2/vrx_ws/install/share/wamv_description/package.bash'
[1.201s] INFO:colcon.colcon_core.shell:Creating package script '/home/toyat/dev/vrx_ros2/vrx_ws/install/share/wamv_description/package.zsh'
[1.201s] Level 1:colcon.colcon_core.environment:create_file_with_runtime_dependencies(/home/toyat/dev/vrx_ros2/vrx_ws/install/share/colcon-core/packages/wamv_description)
[1.202s] Level 1:colcon.colcon_core.environment:create_environment_scripts_only(wamv_description)
[1.202s] Level 1:colcon.colcon_core.environment:checking '/home/toyat/dev/vrx_ros2/vrx_ws/install' for CMake module files
[1.202s] Level 1:colcon.colcon_core.environment:checking '/home/toyat/dev/vrx_ros2/vrx_ws/install' for CMake config files
[1.203s] Level 1:colcon.colcon_core.shell:create_environment_hook('wamv_description', 'cmake_prefix_path')
[1.203s] INFO:colcon.colcon_core.shell:Creating environment hook '/home/toyat/dev/vrx_ros2/vrx_ws/install/share/wamv_description/hook/cmake_prefix_path.ps1'
[1.203s] INFO:colcon.colcon_core.shell:Creating environment descriptor '/home/toyat/dev/vrx_ros2/vrx_ws/install/share/wamv_description/hook/cmake_prefix_path.dsv'
[1.204s] INFO:colcon.colcon_core.shell:Creating environment hook '/home/toyat/dev/vrx_ros2/vrx_ws/install/share/wamv_description/hook/cmake_prefix_path.sh'
[1.204s] Level 1:colcon.colcon_core.environment:checking '/home/toyat/dev/vrx_ros2/vrx_ws/install/lib'
[1.204s] Level 1:colcon.colcon_core.environment:checking '/home/toyat/dev/vrx_ros2/vrx_ws/install/bin'
[1.204s] Level 1:colcon.colcon_core.environment:checking '/home/toyat/dev/vrx_ros2/vrx_ws/install/lib/pkgconfig/wamv_description.pc'
[1.205s] Level 1:colcon.colcon_core.environment:checking '/home/toyat/dev/vrx_ros2/vrx_ws/install/lib/python3.12/site-packages'
[1.205s] Level 1:colcon.colcon_core.shell:create_environment_hook('wamv_description', 'pythonpath')
[1.205s] INFO:colcon.colcon_core.shell:Creating environment hook '/home/toyat/dev/vrx_ros2/vrx_ws/install/share/wamv_description/hook/pythonpath.ps1'
[1.205s] INFO:colcon.colcon_core.shell:Creating environment descriptor '/home/toyat/dev/vrx_ros2/vrx_ws/install/share/wamv_description/hook/pythonpath.dsv'
[1.205s] INFO:colcon.colcon_core.shell:Creating environment hook '/home/toyat/dev/vrx_ros2/vrx_ws/install/share/wamv_description/hook/pythonpath.sh'
[1.206s] Level 1:colcon.colcon_core.environment:checking '/home/toyat/dev/vrx_ros2/vrx_ws/install/bin'
[1.206s] INFO:colcon.colcon_core.shell:Creating package script '/home/toyat/dev/vrx_ros2/vrx_ws/install/share/wamv_description/package.ps1'
[1.207s] INFO:colcon.colcon_core.shell:Creating package descriptor '/home/toyat/dev/vrx_ros2/vrx_ws/install/share/wamv_description/package.dsv'
[1.207s] INFO:colcon.colcon_core.shell:Creating package script '/home/toyat/dev/vrx_ros2/vrx_ws/install/share/wamv_description/package.sh'
[1.207s] INFO:colcon.colcon_core.shell:Creating package script '/home/toyat/dev/vrx_ros2/vrx_ws/install/share/wamv_description/package.bash'
[1.208s] INFO:colcon.colcon_core.shell:Creating package script '/home/toyat/dev/vrx_ros2/vrx_ws/install/share/wamv_description/package.zsh'
[1.208s] Level 1:colcon.colcon_core.environment:create_file_with_runtime_dependencies(/home/toyat/dev/vrx_ros2/vrx_ws/install/share/colcon-core/packages/wamv_description)
[1.208s] INFO:colcon.colcon_ros.task.ament_cmake.build:Building ROS package in '/home/toyat/dev/vrx_ros2/vrx_ws/src/vrx/vrx_urdf/wamv_gazebo' with build type 'ament_cmake'
[1.208s] INFO:colcon.colcon_cmake.task.cmake.build:Building CMake package in '/home/toyat/dev/vrx_ros2/vrx_ws/src/vrx/vrx_urdf/wamv_gazebo'
[1.209s] INFO:colcon.colcon_core.shell:Skip shell extension 'powershell' for command environment: Not usable outside of PowerShell
[1.209s] DEBUG:colcon.colcon_core.shell:Skip shell extension 'dsv' for command environment
[1.220s] DEBUG:colcon.colcon_core.event_handler.log_command:Invoking command in '/home/toyat/dev/vrx_ros2/vrx_ws/build/wamv_gazebo': AMENT_PREFIX_PATH=/home/toyat/dev/vrx_ros2/vrx_ws/install:${AMENT_PREFIX_PATH} CMAKE_PREFIX_PATH=/home/toyat/dev/vrx_ros2/vrx_ws/install:/opt/ros/jazzy/opt/gz_sim_vendor:/opt/ros/jazzy/opt/gz_sensors_vendor:/opt/ros/jazzy/opt/gz_physics_vendor:/opt/ros/jazzy/opt/sdformat_vendor:/opt/ros/jazzy/opt/gz_gui_vendor:/opt/ros/jazzy/opt/gz_transport_vendor:/opt/ros/jazzy/opt/gz_rendering_vendor:/opt/ros/jazzy/opt/gz_plugin_vendor:/opt/ros/jazzy/opt/gz_fuel_tools_vendor:/opt/ros/jazzy/opt/gz_msgs_vendor:/opt/ros/jazzy/opt/gz_common_vendor:/opt/ros/jazzy/opt/gz_math_vendor:/opt/ros/jazzy/opt/gz_utils_vendor:/opt/ros/jazzy/opt/gz_tools_vendor:/opt/ros/jazzy/opt/gz_ogre_next_vendor:/opt/ros/jazzy/opt/gz_dartsim_vendor:/opt/ros/jazzy/opt/gz_cmake_vendor:/opt/ros/jazzy DEBUGINFOD_URLS=https://debuginfod.ubuntu.com GZ_SIM_RESOURCE_PATH=/home/toyat/dev/vrx_ros2/vrx_ws/install/share/wamv_description/models:/home/toyat/dev/vrx_ros2/vrx_ws/install/share/vrx_gazebo/models:/home/toyat/dev/vrx_ros2/vrx_ws/install/share PYTHONPATH=/home/toyat/dev/vrx_ros2/vrx_ws/install/lib/python3.12/site-packages:${PYTHONPATH} /usr/bin/cmake --build /home/toyat/dev/vrx_ros2/vrx_ws/build/wamv_gazebo -- -j8 -l8
[1.263s] DEBUG:colcon.colcon_core.event_handler.log_command:Invoked command in '/home/toyat/dev/vrx_ros2/vrx_ws/build/wamv_gazebo' returned '0': AMENT_PREFIX_PATH=/home/toyat/dev/vrx_ros2/vrx_ws/install:${AMENT_PREFIX_PATH} CMAKE_PREFIX_PATH=/home/toyat/dev/vrx_ros2/vrx_ws/install:/opt/ros/jazzy/opt/gz_sim_vendor:/opt/ros/jazzy/opt/gz_sensors_vendor:/opt/ros/jazzy/opt/gz_physics_vendor:/opt/ros/jazzy/opt/sdformat_vendor:/opt/ros/jazzy/opt/gz_gui_vendor:/opt/ros/jazzy/opt/gz_transport_vendor:/opt/ros/jazzy/opt/gz_rendering_vendor:/opt/ros/jazzy/opt/gz_plugin_vendor:/opt/ros/jazzy/opt/gz_fuel_tools_vendor:/opt/ros/jazzy/opt/gz_msgs_vendor:/opt/ros/jazzy/opt/gz_common_vendor:/opt/ros/jazzy/opt/gz_math_vendor:/opt/ros/jazzy/opt/gz_utils_vendor:/opt/ros/jazzy/opt/gz_tools_vendor:/opt/ros/jazzy/opt/gz_ogre_next_vendor:/opt/ros/jazzy/opt/gz_dartsim_vendor:/opt/ros/jazzy/opt/gz_cmake_vendor:/opt/ros/jazzy DEBUGINFOD_URLS=https://debuginfod.ubuntu.com GZ_SIM_RESOURCE_PATH=/home/toyat/dev/vrx_ros2/vrx_ws/install/share/wamv_description/models:/home/toyat/dev/vrx_ros2/vrx_ws/install/share/vrx_gazebo/models:/home/toyat/dev/vrx_ros2/vrx_ws/install/share PYTHONPATH=/home/toyat/dev/vrx_ros2/vrx_ws/install/lib/python3.12/site-packages:${PYTHONPATH} /usr/bin/cmake --build /home/toyat/dev/vrx_ros2/vrx_ws/build/wamv_gazebo -- -j8 -l8
[1.265s] DEBUG:colcon.colcon_core.event_handler.log_command:Invoking command in '/home/toyat/dev/vrx_ros2/vrx_ws/build/wamv_gazebo': AMENT_PREFIX_PATH=/home/toyat/dev/vrx_ros2/vrx_ws/install:${AMENT_PREFIX_PATH} CMAKE_PREFIX_PATH=/home/toyat/dev/vrx_ros2/vrx_ws/install:/opt/ros/jazzy/opt/gz_sim_vendor:/opt/ros/jazzy/opt/gz_sensors_vendor:/opt/ros/jazzy/opt/gz_physics_vendor:/opt/ros/jazzy/opt/sdformat_vendor:/opt/ros/jazzy/opt/gz_gui_vendor:/opt/ros/jazzy/opt/gz_transport_vendor:/opt/ros/jazzy/opt/gz_rendering_vendor:/opt/ros/jazzy/opt/gz_plugin_vendor:/opt/ros/jazzy/opt/gz_fuel_tools_vendor:/opt/ros/jazzy/opt/gz_msgs_vendor:/opt/ros/jazzy/opt/gz_common_vendor:/opt/ros/jazzy/opt/gz_math_vendor:/opt/ros/jazzy/opt/gz_utils_vendor:/opt/ros/jazzy/opt/gz_tools_vendor:/opt/ros/jazzy/opt/gz_ogre_next_vendor:/opt/ros/jazzy/opt/gz_dartsim_vendor:/opt/ros/jazzy/opt/gz_cmake_vendor:/opt/ros/jazzy DEBUGINFOD_URLS=https://debuginfod.ubuntu.com GZ_SIM_RESOURCE_PATH=/home/toyat/dev/vrx_ros2/vrx_ws/install/share/wamv_description/models:/home/toyat/dev/vrx_ros2/vrx_ws/install/share/vrx_gazebo/models:/home/toyat/dev/vrx_ros2/vrx_ws/install/share PYTHONPATH=/home/toyat/dev/vrx_ros2/vrx_ws/install/lib/python3.12/site-packages:${PYTHONPATH} /usr/bin/cmake --install /home/toyat/dev/vrx_ros2/vrx_ws/build/wamv_gazebo
[1.277s] Level 1:colcon.colcon_core.environment:create_environment_scripts_only(wamv_gazebo)
[1.277s] Level 1:colcon.colcon_core.environment:checking '/home/toyat/dev/vrx_ros2/vrx_ws/install' for CMake module files
[1.278s] DEBUG:colcon.colcon_core.event_handler.log_command:Invoked command in '/home/toyat/dev/vrx_ros2/vrx_ws/build/wamv_gazebo' returned '0': AMENT_PREFIX_PATH=/home/toyat/dev/vrx_ros2/vrx_ws/install:${AMENT_PREFIX_PATH} CMAKE_PREFIX_PATH=/home/toyat/dev/vrx_ros2/vrx_ws/install:/opt/ros/jazzy/opt/gz_sim_vendor:/opt/ros/jazzy/opt/gz_sensors_vendor:/opt/ros/jazzy/opt/gz_physics_vendor:/opt/ros/jazzy/opt/sdformat_vendor:/opt/ros/jazzy/opt/gz_gui_vendor:/opt/ros/jazzy/opt/gz_transport_vendor:/opt/ros/jazzy/opt/gz_rendering_vendor:/opt/ros/jazzy/opt/gz_plugin_vendor:/opt/ros/jazzy/opt/gz_fuel_tools_vendor:/opt/ros/jazzy/opt/gz_msgs_vendor:/opt/ros/jazzy/opt/gz_common_vendor:/opt/ros/jazzy/opt/gz_math_vendor:/opt/ros/jazzy/opt/gz_utils_vendor:/opt/ros/jazzy/opt/gz_tools_vendor:/opt/ros/jazzy/opt/gz_ogre_next_vendor:/opt/ros/jazzy/opt/gz_dartsim_vendor:/opt/ros/jazzy/opt/gz_cmake_vendor:/opt/ros/jazzy DEBUGINFOD_URLS=https://debuginfod.ubuntu.com GZ_SIM_RESOURCE_PATH=/home/toyat/dev/vrx_ros2/vrx_ws/install/share/wamv_description/models:/home/toyat/dev/vrx_ros2/vrx_ws/install/share/vrx_gazebo/models:/home/toyat/dev/vrx_ros2/vrx_ws/install/share PYTHONPATH=/home/toyat/dev/vrx_ros2/vrx_ws/install/lib/python3.12/site-packages:${PYTHONPATH} /usr/bin/cmake --install /home/toyat/dev/vrx_ros2/vrx_ws/build/wamv_gazebo
[1.278s] Level 1:colcon.colcon_core.environment:checking '/home/toyat/dev/vrx_ros2/vrx_ws/install' for CMake config files
[1.279s] Level 1:colcon.colcon_core.shell:create_environment_hook('wamv_gazebo', 'cmake_prefix_path')
[1.279s] INFO:colcon.colcon_core.shell:Creating environment hook '/home/toyat/dev/vrx_ros2/vrx_ws/install/share/wamv_gazebo/hook/cmake_prefix_path.ps1'
[1.280s] INFO:colcon.colcon_core.shell:Creating environment descriptor '/home/toyat/dev/vrx_ros2/vrx_ws/install/share/wamv_gazebo/hook/cmake_prefix_path.dsv'
[1.280s] INFO:colcon.colcon_core.shell:Creating environment hook '/home/toyat/dev/vrx_ros2/vrx_ws/install/share/wamv_gazebo/hook/cmake_prefix_path.sh'
[1.281s] Level 1:colcon.colcon_core.environment:checking '/home/toyat/dev/vrx_ros2/vrx_ws/install/lib'
[1.281s] Level 1:colcon.colcon_core.environment:checking '/home/toyat/dev/vrx_ros2/vrx_ws/install/bin'
[1.281s] Level 1:colcon.colcon_core.environment:checking '/home/toyat/dev/vrx_ros2/vrx_ws/install/lib/pkgconfig/wamv_gazebo.pc'
[1.281s] Level 1:colcon.colcon_core.environment:checking '/home/toyat/dev/vrx_ros2/vrx_ws/install/lib/python3.12/site-packages'
[1.281s] Level 1:colcon.colcon_core.shell:create_environment_hook('wamv_gazebo', 'pythonpath')
[1.281s] INFO:colcon.colcon_core.shell:Creating environment hook '/home/toyat/dev/vrx_ros2/vrx_ws/install/share/wamv_gazebo/hook/pythonpath.ps1'
[1.282s] INFO:colcon.colcon_core.shell:Creating environment descriptor '/home/toyat/dev/vrx_ros2/vrx_ws/install/share/wamv_gazebo/hook/pythonpath.dsv'
[1.283s] INFO:colcon.colcon_core.shell:Creating environment hook '/home/toyat/dev/vrx_ros2/vrx_ws/install/share/wamv_gazebo/hook/pythonpath.sh'
[1.284s] Level 1:colcon.colcon_core.environment:checking '/home/toyat/dev/vrx_ros2/vrx_ws/install/bin'
[1.284s] INFO:colcon.colcon_core.shell:Creating package script '/home/toyat/dev/vrx_ros2/vrx_ws/install/share/wamv_gazebo/package.ps1'
[1.285s] INFO:colcon.colcon_core.shell:Creating package descriptor '/home/toyat/dev/vrx_ros2/vrx_ws/install/share/wamv_gazebo/package.dsv'
[1.285s] INFO:colcon.colcon_core.shell:Creating package script '/home/toyat/dev/vrx_ros2/vrx_ws/install/share/wamv_gazebo/package.sh'
[1.286s] INFO:colcon.colcon_core.shell:Creating package script '/home/toyat/dev/vrx_ros2/vrx_ws/install/share/wamv_gazebo/package.bash'
[1.286s] INFO:colcon.colcon_core.shell:Creating package script '/home/toyat/dev/vrx_ros2/vrx_ws/install/share/wamv_gazebo/package.zsh'
[1.286s] Level 1:colcon.colcon_core.environment:create_file_with_runtime_dependencies(/home/toyat/dev/vrx_ros2/vrx_ws/install/share/colcon-core/packages/wamv_gazebo)
[1.287s] Level 1:colcon.colcon_core.environment:create_environment_scripts_only(wamv_gazebo)
[1.287s] Level 1:colcon.colcon_core.environment:checking '/home/toyat/dev/vrx_ros2/vrx_ws/install' for CMake module files
[1.287s] Level 1:colcon.colcon_core.environment:checking '/home/toyat/dev/vrx_ros2/vrx_ws/install' for CMake config files
[1.288s] Level 1:colcon.colcon_core.shell:create_environment_hook('wamv_gazebo', 'cmake_prefix_path')
[1.288s] INFO:colcon.colcon_core.shell:Creating environment hook '/home/toyat/dev/vrx_ros2/vrx_ws/install/share/wamv_gazebo/hook/cmake_prefix_path.ps1'
[1.288s] INFO:colcon.colcon_core.shell:Creating environment descriptor '/home/toyat/dev/vrx_ros2/vrx_ws/install/share/wamv_gazebo/hook/cmake_prefix_path.dsv'
[1.288s] INFO:colcon.colcon_core.shell:Creating environment hook '/home/toyat/dev/vrx_ros2/vrx_ws/install/share/wamv_gazebo/hook/cmake_prefix_path.sh'
[1.289s] Level 1:colcon.colcon_core.environment:checking '/home/toyat/dev/vrx_ros2/vrx_ws/install/lib'
[1.289s] Level 1:colcon.colcon_core.environment:checking '/home/toyat/dev/vrx_ros2/vrx_ws/install/bin'
[1.289s] Level 1:colcon.colcon_core.environment:checking '/home/toyat/dev/vrx_ros2/vrx_ws/install/lib/pkgconfig/wamv_gazebo.pc'
[1.289s] Level 1:colcon.colcon_core.environment:checking '/home/toyat/dev/vrx_ros2/vrx_ws/install/lib/python3.12/site-packages'
[1.290s] Level 1:colcon.colcon_core.shell:create_environment_hook('wamv_gazebo', 'pythonpath')
[1.290s] INFO:colcon.colcon_core.shell:Creating environment hook '/home/toyat/dev/vrx_ros2/vrx_ws/install/share/wamv_gazebo/hook/pythonpath.ps1'
[1.290s] INFO:colcon.colcon_core.shell:Creating environment descriptor '/home/toyat/dev/vrx_ros2/vrx_ws/install/share/wamv_gazebo/hook/pythonpath.dsv'
[1.290s] INFO:colcon.colcon_core.shell:Creating environment hook '/home/toyat/dev/vrx_ros2/vrx_ws/install/share/wamv_gazebo/hook/pythonpath.sh'
[1.291s] Level 1:colcon.colcon_core.environment:checking '/home/toyat/dev/vrx_ros2/vrx_ws/install/bin'
[1.291s] INFO:colcon.colcon_core.shell:Creating package script '/home/toyat/dev/vrx_ros2/vrx_ws/install/share/wamv_gazebo/package.ps1'
[1.292s] INFO:colcon.colcon_core.shell:Creating package descriptor '/home/toyat/dev/vrx_ros2/vrx_ws/install/share/wamv_gazebo/package.dsv'
[1.292s] INFO:colcon.colcon_core.shell:Creating package script '/home/toyat/dev/vrx_ros2/vrx_ws/install/share/wamv_gazebo/package.sh'
[1.292s] INFO:colcon.colcon_core.shell:Creating package script '/home/toyat/dev/vrx_ros2/vrx_ws/install/share/wamv_gazebo/package.bash'
[1.293s] INFO:colcon.colcon_core.shell:Creating package script '/home/toyat/dev/vrx_ros2/vrx_ws/install/share/wamv_gazebo/package.zsh'
[1.293s] Level 1:colcon.colcon_core.environment:create_file_with_runtime_dependencies(/home/toyat/dev/vrx_ros2/vrx_ws/install/share/colcon-core/packages/wamv_gazebo)
[11.787s] DEBUG:colcon.colcon_core.event_handler.log_command:Invoked command in '/home/toyat/dev/vrx_ros2/vrx_ws/build/vrx_ros' returned '0': CMAKE_PREFIX_PATH=${CMAKE_PREFIX_PATH}:/opt/ros/jazzy DEBUGINFOD_URLS=https://debuginfod.ubuntu.com /usr/bin/cmake --build /home/toyat/dev/vrx_ros2/vrx_ws/build/vrx_ros -- -j8 -l8
[11.789s] DEBUG:colcon.colcon_core.event_handler.log_command:Invoking command in '/home/toyat/dev/vrx_ros2/vrx_ws/build/vrx_ros': CMAKE_PREFIX_PATH=${CMAKE_PREFIX_PATH}:/opt/ros/jazzy DEBUGINFOD_URLS=https://debuginfod.ubuntu.com /usr/bin/cmake --install /home/toyat/dev/vrx_ros2/vrx_ws/build/vrx_ros
[11.819s] Level 1:colcon.colcon_core.environment:create_environment_scripts_only(vrx_ros)
[11.819s] Level 1:colcon.colcon_core.environment:checking '/home/toyat/dev/vrx_ros2/vrx_ws/install' for CMake module files
[11.820s] DEBUG:colcon.colcon_core.event_handler.log_command:Invoked command in '/home/toyat/dev/vrx_ros2/vrx_ws/build/vrx_ros' returned '0': CMAKE_PREFIX_PATH=${CMAKE_PREFIX_PATH}:/opt/ros/jazzy DEBUGINFOD_URLS=https://debuginfod.ubuntu.com /usr/bin/cmake --install /home/toyat/dev/vrx_ros2/vrx_ws/build/vrx_ros
[11.821s] Level 1:colcon.colcon_core.environment:checking '/home/toyat/dev/vrx_ros2/vrx_ws/install' for CMake config files
[11.822s] Level 1:colcon.colcon_core.shell:create_environment_hook('vrx_ros', 'cmake_prefix_path')
[11.822s] INFO:colcon.colcon_core.shell:Creating environment hook '/home/toyat/dev/vrx_ros2/vrx_ws/install/share/vrx_ros/hook/cmake_prefix_path.ps1'
[11.823s] INFO:colcon.colcon_core.shell:Creating environment descriptor '/home/toyat/dev/vrx_ros2/vrx_ws/install/share/vrx_ros/hook/cmake_prefix_path.dsv'
[11.824s] INFO:colcon.colcon_core.shell:Creating environment hook '/home/toyat/dev/vrx_ros2/vrx_ws/install/share/vrx_ros/hook/cmake_prefix_path.sh'
[11.825s] Level 1:colcon.colcon_core.environment:checking '/home/toyat/dev/vrx_ros2/vrx_ws/install/lib'
[11.825s] Level 1:colcon.colcon_core.environment:checking '/home/toyat/dev/vrx_ros2/vrx_ws/install/bin'
[11.825s] Level 1:colcon.colcon_core.environment:checking '/home/toyat/dev/vrx_ros2/vrx_ws/install/lib/pkgconfig/vrx_ros.pc'
[11.826s] Level 1:colcon.colcon_core.environment:checking '/home/toyat/dev/vrx_ros2/vrx_ws/install/lib/python3.12/site-packages'
[11.826s] Level 1:colcon.colcon_core.shell:create_environment_hook('vrx_ros', 'pythonpath')
[11.826s] INFO:colcon.colcon_core.shell:Creating environment hook '/home/toyat/dev/vrx_ros2/vrx_ws/install/share/vrx_ros/hook/pythonpath.ps1'
[11.827s] INFO:colcon.colcon_core.shell:Creating environment descriptor '/home/toyat/dev/vrx_ros2/vrx_ws/install/share/vrx_ros/hook/pythonpath.dsv'
[11.828s] INFO:colcon.colcon_core.shell:Creating environment hook '/home/toyat/dev/vrx_ros2/vrx_ws/install/share/vrx_ros/hook/pythonpath.sh'
[11.829s] Level 1:colcon.colcon_core.environment:checking '/home/toyat/dev/vrx_ros2/vrx_ws/install/bin'
[11.829s] INFO:colcon.colcon_core.shell:Creating package script '/home/toyat/dev/vrx_ros2/vrx_ws/install/share/vrx_ros/package.ps1'
[11.830s] INFO:colcon.colcon_core.shell:Creating package descriptor '/home/toyat/dev/vrx_ros2/vrx_ws/install/share/vrx_ros/package.dsv'
[11.831s] INFO:colcon.colcon_core.shell:Creating package script '/home/toyat/dev/vrx_ros2/vrx_ws/install/share/vrx_ros/package.sh'
[11.832s] INFO:colcon.colcon_core.shell:Creating package script '/home/toyat/dev/vrx_ros2/vrx_ws/install/share/vrx_ros/package.bash'
[11.833s] INFO:colcon.colcon_core.shell:Creating package script '/home/toyat/dev/vrx_ros2/vrx_ws/install/share/vrx_ros/package.zsh'
[11.833s] Level 1:colcon.colcon_core.environment:create_file_with_runtime_dependencies(/home/toyat/dev/vrx_ros2/vrx_ws/install/share/colcon-core/packages/vrx_ros)
[11.834s] Level 1:colcon.colcon_core.environment:create_environment_scripts_only(vrx_ros)
[11.834s] Level 1:colcon.colcon_core.environment:checking '/home/toyat/dev/vrx_ros2/vrx_ws/install' for CMake module files
[11.836s] Level 1:colcon.colcon_core.environment:checking '/home/toyat/dev/vrx_ros2/vrx_ws/install' for CMake config files
[11.837s] Level 1:colcon.colcon_core.shell:create_environment_hook('vrx_ros', 'cmake_prefix_path')
[11.837s] INFO:colcon.colcon_core.shell:Creating environment hook '/home/toyat/dev/vrx_ros2/vrx_ws/install/share/vrx_ros/hook/cmake_prefix_path.ps1'
[11.838s] INFO:colcon.colcon_core.shell:Creating environment descriptor '/home/toyat/dev/vrx_ros2/vrx_ws/install/share/vrx_ros/hook/cmake_prefix_path.dsv'
[11.839s] INFO:colcon.colcon_core.shell:Creating environment hook '/home/toyat/dev/vrx_ros2/vrx_ws/install/share/vrx_ros/hook/cmake_prefix_path.sh'
[11.840s] Level 1:colcon.colcon_core.environment:checking '/home/toyat/dev/vrx_ros2/vrx_ws/install/lib'
[11.840s] Level 1:colcon.colcon_core.environment:checking '/home/toyat/dev/vrx_ros2/vrx_ws/install/bin'
[11.840s] Level 1:colcon.colcon_core.environment:checking '/home/toyat/dev/vrx_ros2/vrx_ws/install/lib/pkgconfig/vrx_ros.pc'
[11.841s] Level 1:colcon.colcon_core.environment:checking '/home/toyat/dev/vrx_ros2/vrx_ws/install/lib/python3.12/site-packages'
[11.841s] Level 1:colcon.colcon_core.shell:create_environment_hook('vrx_ros', 'pythonpath')
[11.841s] INFO:colcon.colcon_core.shell:Creating environment hook '/home/toyat/dev/vrx_ros2/vrx_ws/install/share/vrx_ros/hook/pythonpath.ps1'
[11.842s] INFO:colcon.colcon_core.shell:Creating environment descriptor '/home/toyat/dev/vrx_ros2/vrx_ws/install/share/vrx_ros/hook/pythonpath.dsv'
[11.843s] INFO:colcon.colcon_core.shell:Creating environment hook '/home/toyat/dev/vrx_ros2/vrx_ws/install/share/vrx_ros/hook/pythonpath.sh'
[11.844s] Level 1:colcon.colcon_core.environment:checking '/home/toyat/dev/vrx_ros2/vrx_ws/install/bin'
[11.844s] INFO:colcon.colcon_core.shell:Creating package script '/home/toyat/dev/vrx_ros2/vrx_ws/install/share/vrx_ros/package.ps1'
[11.845s] INFO:colcon.colcon_core.shell:Creating package descriptor '/home/toyat/dev/vrx_ros2/vrx_ws/install/share/vrx_ros/package.dsv'
[11.846s] INFO:colcon.colcon_core.shell:Creating package script '/home/toyat/dev/vrx_ros2/vrx_ws/install/share/vrx_ros/package.sh'
[11.847s] INFO:colcon.colcon_core.shell:Creating package script '/home/toyat/dev/vrx_ros2/vrx_ws/install/share/vrx_ros/package.bash'
[11.848s] INFO:colcon.colcon_core.shell:Creating package script '/home/toyat/dev/vrx_ros2/vrx_ws/install/share/vrx_ros/package.zsh'
[11.848s] Level 1:colcon.colcon_core.environment:create_file_with_runtime_dependencies(/home/toyat/dev/vrx_ros2/vrx_ws/install/share/colcon-core/packages/vrx_ros)
[11.849s] INFO:colcon.colcon_ros.task.ament_cmake.build:Building ROS package in '/home/toyat/dev/vrx_ros2/vrx_ws/src/vrx/vrx_gz' with build type 'ament_cmake'
[11.849s] INFO:colcon.colcon_cmake.task.cmake.build:Building CMake package in '/home/toyat/dev/vrx_ros2/vrx_ws/src/vrx/vrx_gz'
[11.849s] INFO:colcon.colcon_core.shell:Skip shell extension 'powershell' for command environment: Not usable outside of PowerShell
[11.849s] DEBUG:colcon.colcon_core.shell:Skip shell extension 'dsv' for command environment
[11.869s] DEBUG:colcon.colcon_core.event_handler.log_command:Invoking command in '/home/toyat/dev/vrx_ros2/vrx_ws/build/vrx_gz': AMENT_PREFIX_PATH=/home/toyat/dev/vrx_ros2/vrx_ws/install:${AMENT_PREFIX_PATH} CMAKE_PREFIX_PATH=/home/toyat/dev/vrx_ros2/vrx_ws/install:/opt/ros/jazzy/opt/gz_sim_vendor:/opt/ros/jazzy/opt/gz_sensors_vendor:/opt/ros/jazzy/opt/gz_physics_vendor:/opt/ros/jazzy/opt/sdformat_vendor:/opt/ros/jazzy/opt/gz_gui_vendor:/opt/ros/jazzy/opt/gz_transport_vendor:/opt/ros/jazzy/opt/gz_rendering_vendor:/opt/ros/jazzy/opt/gz_plugin_vendor:/opt/ros/jazzy/opt/gz_fuel_tools_vendor:/opt/ros/jazzy/opt/gz_msgs_vendor:/opt/ros/jazzy/opt/gz_common_vendor:/opt/ros/jazzy/opt/gz_math_vendor:/opt/ros/jazzy/opt/gz_utils_vendor:/opt/ros/jazzy/opt/gz_tools_vendor:/opt/ros/jazzy/opt/gz_ogre_next_vendor:/opt/ros/jazzy/opt/gz_dartsim_vendor:/opt/ros/jazzy/opt/gz_cmake_vendor:/opt/ros/jazzy DEBUGINFOD_URLS=https://debuginfod.ubuntu.com GZ_SIM_RESOURCE_PATH=/home/toyat/dev/vrx_ros2/vrx_ws/install/share/wamv_description/models:/home/toyat/dev/vrx_ros2/vrx_ws/install/share/vrx_gazebo/models:/home/toyat/dev/vrx_ros2/vrx_ws/install/share PYTHONPATH=/home/toyat/dev/vrx_ros2/vrx_ws/install/lib/python3.12/site-packages:${PYTHONPATH} /usr/bin/cmake /home/toyat/dev/vrx_ros2/vrx_ws/src/vrx/vrx_gz -DCMAKE_INSTALL_PREFIX=/home/toyat/dev/vrx_ros2/vrx_ws/install
[14.726s] DEBUG:colcon.colcon_core.event_handler.log_command:Invoked command in '/home/toyat/dev/vrx_ros2/vrx_ws/build/vrx_gz' returned '0': AMENT_PREFIX_PATH=/home/toyat/dev/vrx_ros2/vrx_ws/install:${AMENT_PREFIX_PATH} CMAKE_PREFIX_PATH=/home/toyat/dev/vrx_ros2/vrx_ws/install:/opt/ros/jazzy/opt/gz_sim_vendor:/opt/ros/jazzy/opt/gz_sensors_vendor:/opt/ros/jazzy/opt/gz_physics_vendor:/opt/ros/jazzy/opt/sdformat_vendor:/opt/ros/jazzy/opt/gz_gui_vendor:/opt/ros/jazzy/opt/gz_transport_vendor:/opt/ros/jazzy/opt/gz_rendering_vendor:/opt/ros/jazzy/opt/gz_plugin_vendor:/opt/ros/jazzy/opt/gz_fuel_tools_vendor:/opt/ros/jazzy/opt/gz_msgs_vendor:/opt/ros/jazzy/opt/gz_common_vendor:/opt/ros/jazzy/opt/gz_math_vendor:/opt/ros/jazzy/opt/gz_utils_vendor:/opt/ros/jazzy/opt/gz_tools_vendor:/opt/ros/jazzy/opt/gz_ogre_next_vendor:/opt/ros/jazzy/opt/gz_dartsim_vendor:/opt/ros/jazzy/opt/gz_cmake_vendor:/opt/ros/jazzy DEBUGINFOD_URLS=https://debuginfod.ubuntu.com GZ_SIM_RESOURCE_PATH=/home/toyat/dev/vrx_ros2/vrx_ws/install/share/wamv_description/models:/home/toyat/dev/vrx_ros2/vrx_ws/install/share/vrx_gazebo/models:/home/toyat/dev/vrx_ros2/vrx_ws/install/share PYTHONPATH=/home/toyat/dev/vrx_ros2/vrx_ws/install/lib/python3.12/site-packages:${PYTHONPATH} /usr/bin/cmake /home/toyat/dev/vrx_ros2/vrx_ws/src/vrx/vrx_gz -DCMAKE_INSTALL_PREFIX=/home/toyat/dev/vrx_ros2/vrx_ws/install
[14.727s] DEBUG:colcon.colcon_core.event_handler.log_command:Invoking command in '/home/toyat/dev/vrx_ros2/vrx_ws/build/vrx_gz': AMENT_PREFIX_PATH=/home/toyat/dev/vrx_ros2/vrx_ws/install:${AMENT_PREFIX_PATH} CMAKE_PREFIX_PATH=/home/toyat/dev/vrx_ros2/vrx_ws/install:/opt/ros/jazzy/opt/gz_sim_vendor:/opt/ros/jazzy/opt/gz_sensors_vendor:/opt/ros/jazzy/opt/gz_physics_vendor:/opt/ros/jazzy/opt/sdformat_vendor:/opt/ros/jazzy/opt/gz_gui_vendor:/opt/ros/jazzy/opt/gz_transport_vendor:/opt/ros/jazzy/opt/gz_rendering_vendor:/opt/ros/jazzy/opt/gz_plugin_vendor:/opt/ros/jazzy/opt/gz_fuel_tools_vendor:/opt/ros/jazzy/opt/gz_msgs_vendor:/opt/ros/jazzy/opt/gz_common_vendor:/opt/ros/jazzy/opt/gz_math_vendor:/opt/ros/jazzy/opt/gz_utils_vendor:/opt/ros/jazzy/opt/gz_tools_vendor:/opt/ros/jazzy/opt/gz_ogre_next_vendor:/opt/ros/jazzy/opt/gz_dartsim_vendor:/opt/ros/jazzy/opt/gz_cmake_vendor:/opt/ros/jazzy DEBUGINFOD_URLS=https://debuginfod.ubuntu.com GZ_SIM_RESOURCE_PATH=/home/toyat/dev/vrx_ros2/vrx_ws/install/share/wamv_description/models:/home/toyat/dev/vrx_ros2/vrx_ws/install/share/vrx_gazebo/models:/home/toyat/dev/vrx_ros2/vrx_ws/install/share PYTHONPATH=/home/toyat/dev/vrx_ros2/vrx_ws/install/lib/python3.12/site-packages:${PYTHONPATH} /usr/bin/cmake --build /home/toyat/dev/vrx_ros2/vrx_ws/build/vrx_gz -- -j8 -l8
[46.176s] DEBUG:colcon.colcon_core.event_handler.log_command:Invoked command in '/home/toyat/dev/vrx_ros2/vrx_ws/build/vrx_gz' returned '0': AMENT_PREFIX_PATH=/home/toyat/dev/vrx_ros2/vrx_ws/install:${AMENT_PREFIX_PATH} CMAKE_PREFIX_PATH=/home/toyat/dev/vrx_ros2/vrx_ws/install:/opt/ros/jazzy/opt/gz_sim_vendor:/opt/ros/jazzy/opt/gz_sensors_vendor:/opt/ros/jazzy/opt/gz_physics_vendor:/opt/ros/jazzy/opt/sdformat_vendor:/opt/ros/jazzy/opt/gz_gui_vendor:/opt/ros/jazzy/opt/gz_transport_vendor:/opt/ros/jazzy/opt/gz_rendering_vendor:/opt/ros/jazzy/opt/gz_plugin_vendor:/opt/ros/jazzy/opt/gz_fuel_tools_vendor:/opt/ros/jazzy/opt/gz_msgs_vendor:/opt/ros/jazzy/opt/gz_common_vendor:/opt/ros/jazzy/opt/gz_math_vendor:/opt/ros/jazzy/opt/gz_utils_vendor:/opt/ros/jazzy/opt/gz_tools_vendor:/opt/ros/jazzy/opt/gz_ogre_next_vendor:/opt/ros/jazzy/opt/gz_dartsim_vendor:/opt/ros/jazzy/opt/gz_cmake_vendor:/opt/ros/jazzy DEBUGINFOD_URLS=https://debuginfod.ubuntu.com GZ_SIM_RESOURCE_PATH=/home/toyat/dev/vrx_ros2/vrx_ws/install/share/wamv_description/models:/home/toyat/dev/vrx_ros2/vrx_ws/install/share/vrx_gazebo/models:/home/toyat/dev/vrx_ros2/vrx_ws/install/share PYTHONPATH=/home/toyat/dev/vrx_ros2/vrx_ws/install/lib/python3.12/site-packages:${PYTHONPATH} /usr/bin/cmake --build /home/toyat/dev/vrx_ros2/vrx_ws/build/vrx_gz -- -j8 -l8
[46.178s] DEBUG:colcon.colcon_core.event_handler.log_command:Invoking command in '/home/toyat/dev/vrx_ros2/vrx_ws/build/vrx_gz': AMENT_PREFIX_PATH=/home/toyat/dev/vrx_ros2/vrx_ws/install:${AMENT_PREFIX_PATH} CMAKE_PREFIX_PATH=/home/toyat/dev/vrx_ros2/vrx_ws/install:/opt/ros/jazzy/opt/gz_sim_vendor:/opt/ros/jazzy/opt/gz_sensors_vendor:/opt/ros/jazzy/opt/gz_physics_vendor:/opt/ros/jazzy/opt/sdformat_vendor:/opt/ros/jazzy/opt/gz_gui_vendor:/opt/ros/jazzy/opt/gz_transport_vendor:/opt/ros/jazzy/opt/gz_rendering_vendor:/opt/ros/jazzy/opt/gz_plugin_vendor:/opt/ros/jazzy/opt/gz_fuel_tools_vendor:/opt/ros/jazzy/opt/gz_msgs_vendor:/opt/ros/jazzy/opt/gz_common_vendor:/opt/ros/jazzy/opt/gz_math_vendor:/opt/ros/jazzy/opt/gz_utils_vendor:/opt/ros/jazzy/opt/gz_tools_vendor:/opt/ros/jazzy/opt/gz_ogre_next_vendor:/opt/ros/jazzy/opt/gz_dartsim_vendor:/opt/ros/jazzy/opt/gz_cmake_vendor:/opt/ros/jazzy DEBUGINFOD_URLS=https://debuginfod.ubuntu.com GZ_SIM_RESOURCE_PATH=/home/toyat/dev/vrx_ros2/vrx_ws/install/share/wamv_description/models:/home/toyat/dev/vrx_ros2/vrx_ws/install/share/vrx_gazebo/models:/home/toyat/dev/vrx_ros2/vrx_ws/install/share PYTHONPATH=/home/toyat/dev/vrx_ros2/vrx_ws/install/lib/python3.12/site-packages:${PYTHONPATH} /usr/bin/cmake --install /home/toyat/dev/vrx_ros2/vrx_ws/build/vrx_gz
[46.558s] Level 1:colcon.colcon_core.environment:create_environment_scripts_only(vrx_gz)
[46.559s] Level 1:colcon.colcon_core.environment:checking '/home/toyat/dev/vrx_ros2/vrx_ws/install' for CMake module files
[46.559s] DEBUG:colcon.colcon_core.event_handler.log_command:Invoked command in '/home/toyat/dev/vrx_ros2/vrx_ws/build/vrx_gz' returned '0': AMENT_PREFIX_PATH=/home/toyat/dev/vrx_ros2/vrx_ws/install:${AMENT_PREFIX_PATH} CMAKE_PREFIX_PATH=/home/toyat/dev/vrx_ros2/vrx_ws/install:/opt/ros/jazzy/opt/gz_sim_vendor:/opt/ros/jazzy/opt/gz_sensors_vendor:/opt/ros/jazzy/opt/gz_physics_vendor:/opt/ros/jazzy/opt/sdformat_vendor:/opt/ros/jazzy/opt/gz_gui_vendor:/opt/ros/jazzy/opt/gz_transport_vendor:/opt/ros/jazzy/opt/gz_rendering_vendor:/opt/ros/jazzy/opt/gz_plugin_vendor:/opt/ros/jazzy/opt/gz_fuel_tools_vendor:/opt/ros/jazzy/opt/gz_msgs_vendor:/opt/ros/jazzy/opt/gz_common_vendor:/opt/ros/jazzy/opt/gz_math_vendor:/opt/ros/jazzy/opt/gz_utils_vendor:/opt/ros/jazzy/opt/gz_tools_vendor:/opt/ros/jazzy/opt/gz_ogre_next_vendor:/opt/ros/jazzy/opt/gz_dartsim_vendor:/opt/ros/jazzy/opt/gz_cmake_vendor:/opt/ros/jazzy DEBUGINFOD_URLS=https://debuginfod.ubuntu.com GZ_SIM_RESOURCE_PATH=/home/toyat/dev/vrx_ros2/vrx_ws/install/share/wamv_description/models:/home/toyat/dev/vrx_ros2/vrx_ws/install/share/vrx_gazebo/models:/home/toyat/dev/vrx_ros2/vrx_ws/install/share PYTHONPATH=/home/toyat/dev/vrx_ros2/vrx_ws/install/lib/python3.12/site-packages:${PYTHONPATH} /usr/bin/cmake --install /home/toyat/dev/vrx_ros2/vrx_ws/build/vrx_gz
[46.559s] Level 1:colcon.colcon_core.environment:checking '/home/toyat/dev/vrx_ros2/vrx_ws/install' for CMake config files
[46.560s] Level 1:colcon.colcon_core.shell:create_environment_hook('vrx_gz', 'cmake_prefix_path')
[46.560s] INFO:colcon.colcon_core.shell:Creating environment hook '/home/toyat/dev/vrx_ros2/vrx_ws/install/share/vrx_gz/hook/cmake_prefix_path.ps1'
[46.561s] INFO:colcon.colcon_core.shell:Creating environment descriptor '/home/toyat/dev/vrx_ros2/vrx_ws/install/share/vrx_gz/hook/cmake_prefix_path.dsv'
[46.561s] INFO:colcon.colcon_core.shell:Creating environment hook '/home/toyat/dev/vrx_ros2/vrx_ws/install/share/vrx_gz/hook/cmake_prefix_path.sh'
[46.561s] Level 1:colcon.colcon_core.environment:checking '/home/toyat/dev/vrx_ros2/vrx_ws/install/lib'
[46.562s] Level 1:colcon.colcon_core.shell:create_environment_hook('vrx_gz', 'ld_library_path_lib')
[46.562s] INFO:colcon.colcon_core.shell:Creating environment hook '/home/toyat/dev/vrx_ros2/vrx_ws/install/share/vrx_gz/hook/ld_library_path_lib.ps1'
[46.562s] INFO:colcon.colcon_core.shell:Creating environment descriptor '/home/toyat/dev/vrx_ros2/vrx_ws/install/share/vrx_gz/hook/ld_library_path_lib.dsv'
[46.562s] INFO:colcon.colcon_core.shell:Creating environment hook '/home/toyat/dev/vrx_ros2/vrx_ws/install/share/vrx_gz/hook/ld_library_path_lib.sh'
[46.563s] Level 1:colcon.colcon_core.environment:checking '/home/toyat/dev/vrx_ros2/vrx_ws/install/bin'
[46.563s] Level 1:colcon.colcon_core.environment:checking '/home/toyat/dev/vrx_ros2/vrx_ws/install/lib/pkgconfig/vrx_gz.pc'
[46.563s] Level 1:colcon.colcon_core.environment:checking '/home/toyat/dev/vrx_ros2/vrx_ws/install/lib/python3.12/site-packages'
[46.563s] Level 1:colcon.colcon_core.shell:create_environment_hook('vrx_gz', 'pythonpath')
[46.563s] INFO:colcon.colcon_core.shell:Creating environment hook '/home/toyat/dev/vrx_ros2/vrx_ws/install/share/vrx_gz/hook/pythonpath.ps1'
[46.563s] INFO:colcon.colcon_core.shell:Creating environment descriptor '/home/toyat/dev/vrx_ros2/vrx_ws/install/share/vrx_gz/hook/pythonpath.dsv'
[46.564s] INFO:colcon.colcon_core.shell:Creating environment hook '/home/toyat/dev/vrx_ros2/vrx_ws/install/share/vrx_gz/hook/pythonpath.sh'
[46.564s] Level 1:colcon.colcon_core.environment:checking '/home/toyat/dev/vrx_ros2/vrx_ws/install/bin'
[46.564s] INFO:colcon.colcon_core.shell:Creating package script '/home/toyat/dev/vrx_ros2/vrx_ws/install/share/vrx_gz/package.ps1'
[46.565s] INFO:colcon.colcon_core.shell:Creating package descriptor '/home/toyat/dev/vrx_ros2/vrx_ws/install/share/vrx_gz/package.dsv'
[46.565s] INFO:colcon.colcon_core.shell:Creating package script '/home/toyat/dev/vrx_ros2/vrx_ws/install/share/vrx_gz/package.sh'
[46.565s] INFO:colcon.colcon_core.shell:Creating package script '/home/toyat/dev/vrx_ros2/vrx_ws/install/share/vrx_gz/package.bash'
[46.566s] INFO:colcon.colcon_core.shell:Creating package script '/home/toyat/dev/vrx_ros2/vrx_ws/install/share/vrx_gz/package.zsh'
[46.566s] Level 1:colcon.colcon_core.environment:create_file_with_runtime_dependencies(/home/toyat/dev/vrx_ros2/vrx_ws/install/share/colcon-core/packages/vrx_gz)
[46.567s] Level 1:colcon.colcon_core.environment:create_environment_scripts_only(vrx_gz)
[46.567s] Level 1:colcon.colcon_core.environment:checking '/home/toyat/dev/vrx_ros2/vrx_ws/install' for CMake module files
[46.567s] Level 1:colcon.colcon_core.environment:checking '/home/toyat/dev/vrx_ros2/vrx_ws/install' for CMake config files
[46.568s] Level 1:colcon.colcon_core.shell:create_environment_hook('vrx_gz', 'cmake_prefix_path')
[46.568s] INFO:colcon.colcon_core.shell:Creating environment hook '/home/toyat/dev/vrx_ros2/vrx_ws/install/share/vrx_gz/hook/cmake_prefix_path.ps1'
[46.568s] INFO:colcon.colcon_core.shell:Creating environment descriptor '/home/toyat/dev/vrx_ros2/vrx_ws/install/share/vrx_gz/hook/cmake_prefix_path.dsv'
[46.568s] INFO:colcon.colcon_core.shell:Creating environment hook '/home/toyat/dev/vrx_ros2/vrx_ws/install/share/vrx_gz/hook/cmake_prefix_path.sh'
[46.569s] Level 1:colcon.colcon_core.environment:checking '/home/toyat/dev/vrx_ros2/vrx_ws/install/lib'
[46.569s] Level 1:colcon.colcon_core.shell:create_environment_hook('vrx_gz', 'ld_library_path_lib')
[46.569s] INFO:colcon.colcon_core.shell:Creating environment hook '/home/toyat/dev/vrx_ros2/vrx_ws/install/share/vrx_gz/hook/ld_library_path_lib.ps1'
[46.569s] INFO:colcon.colcon_core.shell:Creating environment descriptor '/home/toyat/dev/vrx_ros2/vrx_ws/install/share/vrx_gz/hook/ld_library_path_lib.dsv'
[46.570s] INFO:colcon.colcon_core.shell:Creating environment hook '/home/toyat/dev/vrx_ros2/vrx_ws/install/share/vrx_gz/hook/ld_library_path_lib.sh'
[46.570s] Level 1:colcon.colcon_core.environment:checking '/home/toyat/dev/vrx_ros2/vrx_ws/install/bin'
[46.570s] Level 1:colcon.colcon_core.environment:checking '/home/toyat/dev/vrx_ros2/vrx_ws/install/lib/pkgconfig/vrx_gz.pc'
[46.570s] Level 1:colcon.colcon_core.environment:checking '/home/toyat/dev/vrx_ros2/vrx_ws/install/lib/python3.12/site-packages'
[46.570s] Level 1:colcon.colcon_core.shell:create_environment_hook('vrx_gz', 'pythonpath')
[46.570s] INFO:colcon.colcon_core.shell:Creating environment hook '/home/toyat/dev/vrx_ros2/vrx_ws/install/share/vrx_gz/hook/pythonpath.ps1'
[46.571s] INFO:colcon.colcon_core.shell:Creating environment descriptor '/home/toyat/dev/vrx_ros2/vrx_ws/install/share/vrx_gz/hook/pythonpath.dsv'
[46.571s] INFO:colcon.colcon_core.shell:Creating environment hook '/home/toyat/dev/vrx_ros2/vrx_ws/install/share/vrx_gz/hook/pythonpath.sh'
[46.572s] Level 1:colcon.colcon_core.environment:checking '/home/toyat/dev/vrx_ros2/vrx_ws/install/bin'
[46.573s] INFO:colcon.colcon_core.shell:Creating package script '/home/toyat/dev/vrx_ros2/vrx_ws/install/share/vrx_gz/package.ps1'
[46.574s] INFO:colcon.colcon_core.shell:Creating package descriptor '/home/toyat/dev/vrx_ros2/vrx_ws/install/share/vrx_gz/package.dsv'
[46.574s] INFO:colcon.colcon_core.shell:Creating package script '/home/toyat/dev/vrx_ros2/vrx_ws/install/share/vrx_gz/package.sh'
[46.575s] INFO:colcon.colcon_core.shell:Creating package script '/home/toyat/dev/vrx_ros2/vrx_ws/install/share/vrx_gz/package.bash'
[46.576s] INFO:colcon.colcon_core.shell:Creating package script '/home/toyat/dev/vrx_ros2/vrx_ws/install/share/vrx_gz/package.zsh'
[46.576s] Level 1:colcon.colcon_core.environment:create_file_with_runtime_dependencies(/home/toyat/dev/vrx_ros2/vrx_ws/install/share/colcon-core/packages/vrx_gz)
[46.577s] DEBUG:colcon.colcon_parallel_executor.executor.parallel:closing loop
[46.577s] DEBUG:colcon.colcon_parallel_executor.executor.parallel:loop closed
[46.578s] DEBUG:colcon.colcon_parallel_executor.executor.parallel:run_until_complete finished with '0'
[46.578s] DEBUG:colcon.colcon_core.event_reactor:joining thread
[46.595s] INFO:colcon.colcon_core.plugin_system:Skipping extension 'colcon_notification.desktop_notification.terminal_notifier': Not used on non-Darwin systems
[46.595s] INFO:colcon.colcon_core.plugin_system:Skipping extension 'colcon_notification.desktop_notification.win32': Not used on non-Windows systems
[46.595s] INFO:colcon.colcon_notification.desktop_notification:Sending desktop notification using 'notify2'
[46.601s] DEBUG:colcon.colcon_core.event_reactor:joined thread
[46.602s] INFO:colcon.colcon_core.shell:Creating prefix script '/home/toyat/dev/vrx_ros2/vrx_ws/install/local_setup.ps1'
[46.604s] INFO:colcon.colcon_core.shell:Creating prefix util module '/home/toyat/dev/vrx_ros2/vrx_ws/install/_local_setup_util_ps1.py'
[46.606s] INFO:colcon.colcon_core.shell:Creating prefix chain script '/home/toyat/dev/vrx_ros2/vrx_ws/install/setup.ps1'
[46.608s] INFO:colcon.colcon_core.shell:Creating prefix script '/home/toyat/dev/vrx_ros2/vrx_ws/install/local_setup.sh'
[46.609s] INFO:colcon.colcon_core.shell:Creating prefix util module '/home/toyat/dev/vrx_ros2/vrx_ws/install/_local_setup_util_sh.py'
[46.610s] INFO:colcon.colcon_core.shell:Creating prefix chain script '/home/toyat/dev/vrx_ros2/vrx_ws/install/setup.sh'
[46.612s] INFO:colcon.colcon_core.shell:Creating prefix script '/home/toyat/dev/vrx_ros2/vrx_ws/install/local_setup.bash'
[46.613s] INFO:colcon.colcon_core.shell:Creating prefix chain script '/home/toyat/dev/vrx_ros2/vrx_ws/install/setup.bash'
[46.616s] INFO:colcon.colcon_core.shell:Creating prefix script '/home/toyat/dev/vrx_ros2/vrx_ws/install/local_setup.zsh'
[46.617s] INFO:colcon.colcon_core.shell:Creating prefix chain script '/home/toyat/dev/vrx_ros2/vrx_ws/install/setup.zsh'
