[0.008s] Invoking command in '/home/toyat/dev/vrx_ros2/vrx_ws/build/wamv_gazebo': AMENT_PREFIX_PATH=/home/toyat/dev/vrx_ros2/vrx_ws/install:${AMENT_PREFIX_PATH} CMAKE_PREFIX_PATH=/home/toyat/dev/vrx_ros2/vrx_ws/install:/opt/ros/jazzy/opt/gz_sim_vendor:/opt/ros/jazzy/opt/gz_sensors_vendor:/opt/ros/jazzy/opt/gz_physics_vendor:/opt/ros/jazzy/opt/sdformat_vendor:/opt/ros/jazzy/opt/gz_gui_vendor:/opt/ros/jazzy/opt/gz_transport_vendor:/opt/ros/jazzy/opt/gz_rendering_vendor:/opt/ros/jazzy/opt/gz_plugin_vendor:/opt/ros/jazzy/opt/gz_fuel_tools_vendor:/opt/ros/jazzy/opt/gz_msgs_vendor:/opt/ros/jazzy/opt/gz_common_vendor:/opt/ros/jazzy/opt/gz_math_vendor:/opt/ros/jazzy/opt/gz_utils_vendor:/opt/ros/jazzy/opt/gz_tools_vendor:/opt/ros/jazzy/opt/gz_ogre_next_vendor:/opt/ros/jazzy/opt/gz_dartsim_vendor:/opt/ros/jazzy/opt/gz_cmake_vendor:/opt/ros/jazzy DEBUGINFOD_URLS=https://debuginfod.ubuntu.com GZ_SIM_RESOURCE_PATH=/home/toyat/dev/vrx_ros2/vrx_ws/install/share/wamv_description/models:/home/toyat/dev/vrx_ros2/vrx_ws/install/share/vrx_gazebo/models:/home/toyat/dev/vrx_ros2/vrx_ws/install/share LD_LIBRARY_PATH=/home/toyat/dev/vrx_ros2/vrx_ws/install/lib:/opt/ros/jazzy/opt/gz_sim_vendor/lib:/opt/ros/jazzy/opt/gz_sensors_vendor/lib:/opt/ros/jazzy/opt/gz_physics_vendor/lib:/opt/ros/jazzy/opt/sdformat_vendor/lib:/opt/ros/jazzy/opt/rviz_ogre_vendor/lib:/opt/ros/jazzy/lib/x86_64-linux-gnu:/opt/ros/jazzy/opt/gz_gui_vendor/lib:/opt/ros/jazzy/opt/gz_transport_vendor/lib:/opt/ros/jazzy/opt/gz_rendering_vendor/lib:/opt/ros/jazzy/opt/gz_plugin_vendor/lib:/opt/ros/jazzy/opt/gz_fuel_tools_vendor/lib:/opt/ros/jazzy/opt/gz_msgs_vendor/lib:/opt/ros/jazzy/opt/gz_common_vendor/lib:/opt/ros/jazzy/opt/gz_math_vendor/lib:/opt/ros/jazzy/opt/gz_utils_vendor/lib:/opt/ros/jazzy/opt/gz_tools_vendor/lib:/opt/ros/jazzy/opt/gz_ogre_next_vendor/lib:/opt/ros/jazzy/opt/gz_dartsim_vendor/lib:/opt/ros/jazzy/opt/gz_cmake_vendor/lib:/opt/ros/jazzy/lib:/usr/local/lib PYTHONPATH=/home/toyat/dev/vrx_ros2/vrx_ws/install/lib/python3.12/site-packages:${PYTHONPATH} /usr/bin/cmake --build /home/toyat/dev/vrx_ros2/vrx_ws/build/wamv_gazebo -- -j8 -l8
[0.026s] -- Found ament_cmake: 2.5.4 (/opt/ros/jazzy/share/ament_cmake/cmake)
[0.179s] -- Found xacro: 2.0.13 (/opt/ros/jazzy/share/xacro/cmake)
[0.179s] -- Found wamv_description: 1.3.0 (/home/toyat/dev/vrx_ros2/vrx_ws/install/share/wamv_description/cmake)
[0.249s] -- Configuring done (0.2s)
[0.251s] -- Generating done (0.0s)
[0.252s] -- Build files have been written to: /home/toyat/dev/vrx_ros2/vrx_ws/build/wamv_gazebo
[0.268s] Invoked command in '/home/toyat/dev/vrx_ros2/vrx_ws/build/wamv_gazebo' returned '0': AMENT_PREFIX_PATH=/home/toyat/dev/vrx_ros2/vrx_ws/install:${AMENT_PREFIX_PATH} CMAKE_PREFIX_PATH=/home/toyat/dev/vrx_ros2/vrx_ws/install:/opt/ros/jazzy/opt/gz_sim_vendor:/opt/ros/jazzy/opt/gz_sensors_vendor:/opt/ros/jazzy/opt/gz_physics_vendor:/opt/ros/jazzy/opt/sdformat_vendor:/opt/ros/jazzy/opt/gz_gui_vendor:/opt/ros/jazzy/opt/gz_transport_vendor:/opt/ros/jazzy/opt/gz_rendering_vendor:/opt/ros/jazzy/opt/gz_plugin_vendor:/opt/ros/jazzy/opt/gz_fuel_tools_vendor:/opt/ros/jazzy/opt/gz_msgs_vendor:/opt/ros/jazzy/opt/gz_common_vendor:/opt/ros/jazzy/opt/gz_math_vendor:/opt/ros/jazzy/opt/gz_utils_vendor:/opt/ros/jazzy/opt/gz_tools_vendor:/opt/ros/jazzy/opt/gz_ogre_next_vendor:/opt/ros/jazzy/opt/gz_dartsim_vendor:/opt/ros/jazzy/opt/gz_cmake_vendor:/opt/ros/jazzy DEBUGINFOD_URLS=https://debuginfod.ubuntu.com GZ_SIM_RESOURCE_PATH=/home/toyat/dev/vrx_ros2/vrx_ws/install/share/wamv_description/models:/home/toyat/dev/vrx_ros2/vrx_ws/install/share/vrx_gazebo/models:/home/toyat/dev/vrx_ros2/vrx_ws/install/share LD_LIBRARY_PATH=/home/toyat/dev/vrx_ros2/vrx_ws/install/lib:/opt/ros/jazzy/opt/gz_sim_vendor/lib:/opt/ros/jazzy/opt/gz_sensors_vendor/lib:/opt/ros/jazzy/opt/gz_physics_vendor/lib:/opt/ros/jazzy/opt/sdformat_vendor/lib:/opt/ros/jazzy/opt/rviz_ogre_vendor/lib:/opt/ros/jazzy/lib/x86_64-linux-gnu:/opt/ros/jazzy/opt/gz_gui_vendor/lib:/opt/ros/jazzy/opt/gz_transport_vendor/lib:/opt/ros/jazzy/opt/gz_rendering_vendor/lib:/opt/ros/jazzy/opt/gz_plugin_vendor/lib:/opt/ros/jazzy/opt/gz_fuel_tools_vendor/lib:/opt/ros/jazzy/opt/gz_msgs_vendor/lib:/opt/ros/jazzy/opt/gz_common_vendor/lib:/opt/ros/jazzy/opt/gz_math_vendor/lib:/opt/ros/jazzy/opt/gz_utils_vendor/lib:/opt/ros/jazzy/opt/gz_tools_vendor/lib:/opt/ros/jazzy/opt/gz_ogre_next_vendor/lib:/opt/ros/jazzy/opt/gz_dartsim_vendor/lib:/opt/ros/jazzy/opt/gz_cmake_vendor/lib:/opt/ros/jazzy/lib:/usr/local/lib PYTHONPATH=/home/toyat/dev/vrx_ros2/vrx_ws/install/lib/python3.12/site-packages:${PYTHONPATH} /usr/bin/cmake --build /home/toyat/dev/vrx_ros2/vrx_ws/build/wamv_gazebo -- -j8 -l8
[0.269s] Invoking command in '/home/toyat/dev/vrx_ros2/vrx_ws/build/wamv_gazebo': AMENT_PREFIX_PATH=/home/toyat/dev/vrx_ros2/vrx_ws/install:${AMENT_PREFIX_PATH} CMAKE_PREFIX_PATH=/home/toyat/dev/vrx_ros2/vrx_ws/install:/opt/ros/jazzy/opt/gz_sim_vendor:/opt/ros/jazzy/opt/gz_sensors_vendor:/opt/ros/jazzy/opt/gz_physics_vendor:/opt/ros/jazzy/opt/sdformat_vendor:/opt/ros/jazzy/opt/gz_gui_vendor:/opt/ros/jazzy/opt/gz_transport_vendor:/opt/ros/jazzy/opt/gz_rendering_vendor:/opt/ros/jazzy/opt/gz_plugin_vendor:/opt/ros/jazzy/opt/gz_fuel_tools_vendor:/opt/ros/jazzy/opt/gz_msgs_vendor:/opt/ros/jazzy/opt/gz_common_vendor:/opt/ros/jazzy/opt/gz_math_vendor:/opt/ros/jazzy/opt/gz_utils_vendor:/opt/ros/jazzy/opt/gz_tools_vendor:/opt/ros/jazzy/opt/gz_ogre_next_vendor:/opt/ros/jazzy/opt/gz_dartsim_vendor:/opt/ros/jazzy/opt/gz_cmake_vendor:/opt/ros/jazzy DEBUGINFOD_URLS=https://debuginfod.ubuntu.com GZ_SIM_RESOURCE_PATH=/home/toyat/dev/vrx_ros2/vrx_ws/install/share/wamv_description/models:/home/toyat/dev/vrx_ros2/vrx_ws/install/share/vrx_gazebo/models:/home/toyat/dev/vrx_ros2/vrx_ws/install/share LD_LIBRARY_PATH=/home/toyat/dev/vrx_ros2/vrx_ws/install/lib:/opt/ros/jazzy/opt/gz_sim_vendor/lib:/opt/ros/jazzy/opt/gz_sensors_vendor/lib:/opt/ros/jazzy/opt/gz_physics_vendor/lib:/opt/ros/jazzy/opt/sdformat_vendor/lib:/opt/ros/jazzy/opt/rviz_ogre_vendor/lib:/opt/ros/jazzy/lib/x86_64-linux-gnu:/opt/ros/jazzy/opt/gz_gui_vendor/lib:/opt/ros/jazzy/opt/gz_transport_vendor/lib:/opt/ros/jazzy/opt/gz_rendering_vendor/lib:/opt/ros/jazzy/opt/gz_plugin_vendor/lib:/opt/ros/jazzy/opt/gz_fuel_tools_vendor/lib:/opt/ros/jazzy/opt/gz_msgs_vendor/lib:/opt/ros/jazzy/opt/gz_common_vendor/lib:/opt/ros/jazzy/opt/gz_math_vendor/lib:/opt/ros/jazzy/opt/gz_utils_vendor/lib:/opt/ros/jazzy/opt/gz_tools_vendor/lib:/opt/ros/jazzy/opt/gz_ogre_next_vendor/lib:/opt/ros/jazzy/opt/gz_dartsim_vendor/lib:/opt/ros/jazzy/opt/gz_cmake_vendor/lib:/opt/ros/jazzy/lib:/usr/local/lib PYTHONPATH=/home/toyat/dev/vrx_ros2/vrx_ws/install/lib/python3.12/site-packages:${PYTHONPATH} /usr/bin/cmake --install /home/toyat/dev/vrx_ros2/vrx_ws/build/wamv_gazebo
[0.275s] -- Install configuration: ""
[0.275s] -- Up-to-date: /home/toyat/dev/vrx_ros2/vrx_ws/install/share/wamv_gazebo/models
[0.275s] -- Up-to-date: /home/toyat/dev/vrx_ros2/vrx_ws/install/share/wamv_gazebo/models/gps
[0.275s] -- Installing: /home/toyat/dev/vrx_ros2/vrx_ws/install/share/wamv_gazebo/models/gps/model.config
[0.275s] -- Up-to-date: /home/toyat/dev/vrx_ros2/vrx_ws/install/share/wamv_gazebo/models/gps/mesh
[0.275s] -- Installing: /home/toyat/dev/vrx_ros2/vrx_ws/install/share/wamv_gazebo/models/gps/mesh/gps.png
[0.275s] -- Installing: /home/toyat/dev/vrx_ros2/vrx_ws/install/share/wamv_gazebo/models/gps/mesh/gps.dae
[0.275s] -- Up-to-date: /home/toyat/dev/vrx_ros2/vrx_ws/install/share/wamv_gazebo/urdf
[0.275s] -- Installing: /home/toyat/dev/vrx_ros2/vrx_ws/install/share/wamv_gazebo/urdf/wamv_gazebo.urdf.xacro
[0.275s] -- Up-to-date: /home/toyat/dev/vrx_ros2/vrx_ws/install/share/wamv_gazebo/urdf/dynamics
[0.276s] -- Installing: /home/toyat/dev/vrx_ros2/vrx_ws/install/share/wamv_gazebo/urdf/dynamics/wamv_gazebo_dynamics_plugin.xacro
[0.276s] -- Installing: /home/toyat/dev/vrx_ros2/vrx_ws/install/share/wamv_gazebo/urdf/macros.xacro
[0.276s] -- Up-to-date: /home/toyat/dev/vrx_ros2/vrx_ws/install/share/wamv_gazebo/urdf/thruster_layouts
[0.276s] -- Installing: /home/toyat/dev/vrx_ros2/vrx_ws/install/share/wamv_gazebo/urdf/thruster_layouts/wamv_t_thrusters.xacro
[0.276s] -- Installing: /home/toyat/dev/vrx_ros2/vrx_ws/install/share/wamv_gazebo/urdf/thruster_layouts/wamv_aft_thrusters.xacro
[0.276s] -- Installing: /home/toyat/dev/vrx_ros2/vrx_ws/install/share/wamv_gazebo/urdf/thruster_layouts/wamv_x_thrusters.xacro
[0.276s] -- Installing: /home/toyat/dev/vrx_ros2/vrx_ws/install/share/wamv_gazebo/urdf/thruster_layouts/wamv_gazebo_thruster_config.xacro
[0.276s] -- Up-to-date: /home/toyat/dev/vrx_ros2/vrx_ws/install/share/wamv_gazebo/urdf/components
[0.276s] -- Installing: /home/toyat/dev/vrx_ros2/vrx_ws/install/share/wamv_gazebo/urdf/components/wamv_camera.xacro
[0.276s] -- Installing: /home/toyat/dev/vrx_ros2/vrx_ws/install/share/wamv_gazebo/urdf/components/wamv_pinger.xacro
[0.276s] -- Installing: /home/toyat/dev/vrx_ros2/vrx_ws/install/share/wamv_gazebo/urdf/components/ball_shooter.xacro
[0.276s] -- Installing: /home/toyat/dev/vrx_ros2/vrx_ws/install/share/wamv_gazebo/urdf/components/wamv_gps.xacro
[0.276s] -- Installing: /home/toyat/dev/vrx_ros2/vrx_ws/install/share/wamv_gazebo/urdf/components/lidar.xacro
[0.276s] -- Installing: /home/toyat/dev/vrx_ros2/vrx_ws/install/share/wamv_gazebo/urdf/components/wamv_p3d.xacro
[0.276s] -- Installing: /home/toyat/dev/vrx_ros2/vrx_ws/install/share/wamv_gazebo/urdf/components/wamv_imu.xacro
[0.276s] -- Installing: /home/toyat/dev/vrx_ros2/vrx_ws/install/share/wamv_gazebo/urdf/components/wamv_3d_lidar.xacro
[0.276s] -- Installing: /home/toyat/dev/vrx_ros2/vrx_ws/install/share/wamv_gazebo/urdf/components/wamv_planar_lidar.xacro
[0.276s] -- Installing: /home/toyat/dev/vrx_ros2/vrx_ws/install/share/wamv_gazebo/urdf/wamv_gazebo.xacro
[0.277s] -- Up-to-date: /home/toyat/dev/vrx_ros2/vrx_ws/install/share/ament_index/resource_index/package_run_dependencies/wamv_gazebo
[0.277s] -- Up-to-date: /home/toyat/dev/vrx_ros2/vrx_ws/install/share/ament_index/resource_index/parent_prefix_path/wamv_gazebo
[0.277s] -- Up-to-date: /home/toyat/dev/vrx_ros2/vrx_ws/install/share/wamv_gazebo/environment/ament_prefix_path.sh
[0.277s] -- Up-to-date: /home/toyat/dev/vrx_ros2/vrx_ws/install/share/wamv_gazebo/environment/ament_prefix_path.dsv
[0.277s] -- Up-to-date: /home/toyat/dev/vrx_ros2/vrx_ws/install/share/wamv_gazebo/environment/path.sh
[0.277s] -- Up-to-date: /home/toyat/dev/vrx_ros2/vrx_ws/install/share/wamv_gazebo/environment/path.dsv
[0.277s] -- Up-to-date: /home/toyat/dev/vrx_ros2/vrx_ws/install/share/wamv_gazebo/local_setup.bash
[0.277s] -- Up-to-date: /home/toyat/dev/vrx_ros2/vrx_ws/install/share/wamv_gazebo/local_setup.sh
[0.277s] -- Up-to-date: /home/toyat/dev/vrx_ros2/vrx_ws/install/share/wamv_gazebo/local_setup.zsh
[0.277s] -- Up-to-date: /home/toyat/dev/vrx_ros2/vrx_ws/install/share/wamv_gazebo/local_setup.dsv
[0.277s] -- Installing: /home/toyat/dev/vrx_ros2/vrx_ws/install/share/wamv_gazebo/package.dsv
[0.277s] -- Up-to-date: /home/toyat/dev/vrx_ros2/vrx_ws/install/share/ament_index/resource_index/packages/wamv_gazebo
[0.277s] -- Up-to-date: /home/toyat/dev/vrx_ros2/vrx_ws/install/share/wamv_gazebo/cmake/wamv_gazeboConfig.cmake
[0.277s] -- Up-to-date: /home/toyat/dev/vrx_ros2/vrx_ws/install/share/wamv_gazebo/cmake/wamv_gazeboConfig-version.cmake
[0.277s] -- Installing: /home/toyat/dev/vrx_ros2/vrx_ws/install/share/wamv_gazebo/package.xml
[0.278s] Invoked command in '/home/toyat/dev/vrx_ros2/vrx_ws/build/wamv_gazebo' returned '0': AMENT_PREFIX_PATH=/home/toyat/dev/vrx_ros2/vrx_ws/install:${AMENT_PREFIX_PATH} CMAKE_PREFIX_PATH=/home/toyat/dev/vrx_ros2/vrx_ws/install:/opt/ros/jazzy/opt/gz_sim_vendor:/opt/ros/jazzy/opt/gz_sensors_vendor:/opt/ros/jazzy/opt/gz_physics_vendor:/opt/ros/jazzy/opt/sdformat_vendor:/opt/ros/jazzy/opt/gz_gui_vendor:/opt/ros/jazzy/opt/gz_transport_vendor:/opt/ros/jazzy/opt/gz_rendering_vendor:/opt/ros/jazzy/opt/gz_plugin_vendor:/opt/ros/jazzy/opt/gz_fuel_tools_vendor:/opt/ros/jazzy/opt/gz_msgs_vendor:/opt/ros/jazzy/opt/gz_common_vendor:/opt/ros/jazzy/opt/gz_math_vendor:/opt/ros/jazzy/opt/gz_utils_vendor:/opt/ros/jazzy/opt/gz_tools_vendor:/opt/ros/jazzy/opt/gz_ogre_next_vendor:/opt/ros/jazzy/opt/gz_dartsim_vendor:/opt/ros/jazzy/opt/gz_cmake_vendor:/opt/ros/jazzy DEBUGINFOD_URLS=https://debuginfod.ubuntu.com GZ_SIM_RESOURCE_PATH=/home/toyat/dev/vrx_ros2/vrx_ws/install/share/wamv_description/models:/home/toyat/dev/vrx_ros2/vrx_ws/install/share/vrx_gazebo/models:/home/toyat/dev/vrx_ros2/vrx_ws/install/share LD_LIBRARY_PATH=/home/toyat/dev/vrx_ros2/vrx_ws/install/lib:/opt/ros/jazzy/opt/gz_sim_vendor/lib:/opt/ros/jazzy/opt/gz_sensors_vendor/lib:/opt/ros/jazzy/opt/gz_physics_vendor/lib:/opt/ros/jazzy/opt/sdformat_vendor/lib:/opt/ros/jazzy/opt/rviz_ogre_vendor/lib:/opt/ros/jazzy/lib/x86_64-linux-gnu:/opt/ros/jazzy/opt/gz_gui_vendor/lib:/opt/ros/jazzy/opt/gz_transport_vendor/lib:/opt/ros/jazzy/opt/gz_rendering_vendor/lib:/opt/ros/jazzy/opt/gz_plugin_vendor/lib:/opt/ros/jazzy/opt/gz_fuel_tools_vendor/lib:/opt/ros/jazzy/opt/gz_msgs_vendor/lib:/opt/ros/jazzy/opt/gz_common_vendor/lib:/opt/ros/jazzy/opt/gz_math_vendor/lib:/opt/ros/jazzy/opt/gz_utils_vendor/lib:/opt/ros/jazzy/opt/gz_tools_vendor/lib:/opt/ros/jazzy/opt/gz_ogre_next_vendor/lib:/opt/ros/jazzy/opt/gz_dartsim_vendor/lib:/opt/ros/jazzy/opt/gz_cmake_vendor/lib:/opt/ros/jazzy/lib:/usr/local/lib PYTHONPATH=/home/toyat/dev/vrx_ros2/vrx_ws/install/lib/python3.12/site-packages:${PYTHONPATH} /usr/bin/cmake --install /home/toyat/dev/vrx_ros2/vrx_ws/build/wamv_gazebo
