[0.011s] Invoking command in '/home/toyat/dev/vrx_ros2/vrx_ws/build/wamv_description': AMENT_PREFIX_PATH=/home/toyat/dev/vrx_ros2/vrx_ws/install:${AMENT_PREFIX_PATH} CMAKE_PREFIX_PATH=/home/toyat/dev/vrx_ros2/vrx_ws/install:/opt/ros/jazzy/opt/gz_math_vendor:/opt/ros/jazzy/opt/gz_utils_vendor:/opt/ros/jazzy/opt/gz_cmake_vendor:/opt/ros/jazzy DEBUGINFOD_URLS=https://debuginfod.ubuntu.com GZ_SIM_RESOURCE_PATH=/home/toyat/dev/vrx_ros2/vrx_ws/install/share/vrx_gazebo/models:/home/toyat/dev/vrx_ros2/vrx_ws/install/share PYTHONPATH=/home/toyat/dev/vrx_ros2/vrx_ws/install/lib/python3.12/site-packages:${PYTHONPATH} /usr/bin/cmake /home/toyat/dev/vrx_ros2/vrx_ws/src/vrx/vrx_urdf/wamv_description -DCMAKE_INSTALL_PREFIX=/home/toyat/dev/vrx_ros2/vrx_ws/install
[0.069s] -- The C compiler identification is GNU 13.3.0
[0.123s] -- The CXX compiler identification is GNU 13.3.0
[0.137s] -- Detecting C compiler ABI info
[0.217s] -- Detecting C compiler ABI info - done
[0.226s] -- Check for working C compiler: /usr/bin/cc - skipped
[0.226s] -- Detecting C compile features
[0.226s] -- Detecting C compile features - done
[0.235s] -- Detecting CXX compiler ABI info
[0.332s] -- Detecting CXX compiler ABI info - done
[0.341s] -- Check for working CXX compiler: /usr/bin/c++ - skipped
[0.342s] -- Detecting CXX compile features
[0.342s] -- Detecting CXX compile features - done
[0.344s] -- Found ament_cmake: 2.5.4 (/opt/ros/jazzy/share/ament_cmake/cmake)
[0.492s] -- Found Python3: /usr/bin/python3 (found version "3.12.3") found components: Interpreter 
[0.610s] -- Found xacro: 2.0.13 (/opt/ros/jazzy/share/xacro/cmake)
[0.611s] -- xacro: determining deps for: urdf/wamv_base.urdf.xacro ...
[0.921s] -- Configuring done (0.9s)
[0.926s] -- Generating done (0.0s)
[0.929s] -- Build files have been written to: /home/toyat/dev/vrx_ros2/vrx_ws/build/wamv_description
[0.937s] Invoked command in '/home/toyat/dev/vrx_ros2/vrx_ws/build/wamv_description' returned '0': AMENT_PREFIX_PATH=/home/toyat/dev/vrx_ros2/vrx_ws/install:${AMENT_PREFIX_PATH} CMAKE_PREFIX_PATH=/home/toyat/dev/vrx_ros2/vrx_ws/install:/opt/ros/jazzy/opt/gz_math_vendor:/opt/ros/jazzy/opt/gz_utils_vendor:/opt/ros/jazzy/opt/gz_cmake_vendor:/opt/ros/jazzy DEBUGINFOD_URLS=https://debuginfod.ubuntu.com GZ_SIM_RESOURCE_PATH=/home/toyat/dev/vrx_ros2/vrx_ws/install/share/vrx_gazebo/models:/home/toyat/dev/vrx_ros2/vrx_ws/install/share PYTHONPATH=/home/toyat/dev/vrx_ros2/vrx_ws/install/lib/python3.12/site-packages:${PYTHONPATH} /usr/bin/cmake /home/toyat/dev/vrx_ros2/vrx_ws/src/vrx/vrx_urdf/wamv_description -DCMAKE_INSTALL_PREFIX=/home/toyat/dev/vrx_ros2/vrx_ws/install
[0.937s] Invoking command in '/home/toyat/dev/vrx_ros2/vrx_ws/build/wamv_description': AMENT_PREFIX_PATH=/home/toyat/dev/vrx_ros2/vrx_ws/install:${AMENT_PREFIX_PATH} CMAKE_PREFIX_PATH=/home/toyat/dev/vrx_ros2/vrx_ws/install:/opt/ros/jazzy/opt/gz_math_vendor:/opt/ros/jazzy/opt/gz_utils_vendor:/opt/ros/jazzy/opt/gz_cmake_vendor:/opt/ros/jazzy DEBUGINFOD_URLS=https://debuginfod.ubuntu.com GZ_SIM_RESOURCE_PATH=/home/toyat/dev/vrx_ros2/vrx_ws/install/share/vrx_gazebo/models:/home/toyat/dev/vrx_ros2/vrx_ws/install/share PYTHONPATH=/home/toyat/dev/vrx_ros2/vrx_ws/install/lib/python3.12/site-packages:${PYTHONPATH} /usr/bin/cmake --build /home/toyat/dev/vrx_ros2/vrx_ws/build/wamv_description -- -j8 -l8
[0.989s] [100%] [34m[1mxacro: generating urdf/wamv_base.urdf from urdf/wamv_base.urdf.xacro[0m
[1.123s] [100%] Built target wamv_description__xacro_auto_generate
[1.134s] Invoked command in '/home/toyat/dev/vrx_ros2/vrx_ws/build/wamv_description' returned '0': AMENT_PREFIX_PATH=/home/toyat/dev/vrx_ros2/vrx_ws/install:${AMENT_PREFIX_PATH} CMAKE_PREFIX_PATH=/home/toyat/dev/vrx_ros2/vrx_ws/install:/opt/ros/jazzy/opt/gz_math_vendor:/opt/ros/jazzy/opt/gz_utils_vendor:/opt/ros/jazzy/opt/gz_cmake_vendor:/opt/ros/jazzy DEBUGINFOD_URLS=https://debuginfod.ubuntu.com GZ_SIM_RESOURCE_PATH=/home/toyat/dev/vrx_ros2/vrx_ws/install/share/vrx_gazebo/models:/home/toyat/dev/vrx_ros2/vrx_ws/install/share PYTHONPATH=/home/toyat/dev/vrx_ros2/vrx_ws/install/lib/python3.12/site-packages:${PYTHONPATH} /usr/bin/cmake --build /home/toyat/dev/vrx_ros2/vrx_ws/build/wamv_description -- -j8 -l8
[1.135s] Invoking command in '/home/toyat/dev/vrx_ros2/vrx_ws/build/wamv_description': AMENT_PREFIX_PATH=/home/toyat/dev/vrx_ros2/vrx_ws/install:${AMENT_PREFIX_PATH} CMAKE_PREFIX_PATH=/home/toyat/dev/vrx_ros2/vrx_ws/install:/opt/ros/jazzy/opt/gz_math_vendor:/opt/ros/jazzy/opt/gz_utils_vendor:/opt/ros/jazzy/opt/gz_cmake_vendor:/opt/ros/jazzy DEBUGINFOD_URLS=https://debuginfod.ubuntu.com GZ_SIM_RESOURCE_PATH=/home/toyat/dev/vrx_ros2/vrx_ws/install/share/vrx_gazebo/models:/home/toyat/dev/vrx_ros2/vrx_ws/install/share PYTHONPATH=/home/toyat/dev/vrx_ros2/vrx_ws/install/lib/python3.12/site-packages:${PYTHONPATH} /usr/bin/cmake --install /home/toyat/dev/vrx_ros2/vrx_ws/build/wamv_description
[1.143s] -- Install configuration: ""
[1.144s] -- Installing: /home/toyat/dev/vrx_ros2/vrx_ws/install/share/wamv_description/environment/resource_paths.dsv
[1.144s] -- Installing: /home/toyat/dev/vrx_ros2/vrx_ws/install/share/wamv_description/environment/resource_paths.sh
[1.144s] -- Installing: /home/toyat/dev/vrx_ros2/vrx_ws/install/share/wamv_description/urdf/wamv_base.urdf
[1.144s] -- Installing: /home/toyat/dev/vrx_ros2/vrx_ws/install/share/wamv_description/models
[1.144s] -- Installing: /home/toyat/dev/vrx_ros2/vrx_ws/install/share/wamv_description/models/engine
[1.144s] -- Installing: /home/toyat/dev/vrx_ros2/vrx_ws/install/share/wamv_description/models/engine/model.config
[1.144s] -- Installing: /home/toyat/dev/vrx_ros2/vrx_ws/install/share/wamv_description/models/engine/mesh
[1.145s] -- Installing: /home/toyat/dev/vrx_ros2/vrx_ws/install/share/wamv_description/models/engine/mesh/engine.dae
[1.145s] -- Installing: /home/toyat/dev/vrx_ros2/vrx_ws/install/share/wamv_description/models/propeller
[1.145s] -- Installing: /home/toyat/dev/vrx_ros2/vrx_ws/install/share/wamv_description/models/propeller/model.config
[1.145s] -- Installing: /home/toyat/dev/vrx_ros2/vrx_ws/install/share/wamv_description/models/propeller/mesh
[1.145s] -- Installing: /home/toyat/dev/vrx_ros2/vrx_ws/install/share/wamv_description/models/propeller/mesh/propeller.dae
[1.145s] -- Installing: /home/toyat/dev/vrx_ros2/vrx_ws/install/share/wamv_description/models/WAM-V-Base
[1.145s] -- Installing: /home/toyat/dev/vrx_ros2/vrx_ws/install/share/wamv_description/models/WAM-V-Base/model.config
[1.145s] -- Installing: /home/toyat/dev/vrx_ros2/vrx_ws/install/share/wamv_description/models/WAM-V-Base/mesh
[1.145s] -- Installing: /home/toyat/dev/vrx_ros2/vrx_ws/install/share/wamv_description/models/WAM-V-Base/mesh/WAM-V_Roughness.png
[1.147s] -- Installing: /home/toyat/dev/vrx_ros2/vrx_ws/install/share/wamv_description/models/WAM-V-Base/mesh/WAM-V_Normal.png
[1.150s] -- Installing: /home/toyat/dev/vrx_ros2/vrx_ws/install/share/wamv_description/models/WAM-V-Base/mesh/WAM-V_Albedo.png
[1.154s] -- Installing: /home/toyat/dev/vrx_ros2/vrx_ws/install/share/wamv_description/models/WAM-V-Base/mesh/WAM-V-Base.dae
[1.155s] -- Installing: /home/toyat/dev/vrx_ros2/vrx_ws/install/share/wamv_description/models/WAM-V-Base/mesh/WamV.png
[1.156s] -- Installing: /home/toyat/dev/vrx_ros2/vrx_ws/install/share/wamv_description/models/WAM-V-Base/mesh/WAM-V_Metalness.png
[1.156s] -- Up-to-date: /home/toyat/dev/vrx_ros2/vrx_ws/install/share/wamv_description/urdf
[1.156s] -- Installing: /home/toyat/dev/vrx_ros2/vrx_ws/install/share/wamv_description/urdf/thrusters
[1.157s] -- Installing: /home/toyat/dev/vrx_ros2/vrx_ws/install/share/wamv_description/urdf/thrusters/engine.xacro
[1.157s] -- Installing: /home/toyat/dev/vrx_ros2/vrx_ws/install/share/wamv_description/urdf/battery.xacro
[1.157s] -- Installing: /home/toyat/dev/vrx_ros2/vrx_ws/install/share/wamv_description/urdf/wamv_base.urdf.xacro
[1.157s] -- Installing: /home/toyat/dev/vrx_ros2/vrx_ws/install/share/wamv_description/urdf/cpu_cases.xacro
[1.157s] -- Installing: /home/toyat/dev/vrx_ros2/vrx_ws/install/share/ament_index/resource_index/package_run_dependencies/wamv_description
[1.157s] -- Installing: /home/toyat/dev/vrx_ros2/vrx_ws/install/share/ament_index/resource_index/parent_prefix_path/wamv_description
[1.157s] -- Installing: /home/toyat/dev/vrx_ros2/vrx_ws/install/share/wamv_description/environment/ament_prefix_path.sh
[1.157s] -- Installing: /home/toyat/dev/vrx_ros2/vrx_ws/install/share/wamv_description/environment/ament_prefix_path.dsv
[1.158s] -- Installing: /home/toyat/dev/vrx_ros2/vrx_ws/install/share/wamv_description/environment/path.sh
[1.158s] -- Installing: /home/toyat/dev/vrx_ros2/vrx_ws/install/share/wamv_description/environment/path.dsv
[1.158s] -- Installing: /home/toyat/dev/vrx_ros2/vrx_ws/install/share/wamv_description/local_setup.bash
[1.158s] -- Installing: /home/toyat/dev/vrx_ros2/vrx_ws/install/share/wamv_description/local_setup.sh
[1.158s] -- Installing: /home/toyat/dev/vrx_ros2/vrx_ws/install/share/wamv_description/local_setup.zsh
[1.158s] -- Installing: /home/toyat/dev/vrx_ros2/vrx_ws/install/share/wamv_description/local_setup.dsv
[1.158s] -- Installing: /home/toyat/dev/vrx_ros2/vrx_ws/install/share/wamv_description/package.dsv
[1.158s] -- Installing: /home/toyat/dev/vrx_ros2/vrx_ws/install/share/ament_index/resource_index/packages/wamv_description
[1.159s] -- Installing: /home/toyat/dev/vrx_ros2/vrx_ws/install/share/wamv_description/cmake/wamv_descriptionConfig.cmake
[1.159s] -- Installing: /home/toyat/dev/vrx_ros2/vrx_ws/install/share/wamv_description/cmake/wamv_descriptionConfig-version.cmake
[1.159s] -- Installing: /home/toyat/dev/vrx_ros2/vrx_ws/install/share/wamv_description/package.xml
[1.160s] Invoked command in '/home/toyat/dev/vrx_ros2/vrx_ws/build/wamv_description' returned '0': AMENT_PREFIX_PATH=/home/toyat/dev/vrx_ros2/vrx_ws/install:${AMENT_PREFIX_PATH} CMAKE_PREFIX_PATH=/home/toyat/dev/vrx_ros2/vrx_ws/install:/opt/ros/jazzy/opt/gz_math_vendor:/opt/ros/jazzy/opt/gz_utils_vendor:/opt/ros/jazzy/opt/gz_cmake_vendor:/opt/ros/jazzy DEBUGINFOD_URLS=https://debuginfod.ubuntu.com GZ_SIM_RESOURCE_PATH=/home/toyat/dev/vrx_ros2/vrx_ws/install/share/vrx_gazebo/models:/home/toyat/dev/vrx_ros2/vrx_ws/install/share PYTHONPATH=/home/toyat/dev/vrx_ros2/vrx_ws/install/lib/python3.12/site-packages:${PYTHONPATH} /usr/bin/cmake --install /home/toyat/dev/vrx_ros2/vrx_ws/build/wamv_description
