[0.018s] Invoking command in '/home/toyat/dev/vrx_ros2/vrx_ws/build/vrx_gz': AMENT_PREFIX_PATH=/home/toyat/dev/vrx_ros2/vrx_ws/install:${AMENT_PREFIX_PATH} CMAKE_PREFIX_PATH=/home/toyat/dev/vrx_ros2/vrx_ws/install:/opt/ros/jazzy/opt/gz_sim_vendor:/opt/ros/jazzy/opt/gz_sensors_vendor:/opt/ros/jazzy/opt/gz_physics_vendor:/opt/ros/jazzy/opt/sdformat_vendor:/opt/ros/jazzy/opt/gz_gui_vendor:/opt/ros/jazzy/opt/gz_transport_vendor:/opt/ros/jazzy/opt/gz_rendering_vendor:/opt/ros/jazzy/opt/gz_plugin_vendor:/opt/ros/jazzy/opt/gz_fuel_tools_vendor:/opt/ros/jazzy/opt/gz_msgs_vendor:/opt/ros/jazzy/opt/gz_common_vendor:/opt/ros/jazzy/opt/gz_math_vendor:/opt/ros/jazzy/opt/gz_utils_vendor:/opt/ros/jazzy/opt/gz_tools_vendor:/opt/ros/jazzy/opt/gz_ogre_next_vendor:/opt/ros/jazzy/opt/gz_dartsim_vendor:/opt/ros/jazzy/opt/gz_cmake_vendor:/opt/ros/jazzy DEBUGINFOD_URLS=https://debuginfod.ubuntu.com GZ_SIM_RESOURCE_PATH=/home/toyat/dev/vrx_ros2/vrx_ws/install/share/wamv_description/models:/home/toyat/dev/vrx_ros2/vrx_ws/install/share/vrx_gazebo/models:/home/toyat/dev/vrx_ros2/vrx_ws/install/share PYTHONPATH=/home/toyat/dev/vrx_ros2/vrx_ws/install/lib/python3.12/site-packages:${PYTHONPATH} /usr/bin/cmake /home/toyat/dev/vrx_ros2/vrx_ws/src/vrx/vrx_gz -DCMAKE_INSTALL_PREFIX=/home/toyat/dev/vrx_ros2/vrx_ws/install
[0.121s] -- The C compiler identification is GNU 13.3.0
[0.226s] -- The CXX compiler identification is GNU 13.3.0
[0.255s] -- Detecting C compiler ABI info
[0.414s] -- Detecting C compiler ABI info - done
[0.431s] -- Check for working C compiler: /usr/bin/cc - skipped
[0.432s] -- Detecting C compile features
[0.433s] -- Detecting C compile features - done
[0.449s] -- Detecting CXX compiler ABI info
[0.631s] -- Detecting CXX compiler ABI info - done
[0.650s] -- Check for working CXX compiler: /usr/bin/c++ - skipped
[0.650s] -- Detecting CXX compile features
[0.651s] -- Detecting CXX compile features - done
[0.659s] -- Found ament_cmake: 2.5.4 (/opt/ros/jazzy/share/ament_cmake/cmake)
[0.849s] -- Found Python3: /usr/bin/python3 (found version "3.12.3") found components: Interpreter 
[1.000s] -- Looking for gz-sim8 -- found version 8.9.0
[1.014s] -- Searching for dependencies of gz-sim8
[1.016s] -- Looking for sdformat14 -- found version 14.7.0
[1.016s] -- Searching for dependencies of sdformat14
[1.024s] -- Checking for module 'tinyxml2'
[1.046s] --   Found tinyxml2, version 10.0.0
[1.117s] -- Looking for gz-math7 -- found version 7.5.2
[1.118s] -- Searching for dependencies of gz-math7
[1.122s] -- Looking for gz-utils2 -- found version 2.2.1
[1.122s] -- Searching for dependencies of gz-utils2
[1.126s] -- Looking for gz-utils2 -- found version 2.2.1
[1.126s] -- Searching for dependencies of gz-utils2
[1.126s] -- Searching for <gz-utils2> component [cli]
[1.130s] -- Looking for gz-utils2-cli -- found version 2.2.1
[1.130s] -- Searching for dependencies of gz-utils2-cli
[1.134s] -- Looking for gz-plugin2 -- found version 2.0.4
[1.135s] -- Searching for dependencies of gz-plugin2
[1.135s] -- Looking for gz-utils2 -- found version 2.2.1
[1.137s] -- Searching for <gz-plugin2> component [loader]
[1.139s] -- Looking for gz-plugin2-loader -- found version 2.0.4
[1.139s] -- Searching for dependencies of gz-plugin2-loader
[1.139s] -- Searching for <gz-plugin2> component [register]
[1.141s] -- Looking for gz-plugin2-register -- found version 2.0.4
[1.142s] -- Searching for dependencies of gz-plugin2-register
[1.144s] -- Looking for gz-transport13 -- found version 13.4.1
[1.144s] -- Searching for dependencies of gz-transport13
[1.302s] -- Found Protobuf: /usr/lib/x86_64-linux-gnu/libprotobuf.so (found version "3.21.12") 
[1.317s] -- Config-file not installed for ZeroMQ -- checking for pkg-config
[1.322s] -- Checking for module 'libzmq >= 4'
[1.336s] --   Found libzmq, version 4.3.5
[1.377s] -- Found ZeroMQ: TRUE (Required is at least version "4") 
[1.386s] -- Checking for module 'uuid'
[1.403s] --   Found uuid, version 2.39.3
[1.433s] -- Found UUID: TRUE  
[1.433s] -- Looking for gz-utils2 -- found version 2.2.1
[1.435s] -- Looking for gz-msgs10 -- found version 10.3.2
[1.435s] -- Searching for dependencies of gz-msgs10
[1.458s] -- Looking for gz-utils2 -- found version 2.2.1
[1.458s] -- Looking for gz-math7 -- found version 7.5.2
[1.469s] -- Searching for <gz-transport13> component [log]
[1.471s] -- Looking for gz-transport13-log -- found version 13.4.1
[1.471s] -- Searching for dependencies of gz-transport13-log
[1.472s] -- Searching for <gz-transport13> component [parameters]
[1.475s] -- Looking for gz-transport13-parameters -- found version 13.4.1
[1.475s] -- Searching for dependencies of gz-transport13-parameters
[1.477s] -- Looking for gz-msgs10 -- found version 10.3.2
[1.480s] -- Looking for gz-common5 -- found version 5.7.1
[1.480s] -- Searching for dependencies of gz-common5
[1.481s] -- Looking for gz-utils2 -- found version 2.2.1
[1.482s] -- Looking for dlfcn.h - found
[1.486s] -- Looking for libdl - found
[1.488s] -- Found DL: TRUE  
[1.498s] -- Searching for <gz-common5> component [av]
[1.501s] -- Looking for gz-common5-av -- found version 5.7.1
[1.501s] -- Searching for dependencies of gz-common5-av
[1.507s] -- Checking for module 'libswscale'
[1.521s] --   Found libswscale, version 7.5.100
[1.563s] -- Found SWSCALE: TRUE  
[1.569s] -- Checking for module 'libavdevice >= 56.4.100'
[1.583s] --   Found libavdevice, version 60.3.100
[1.627s] -- Found AVDEVICE: TRUE (Required is at least version "56.4.100") 
[1.632s] -- Checking for module 'libavformat'
[1.645s] --   Found libavformat, version 60.16.100
[1.683s] -- Found AVFORMAT: TRUE  
[1.688s] -- Checking for module 'libavcodec'
[1.702s] --   Found libavcodec, version 60.31.102
[1.737s] -- Found AVCODEC: TRUE  
[1.742s] -- Checking for module 'libavutil'
[1.755s] --   Found libavutil, version 58.29.100
[1.786s] -- Found AVUTIL: TRUE  
[1.787s] -- Searching for <gz-common5> component [events]
[1.789s] -- Looking for gz-common5-events -- found version 5.7.1
[1.789s] -- Searching for dependencies of gz-common5-events
[1.790s] -- Looking for gz-math7 -- found version 7.5.2
[1.791s] -- Searching for <gz-common5> component [graphics]
[1.793s] -- Looking for gz-common5-graphics -- found version 5.7.1
[1.793s] -- Searching for dependencies of gz-common5-graphics
[1.793s] -- Looking for gz-math7 -- found version 7.5.2
[1.799s] -- Found GzAssimp: TRUE (found version "5.3.0") 
[1.800s] -- Searching for <gz-common5> component [io]
[1.802s] -- Looking for gz-common5-io -- found version 5.7.1
[1.802s] -- Searching for dependencies of gz-common5-io
[1.803s] -- Searching for <gz-common5> component [profiler]
[1.804s] -- Looking for gz-common5-profiler -- found version 5.7.1
[1.805s] -- Searching for dependencies of gz-common5-profiler
[1.807s] -- Looking for gz-fuel_tools9 -- found version 9.1.1
[1.808s] -- Searching for dependencies of gz-fuel_tools9
[1.894s] -- Found CURL: /usr/lib/x86_64-linux-gnu/libcurl.so (found version "8.5.0")  
[1.905s] -- Checking for module 'jsoncpp'
[1.919s] --   Found jsoncpp, version 1.9.5
[1.949s] -- Found JSONCPP: TRUE  
[1.970s] -- Checking for module 'yaml-0.1'
[1.985s] --   Found yaml-0.1, version 0.2.5
[2.018s] -- Found YAML: TRUE  
[2.024s] -- Checking for module 'libzip'
[2.038s] --   Found libzip, version 1.7.3
[2.069s] -- Found ZIP: TRUE  
[2.070s] -- Looking for gz-utils2 -- found version 2.2.1
[2.070s] -- Looking for gz-common5 -- found version 5.7.1
[2.070s] -- Searching for dependencies of gz-common5
[2.071s] -- Looking for gz-utils2 -- found version 2.2.1
[2.071s] -- Looking for dlfcn.h - found
[2.071s] -- Looking for libdl - found
[2.079s] -- Searching for <gz-common5> component [testing]
[2.081s] -- Looking for gz-common5-testing -- found version 5.7.1
[2.081s] -- Searching for dependencies of gz-common5-testing
[2.082s] -- Looking for gz-math7 -- found version 7.5.2
[2.083s] -- Looking for gz-msgs10 -- found version 10.3.2
[2.085s] -- Looking for gz-gui8 -- found version 8.4.0
[2.085s] -- Searching for dependencies of gz-gui8
[2.113s] -- Looking for gz-utils2 -- found version 2.2.1
[2.113s] -- Looking for gz-math7 -- found version 7.5.2
[2.113s] -- Looking for gz-common5 -- found version 5.7.1
[2.114s] -- Looking for gz-plugin2 -- found version 2.0.4
[2.114s] -- Looking for gz-transport13 -- found version 13.4.1
[2.116s] -- Looking for gz-rendering8 -- found version 8.2.2
[2.116s] -- Searching for dependencies of gz-rendering8
[2.116s] -- Looking for gz-math7 -- found version 7.5.2
[2.117s] -- Searching for dependencies of gz-math7
[2.117s] -- Looking for gz-utils2 -- found version 2.2.1
[2.117s] -- Searching for <gz-math7> component [eigen3]
[2.119s] -- Looking for gz-math7-eigen3 -- found version 7.5.2
[2.119s] -- Searching for dependencies of gz-math7-eigen3
[2.131s] -- Looking for gz-common5 -- found version 5.7.1
[2.131s] -- Searching for dependencies of gz-common5
[2.131s] -- Looking for gz-utils2 -- found version 2.2.1
[2.131s] -- Looking for dlfcn.h - found
[2.131s] -- Looking for libdl - found
[2.139s] -- Searching for <gz-common5> component [graphics]
[2.139s] -- Searching for <gz-common5> component [events]
[2.139s] -- Searching for <gz-common5> component [geospatial]
[2.141s] -- Looking for gz-common5-geospatial -- found version 5.7.1
[2.141s] -- Searching for dependencies of gz-common5-geospatial
[2.142s] -- Looking for gz-math7 -- found version 7.5.2
[2.142s] -- Looking for gz-common5 -- found version 5.7.1
[2.143s] -- Looking for gz-plugin2 -- found version 2.0.4
[2.144s] -- Searching for dependencies of gz-plugin2
[2.144s] -- Looking for gz-utils2 -- found version 2.2.1
[2.144s] -- Searching for <gz-plugin2> component [all]
[2.146s] -- Looking for all libraries of gz-plugin2 -- found version 2.0.4
[2.146s] -- Looking for gz-plugin2 -- found version 2.0.4
[2.147s] -- Looking for gz-utils2 -- found version 2.2.1
[2.162s] -- Found OpenGL: /usr/lib/x86_64-linux-gnu/libOpenGL.so  found components: OpenGL 
[2.164s] -- Looking for gz-msgs10 -- found version 10.3.2
[2.200s] -- Looking for gz-physics7 -- found version 7.5.0
[2.201s] -- Searching for dependencies of gz-physics7
[2.201s] -- Looking for gz-common5 -- found version 5.7.1
[2.201s] -- Looking for gz-math7 -- found version 7.5.2
[2.201s] -- Looking for gz-plugin2 -- found version 2.0.4
[2.202s] -- Looking for gz-utils2 -- found version 2.2.1
[2.203s] -- Searching for <gz-physics7> component [heightmap]
[2.205s] -- Looking for gz-physics7-heightmap -- found version 7.5.0
[2.205s] -- Searching for dependencies of gz-physics7-heightmap
[2.205s] -- Looking for gz-common5 -- found version 5.7.1
[2.206s] -- Searching for <gz-physics7> component [mesh]
[2.207s] -- Looking for gz-physics7-mesh -- found version 7.5.0
[2.207s] -- Searching for dependencies of gz-physics7-mesh
[2.207s] -- Looking for gz-common5 -- found version 5.7.1
[2.208s] -- Searching for <gz-physics7> component [sdf]
[2.209s] -- Looking for gz-physics7-sdf -- found version 7.5.0
[2.209s] -- Searching for dependencies of gz-physics7-sdf
[2.210s] -- Looking for sdformat14 -- found version 14.7.0
[2.212s] -- Looking for gz-sensors8 -- found version 8.2.2
[2.213s] -- Searching for dependencies of gz-sensors8
[2.235s] -- Looking for gz-math7 -- found version 7.5.2
[2.235s] -- Looking for gz-common5 -- found version 5.7.1
[2.236s] -- Looking for gz-transport13 -- found version 13.4.1
[2.236s] -- Looking for gz-rendering8 -- found version 8.2.2
[2.237s] -- Looking for gz-msgs10 -- found version 10.3.2
[2.237s] -- Looking for sdformat14 -- found version 14.7.0
[2.238s] -- Searching for <gz-sensors8> component [air_pressure]
[2.239s] -- Looking for gz-sensors8-air_pressure -- found version 8.2.2
[2.239s] -- Searching for dependencies of gz-sensors8-air_pressure
[2.240s] -- Searching for <gz-sensors8> component [air_speed]
[2.241s] -- Looking for gz-sensors8-air_speed -- found version 8.2.2
[2.241s] -- Searching for dependencies of gz-sensors8-air_speed
[2.242s] -- Searching for <gz-sensors8> component [altimeter]
[2.243s] -- Looking for gz-sensors8-altimeter -- found version 8.2.2
[2.243s] -- Searching for dependencies of gz-sensors8-altimeter
[2.244s] -- Searching for <gz-sensors8> component [imu]
[2.245s] -- Looking for gz-sensors8-imu -- found version 8.2.2
[2.245s] -- Searching for dependencies of gz-sensors8-imu
[2.246s] -- Searching for <gz-sensors8> component [force_torque]
[2.247s] -- Looking for gz-sensors8-force_torque -- found version 8.2.2
[2.247s] -- Searching for dependencies of gz-sensors8-force_torque
[2.248s] -- Searching for <gz-sensors8> component [logical_camera]
[2.249s] -- Looking for gz-sensors8-logical_camera -- found version 8.2.2
[2.249s] -- Searching for dependencies of gz-sensors8-logical_camera
[2.249s] -- Searching for <gz-sensors8> component [magnetometer]
[2.251s] -- Looking for gz-sensors8-magnetometer -- found version 8.2.2
[2.251s] -- Searching for dependencies of gz-sensors8-magnetometer
[2.251s] -- Searching for <gz-sensors8> component [navsat]
[2.253s] -- Looking for gz-sensors8-navsat -- found version 8.2.2
[2.253s] -- Searching for dependencies of gz-sensors8-navsat
[2.253s] -- Searching for <gz-sensors8> component [dvl]
[2.255s] -- Looking for gz-sensors8-dvl -- found version 8.2.2
[2.255s] -- Searching for dependencies of gz-sensors8-dvl
[2.255s] -- Looking for gz-sensors8 -- found version 8.2.2
[2.255s] -- Searching for dependencies of gz-sensors8
[2.278s] -- Looking for gz-math7 -- found version 7.5.2
[2.279s] -- Looking for gz-common5 -- found version 5.7.1
[2.279s] -- Looking for gz-transport13 -- found version 13.4.1
[2.279s] -- Looking for gz-rendering8 -- found version 8.2.2
[2.280s] -- Looking for gz-msgs10 -- found version 10.3.2
[2.280s] -- Looking for sdformat14 -- found version 14.7.0
[2.280s] -- Searching for <gz-sensors8> component [rendering]
[2.282s] -- Looking for gz-sensors8-rendering -- found version 8.2.2
[2.282s] -- Searching for dependencies of gz-sensors8-rendering
[2.283s] -- Searching for <gz-sensors8> component [rendering]
[2.283s] -- Searching for <gz-sensors8> component [lidar]
[2.285s] -- Looking for gz-sensors8-lidar -- found version 8.2.2
[2.285s] -- Searching for dependencies of gz-sensors8-lidar
[2.285s] -- Looking for gz-sensors8 -- found version 8.2.2
[2.286s] -- Searching for <gz-sensors8> component [gpu_lidar]
[2.287s] -- Looking for gz-sensors8-gpu_lidar -- found version 8.2.2
[2.287s] -- Searching for dependencies of gz-sensors8-gpu_lidar
[2.288s] -- Looking for gz-sensors8 -- found version 8.2.2
[2.289s] -- Searching for <gz-sensors8> component [camera]
[2.290s] -- Looking for gz-sensors8-camera -- found version 8.2.2
[2.290s] -- Searching for dependencies of gz-sensors8-camera
[2.290s] -- Looking for gz-sensors8 -- found version 8.2.2
[2.291s] -- Searching for <gz-sensors8> component [boundingbox_camera]
[2.292s] -- Looking for gz-sensors8-boundingbox_camera -- found version 8.2.2
[2.293s] -- Searching for dependencies of gz-sensors8-boundingbox_camera
[2.293s] -- Searching for <gz-sensors8> component [segmentation_camera]
[2.294s] -- Looking for gz-sensors8-segmentation_camera -- found version 8.2.2
[2.295s] -- Searching for dependencies of gz-sensors8-segmentation_camera
[2.295s] -- Searching for <gz-sensors8> component [depth_camera]
[2.297s] -- Looking for gz-sensors8-depth_camera -- found version 8.2.2
[2.297s] -- Searching for dependencies of gz-sensors8-depth_camera
[2.297s] -- Looking for gz-sensors8 -- found version 8.2.2
[2.298s] -- Searching for <gz-sensors8> component [rgbd_camera]
[2.299s] -- Looking for gz-sensors8-rgbd_camera -- found version 8.2.2
[2.299s] -- Searching for dependencies of gz-sensors8-rgbd_camera
[2.300s] -- Looking for gz-sensors8 -- found version 8.2.2
[2.300s] -- Searching for <gz-sensors8> component [thermal_camera]
[2.302s] -- Looking for gz-sensors8-thermal_camera -- found version 8.2.2
[2.302s] -- Searching for dependencies of gz-sensors8-thermal_camera
[2.302s] -- Looking for gz-sensors8 -- found version 8.2.2
[2.303s] -- Searching for <gz-sensors8> component [wide_angle_camera]
[2.304s] -- Looking for gz-sensors8-wide_angle_camera -- found version 8.2.2
[2.304s] -- Searching for dependencies of gz-sensors8-wide_angle_camera
[2.305s] -- Looking for gz-rendering8 -- found version 8.2.2
[2.306s] -- Looking for gz-math7 -- found version 7.5.2
[2.306s] -- Looking for gz-utils2 -- found version 2.2.1
[2.330s] -- Looking for gz-common5 -- found version 5.7.1
[2.331s] -- Looking for gz-fuel_tools9 -- found version 9.1.1
[2.331s] -- Looking for gz-math7 -- found version 7.5.2
[2.331s] -- Looking for gz-msgs10 -- found version 10.3.2
[2.332s] -- Looking for gz-transport13 -- found version 13.4.1
[2.332s] -- Looking for gz-plugin2 -- found version 2.0.4
[2.333s] -- Looking for gz-rendering8 -- found version 8.2.2
[2.333s] -- Looking for gz-sensors8 -- found version 8.2.2
[2.334s] -- Looking for gz-utils2 -- found version 2.2.1
[2.334s] -- Looking for sdformat14 -- found version 14.7.0
[2.337s] -- Found std_msgs: 5.3.6 (/opt/ros/jazzy/share/std_msgs/cmake)
[2.384s] -- Found rosidl_generator_c: 4.6.5 (/opt/ros/jazzy/share/rosidl_generator_c/cmake)
[2.402s] -- Found rosidl_generator_cpp: 4.6.5 (/opt/ros/jazzy/share/rosidl_generator_cpp/cmake)
[2.424s] -- Using all available rosidl_typesupport_c: rosidl_typesupport_fastrtps_c;rosidl_typesupport_introspection_c
[2.447s] -- Using all available rosidl_typesupport_cpp: rosidl_typesupport_fastrtps_cpp;rosidl_typesupport_introspection_cpp
[2.712s] -- Configuring done (2.7s)
[2.834s] -- Generating done (0.1s)
[2.859s] -- Build files have been written to: /home/toyat/dev/vrx_ros2/vrx_ws/build/vrx_gz
[2.875s] Invoked command in '/home/toyat/dev/vrx_ros2/vrx_ws/build/vrx_gz' returned '0': AMENT_PREFIX_PATH=/home/toyat/dev/vrx_ros2/vrx_ws/install:${AMENT_PREFIX_PATH} CMAKE_PREFIX_PATH=/home/toyat/dev/vrx_ros2/vrx_ws/install:/opt/ros/jazzy/opt/gz_sim_vendor:/opt/ros/jazzy/opt/gz_sensors_vendor:/opt/ros/jazzy/opt/gz_physics_vendor:/opt/ros/jazzy/opt/sdformat_vendor:/opt/ros/jazzy/opt/gz_gui_vendor:/opt/ros/jazzy/opt/gz_transport_vendor:/opt/ros/jazzy/opt/gz_rendering_vendor:/opt/ros/jazzy/opt/gz_plugin_vendor:/opt/ros/jazzy/opt/gz_fuel_tools_vendor:/opt/ros/jazzy/opt/gz_msgs_vendor:/opt/ros/jazzy/opt/gz_common_vendor:/opt/ros/jazzy/opt/gz_math_vendor:/opt/ros/jazzy/opt/gz_utils_vendor:/opt/ros/jazzy/opt/gz_tools_vendor:/opt/ros/jazzy/opt/gz_ogre_next_vendor:/opt/ros/jazzy/opt/gz_dartsim_vendor:/opt/ros/jazzy/opt/gz_cmake_vendor:/opt/ros/jazzy DEBUGINFOD_URLS=https://debuginfod.ubuntu.com GZ_SIM_RESOURCE_PATH=/home/toyat/dev/vrx_ros2/vrx_ws/install/share/wamv_description/models:/home/toyat/dev/vrx_ros2/vrx_ws/install/share/vrx_gazebo/models:/home/toyat/dev/vrx_ros2/vrx_ws/install/share PYTHONPATH=/home/toyat/dev/vrx_ros2/vrx_ws/install/lib/python3.12/site-packages:${PYTHONPATH} /usr/bin/cmake /home/toyat/dev/vrx_ros2/vrx_ws/src/vrx/vrx_gz -DCMAKE_INSTALL_PREFIX=/home/toyat/dev/vrx_ros2/vrx_ws/install
[2.877s] Invoking command in '/home/toyat/dev/vrx_ros2/vrx_ws/build/vrx_gz': AMENT_PREFIX_PATH=/home/toyat/dev/vrx_ros2/vrx_ws/install:${AMENT_PREFIX_PATH} CMAKE_PREFIX_PATH=/home/toyat/dev/vrx_ros2/vrx_ws/install:/opt/ros/jazzy/opt/gz_sim_vendor:/opt/ros/jazzy/opt/gz_sensors_vendor:/opt/ros/jazzy/opt/gz_physics_vendor:/opt/ros/jazzy/opt/sdformat_vendor:/opt/ros/jazzy/opt/gz_gui_vendor:/opt/ros/jazzy/opt/gz_transport_vendor:/opt/ros/jazzy/opt/gz_rendering_vendor:/opt/ros/jazzy/opt/gz_plugin_vendor:/opt/ros/jazzy/opt/gz_fuel_tools_vendor:/opt/ros/jazzy/opt/gz_msgs_vendor:/opt/ros/jazzy/opt/gz_common_vendor:/opt/ros/jazzy/opt/gz_math_vendor:/opt/ros/jazzy/opt/gz_utils_vendor:/opt/ros/jazzy/opt/gz_tools_vendor:/opt/ros/jazzy/opt/gz_ogre_next_vendor:/opt/ros/jazzy/opt/gz_dartsim_vendor:/opt/ros/jazzy/opt/gz_cmake_vendor:/opt/ros/jazzy DEBUGINFOD_URLS=https://debuginfod.ubuntu.com GZ_SIM_RESOURCE_PATH=/home/toyat/dev/vrx_ros2/vrx_ws/install/share/wamv_description/models:/home/toyat/dev/vrx_ros2/vrx_ws/install/share/vrx_gazebo/models:/home/toyat/dev/vrx_ros2/vrx_ws/install/share PYTHONPATH=/home/toyat/dev/vrx_ros2/vrx_ws/install/lib/python3.12/site-packages:${PYTHONPATH} /usr/bin/cmake --build /home/toyat/dev/vrx_ros2/vrx_ws/build/vrx_gz -- -j8 -l8
[2.930s] [  4%] [32mBuilding CXX object CMakeFiles/ScoringPlugin.dir/src/ScoringPlugin.cc.o[0m
[2.930s] [  4%] [32mBuilding CXX object CMakeFiles/Waves.dir/src/Wavefield.cc.o[0m
[2.940s] [  4%] Built target ament_cmake_python_copy_vrx_gz
[3.163s] running egg_info
[3.164s] creating vrx_gz.egg-info
[3.186s] writing vrx_gz.egg-info/PKG-INFO
[3.186s] writing dependency_links to vrx_gz.egg-info/dependency_links.txt
[3.186s] writing top-level names to vrx_gz.egg-info/top_level.txt
[3.186s] writing manifest file 'vrx_gz.egg-info/SOURCES.txt'
[3.250s] reading manifest file 'vrx_gz.egg-info/SOURCES.txt'
[3.250s] writing manifest file 'vrx_gz.egg-info/SOURCES.txt'
[3.284s] [  4%] Built target ament_cmake_python_build_vrx_gz_egg
[6.532s] [  6%] [32m[1mLinking CXX shared library libWaves.so[0m
[6.774s] [  6%] Built target Waves
[6.797s] [ 12%] [32mBuilding CXX object CMakeFiles/PolyhedraBuoyancyDrag.dir/src/ShapeVolume.cc.o[0m
[6.797s] [ 12%] [32mBuilding CXX object CMakeFiles/PolyhedraBuoyancyDrag.dir/src/PolyhedronVolume.cc.o[0m
[6.797s] [ 12%] [32mBuilding CXX object CMakeFiles/PolyhedraBuoyancyDrag.dir/src/PolyhedraBuoyancyDrag.cc.o[0m
[7.976s] [ 14%] [32m[1mLinking CXX shared library libScoringPlugin.so[0m
[8.218s] [ 14%] Built target ScoringPlugin
[8.251s] [ 16%] [32mBuilding CXX object CMakeFiles/AcousticTrackingScoringPlugin.dir/src/AcousticTrackingScoringPlugin.cc.o[0m
[8.251s] [ 18%] [32mBuilding CXX object CMakeFiles/WayfindingScoringPlugin.dir/src/WayfindingScoringPlugin.cc.o[0m
[8.251s] [ 20%] [32mBuilding CXX object CMakeFiles/AcousticPingerPlugin.dir/src/AcousticPingerPlugin.cc.o[0m
[8.257s] [ 22%] [32mBuilding CXX object CMakeFiles/StationkeepingScoringPlugin.dir/src/StationkeepingScoringPlugin.cc.o[0m
[8.260s] [ 25%] [32mBuilding CXX object CMakeFiles/AcousticPerceptionScoringPlugin.dir/src/AcousticPerceptionScoringPlugin.cc.o[0m
[8.266s] [ 27%] [32mBuilding CXX object CMakeFiles/BallShooterPlugin.dir/src/BallShooterPlugin.cc.o[0m
[8.558s] [ 29%] [32mBuilding CXX object CMakeFiles/AcousticTrackingScoringPlugin.dir/src/WaypointMarkers.cc.o[0m
[14.270s] [ 31%] [32mBuilding CXX object CMakeFiles/StationkeepingScoringPlugin.dir/src/WaypointMarkers.cc.o[0m
[15.089s] [ 33%] [32m[1mLinking CXX shared library libPolyhedraBuoyancyDrag.so[0m
[15.523s] [ 33%] Built target PolyhedraBuoyancyDrag
[15.556s] [ 35%] [32mBuilding CXX object CMakeFiles/LightBuoyPlugin.dir/src/LightBuoyPlugin.cc.o[0m
[17.226s] [ 37%] [32m[1mLinking CXX shared library libAcousticPingerPlugin.so[0m
[17.358s] [ 39%] [32mBuilding CXX object CMakeFiles/AcousticPerceptionScoringPlugin.dir/src/WaypointMarkers.cc.o[0m
[17.643s] [ 41%] [32mBuilding CXX object CMakeFiles/WayfindingScoringPlugin.dir/src/WaypointMarkers.cc.o[0m
[17.647s] [ 41%] Built target AcousticPingerPlugin
[17.680s] [ 43%] [32mBuilding CXX object CMakeFiles/NavigationScoringPlugin.dir/src/NavigationScoringPlugin.cc.o[0m
[17.765s] [ 45%] [32m[1mLinking CXX shared library libAcousticTrackingScoringPlugin.so[0m
[17.899s] [ 47%] [32mBuilding CXX object CMakeFiles/GymkhanaScoringPlugin.dir/src/GymkhanaScoringPlugin.cc.o[0m
[18.185s] [ 47%] Built target AcousticTrackingScoringPlugin
[18.217s] [ 50%] [32mBuilding CXX object CMakeFiles/PerceptionScoringPlugin.dir/src/PerceptionScoringPlugin.cc.o[0m
[18.842s] [ 52%] [32m[1mLinking CXX shared library libBallShooterPlugin.so[0m
[19.295s] [ 52%] Built target BallShooterPlugin
[19.329s] [ 54%] [32mBuilding CXX object CMakeFiles/PlacardPlugin.dir/src/PlacardPlugin.cc.o[0m
[20.028s] [ 56%] [32m[1mLinking CXX shared library libStationkeepingScoringPlugin.so[0m
[20.488s] [ 56%] Built target StationkeepingScoringPlugin
[20.523s] [ 58%] [32mBuilding CXX object CMakeFiles/PublisherPlugin.dir/src/PublisherPlugin.cc.o[0m
[21.766s] [ 60%] [32m[1mLinking CXX shared library libLightBuoyPlugin.so[0m
[22.126s] [ 60%] Built target LightBuoyPlugin
[22.160s] [ 62%] [32mBuilding CXX object CMakeFiles/ScanDockScoringPlugin.dir/src/ScanDockScoringPlugin.cc.o[0m
[22.771s] [ 64%] [32m[1mLinking CXX shared library libAcousticPerceptionScoringPlugin.so[0m
[23.041s] [ 66%] [32m[1mLinking CXX shared library libWayfindingScoringPlugin.so[0m
[23.195s] [ 66%] Built target AcousticPerceptionScoringPlugin
[23.230s] [ 68%] [32mBuilding CXX object CMakeFiles/SimpleHydrodynamics.dir/src/SimpleHydrodynamics.cc.o[0m
[23.499s] [ 68%] Built target WayfindingScoringPlugin
[23.533s] [ 70%] [32mBuilding CXX object CMakeFiles/Surface.dir/src/Surface.cc.o[0m
[24.812s] [ 72%] [32m[1mLinking CXX shared library libGymkhanaScoringPlugin.so[0m
[25.207s] [ 72%] Built target GymkhanaScoringPlugin
[25.245s] [ 75%] [32mBuilding CXX object CMakeFiles/USVWind.dir/src/USVWind.cc.o[0m
[25.977s] [ 77%] [32m[1mLinking CXX shared library libPublisherPlugin.so[0m
[26.350s] [ 77%] Built target PublisherPlugin
[26.383s] [ 79%] [32mBuilding CXX object CMakeFiles/WaveVisual.dir/src/WaveVisual.cc.o[0m
[26.403s] [ 81%] [32m[1mLinking CXX shared library libPlacardPlugin.so[0m
[26.799s] [ 81%] Built target PlacardPlugin
[26.837s] [ 83%] [32mBuilding CXX object CMakeFiles/WildlifeScoringPlugin.dir/src/WildlifeScoringPlugin.cc.o[0m
[27.031s] [ 85%] [32m[1mLinking CXX shared library libPerceptionScoringPlugin.so[0m
[27.079s] [ 87%] [32m[1mLinking CXX shared library libNavigationScoringPlugin.so[0m
[27.451s] [ 87%] Built target NavigationScoringPlugin
[27.541s] [ 87%] Built target PerceptionScoringPlugin
[29.130s] [ 89%] [32m[1mLinking CXX shared library libSimpleHydrodynamics.so[0m
[29.333s] [ 89%] Built target SimpleHydrodynamics
[29.883s] [ 91%] [32m[1mLinking CXX shared library libSurface.so[0m
[30.160s] [ 91%] Built target Surface
[31.929s] [ 93%] [32m[1mLinking CXX shared library libScanDockScoringPlugin.so[0m
[32.231s] [ 93%] Built target ScanDockScoringPlugin
[33.162s] [ 95%] [32m[1mLinking CXX shared library libUSVWind.so[0m
[33.435s] [ 95%] Built target USVWind
[33.491s] [ 97%] [32m[1mLinking CXX shared library libWildlifeScoringPlugin.so[0m
[33.773s] [ 97%] Built target WildlifeScoringPlugin
[34.025s] [100%] [32m[1mLinking CXX shared library libWaveVisual.so[0m
[34.314s] [100%] Built target WaveVisual
[34.326s] Invoked command in '/home/toyat/dev/vrx_ros2/vrx_ws/build/vrx_gz' returned '0': AMENT_PREFIX_PATH=/home/toyat/dev/vrx_ros2/vrx_ws/install:${AMENT_PREFIX_PATH} CMAKE_PREFIX_PATH=/home/toyat/dev/vrx_ros2/vrx_ws/install:/opt/ros/jazzy/opt/gz_sim_vendor:/opt/ros/jazzy/opt/gz_sensors_vendor:/opt/ros/jazzy/opt/gz_physics_vendor:/opt/ros/jazzy/opt/sdformat_vendor:/opt/ros/jazzy/opt/gz_gui_vendor:/opt/ros/jazzy/opt/gz_transport_vendor:/opt/ros/jazzy/opt/gz_rendering_vendor:/opt/ros/jazzy/opt/gz_plugin_vendor:/opt/ros/jazzy/opt/gz_fuel_tools_vendor:/opt/ros/jazzy/opt/gz_msgs_vendor:/opt/ros/jazzy/opt/gz_common_vendor:/opt/ros/jazzy/opt/gz_math_vendor:/opt/ros/jazzy/opt/gz_utils_vendor:/opt/ros/jazzy/opt/gz_tools_vendor:/opt/ros/jazzy/opt/gz_ogre_next_vendor:/opt/ros/jazzy/opt/gz_dartsim_vendor:/opt/ros/jazzy/opt/gz_cmake_vendor:/opt/ros/jazzy DEBUGINFOD_URLS=https://debuginfod.ubuntu.com GZ_SIM_RESOURCE_PATH=/home/toyat/dev/vrx_ros2/vrx_ws/install/share/wamv_description/models:/home/toyat/dev/vrx_ros2/vrx_ws/install/share/vrx_gazebo/models:/home/toyat/dev/vrx_ros2/vrx_ws/install/share PYTHONPATH=/home/toyat/dev/vrx_ros2/vrx_ws/install/lib/python3.12/site-packages:${PYTHONPATH} /usr/bin/cmake --build /home/toyat/dev/vrx_ros2/vrx_ws/build/vrx_gz -- -j8 -l8
[34.327s] Invoking command in '/home/toyat/dev/vrx_ros2/vrx_ws/build/vrx_gz': AMENT_PREFIX_PATH=/home/toyat/dev/vrx_ros2/vrx_ws/install:${AMENT_PREFIX_PATH} CMAKE_PREFIX_PATH=/home/toyat/dev/vrx_ros2/vrx_ws/install:/opt/ros/jazzy/opt/gz_sim_vendor:/opt/ros/jazzy/opt/gz_sensors_vendor:/opt/ros/jazzy/opt/gz_physics_vendor:/opt/ros/jazzy/opt/sdformat_vendor:/opt/ros/jazzy/opt/gz_gui_vendor:/opt/ros/jazzy/opt/gz_transport_vendor:/opt/ros/jazzy/opt/gz_rendering_vendor:/opt/ros/jazzy/opt/gz_plugin_vendor:/opt/ros/jazzy/opt/gz_fuel_tools_vendor:/opt/ros/jazzy/opt/gz_msgs_vendor:/opt/ros/jazzy/opt/gz_common_vendor:/opt/ros/jazzy/opt/gz_math_vendor:/opt/ros/jazzy/opt/gz_utils_vendor:/opt/ros/jazzy/opt/gz_tools_vendor:/opt/ros/jazzy/opt/gz_ogre_next_vendor:/opt/ros/jazzy/opt/gz_dartsim_vendor:/opt/ros/jazzy/opt/gz_cmake_vendor:/opt/ros/jazzy DEBUGINFOD_URLS=https://debuginfod.ubuntu.com GZ_SIM_RESOURCE_PATH=/home/toyat/dev/vrx_ros2/vrx_ws/install/share/wamv_description/models:/home/toyat/dev/vrx_ros2/vrx_ws/install/share/vrx_gazebo/models:/home/toyat/dev/vrx_ros2/vrx_ws/install/share PYTHONPATH=/home/toyat/dev/vrx_ros2/vrx_ws/install/lib/python3.12/site-packages:${PYTHONPATH} /usr/bin/cmake --install /home/toyat/dev/vrx_ros2/vrx_ws/build/vrx_gz
[34.338s] -- Install configuration: ""
[34.338s] -- Installing: /home/toyat/dev/vrx_ros2/vrx_ws/install/share/vrx_gz/environment/resource_paths.dsv
[34.338s] -- Installing: /home/toyat/dev/vrx_ros2/vrx_ws/install/share/vrx_gz/environment/resource_paths.sh
[34.339s] -- Installing: /home/toyat/dev/vrx_ros2/vrx_ws/install/lib/libWaves.so
[34.340s] -- Set non-toolchain portion of runtime path of "/home/toyat/dev/vrx_ros2/vrx_ws/install/lib/libWaves.so" to ""
[34.340s] -- Installing: /home/toyat/dev/vrx_ros2/vrx_ws/install/lib/libPolyhedraBuoyancyDrag.so
[34.341s] -- Set non-toolchain portion of runtime path of "/home/toyat/dev/vrx_ros2/vrx_ws/install/lib/libPolyhedraBuoyancyDrag.so" to ""
[34.342s] -- Installing: /home/toyat/dev/vrx_ros2/vrx_ws/install/lib/libScoringPlugin.so
[34.344s] -- Set non-toolchain portion of runtime path of "/home/toyat/dev/vrx_ros2/vrx_ws/install/lib/libScoringPlugin.so" to ""
[34.344s] -- Installing: /home/toyat/dev/vrx_ros2/vrx_ws/install/lib/libStationkeepingScoringPlugin.so
[34.347s] -- Set non-toolchain portion of runtime path of "/home/toyat/dev/vrx_ros2/vrx_ws/install/lib/libStationkeepingScoringPlugin.so" to ""
[34.347s] -- Installing: /home/toyat/dev/vrx_ros2/vrx_ws/install/lib/libWayfindingScoringPlugin.so
[34.350s] -- Set non-toolchain portion of runtime path of "/home/toyat/dev/vrx_ros2/vrx_ws/install/lib/libWayfindingScoringPlugin.so" to ""
[34.350s] -- Installing: /home/toyat/dev/vrx_ros2/vrx_ws/install/lib/libAcousticPerceptionScoringPlugin.so
[34.353s] -- Set non-toolchain portion of runtime path of "/home/toyat/dev/vrx_ros2/vrx_ws/install/lib/libAcousticPerceptionScoringPlugin.so" to ""
[34.353s] -- Installing: /home/toyat/dev/vrx_ros2/vrx_ws/install/lib/libAcousticTrackingScoringPlugin.so
[34.355s] -- Set non-toolchain portion of runtime path of "/home/toyat/dev/vrx_ros2/vrx_ws/install/lib/libAcousticTrackingScoringPlugin.so" to ""
[34.356s] -- Installing: /home/toyat/dev/vrx_ros2/vrx_ws/install/lib/libAcousticPingerPlugin.so
[34.358s] -- Set non-toolchain portion of runtime path of "/home/toyat/dev/vrx_ros2/vrx_ws/install/lib/libAcousticPingerPlugin.so" to ""
[34.358s] -- Installing: /home/toyat/dev/vrx_ros2/vrx_ws/install/lib/libBallShooterPlugin.so
[34.361s] -- Set non-toolchain portion of runtime path of "/home/toyat/dev/vrx_ros2/vrx_ws/install/lib/libBallShooterPlugin.so" to ""
[34.361s] -- Installing: /home/toyat/dev/vrx_ros2/vrx_ws/install/lib/libLightBuoyPlugin.so
[34.363s] -- Set non-toolchain portion of runtime path of "/home/toyat/dev/vrx_ros2/vrx_ws/install/lib/libLightBuoyPlugin.so" to ""
[34.363s] -- Installing: /home/toyat/dev/vrx_ros2/vrx_ws/install/lib/libNavigationScoringPlugin.so
[34.366s] -- Set non-toolchain portion of runtime path of "/home/toyat/dev/vrx_ros2/vrx_ws/install/lib/libNavigationScoringPlugin.so" to ""
[34.366s] -- Installing: /home/toyat/dev/vrx_ros2/vrx_ws/install/lib/libGymkhanaScoringPlugin.so
[34.368s] -- Set non-toolchain portion of runtime path of "/home/toyat/dev/vrx_ros2/vrx_ws/install/lib/libGymkhanaScoringPlugin.so" to ""
[34.369s] -- Installing: /home/toyat/dev/vrx_ros2/vrx_ws/install/lib/libPerceptionScoringPlugin.so
[34.371s] -- Set non-toolchain portion of runtime path of "/home/toyat/dev/vrx_ros2/vrx_ws/install/lib/libPerceptionScoringPlugin.so" to ""
[34.371s] -- Installing: /home/toyat/dev/vrx_ros2/vrx_ws/install/lib/libPlacardPlugin.so
[34.373s] -- Set non-toolchain portion of runtime path of "/home/toyat/dev/vrx_ros2/vrx_ws/install/lib/libPlacardPlugin.so" to ""
[34.373s] -- Installing: /home/toyat/dev/vrx_ros2/vrx_ws/install/lib/libPublisherPlugin.so
[34.375s] -- Set non-toolchain portion of runtime path of "/home/toyat/dev/vrx_ros2/vrx_ws/install/lib/libPublisherPlugin.so" to ""
[34.375s] -- Installing: /home/toyat/dev/vrx_ros2/vrx_ws/install/lib/libScanDockScoringPlugin.so
[34.378s] -- Set non-toolchain portion of runtime path of "/home/toyat/dev/vrx_ros2/vrx_ws/install/lib/libScanDockScoringPlugin.so" to ""
[34.378s] -- Installing: /home/toyat/dev/vrx_ros2/vrx_ws/install/lib/libSimpleHydrodynamics.so
[34.379s] -- Set non-toolchain portion of runtime path of "/home/toyat/dev/vrx_ros2/vrx_ws/install/lib/libSimpleHydrodynamics.so" to ""
[34.379s] -- Installing: /home/toyat/dev/vrx_ros2/vrx_ws/install/lib/libSurface.so
[34.380s] -- Set non-toolchain portion of runtime path of "/home/toyat/dev/vrx_ros2/vrx_ws/install/lib/libSurface.so" to ""
[34.381s] -- Installing: /home/toyat/dev/vrx_ros2/vrx_ws/install/lib/libUSVWind.so
[34.382s] -- Set non-toolchain portion of runtime path of "/home/toyat/dev/vrx_ros2/vrx_ws/install/lib/libUSVWind.so" to ""
[34.382s] -- Installing: /home/toyat/dev/vrx_ros2/vrx_ws/install/lib/libWaveVisual.so
[34.384s] -- Set non-toolchain portion of runtime path of "/home/toyat/dev/vrx_ros2/vrx_ws/install/lib/libWaveVisual.so" to ""
[34.384s] -- Installing: /home/toyat/dev/vrx_ros2/vrx_ws/install/lib/libWildlifeScoringPlugin.so
[34.386s] -- Set non-toolchain portion of runtime path of "/home/toyat/dev/vrx_ros2/vrx_ws/install/lib/libWildlifeScoringPlugin.so" to ""
[34.386s] -- Installing: /home/toyat/dev/vrx_ros2/vrx_ws/install/share/vrx_gz/environment/pythonpath.sh
[34.386s] -- Installing: /home/toyat/dev/vrx_ros2/vrx_ws/install/share/vrx_gz/environment/pythonpath.dsv
[34.386s] -- Installing: /home/toyat/dev/vrx_ros2/vrx_ws/install/lib/python3.12/site-packages/vrx_gz-0.0.0-py3.12.egg-info
[34.387s] -- Installing: /home/toyat/dev/vrx_ros2/vrx_ws/install/lib/python3.12/site-packages/vrx_gz-0.0.0-py3.12.egg-info/dependency_links.txt
[34.387s] -- Installing: /home/toyat/dev/vrx_ros2/vrx_ws/install/lib/python3.12/site-packages/vrx_gz-0.0.0-py3.12.egg-info/SOURCES.txt
[34.387s] -- Installing: /home/toyat/dev/vrx_ros2/vrx_ws/install/lib/python3.12/site-packages/vrx_gz-0.0.0-py3.12.egg-info/top_level.txt
[34.387s] -- Installing: /home/toyat/dev/vrx_ros2/vrx_ws/install/lib/python3.12/site-packages/vrx_gz-0.0.0-py3.12.egg-info/PKG-INFO
[34.387s] -- Installing: /home/toyat/dev/vrx_ros2/vrx_ws/install/lib/python3.12/site-packages/vrx_gz
[34.387s] -- Installing: /home/toyat/dev/vrx_ros2/vrx_ws/install/lib/python3.12/site-packages/vrx_gz/bridges.py
[34.387s] -- Installing: /home/toyat/dev/vrx_ros2/vrx_ws/install/lib/python3.12/site-packages/vrx_gz/payload_bridges.py
[34.387s] -- Installing: /home/toyat/dev/vrx_ros2/vrx_ws/install/lib/python3.12/site-packages/vrx_gz/bridge.py
[34.387s] -- Installing: /home/toyat/dev/vrx_ros2/vrx_ws/install/lib/python3.12/site-packages/vrx_gz/__init__.py
[34.388s] -- Installing: /home/toyat/dev/vrx_ros2/vrx_ws/install/lib/python3.12/site-packages/vrx_gz/model.py
[34.388s] -- Installing: /home/toyat/dev/vrx_ros2/vrx_ws/install/lib/python3.12/site-packages/vrx_gz/launch.py
[34.489s] Listing '/home/toyat/dev/vrx_ros2/vrx_ws/install/lib/python3.12/site-packages/vrx_gz'...
[34.489s] Compiling '/home/toyat/dev/vrx_ros2/vrx_ws/install/lib/python3.12/site-packages/vrx_gz/__init__.py'...
[34.489s] Compiling '/home/toyat/dev/vrx_ros2/vrx_ws/install/lib/python3.12/site-packages/vrx_gz/bridge.py'...
[34.490s] Compiling '/home/toyat/dev/vrx_ros2/vrx_ws/install/lib/python3.12/site-packages/vrx_gz/bridges.py'...
[34.490s] Compiling '/home/toyat/dev/vrx_ros2/vrx_ws/install/lib/python3.12/site-packages/vrx_gz/launch.py'...
[34.490s] Compiling '/home/toyat/dev/vrx_ros2/vrx_ws/install/lib/python3.12/site-packages/vrx_gz/model.py'...
[34.490s] Compiling '/home/toyat/dev/vrx_ros2/vrx_ws/install/lib/python3.12/site-packages/vrx_gz/payload_bridges.py'...
[34.496s] -- Installing: /home/toyat/dev/vrx_ros2/vrx_ws/install/share/vrx_gz/config
[34.496s] -- Installing: /home/toyat/dev/vrx_ros2/vrx_ws/install/share/vrx_gz/config/wamv.yaml
[34.497s] -- Installing: /home/toyat/dev/vrx_ros2/vrx_ws/install/share/vrx_gz/config/roboboat.yaml
[34.497s] -- Installing: /home/toyat/dev/vrx_ros2/vrx_ws/install/share/vrx_gz/launch
[34.497s] -- Installing: /home/toyat/dev/vrx_ros2/vrx_ws/install/share/vrx_gz/launch/usv_joy_teleop.py
[34.497s] -- Installing: /home/toyat/dev/vrx_ros2/vrx_ws/install/share/vrx_gz/launch/spawn_config.launch.py
[34.497s] -- Installing: /home/toyat/dev/vrx_ros2/vrx_ws/install/share/vrx_gz/launch/vrx_environment.launch.py
[34.498s] -- Installing: /home/toyat/dev/vrx_ros2/vrx_ws/install/share/vrx_gz/launch/competition.launch.py
[34.498s] -- Installing: /home/toyat/dev/vrx_ros2/vrx_ws/install/share/vrx_gz/launch/spawn.launch.py
[34.498s] -- Installing: /home/toyat/dev/vrx_ros2/vrx_ws/install/share/vrx_gz/models
[34.499s] -- Installing: /home/toyat/dev/vrx_ros2/vrx_ws/install/share/vrx_gz/models/roboboat_cpubox
[34.499s] -- Installing: /home/toyat/dev/vrx_ros2/vrx_ws/install/share/vrx_gz/models/roboboat_cpubox/meshes
[34.499s] -- Installing: /home/toyat/dev/vrx_ros2/vrx_ws/install/share/vrx_gz/models/roboboat_cpubox/meshes/drybox.dae
[34.500s] -- Installing: /home/toyat/dev/vrx_ros2/vrx_ws/install/share/vrx_gz/models/roboboat_cpubox/materials
[34.500s] -- Installing: /home/toyat/dev/vrx_ros2/vrx_ws/install/share/vrx_gz/models/roboboat_cpubox/materials/textures
[34.500s] -- Installing: /home/toyat/dev/vrx_ros2/vrx_ws/install/share/vrx_gz/models/roboboat_cpubox/materials/textures/DryBox_Albedo.png
[34.510s] -- Installing: /home/toyat/dev/vrx_ros2/vrx_ws/install/share/vrx_gz/models/roboboat_cpubox/materials/textures/DryBox_Roughness.png
[34.527s] -- Installing: /home/toyat/dev/vrx_ros2/vrx_ws/install/share/vrx_gz/models/roboboat_cpubox/model.sdf
[34.527s] -- Installing: /home/toyat/dev/vrx_ros2/vrx_ws/install/share/vrx_gz/models/roboboat_cpubox/model.config
[34.527s] -- Installing: /home/toyat/dev/vrx_ros2/vrx_ws/install/share/vrx_gz/models/robotx_light_buoy_rbg
[34.527s] -- Installing: /home/toyat/dev/vrx_ros2/vrx_ws/install/share/vrx_gz/models/robotx_light_buoy_rbg/model.sdf
[34.527s] -- Installing: /home/toyat/dev/vrx_ros2/vrx_ws/install/share/vrx_gz/models/robotx_light_buoy_rbg/model.config
[34.528s] -- Installing: /home/toyat/dev/vrx_ros2/vrx_ws/install/share/vrx_gz/models/short_navigation_course_3
[34.528s] -- Installing: /home/toyat/dev/vrx_ros2/vrx_ws/install/share/vrx_gz/models/short_navigation_course_3/model.sdf
[34.528s] -- Installing: /home/toyat/dev/vrx_ros2/vrx_ws/install/share/vrx_gz/models/short_navigation_course_3/model.config
[34.529s] -- Installing: /home/toyat/dev/vrx_ros2/vrx_ws/install/share/vrx_gz/models/obstacle_course
[34.529s] -- Installing: /home/toyat/dev/vrx_ros2/vrx_ws/install/share/vrx_gz/models/obstacle_course/model.sdf
[34.530s] -- Installing: /home/toyat/dev/vrx_ros2/vrx_ws/install/share/vrx_gz/models/obstacle_course/model.config
[34.530s] -- Installing: /home/toyat/dev/vrx_ros2/vrx_ws/install/share/vrx_gz/models/dock_block_4x4
[34.530s] -- Installing: /home/toyat/dev/vrx_ros2/vrx_ws/install/share/vrx_gz/models/dock_block_4x4/model.sdf
[34.530s] -- Installing: /home/toyat/dev/vrx_ros2/vrx_ws/install/share/vrx_gz/models/dock_block_4x4/model.config
[34.531s] -- Installing: /home/toyat/dev/vrx_ros2/vrx_ws/install/share/vrx_gz/models/dock_block_4x4/mesh
[34.531s] -- Installing: /home/toyat/dev/vrx_ros2/vrx_ws/install/share/vrx_gz/models/dock_block_4x4/mesh/DockCubes_Normal.png
[34.576s] -- Installing: /home/toyat/dev/vrx_ros2/vrx_ws/install/share/vrx_gz/models/dock_block_4x4/mesh/DockCubes_Albedo.png
[34.577s] -- Installing: /home/toyat/dev/vrx_ros2/vrx_ws/install/share/vrx_gz/models/dock_block_4x4/mesh/DockCubes_Metalness.png
[34.577s] -- Installing: /home/toyat/dev/vrx_ros2/vrx_ws/install/share/vrx_gz/models/dock_block_4x4/mesh/DockCubes_Roughness.png
[34.579s] -- Installing: /home/toyat/dev/vrx_ros2/vrx_ws/install/share/vrx_gz/models/dock_block_4x4/mesh/dock_block_4x4.dae
[34.582s] -- Installing: /home/toyat/dev/vrx_ros2/vrx_ws/install/share/vrx_gz/models/short_course_2023_phase3_1
[34.582s] -- Installing: /home/toyat/dev/vrx_ros2/vrx_ws/install/share/vrx_gz/models/short_course_2023_phase3_1/model.sdf
[34.582s] -- Installing: /home/toyat/dev/vrx_ros2/vrx_ws/install/share/vrx_gz/models/short_course_2023_phase3_1/model.config
[34.582s] -- Installing: /home/toyat/dev/vrx_ros2/vrx_ws/install/share/vrx_gz/models/robotx_light_buoy_gbr
[34.583s] -- Installing: /home/toyat/dev/vrx_ros2/vrx_ws/install/share/vrx_gz/models/robotx_light_buoy_gbr/model.sdf
[34.583s] -- Installing: /home/toyat/dev/vrx_ros2/vrx_ws/install/share/vrx_gz/models/robotx_light_buoy_gbr/model.config
[34.583s] -- Installing: /home/toyat/dev/vrx_ros2/vrx_ws/install/share/vrx_gz/models/coast_waves
[34.584s] -- Installing: /home/toyat/dev/vrx_ros2/vrx_ws/install/share/vrx_gz/models/coast_waves/meshes
[34.584s] -- Installing: /home/toyat/dev/vrx_ros2/vrx_ws/install/share/vrx_gz/models/coast_waves/meshes/waterlow.dae
[34.608s] -- Installing: /home/toyat/dev/vrx_ros2/vrx_ws/install/share/vrx_gz/models/coast_waves/materials
[34.608s] -- Installing: /home/toyat/dev/vrx_ros2/vrx_ws/install/share/vrx_gz/models/coast_waves/materials/programs
[34.608s] -- Installing: /home/toyat/dev/vrx_ros2/vrx_ws/install/share/vrx_gz/models/coast_waves/materials/programs/GerstnerWaves_vs_330.glsl
[34.608s] -- Installing: /home/toyat/dev/vrx_ros2/vrx_ws/install/share/vrx_gz/models/coast_waves/materials/programs/GerstnerWaves_fs_330.glsl
[34.608s] -- Installing: /home/toyat/dev/vrx_ros2/vrx_ws/install/share/vrx_gz/models/coast_waves/materials/textures
[34.609s] -- Installing: /home/toyat/dev/vrx_ros2/vrx_ws/install/share/vrx_gz/models/coast_waves/materials/textures/wave_normals.dds
[34.609s] -- Installing: /home/toyat/dev/vrx_ros2/vrx_ws/install/share/vrx_gz/models/coast_waves/materials/textures/skybox_lowres.dds
[34.612s] -- Installing: /home/toyat/dev/vrx_ros2/vrx_ws/install/share/vrx_gz/models/coast_waves/model.sdf
[34.612s] -- Installing: /home/toyat/dev/vrx_ros2/vrx_ws/install/share/vrx_gz/models/coast_waves/model.config
[34.612s] -- Installing: /home/toyat/dev/vrx_ros2/vrx_ws/install/share/vrx_gz/models/articulated_platform
[34.612s] -- Installing: /home/toyat/dev/vrx_ros2/vrx_ws/install/share/vrx_gz/models/articulated_platform/model.sdf
[34.613s] -- Installing: /home/toyat/dev/vrx_ros2/vrx_ws/install/share/vrx_gz/models/articulated_platform/model.config
[34.613s] -- Installing: /home/toyat/dev/vrx_ros2/vrx_ws/install/share/vrx_gz/models/dock_2022_base
[34.613s] -- Installing: /home/toyat/dev/vrx_ros2/vrx_ws/install/share/vrx_gz/models/dock_2022_base/model.sdf
[34.613s] -- Installing: /home/toyat/dev/vrx_ros2/vrx_ws/install/share/vrx_gz/models/dock_2022_base/model.config
[34.613s] -- Installing: /home/toyat/dev/vrx_ros2/vrx_ws/install/share/vrx_gz/models/dock_2022
[34.613s] -- Installing: /home/toyat/dev/vrx_ros2/vrx_ws/install/share/vrx_gz/models/dock_2022/model.sdf
[34.614s] -- Installing: /home/toyat/dev/vrx_ros2/vrx_ws/install/share/vrx_gz/models/dock_2022/model.config
[34.614s] -- Installing: /home/toyat/dev/vrx_ros2/vrx_ws/install/share/vrx_gz/models/placard_2022
[34.614s] -- Installing: /home/toyat/dev/vrx_ros2/vrx_ws/install/share/vrx_gz/models/placard_2022/meshes
[34.614s] -- Installing: /home/toyat/dev/vrx_ros2/vrx_ws/install/share/vrx_gz/models/placard_2022/meshes/placard_2022.dae
[34.614s] -- Installing: /home/toyat/dev/vrx_ros2/vrx_ws/install/share/vrx_gz/models/placard_2022/materials
[34.615s] -- Installing: /home/toyat/dev/vrx_ros2/vrx_ws/install/share/vrx_gz/models/placard_2022/materials/textures
[34.615s] -- Installing: /home/toyat/dev/vrx_ros2/vrx_ws/install/share/vrx_gz/models/placard_2022/materials/textures/Placard.png
[34.615s] -- Installing: /home/toyat/dev/vrx_ros2/vrx_ws/install/share/vrx_gz/models/placard_2022/model.sdf
[34.615s] -- Installing: /home/toyat/dev/vrx_ros2/vrx_ws/install/share/vrx_gz/models/placard_2022/model.config
[34.616s] -- Installing: /home/toyat/dev/vrx_ros2/vrx_ws/install/share/vrx_gz/models/robotx_light_buoy_bgr
[34.616s] -- Installing: /home/toyat/dev/vrx_ros2/vrx_ws/install/share/vrx_gz/models/robotx_light_buoy_bgr/model.sdf
[34.616s] -- Installing: /home/toyat/dev/vrx_ros2/vrx_ws/install/share/vrx_gz/models/robotx_light_buoy_bgr/model.config
[34.616s] -- Installing: /home/toyat/dev/vrx_ros2/vrx_ws/install/share/vrx_gz/models/short_course_2023_phase3_2
[34.617s] -- Installing: /home/toyat/dev/vrx_ros2/vrx_ws/install/share/vrx_gz/models/short_course_2023_phase3_2/model.sdf
[34.617s] -- Installing: /home/toyat/dev/vrx_ros2/vrx_ws/install/share/vrx_gz/models/short_course_2023_phase3_2/model.config
[34.617s] -- Installing: /home/toyat/dev/vrx_ros2/vrx_ws/install/share/vrx_gz/models/short_navigation_course_4
[34.618s] -- Installing: /home/toyat/dev/vrx_ros2/vrx_ws/install/share/vrx_gz/models/short_navigation_course_4/model.sdf
[34.618s] -- Installing: /home/toyat/dev/vrx_ros2/vrx_ws/install/share/vrx_gz/models/short_navigation_course_4/model.config
[34.618s] -- Installing: /home/toyat/dev/vrx_ros2/vrx_ws/install/share/vrx_gz/models/robotx_light_buoy_yrg
[34.618s] -- Installing: /home/toyat/dev/vrx_ros2/vrx_ws/install/share/vrx_gz/models/robotx_light_buoy_yrg/model.sdf
[34.618s] -- Installing: /home/toyat/dev/vrx_ros2/vrx_ws/install/share/vrx_gz/models/robotx_light_buoy_yrg/model.config
[34.618s] -- Installing: /home/toyat/dev/vrx_ros2/vrx_ws/install/share/vrx_gz/models/short_navigation_course_1
[34.618s] -- Installing: /home/toyat/dev/vrx_ros2/vrx_ws/install/share/vrx_gz/models/short_navigation_course_1/model.sdf
[34.619s] -- Installing: /home/toyat/dev/vrx_ros2/vrx_ws/install/share/vrx_gz/models/short_navigation_course_1/model.config
[34.619s] -- Installing: /home/toyat/dev/vrx_ros2/vrx_ws/install/share/vrx_gz/models/platform
[34.619s] -- Installing: /home/toyat/dev/vrx_ros2/vrx_ws/install/share/vrx_gz/models/platform/model.sdf
[34.619s] -- Installing: /home/toyat/dev/vrx_ros2/vrx_ws/install/share/vrx_gz/models/platform/model.config
[34.619s] -- Installing: /home/toyat/dev/vrx_ros2/vrx_ws/install/share/vrx_gz/models/robotx_light_buoy_rgy
[34.619s] -- Installing: /home/toyat/dev/vrx_ros2/vrx_ws/install/share/vrx_gz/models/robotx_light_buoy_rgy/model.sdf
[34.619s] -- Installing: /home/toyat/dev/vrx_ros2/vrx_ws/install/share/vrx_gz/models/robotx_light_buoy_rgy/model.config
[34.619s] -- Installing: /home/toyat/dev/vrx_ros2/vrx_ws/install/share/vrx_gz/models/short_navigation_course_0
[34.619s] -- Installing: /home/toyat/dev/vrx_ros2/vrx_ws/install/share/vrx_gz/models/short_navigation_course_0/model.sdf
[34.619s] -- Installing: /home/toyat/dev/vrx_ros2/vrx_ws/install/share/vrx_gz/models/short_navigation_course_0/model.config
[34.620s] -- Installing: /home/toyat/dev/vrx_ros2/vrx_ws/install/share/vrx_gz/models/roboboat02
[34.620s] -- Installing: /home/toyat/dev/vrx_ros2/vrx_ws/install/share/vrx_gz/models/roboboat02/meshes
[34.620s] -- Installing: /home/toyat/dev/vrx_ros2/vrx_ws/install/share/vrx_gz/models/roboboat02/meshes/roboboat02.dae
[34.622s] -- Installing: /home/toyat/dev/vrx_ros2/vrx_ws/install/share/vrx_gz/models/roboboat02/materials
[34.622s] -- Installing: /home/toyat/dev/vrx_ros2/vrx_ws/install/share/vrx_gz/models/roboboat02/materials/scripts
[34.623s] -- Installing: /home/toyat/dev/vrx_ros2/vrx_ws/install/share/vrx_gz/models/roboboat02/materials/scripts/model.material
[34.623s] -- Installing: /home/toyat/dev/vrx_ros2/vrx_ws/install/share/vrx_gz/models/roboboat02/materials/textures
[34.623s] -- Installing: /home/toyat/dev/vrx_ros2/vrx_ws/install/share/vrx_gz/models/roboboat02/materials/textures/Boat02_Albedo.png
[34.630s] -- Installing: /home/toyat/dev/vrx_ros2/vrx_ws/install/share/vrx_gz/models/roboboat02/materials/textures/Boat02_Roughness.png
[34.636s] -- Installing: /home/toyat/dev/vrx_ros2/vrx_ws/install/share/vrx_gz/models/roboboat02/materials/textures/Boat02_Metallic.png
[34.638s] -- Installing: /home/toyat/dev/vrx_ros2/vrx_ws/install/share/vrx_gz/models/roboboat02/materials/textures/Boat02_Normal.png
[34.641s] -- Installing: /home/toyat/dev/vrx_ros2/vrx_ws/install/share/vrx_gz/models/roboboat02/model.sdf
[34.641s] -- Installing: /home/toyat/dev/vrx_ros2/vrx_ws/install/share/vrx_gz/models/roboboat02/model.config
[34.641s] -- Installing: /home/toyat/dev/vrx_ros2/vrx_ws/install/share/vrx_gz/models/entrance_exit
[34.641s] -- Installing: /home/toyat/dev/vrx_ros2/vrx_ws/install/share/vrx_gz/models/entrance_exit/model.sdf
[34.642s] -- Installing: /home/toyat/dev/vrx_ros2/vrx_ws/install/share/vrx_gz/models/entrance_exit/model.config
[34.642s] -- Installing: /home/toyat/dev/vrx_ros2/vrx_ws/install/share/vrx_gz/models/short_navigation_course_2
[34.642s] -- Installing: /home/toyat/dev/vrx_ros2/vrx_ws/install/share/vrx_gz/models/short_navigation_course_2/model.sdf
[34.642s] -- Installing: /home/toyat/dev/vrx_ros2/vrx_ws/install/share/vrx_gz/models/short_navigation_course_2/model.config
[34.642s] -- Installing: /home/toyat/dev/vrx_ros2/vrx_ws/install/share/vrx_gz/models/robotx_light_buoy_bgy
[34.642s] -- Installing: /home/toyat/dev/vrx_ros2/vrx_ws/install/share/vrx_gz/models/robotx_light_buoy_bgy/model.sdf
[34.643s] -- Installing: /home/toyat/dev/vrx_ros2/vrx_ws/install/share/vrx_gz/models/robotx_light_buoy_bgy/model.config
[34.643s] -- Installing: /home/toyat/dev/vrx_ros2/vrx_ws/install/share/vrx_gz/models/symbol_triangle
[34.643s] -- Installing: /home/toyat/dev/vrx_ros2/vrx_ws/install/share/vrx_gz/models/symbol_triangle/model.sdf
[34.643s] -- Installing: /home/toyat/dev/vrx_ros2/vrx_ws/install/share/vrx_gz/models/symbol_triangle/model.config
[34.644s] -- Installing: /home/toyat/dev/vrx_ros2/vrx_ws/install/share/vrx_gz/models/symbol_triangle/mesh
[34.644s] -- Installing: /home/toyat/dev/vrx_ros2/vrx_ws/install/share/vrx_gz/models/symbol_triangle/mesh/triangle.dae
[34.644s] -- Installing: /home/toyat/dev/vrx_ros2/vrx_ws/install/share/vrx_gz/models/robotx_light_buoy_ybr
[34.644s] -- Installing: /home/toyat/dev/vrx_ros2/vrx_ws/install/share/vrx_gz/models/robotx_light_buoy_ybr/model.sdf
[34.644s] -- Installing: /home/toyat/dev/vrx_ros2/vrx_ws/install/share/vrx_gz/models/robotx_light_buoy_ybr/model.config
[34.645s] -- Installing: /home/toyat/dev/vrx_ros2/vrx_ws/install/share/vrx_gz/models/roboboat01
[34.645s] -- Installing: /home/toyat/dev/vrx_ros2/vrx_ws/install/share/vrx_gz/models/roboboat01/meshes
[34.645s] -- Installing: /home/toyat/dev/vrx_ros2/vrx_ws/install/share/vrx_gz/models/roboboat01/meshes/mount.dae
[34.645s] -- Installing: /home/toyat/dev/vrx_ros2/vrx_ws/install/share/vrx_gz/models/roboboat01/meshes/roboboat01.dae
[34.647s] -- Installing: /home/toyat/dev/vrx_ros2/vrx_ws/install/share/vrx_gz/models/roboboat01/meshes/prop.dae
[34.647s] -- Installing: /home/toyat/dev/vrx_ros2/vrx_ws/install/share/vrx_gz/models/roboboat01/meshes/housing.dae
[34.648s] -- Installing: /home/toyat/dev/vrx_ros2/vrx_ws/install/share/vrx_gz/models/roboboat01/materials
[34.648s] -- Installing: /home/toyat/dev/vrx_ros2/vrx_ws/install/share/vrx_gz/models/roboboat01/materials/scripts
[34.648s] -- Installing: /home/toyat/dev/vrx_ros2/vrx_ws/install/share/vrx_gz/models/roboboat01/materials/scripts/model.material
[34.649s] -- Installing: /home/toyat/dev/vrx_ros2/vrx_ws/install/share/vrx_gz/models/roboboat01/materials/textures
[34.649s] -- Installing: /home/toyat/dev/vrx_ros2/vrx_ws/install/share/vrx_gz/models/roboboat01/materials/textures/Thruster_Roughness.png
[34.651s] -- Installing: /home/toyat/dev/vrx_ros2/vrx_ws/install/share/vrx_gz/models/roboboat01/materials/textures/Boat01_Metallic.png
[34.651s] -- Installing: /home/toyat/dev/vrx_ros2/vrx_ws/install/share/vrx_gz/models/roboboat01/materials/textures/Boat01_Roughness.png
[34.656s] -- Installing: /home/toyat/dev/vrx_ros2/vrx_ws/install/share/vrx_gz/models/roboboat01/materials/textures/Thruster_Albedo.png
[34.658s] -- Installing: /home/toyat/dev/vrx_ros2/vrx_ws/install/share/vrx_gz/models/roboboat01/materials/textures/Boat01_Albedo.png
[34.667s] -- Installing: /home/toyat/dev/vrx_ros2/vrx_ws/install/share/vrx_gz/models/roboboat01/materials/textures/Boat01_Normal.png
[34.670s] -- Installing: /home/toyat/dev/vrx_ros2/vrx_ws/install/share/vrx_gz/models/roboboat01/model.sdf
[34.670s] -- Installing: /home/toyat/dev/vrx_ros2/vrx_ws/install/share/vrx_gz/models/roboboat01/model.config
[34.670s] -- Installing: /home/toyat/dev/vrx_ros2/vrx_ws/install/share/vrx_gz/models/short_navigation_course_5
[34.670s] -- Installing: /home/toyat/dev/vrx_ros2/vrx_ws/install/share/vrx_gz/models/short_navigation_course_5/model.sdf
[34.671s] -- Installing: /home/toyat/dev/vrx_ros2/vrx_ws/install/share/vrx_gz/models/short_navigation_course_5/model.config
[34.671s] -- Installing: /home/toyat/dev/vrx_ros2/vrx_ws/install/share/vrx_gz/models/robotx_light_buoy_ygb
[34.671s] -- Installing: /home/toyat/dev/vrx_ros2/vrx_ws/install/share/vrx_gz/models/robotx_light_buoy_ygb/model.sdf
[34.671s] -- Installing: /home/toyat/dev/vrx_ros2/vrx_ws/install/share/vrx_gz/models/robotx_light_buoy_ygb/model.config
[34.671s] -- Installing: /home/toyat/dev/vrx_ros2/vrx_ws/install/share/vrx_gz/models/robotx_light_buoy_rgb
[34.671s] -- Installing: /home/toyat/dev/vrx_ros2/vrx_ws/install/share/vrx_gz/models/robotx_light_buoy_rgb/model.sdf
[34.671s] -- Installing: /home/toyat/dev/vrx_ros2/vrx_ws/install/share/vrx_gz/models/robotx_light_buoy_rgb/model.config
[34.671s] -- Installing: /home/toyat/dev/vrx_ros2/vrx_ws/install/share/vrx_gz/models/robotx_light_buoy_rgb/mesh
[34.672s] -- Installing: /home/toyat/dev/vrx_ros2/vrx_ws/install/share/vrx_gz/models/robotx_light_buoy_rgb/mesh/LightTower_Albedo.png
[34.675s] -- Installing: /home/toyat/dev/vrx_ros2/vrx_ws/install/share/vrx_gz/models/robotx_light_buoy_rgb/mesh/LightTower_Opacity.png
[34.675s] -- Installing: /home/toyat/dev/vrx_ros2/vrx_ws/install/share/vrx_gz/models/robotx_light_buoy_rgb/mesh/LightTower_Roughness.png
[34.677s] -- Installing: /home/toyat/dev/vrx_ros2/vrx_ws/install/share/vrx_gz/models/robotx_light_buoy_rgb/mesh/robotx_light_buoy.dae
[34.679s] -- Installing: /home/toyat/dev/vrx_ros2/vrx_ws/install/share/vrx_gz/models/robotx_light_buoy_rgb/mesh/LightTower_Normal.png
[34.684s] -- Installing: /home/toyat/dev/vrx_ros2/vrx_ws/install/share/vrx_gz/models/robotx_light_buoy_rgb/mesh/LightTower_Metalness.png
[34.685s] -- Installing: /home/toyat/dev/vrx_ros2/vrx_ws/install/share/vrx_gz/worlds
[34.685s] -- Installing: /home/toyat/dev/vrx_ros2/vrx_ws/install/share/vrx_gz/worlds/acoustic_tracking_task.sdf
[34.685s] -- Installing: /home/toyat/dev/vrx_ros2/vrx_ws/install/share/vrx_gz/worlds/wayfinding_task.sdf
[34.685s] -- Installing: /home/toyat/dev/vrx_ros2/vrx_ws/install/share/vrx_gz/worlds/follow_path_task.sdf
[34.686s] -- Installing: /home/toyat/dev/vrx_ros2/vrx_ws/install/share/vrx_gz/worlds/2023_practice
[34.686s] -- Installing: /home/toyat/dev/vrx_ros2/vrx_ws/install/share/vrx_gz/worlds/2023_practice/practice_2023_follow_path2_task.sdf
[34.686s] -- Installing: /home/toyat/dev/vrx_ros2/vrx_ws/install/share/vrx_gz/worlds/2023_practice/practice_2023_acoustic_perception0_task.sdf
[34.686s] -- Installing: /home/toyat/dev/vrx_ros2/vrx_ws/install/share/vrx_gz/worlds/2023_practice/practice_2023_stationkeeping1_task.sdf
[34.687s] -- Installing: /home/toyat/dev/vrx_ros2/vrx_ws/install/share/vrx_gz/worlds/2023_practice/practice_2023_wayfinding0_task.sdf
[34.687s] -- Installing: /home/toyat/dev/vrx_ros2/vrx_ws/install/share/vrx_gz/worlds/2023_practice/practice_2023_perception1_task.sdf
[34.687s] -- Installing: /home/toyat/dev/vrx_ros2/vrx_ws/install/share/vrx_gz/worlds/2023_practice/practice_2023_scan_dock_deliver1_task.sdf
[34.687s] -- Installing: /home/toyat/dev/vrx_ros2/vrx_ws/install/share/vrx_gz/worlds/2023_practice/practice_2023_wildlife1_task.sdf
[34.688s] -- Installing: /home/toyat/dev/vrx_ros2/vrx_ws/install/share/vrx_gz/worlds/2023_practice/practice_2023_wildlife0_task.sdf
[34.688s] -- Installing: /home/toyat/dev/vrx_ros2/vrx_ws/install/share/vrx_gz/worlds/2023_practice/practice_2023_acoustic_tracking1_task.sdf
[34.688s] -- Installing: /home/toyat/dev/vrx_ros2/vrx_ws/install/share/vrx_gz/worlds/2023_practice/practice_2023_wayfinding2_task.sdf
[34.688s] -- Installing: /home/toyat/dev/vrx_ros2/vrx_ws/install/share/vrx_gz/worlds/2023_practice/practice_2023_perception2_task.sdf
[34.689s] -- Installing: /home/toyat/dev/vrx_ros2/vrx_ws/install/share/vrx_gz/worlds/2023_practice/practice_2023_stationkeeping2_task.sdf
[34.689s] -- Installing: /home/toyat/dev/vrx_ros2/vrx_ws/install/share/vrx_gz/worlds/2023_practice/practice_2023_stationkeeping0_task.sdf
[34.689s] -- Installing: /home/toyat/dev/vrx_ros2/vrx_ws/install/share/vrx_gz/worlds/2023_practice/practice_2023_wildlife2_task.sdf
[34.689s] -- Installing: /home/toyat/dev/vrx_ros2/vrx_ws/install/share/vrx_gz/worlds/2023_practice/practice_2023_wayfinding1_task.sdf
[34.689s] -- Installing: /home/toyat/dev/vrx_ros2/vrx_ws/install/share/vrx_gz/worlds/2023_practice/practice_2023_acoustic_perception1_task.sdf
[34.690s] -- Installing: /home/toyat/dev/vrx_ros2/vrx_ws/install/share/vrx_gz/worlds/2023_practice/practice_2023_acoustic_perception2_task.sdf
[34.690s] -- Installing: /home/toyat/dev/vrx_ros2/vrx_ws/install/share/vrx_gz/worlds/2023_practice/practice_2023_perception0_task.sdf
[34.690s] -- Installing: /home/toyat/dev/vrx_ros2/vrx_ws/install/share/vrx_gz/worlds/2023_practice/practice_2023_follow_path1_task.sdf
[34.690s] -- Installing: /home/toyat/dev/vrx_ros2/vrx_ws/install/share/vrx_gz/worlds/2023_practice/practice_2023_follow_path0_task.sdf
[34.691s] -- Installing: /home/toyat/dev/vrx_ros2/vrx_ws/install/share/vrx_gz/worlds/2023_practice/practice_2023_acoustic_tracking0_task.sdf
[34.691s] -- Installing: /home/toyat/dev/vrx_ros2/vrx_ws/install/share/vrx_gz/worlds/2023_practice/practice_2023_acoustic_tracking2_task.sdf
[34.691s] -- Installing: /home/toyat/dev/vrx_ros2/vrx_ws/install/share/vrx_gz/worlds/2023_practice/practice_2023_scan_dock_deliver0_task.sdf
[34.691s] -- Installing: /home/toyat/dev/vrx_ros2/vrx_ws/install/share/vrx_gz/worlds/2023_practice/practice_2023_scan_dock_deliver2_task.sdf
[34.691s] -- Installing: /home/toyat/dev/vrx_ros2/vrx_ws/install/share/vrx_gz/worlds/nbpark.sdf
[34.691s] -- Installing: /home/toyat/dev/vrx_ros2/vrx_ws/install/share/vrx_gz/worlds/perception_task.sdf
[34.692s] -- Installing: /home/toyat/dev/vrx_ros2/vrx_ws/install/share/vrx_gz/worlds/gymkhana_task.sdf
[34.692s] -- Installing: /home/toyat/dev/vrx_ros2/vrx_ws/install/share/vrx_gz/worlds/sydney_regatta.sdf
[34.692s] -- Installing: /home/toyat/dev/vrx_ros2/vrx_ws/install/share/vrx_gz/worlds/acoustic_perception_task.sdf
[34.692s] -- Installing: /home/toyat/dev/vrx_ros2/vrx_ws/install/share/vrx_gz/worlds/wildlife_task.sdf
[34.692s] -- Installing: /home/toyat/dev/vrx_ros2/vrx_ws/install/share/vrx_gz/worlds/2023_phase2
[34.693s] -- Installing: /home/toyat/dev/vrx_ros2/vrx_ws/install/share/vrx_gz/worlds/2023_phase2/phase2_2023_wayfinding1.sdf
[34.693s] -- Installing: /home/toyat/dev/vrx_ros2/vrx_ws/install/share/vrx_gz/worlds/2023_phase2/phase2_2023_acoustic_perception0.sdf
[34.693s] -- Installing: /home/toyat/dev/vrx_ros2/vrx_ws/install/share/vrx_gz/worlds/2023_phase2/phase2_2023_perception3.sdf
[34.694s] -- Installing: /home/toyat/dev/vrx_ros2/vrx_ws/install/share/vrx_gz/worlds/2023_phase2/phase2_2023_acoustic_tracking5.sdf
[34.694s] -- Installing: /home/toyat/dev/vrx_ros2/vrx_ws/install/share/vrx_gz/worlds/2023_phase2/phase2_2023_follow_path1.sdf
[34.694s] -- Installing: /home/toyat/dev/vrx_ros2/vrx_ws/install/share/vrx_gz/worlds/2023_phase2/phase2_2023_stationkeeping1.sdf
[34.694s] -- Installing: /home/toyat/dev/vrx_ros2/vrx_ws/install/share/vrx_gz/worlds/2023_phase2/phase2_2023_acoustic_perception2.sdf
[34.695s] -- Installing: /home/toyat/dev/vrx_ros2/vrx_ws/install/share/vrx_gz/worlds/2023_phase2/phase2_2023_acoustic_tracking0.sdf
[34.695s] -- Installing: /home/toyat/dev/vrx_ros2/vrx_ws/install/share/vrx_gz/worlds/2023_phase2/phase2_2023_wildlife3.sdf
[34.695s] -- Installing: /home/toyat/dev/vrx_ros2/vrx_ws/install/share/vrx_gz/worlds/2023_phase2/phase2_2023_wildlife1.sdf
[34.695s] -- Installing: /home/toyat/dev/vrx_ros2/vrx_ws/install/share/vrx_gz/worlds/2023_phase2/phase2_2023_acoustic_tracking2.sdf
[34.696s] -- Installing: /home/toyat/dev/vrx_ros2/vrx_ws/install/share/vrx_gz/worlds/2023_phase2/phase2_2023_wayfinding3.sdf
[34.696s] -- Installing: /home/toyat/dev/vrx_ros2/vrx_ws/install/share/vrx_gz/worlds/2023_phase2/phase2_2023_wayfinding0.sdf
[34.696s] -- Installing: /home/toyat/dev/vrx_ros2/vrx_ws/install/share/vrx_gz/worlds/2023_phase2/phase2_2023_wayfinding5.sdf
[34.696s] -- Installing: /home/toyat/dev/vrx_ros2/vrx_ws/install/share/vrx_gz/worlds/2023_phase2/phase2_2023_perception4.sdf
[34.696s] -- Installing: /home/toyat/dev/vrx_ros2/vrx_ws/install/share/vrx_gz/worlds/2023_phase2/phase2_2023_follow_path2.sdf
[34.697s] -- Installing: /home/toyat/dev/vrx_ros2/vrx_ws/install/share/vrx_gz/worlds/2023_phase2/phase2_2023_perception5.sdf
[34.697s] -- Installing: /home/toyat/dev/vrx_ros2/vrx_ws/install/share/vrx_gz/worlds/2023_phase2/phase2_2023_wildlife2.sdf
[34.697s] -- Installing: /home/toyat/dev/vrx_ros2/vrx_ws/install/share/vrx_gz/worlds/2023_phase2/phase2_2023_scan_dock_deliver1.sdf
[34.697s] -- Installing: /home/toyat/dev/vrx_ros2/vrx_ws/install/share/vrx_gz/worlds/2023_phase2/phase2_2023_perception2.sdf
[34.698s] -- Installing: /home/toyat/dev/vrx_ros2/vrx_ws/install/share/vrx_gz/worlds/2023_phase2/phase2_2023_stationkeeping5.sdf
[34.698s] -- Installing: /home/toyat/dev/vrx_ros2/vrx_ws/install/share/vrx_gz/worlds/2023_phase2/phase2_2023_stationkeeping4.sdf
[34.698s] -- Installing: /home/toyat/dev/vrx_ros2/vrx_ws/install/share/vrx_gz/worlds/2023_phase2/phase2_2023_stationkeeping3.sdf
[34.698s] -- Installing: /home/toyat/dev/vrx_ros2/vrx_ws/install/share/vrx_gz/worlds/2023_phase2/phase2_2023_stationkeeping0.sdf
[34.698s] -- Installing: /home/toyat/dev/vrx_ros2/vrx_ws/install/share/vrx_gz/worlds/2023_phase2/phase2_2023_wayfinding4.sdf
[34.699s] -- Installing: /home/toyat/dev/vrx_ros2/vrx_ws/install/share/vrx_gz/worlds/2023_phase2/phase2_2023_wayfinding2.sdf
[34.699s] -- Installing: /home/toyat/dev/vrx_ros2/vrx_ws/install/share/vrx_gz/worlds/2023_phase2/phase2_2023_scan_dock_deliver2.sdf
[34.699s] -- Installing: /home/toyat/dev/vrx_ros2/vrx_ws/install/share/vrx_gz/worlds/2023_phase2/phase2_2023_scan_dock_deliver4.sdf
[34.699s] -- Installing: /home/toyat/dev/vrx_ros2/vrx_ws/install/share/vrx_gz/worlds/2023_phase2/phase2_2023_wildlife0.sdf
[34.700s] -- Installing: /home/toyat/dev/vrx_ros2/vrx_ws/install/share/vrx_gz/worlds/2023_phase2/phase2_2023_stationkeeping2.sdf
[34.700s] -- Installing: /home/toyat/dev/vrx_ros2/vrx_ws/install/share/vrx_gz/worlds/2023_phase2/phase2_2023_acoustic_perception4.sdf
[34.700s] -- Installing: /home/toyat/dev/vrx_ros2/vrx_ws/install/share/vrx_gz/worlds/2023_phase2/phase2_2023_perception0.sdf
[34.700s] -- Installing: /home/toyat/dev/vrx_ros2/vrx_ws/install/share/vrx_gz/worlds/2023_phase2/phase2_2023_scan_dock_deliver5.sdf
[34.701s] -- Installing: /home/toyat/dev/vrx_ros2/vrx_ws/install/share/vrx_gz/worlds/2023_phase2/phase2_2023_acoustic_tracking1.sdf
[34.701s] -- Installing: /home/toyat/dev/vrx_ros2/vrx_ws/install/share/vrx_gz/worlds/2023_phase2/phase2_2023_acoustic_tracking4.sdf
[34.701s] -- Installing: /home/toyat/dev/vrx_ros2/vrx_ws/install/share/vrx_gz/worlds/2023_phase2/phase2_2023_follow_path3.sdf
[34.701s] -- Installing: /home/toyat/dev/vrx_ros2/vrx_ws/install/share/vrx_gz/worlds/2023_phase2/phase2_2023_acoustic_perception1.sdf
[34.702s] -- Installing: /home/toyat/dev/vrx_ros2/vrx_ws/install/share/vrx_gz/worlds/2023_phase2/phase2_2023_follow_path4.sdf
[34.702s] -- Installing: /home/toyat/dev/vrx_ros2/vrx_ws/install/share/vrx_gz/worlds/2023_phase2/phase2_2023_wildlife4.sdf
[34.702s] -- Installing: /home/toyat/dev/vrx_ros2/vrx_ws/install/share/vrx_gz/worlds/2023_phase2/phase2_2023_perception1.sdf
[34.702s] -- Installing: /home/toyat/dev/vrx_ros2/vrx_ws/install/share/vrx_gz/worlds/2023_phase2/phase2_2023_acoustic_perception5.sdf
[34.702s] -- Installing: /home/toyat/dev/vrx_ros2/vrx_ws/install/share/vrx_gz/worlds/2023_phase2/phase2_2023_scan_dock_deliver0.sdf
[34.703s] -- Installing: /home/toyat/dev/vrx_ros2/vrx_ws/install/share/vrx_gz/worlds/2023_phase2/phase2_2023_wildlife5.sdf
[34.703s] -- Installing: /home/toyat/dev/vrx_ros2/vrx_ws/install/share/vrx_gz/worlds/2023_phase2/phase2_2023_follow_path0.sdf
[34.703s] -- Installing: /home/toyat/dev/vrx_ros2/vrx_ws/install/share/vrx_gz/worlds/2023_phase2/phase2_2023_scan_dock_deliver3.sdf
[34.703s] -- Installing: /home/toyat/dev/vrx_ros2/vrx_ws/install/share/vrx_gz/worlds/2023_phase2/phase2_2023_acoustic_perception3.sdf
[34.703s] -- Installing: /home/toyat/dev/vrx_ros2/vrx_ws/install/share/vrx_gz/worlds/2023_phase2/phase2_2023_follow_path5.sdf
[34.704s] -- Installing: /home/toyat/dev/vrx_ros2/vrx_ws/install/share/vrx_gz/worlds/2023_phase2/phase2_2023_acoustic_tracking3.sdf
[34.704s] -- Installing: /home/toyat/dev/vrx_ros2/vrx_ws/install/share/vrx_gz/worlds/scan_dock_deliver_task.sdf
[34.704s] -- Installing: /home/toyat/dev/vrx_ros2/vrx_ws/install/share/vrx_gz/worlds/navigation_task.sdf
[34.704s] -- Installing: /home/toyat/dev/vrx_ros2/vrx_ws/install/share/vrx_gz/worlds/stationkeeping_task.sdf
[34.705s] -- Installing: /home/toyat/dev/vrx_ros2/vrx_ws/install/share/ament_index/resource_index/package_run_dependencies/vrx_gz
[34.705s] -- Installing: /home/toyat/dev/vrx_ros2/vrx_ws/install/share/ament_index/resource_index/parent_prefix_path/vrx_gz
[34.705s] -- Installing: /home/toyat/dev/vrx_ros2/vrx_ws/install/share/vrx_gz/environment/ament_prefix_path.sh
[34.705s] -- Installing: /home/toyat/dev/vrx_ros2/vrx_ws/install/share/vrx_gz/environment/ament_prefix_path.dsv
[34.705s] -- Installing: /home/toyat/dev/vrx_ros2/vrx_ws/install/share/vrx_gz/environment/path.sh
[34.705s] -- Installing: /home/toyat/dev/vrx_ros2/vrx_ws/install/share/vrx_gz/environment/path.dsv
[34.705s] -- Installing: /home/toyat/dev/vrx_ros2/vrx_ws/install/share/vrx_gz/local_setup.bash
[34.705s] -- Installing: /home/toyat/dev/vrx_ros2/vrx_ws/install/share/vrx_gz/local_setup.sh
[34.705s] -- Installing: /home/toyat/dev/vrx_ros2/vrx_ws/install/share/vrx_gz/local_setup.zsh
[34.706s] -- Installing: /home/toyat/dev/vrx_ros2/vrx_ws/install/share/vrx_gz/local_setup.dsv
[34.706s] -- Installing: /home/toyat/dev/vrx_ros2/vrx_ws/install/share/vrx_gz/package.dsv
[34.706s] -- Installing: /home/toyat/dev/vrx_ros2/vrx_ws/install/share/ament_index/resource_index/packages/vrx_gz
[34.706s] -- Installing: /home/toyat/dev/vrx_ros2/vrx_ws/install/share/vrx_gz/cmake/vrx_gzConfig.cmake
[34.706s] -- Installing: /home/toyat/dev/vrx_ros2/vrx_ws/install/share/vrx_gz/cmake/vrx_gzConfig-version.cmake
[34.706s] -- Installing: /home/toyat/dev/vrx_ros2/vrx_ws/install/share/vrx_gz/package.xml
[34.709s] Invoked command in '/home/toyat/dev/vrx_ros2/vrx_ws/build/vrx_gz' returned '0': AMENT_PREFIX_PATH=/home/toyat/dev/vrx_ros2/vrx_ws/install:${AMENT_PREFIX_PATH} CMAKE_PREFIX_PATH=/home/toyat/dev/vrx_ros2/vrx_ws/install:/opt/ros/jazzy/opt/gz_sim_vendor:/opt/ros/jazzy/opt/gz_sensors_vendor:/opt/ros/jazzy/opt/gz_physics_vendor:/opt/ros/jazzy/opt/sdformat_vendor:/opt/ros/jazzy/opt/gz_gui_vendor:/opt/ros/jazzy/opt/gz_transport_vendor:/opt/ros/jazzy/opt/gz_rendering_vendor:/opt/ros/jazzy/opt/gz_plugin_vendor:/opt/ros/jazzy/opt/gz_fuel_tools_vendor:/opt/ros/jazzy/opt/gz_msgs_vendor:/opt/ros/jazzy/opt/gz_common_vendor:/opt/ros/jazzy/opt/gz_math_vendor:/opt/ros/jazzy/opt/gz_utils_vendor:/opt/ros/jazzy/opt/gz_tools_vendor:/opt/ros/jazzy/opt/gz_ogre_next_vendor:/opt/ros/jazzy/opt/gz_dartsim_vendor:/opt/ros/jazzy/opt/gz_cmake_vendor:/opt/ros/jazzy DEBUGINFOD_URLS=https://debuginfod.ubuntu.com GZ_SIM_RESOURCE_PATH=/home/toyat/dev/vrx_ros2/vrx_ws/install/share/wamv_description/models:/home/toyat/dev/vrx_ros2/vrx_ws/install/share/vrx_gazebo/models:/home/toyat/dev/vrx_ros2/vrx_ws/install/share PYTHONPATH=/home/toyat/dev/vrx_ros2/vrx_ws/install/lib/python3.12/site-packages:${PYTHONPATH} /usr/bin/cmake --install /home/toyat/dev/vrx_ros2/vrx_ws/build/vrx_gz
