[0.000000] (-) TimerEvent: {}
[0.000222] (vrx_gazebo) JobQueued: {'identifier': 'vrx_gazebo', 'dependencies': OrderedDict()}
[0.000266] (vrx_ros) JobQueued: {'identifier': 'vrx_ros', 'dependencies': OrderedDict()}
[0.000504] (wamv_description) JobQueued: {'identifier': 'wamv_description', 'dependencies': OrderedDict({'vrx_gazebo': '/home/toyat/dev/vrx_ros2/vrx_ws/install'})}
[0.000540] (wamv_gazebo) JobQueued: {'identifier': 'wamv_gazebo', 'dependencies': OrderedDict({'vrx_gazebo': '/home/toyat/dev/vrx_ros2/vrx_ws/install', 'wamv_description': '/home/toyat/dev/vrx_ros2/vrx_ws/install'})}
[0.000569] (vrx_gz) JobQueued: {'identifier': 'vrx_gz', 'dependencies': OrderedDict({'vrx_gazebo': '/home/toyat/dev/vrx_ros2/vrx_ws/install', 'vrx_ros': '/home/toyat/dev/vrx_ros2/vrx_ws/install', 'wamv_description': '/home/toyat/dev/vrx_ros2/vrx_ws/install', 'wamv_gazebo': '/home/toyat/dev/vrx_ros2/vrx_ws/install'})}
[0.000599] (vrx_gazebo) JobStarted: {'identifier': 'vrx_gazebo'}
[0.010186] (vrx_ros) JobStarted: {'identifier': 'vrx_ros'}
[0.013661] (vrx_gazebo) JobProgress: {'identifier': 'vrx_gazebo', 'progress': 'cmake'}
[0.014089] (vrx_gazebo) JobProgress: {'identifier': 'vrx_gazebo', 'progress': 'build'}
[0.014707] (vrx_gazebo) Command: {'cmd': ['/usr/bin/cmake', '--build', '/home/toyat/dev/vrx_ros2/vrx_ws/build/vrx_gazebo', '--', '-j8', '-l8'], 'cwd': '/home/toyat/dev/vrx_ros2/vrx_ws/build/vrx_gazebo', 'env': OrderedDict({'LANGUAGE': 'en_US:en', 'LC_TIME': 'en_US.UTF-8', 'USER': 'toyat', 'XDG_SEAT': 'seat0', 'GZ_CONFIG_PATH': '/opt/ros/jazzy/opt/gz_sim_vendor/share/gz:/opt/ros/jazzy/opt/sdformat_vendor/share/gz:/opt/ros/jazzy/opt/gz_gui_vendor/share/gz:/opt/ros/jazzy/opt/gz_transport_vendor/share/gz:/opt/ros/jazzy/opt/gz_rendering_vendor/share/gz:/opt/ros/jazzy/opt/gz_plugin_vendor/share/gz:/opt/ros/jazzy/opt/gz_fuel_tools_vendor/share/gz:/opt/ros/jazzy/opt/gz_msgs_vendor/share/gz:/opt/ros/jazzy/opt/gz_common_vendor/share/gz', 'MATHEMATICA_HOME': '/usr/share/Wolfram/Documentation/13.3/en-us', 'XDG_SESSION_TYPE': 'x11', 'SHLVL': '1', 'LD_LIBRARY_PATH': '/opt/ros/jazzy/opt/gz_sim_vendor/lib:/opt/ros/jazzy/opt/gz_sensors_vendor/lib:/opt/ros/jazzy/opt/gz_physics_vendor/lib:/opt/ros/jazzy/opt/sdformat_vendor/lib:/opt/ros/jazzy/opt/rviz_ogre_vendor/lib:/opt/ros/jazzy/lib/x86_64-linux-gnu:/opt/ros/jazzy/opt/gz_gui_vendor/lib:/opt/ros/jazzy/opt/gz_transport_vendor/lib:/opt/ros/jazzy/opt/gz_rendering_vendor/lib:/opt/ros/jazzy/opt/gz_plugin_vendor/lib:/opt/ros/jazzy/opt/gz_fuel_tools_vendor/lib:/opt/ros/jazzy/opt/gz_msgs_vendor/lib:/opt/ros/jazzy/opt/gz_common_vendor/lib:/opt/ros/jazzy/opt/gz_math_vendor/lib:/opt/ros/jazzy/opt/gz_utils_vendor/lib:/opt/ros/jazzy/opt/gz_tools_vendor/lib:/opt/ros/jazzy/opt/gz_ogre_next_vendor/lib:/opt/ros/jazzy/opt/gz_dartsim_vendor/lib:/opt/ros/jazzy/opt/gz_cmake_vendor/lib:/opt/ros/jazzy/lib::/usr/local/lib', 'HOME': '/home/toyat', 'OLDPWD': '/home/toyat', 'DESKTOP_SESSION': 'i3', 'GTK_MODULES': 'gail:atk-bridge', 'ROS_PYTHON_VERSION': '3', 'LC_MONETARY': 'en_US.UTF-8', 'DBUS_SESSION_BUS_ADDRESS': 'unix:path=/run/user/1000/bus', 'GSM_SKIP_SSH_AGENT_WORKAROUND': 'true', 'P9K_TTY': 'old', 'COLORTERM': 'truecolor', 'DEBUGINFOD_URLS': 'https://debuginfod.ubuntu.com', 'ZPFX': '/home/toyat/.local/share/zinit/polaris', 'NVM_DIR': '/home/toyat/.nvm', 'CPLUS_INCLUDE_PATH': '/usr/include/c++/11:/usr/include/x86_64-linux-gnu/c++/11', '_colcon_cd_root': '/opt/ros/jazzy/', 'MANDATORY_PATH': '/usr/share/gconf/i3.mandatory.path', 'ROS_DISTRO': 'jazzy', 'ALACRITTY_SOCKET': '/run/user/1000/Alacritty-:0-43218.sock', 'GTK_IM_MODULE': 'ibus', 'LOGNAME': 'toyat', 'WINDOWID': '56623109', '_P9K_SSH_TTY': '/dev/pts/0', '_': '/usr/bin/colcon', 'DEFAULTS_PATH': '/usr/share/gconf/i3.default.path', 'XDG_SESSION_CLASS': 'user', 'ROS_VERSION': '2', 'ALACRITTY_LOG': '/tmp/Alacritty-43218.log', 'TERM': 'alacritty', 'USERNAME': 'toyat', 'XDG_SESSION_ID': '2', 'WINDOWPATH': '2', 'ZSH_CACHE_DIR': '/home/toyat/.cache/zinit', 'PMSPEC': '0uUpiPsf', 'PATH': '/opt/ros/jazzy/opt/gz_msgs_vendor/bin:/opt/ros/jazzy/opt/gz_tools_vendor/bin:/opt/ros/jazzy/opt/gz_ogre_next_vendor/bin:/opt/ros/jazzy/bin:/home/toyat/.local/share/zinit/polaris/bin:/home/toyat/.cargo/bin:/home/toyat/.local/bin:/usr/local/sbin:/usr/local/bin:/usr/sbin:/usr/bin:/sbin:/bin:/usr/games:/usr/local/games:/snap/bin:/snap/bin:/home/toyat/.fzf/bin:/home/toyat/.platformio/penv/bin', 'PAPERSIZE': 'letter', 'LC_ADDRESS': 'en_US.UTF-8', 'XDG_RUNTIME_DIR': '/run/user/1000', 'DISPLAY': ':0', 'LANG': 'en_US.UTF-8', 'LC_TELEPHONE': 'en_US.UTF-8', 'XDG_CURRENT_DESKTOP': 'i3', 'XAUTHORITY': '/run/user/1000/gdm/Xauthority', 'XDG_SESSION_DESKTOP': 'i3', 'XMODIFIERS': '@im=ibus', 'SSH_AUTH_SOCK': '/run/user/1000/gnupg/S.gpg-agent.ssh', 'AMENT_PREFIX_PATH': '/opt/ros/jazzy', 'LC_NAME': 'en_US.UTF-8', 'SHELL': '/usr/bin/zsh', 'GDMSESSION': 'i3', 'QT_ACCESSIBILITY': '1', 'LC_MEASUREMENT': 'en_US.UTF-8', 'GPG_AGENT_INFO': '/run/user/1000/gnupg/S.gpg-agent:0:1', 'LC_IDENTIFICATION': 'en_US.UTF-8', 'P9K_SSH': '0', 'ALACRITTY_WINDOW_ID': '56623109', 'QT_IM_MODULE': 'ibus', 'XDG_VTNR': '2', 'ROS_AUTOMATIC_DISCOVERY_RANGE': 'SUBNET', 'LC_ALL': 'en_US.UTF-8', 'PWD': '/home/toyat/dev/vrx_ros2/vrx_ws/build/vrx_gazebo', 'CLUTTER_IM_MODULE': 'ibus', 'XDG_CONFIG_DIRS': '/etc/xdg/xdg-i3:/etc/xdg', 'XDG_DATA_DIRS': '/usr/share/i3:/usr/share/gnome:/home/toyat/.local/share/flatpak/exports/share:/var/lib/flatpak/exports/share:/usr/local/share/:/usr/share/:/var/lib/snapd/desktop', '_P9K_TTY': '/dev/pts/0', 'LC_NUMERIC': 'en_US.UTF-8', 'QTWEBENGINE_DICTIONARIES_PATH': '/usr/share/hunspell-bdic/', 'PYTHONPATH': '/opt/ros/jazzy/lib/python3.12/site-packages', 'I3SOCK': '/run/user/1000/i3/ipc-socket.3408', 'LC_PAPER': 'en_US.UTF-8', 'COLCON': '1', 'EDITOR': 'nvim', 'CMAKE_PREFIX_PATH': '/opt/ros/jazzy/opt/gz_sim_vendor:/opt/ros/jazzy/opt/gz_sensors_vendor:/opt/ros/jazzy/opt/gz_physics_vendor:/opt/ros/jazzy/opt/sdformat_vendor:/opt/ros/jazzy/opt/gz_gui_vendor:/opt/ros/jazzy/opt/gz_transport_vendor:/opt/ros/jazzy/opt/gz_rendering_vendor:/opt/ros/jazzy/opt/gz_plugin_vendor:/opt/ros/jazzy/opt/gz_fuel_tools_vendor:/opt/ros/jazzy/opt/gz_msgs_vendor:/opt/ros/jazzy/opt/gz_common_vendor:/opt/ros/jazzy/opt/gz_math_vendor:/opt/ros/jazzy/opt/gz_utils_vendor:/opt/ros/jazzy/opt/gz_tools_vendor:/opt/ros/jazzy/opt/gz_ogre_next_vendor:/opt/ros/jazzy/opt/gz_dartsim_vendor:/opt/ros/jazzy/opt/gz_cmake_vendor:/opt/ros/jazzy'}), 'shell': False}
[0.018367] (vrx_ros) JobProgress: {'identifier': 'vrx_ros', 'progress': 'cmake'}
[0.019281] (vrx_ros) JobProgress: {'identifier': 'vrx_ros', 'progress': 'build'}
[0.019305] (vrx_ros) Command: {'cmd': ['/usr/bin/cmake', '--build', '/home/toyat/dev/vrx_ros2/vrx_ws/build/vrx_ros', '--', '-j8', '-l8'], 'cwd': '/home/toyat/dev/vrx_ros2/vrx_ws/build/vrx_ros', 'env': OrderedDict({'LANGUAGE': 'en_US:en', 'LC_TIME': 'en_US.UTF-8', 'USER': 'toyat', 'XDG_SEAT': 'seat0', 'GZ_CONFIG_PATH': '/opt/ros/jazzy/opt/gz_sim_vendor/share/gz:/opt/ros/jazzy/opt/sdformat_vendor/share/gz:/opt/ros/jazzy/opt/gz_gui_vendor/share/gz:/opt/ros/jazzy/opt/gz_transport_vendor/share/gz:/opt/ros/jazzy/opt/gz_rendering_vendor/share/gz:/opt/ros/jazzy/opt/gz_plugin_vendor/share/gz:/opt/ros/jazzy/opt/gz_fuel_tools_vendor/share/gz:/opt/ros/jazzy/opt/gz_msgs_vendor/share/gz:/opt/ros/jazzy/opt/gz_common_vendor/share/gz', 'MATHEMATICA_HOME': '/usr/share/Wolfram/Documentation/13.3/en-us', 'XDG_SESSION_TYPE': 'x11', 'SHLVL': '1', 'LD_LIBRARY_PATH': '/opt/ros/jazzy/opt/gz_sim_vendor/lib:/opt/ros/jazzy/opt/gz_sensors_vendor/lib:/opt/ros/jazzy/opt/gz_physics_vendor/lib:/opt/ros/jazzy/opt/sdformat_vendor/lib:/opt/ros/jazzy/opt/rviz_ogre_vendor/lib:/opt/ros/jazzy/lib/x86_64-linux-gnu:/opt/ros/jazzy/opt/gz_gui_vendor/lib:/opt/ros/jazzy/opt/gz_transport_vendor/lib:/opt/ros/jazzy/opt/gz_rendering_vendor/lib:/opt/ros/jazzy/opt/gz_plugin_vendor/lib:/opt/ros/jazzy/opt/gz_fuel_tools_vendor/lib:/opt/ros/jazzy/opt/gz_msgs_vendor/lib:/opt/ros/jazzy/opt/gz_common_vendor/lib:/opt/ros/jazzy/opt/gz_math_vendor/lib:/opt/ros/jazzy/opt/gz_utils_vendor/lib:/opt/ros/jazzy/opt/gz_tools_vendor/lib:/opt/ros/jazzy/opt/gz_ogre_next_vendor/lib:/opt/ros/jazzy/opt/gz_dartsim_vendor/lib:/opt/ros/jazzy/opt/gz_cmake_vendor/lib:/opt/ros/jazzy/lib::/usr/local/lib', 'HOME': '/home/toyat', 'OLDPWD': '/home/toyat', 'DESKTOP_SESSION': 'i3', 'GTK_MODULES': 'gail:atk-bridge', 'ROS_PYTHON_VERSION': '3', 'LC_MONETARY': 'en_US.UTF-8', 'DBUS_SESSION_BUS_ADDRESS': 'unix:path=/run/user/1000/bus', 'GSM_SKIP_SSH_AGENT_WORKAROUND': 'true', 'P9K_TTY': 'old', 'COLORTERM': 'truecolor', 'DEBUGINFOD_URLS': 'https://debuginfod.ubuntu.com', 'ZPFX': '/home/toyat/.local/share/zinit/polaris', 'NVM_DIR': '/home/toyat/.nvm', 'CPLUS_INCLUDE_PATH': '/usr/include/c++/11:/usr/include/x86_64-linux-gnu/c++/11', '_colcon_cd_root': '/opt/ros/jazzy/', 'MANDATORY_PATH': '/usr/share/gconf/i3.mandatory.path', 'ROS_DISTRO': 'jazzy', 'ALACRITTY_SOCKET': '/run/user/1000/Alacritty-:0-43218.sock', 'GTK_IM_MODULE': 'ibus', 'LOGNAME': 'toyat', 'WINDOWID': '56623109', '_P9K_SSH_TTY': '/dev/pts/0', '_': '/usr/bin/colcon', 'DEFAULTS_PATH': '/usr/share/gconf/i3.default.path', 'XDG_SESSION_CLASS': 'user', 'ROS_VERSION': '2', 'ALACRITTY_LOG': '/tmp/Alacritty-43218.log', 'TERM': 'alacritty', 'USERNAME': 'toyat', 'XDG_SESSION_ID': '2', 'WINDOWPATH': '2', 'ZSH_CACHE_DIR': '/home/toyat/.cache/zinit', 'PMSPEC': '0uUpiPsf', 'PATH': '/opt/ros/jazzy/opt/gz_msgs_vendor/bin:/opt/ros/jazzy/opt/gz_tools_vendor/bin:/opt/ros/jazzy/opt/gz_ogre_next_vendor/bin:/opt/ros/jazzy/bin:/home/toyat/.local/share/zinit/polaris/bin:/home/toyat/.cargo/bin:/home/toyat/.local/bin:/usr/local/sbin:/usr/local/bin:/usr/sbin:/usr/bin:/sbin:/bin:/usr/games:/usr/local/games:/snap/bin:/snap/bin:/home/toyat/.fzf/bin:/home/toyat/.platformio/penv/bin', 'PAPERSIZE': 'letter', 'LC_ADDRESS': 'en_US.UTF-8', 'XDG_RUNTIME_DIR': '/run/user/1000', 'DISPLAY': ':0', 'LANG': 'en_US.UTF-8', 'LC_TELEPHONE': 'en_US.UTF-8', 'XDG_CURRENT_DESKTOP': 'i3', 'XAUTHORITY': '/run/user/1000/gdm/Xauthority', 'XDG_SESSION_DESKTOP': 'i3', 'XMODIFIERS': '@im=ibus', 'SSH_AUTH_SOCK': '/run/user/1000/gnupg/S.gpg-agent.ssh', 'AMENT_PREFIX_PATH': '/opt/ros/jazzy', 'LC_NAME': 'en_US.UTF-8', 'SHELL': '/usr/bin/zsh', 'GDMSESSION': 'i3', 'QT_ACCESSIBILITY': '1', 'LC_MEASUREMENT': 'en_US.UTF-8', 'GPG_AGENT_INFO': '/run/user/1000/gnupg/S.gpg-agent:0:1', 'LC_IDENTIFICATION': 'en_US.UTF-8', 'P9K_SSH': '0', 'ALACRITTY_WINDOW_ID': '56623109', 'QT_IM_MODULE': 'ibus', 'XDG_VTNR': '2', 'ROS_AUTOMATIC_DISCOVERY_RANGE': 'SUBNET', 'LC_ALL': 'en_US.UTF-8', 'PWD': '/home/toyat/dev/vrx_ros2/vrx_ws/build/vrx_ros', 'CLUTTER_IM_MODULE': 'ibus', 'XDG_CONFIG_DIRS': '/etc/xdg/xdg-i3:/etc/xdg', 'XDG_DATA_DIRS': '/usr/share/i3:/usr/share/gnome:/home/toyat/.local/share/flatpak/exports/share:/var/lib/flatpak/exports/share:/usr/local/share/:/usr/share/:/var/lib/snapd/desktop', '_P9K_TTY': '/dev/pts/0', 'LC_NUMERIC': 'en_US.UTF-8', 'QTWEBENGINE_DICTIONARIES_PATH': '/usr/share/hunspell-bdic/', 'PYTHONPATH': '/opt/ros/jazzy/lib/python3.12/site-packages', 'I3SOCK': '/run/user/1000/i3/ipc-socket.3408', 'LC_PAPER': 'en_US.UTF-8', 'COLCON': '1', 'EDITOR': 'nvim', 'CMAKE_PREFIX_PATH': '/opt/ros/jazzy/opt/gz_sim_vendor:/opt/ros/jazzy/opt/gz_sensors_vendor:/opt/ros/jazzy/opt/gz_physics_vendor:/opt/ros/jazzy/opt/sdformat_vendor:/opt/ros/jazzy/opt/gz_gui_vendor:/opt/ros/jazzy/opt/gz_transport_vendor:/opt/ros/jazzy/opt/gz_rendering_vendor:/opt/ros/jazzy/opt/gz_plugin_vendor:/opt/ros/jazzy/opt/gz_fuel_tools_vendor:/opt/ros/jazzy/opt/gz_msgs_vendor:/opt/ros/jazzy/opt/gz_common_vendor:/opt/ros/jazzy/opt/gz_math_vendor:/opt/ros/jazzy/opt/gz_utils_vendor:/opt/ros/jazzy/opt/gz_tools_vendor:/opt/ros/jazzy/opt/gz_ogre_next_vendor:/opt/ros/jazzy/opt/gz_dartsim_vendor:/opt/ros/jazzy/opt/gz_cmake_vendor:/opt/ros/jazzy'}), 'shell': False}
[0.086645] (vrx_gazebo) StdoutLine: {'line': b'Built target ament_cmake_python_copy_vrx_gazebo\n'}
[0.099048] (vrx_ros) StdoutLine: {'line': b'[ 25%] \x1b[32mBuilding CXX object CMakeFiles/pose_tf_broadcaster.dir/src/pose_tf_broadcaster.cc.o\x1b[0m\n'}
[0.099414] (vrx_ros) StdoutLine: {'line': b'[ 50%] \x1b[32mBuilding CXX object CMakeFiles/optical_frame_publisher.dir/src/optical_frame_publisher.cc.o\x1b[0m\n'}
[0.099757] (-) TimerEvent: {}
[0.200156] (-) TimerEvent: {}
[0.300502] (-) TimerEvent: {}
[0.310852] (vrx_gazebo) StdoutLine: {'line': b'running egg_info\n'}
[0.332539] (vrx_gazebo) StdoutLine: {'line': b'writing vrx_gazebo.egg-info/PKG-INFO\n'}
[0.332899] (vrx_gazebo) StdoutLine: {'line': b'writing dependency_links to vrx_gazebo.egg-info/dependency_links.txt\n'}
[0.333035] (vrx_gazebo) StdoutLine: {'line': b'writing top-level names to vrx_gazebo.egg-info/top_level.txt\n'}
[0.396391] (vrx_gazebo) StdoutLine: {'line': b"reading manifest file 'vrx_gazebo.egg-info/SOURCES.txt'\n"}
[0.396930] (vrx_gazebo) StdoutLine: {'line': b"writing manifest file 'vrx_gazebo.egg-info/SOURCES.txt'\n"}
[0.400597] (-) TimerEvent: {}
[0.427881] (vrx_gazebo) StdoutLine: {'line': b'Built target ament_cmake_python_build_vrx_gazebo_egg\n'}
[0.439684] (vrx_gazebo) CommandEnded: {'returncode': 0}
[0.440527] (vrx_gazebo) JobProgress: {'identifier': 'vrx_gazebo', 'progress': 'install'}
[0.449974] (vrx_gazebo) Command: {'cmd': ['/usr/bin/cmake', '--install', '/home/toyat/dev/vrx_ros2/vrx_ws/build/vrx_gazebo'], 'cwd': '/home/toyat/dev/vrx_ros2/vrx_ws/build/vrx_gazebo', 'env': OrderedDict({'LANGUAGE': 'en_US:en', 'LC_TIME': 'en_US.UTF-8', 'USER': 'toyat', 'XDG_SEAT': 'seat0', 'GZ_CONFIG_PATH': '/opt/ros/jazzy/opt/gz_sim_vendor/share/gz:/opt/ros/jazzy/opt/sdformat_vendor/share/gz:/opt/ros/jazzy/opt/gz_gui_vendor/share/gz:/opt/ros/jazzy/opt/gz_transport_vendor/share/gz:/opt/ros/jazzy/opt/gz_rendering_vendor/share/gz:/opt/ros/jazzy/opt/gz_plugin_vendor/share/gz:/opt/ros/jazzy/opt/gz_fuel_tools_vendor/share/gz:/opt/ros/jazzy/opt/gz_msgs_vendor/share/gz:/opt/ros/jazzy/opt/gz_common_vendor/share/gz', 'MATHEMATICA_HOME': '/usr/share/Wolfram/Documentation/13.3/en-us', 'XDG_SESSION_TYPE': 'x11', 'SHLVL': '1', 'LD_LIBRARY_PATH': '/opt/ros/jazzy/opt/gz_sim_vendor/lib:/opt/ros/jazzy/opt/gz_sensors_vendor/lib:/opt/ros/jazzy/opt/gz_physics_vendor/lib:/opt/ros/jazzy/opt/sdformat_vendor/lib:/opt/ros/jazzy/opt/rviz_ogre_vendor/lib:/opt/ros/jazzy/lib/x86_64-linux-gnu:/opt/ros/jazzy/opt/gz_gui_vendor/lib:/opt/ros/jazzy/opt/gz_transport_vendor/lib:/opt/ros/jazzy/opt/gz_rendering_vendor/lib:/opt/ros/jazzy/opt/gz_plugin_vendor/lib:/opt/ros/jazzy/opt/gz_fuel_tools_vendor/lib:/opt/ros/jazzy/opt/gz_msgs_vendor/lib:/opt/ros/jazzy/opt/gz_common_vendor/lib:/opt/ros/jazzy/opt/gz_math_vendor/lib:/opt/ros/jazzy/opt/gz_utils_vendor/lib:/opt/ros/jazzy/opt/gz_tools_vendor/lib:/opt/ros/jazzy/opt/gz_ogre_next_vendor/lib:/opt/ros/jazzy/opt/gz_dartsim_vendor/lib:/opt/ros/jazzy/opt/gz_cmake_vendor/lib:/opt/ros/jazzy/lib::/usr/local/lib', 'HOME': '/home/toyat', 'OLDPWD': '/home/toyat', 'DESKTOP_SESSION': 'i3', 'GTK_MODULES': 'gail:atk-bridge', 'ROS_PYTHON_VERSION': '3', 'LC_MONETARY': 'en_US.UTF-8', 'DBUS_SESSION_BUS_ADDRESS': 'unix:path=/run/user/1000/bus', 'GSM_SKIP_SSH_AGENT_WORKAROUND': 'true', 'P9K_TTY': 'old', 'COLORTERM': 'truecolor', 'DEBUGINFOD_URLS': 'https://debuginfod.ubuntu.com', 'ZPFX': '/home/toyat/.local/share/zinit/polaris', 'NVM_DIR': '/home/toyat/.nvm', 'CPLUS_INCLUDE_PATH': '/usr/include/c++/11:/usr/include/x86_64-linux-gnu/c++/11', '_colcon_cd_root': '/opt/ros/jazzy/', 'MANDATORY_PATH': '/usr/share/gconf/i3.mandatory.path', 'ROS_DISTRO': 'jazzy', 'ALACRITTY_SOCKET': '/run/user/1000/Alacritty-:0-43218.sock', 'GTK_IM_MODULE': 'ibus', 'LOGNAME': 'toyat', 'WINDOWID': '56623109', '_P9K_SSH_TTY': '/dev/pts/0', '_': '/usr/bin/colcon', 'DEFAULTS_PATH': '/usr/share/gconf/i3.default.path', 'XDG_SESSION_CLASS': 'user', 'ROS_VERSION': '2', 'ALACRITTY_LOG': '/tmp/Alacritty-43218.log', 'TERM': 'alacritty', 'USERNAME': 'toyat', 'XDG_SESSION_ID': '2', 'WINDOWPATH': '2', 'ZSH_CACHE_DIR': '/home/toyat/.cache/zinit', 'PMSPEC': '0uUpiPsf', 'PATH': '/opt/ros/jazzy/opt/gz_msgs_vendor/bin:/opt/ros/jazzy/opt/gz_tools_vendor/bin:/opt/ros/jazzy/opt/gz_ogre_next_vendor/bin:/opt/ros/jazzy/bin:/home/toyat/.local/share/zinit/polaris/bin:/home/toyat/.cargo/bin:/home/toyat/.local/bin:/usr/local/sbin:/usr/local/bin:/usr/sbin:/usr/bin:/sbin:/bin:/usr/games:/usr/local/games:/snap/bin:/snap/bin:/home/toyat/.fzf/bin:/home/toyat/.platformio/penv/bin', 'PAPERSIZE': 'letter', 'LC_ADDRESS': 'en_US.UTF-8', 'XDG_RUNTIME_DIR': '/run/user/1000', 'DISPLAY': ':0', 'LANG': 'en_US.UTF-8', 'LC_TELEPHONE': 'en_US.UTF-8', 'XDG_CURRENT_DESKTOP': 'i3', 'XAUTHORITY': '/run/user/1000/gdm/Xauthority', 'XDG_SESSION_DESKTOP': 'i3', 'XMODIFIERS': '@im=ibus', 'SSH_AUTH_SOCK': '/run/user/1000/gnupg/S.gpg-agent.ssh', 'AMENT_PREFIX_PATH': '/opt/ros/jazzy', 'LC_NAME': 'en_US.UTF-8', 'SHELL': '/usr/bin/zsh', 'GDMSESSION': 'i3', 'QT_ACCESSIBILITY': '1', 'LC_MEASUREMENT': 'en_US.UTF-8', 'GPG_AGENT_INFO': '/run/user/1000/gnupg/S.gpg-agent:0:1', 'LC_IDENTIFICATION': 'en_US.UTF-8', 'P9K_SSH': '0', 'ALACRITTY_WINDOW_ID': '56623109', 'QT_IM_MODULE': 'ibus', 'XDG_VTNR': '2', 'ROS_AUTOMATIC_DISCOVERY_RANGE': 'SUBNET', 'LC_ALL': 'en_US.UTF-8', 'PWD': '/home/toyat/dev/vrx_ros2/vrx_ws/build/vrx_gazebo', 'CLUTTER_IM_MODULE': 'ibus', 'XDG_CONFIG_DIRS': '/etc/xdg/xdg-i3:/etc/xdg', 'XDG_DATA_DIRS': '/usr/share/i3:/usr/share/gnome:/home/toyat/.local/share/flatpak/exports/share:/var/lib/flatpak/exports/share:/usr/local/share/:/usr/share/:/var/lib/snapd/desktop', '_P9K_TTY': '/dev/pts/0', 'LC_NUMERIC': 'en_US.UTF-8', 'QTWEBENGINE_DICTIONARIES_PATH': '/usr/share/hunspell-bdic/', 'PYTHONPATH': '/opt/ros/jazzy/lib/python3.12/site-packages', 'I3SOCK': '/run/user/1000/i3/ipc-socket.3408', 'LC_PAPER': 'en_US.UTF-8', 'COLCON': '1', 'EDITOR': 'nvim', 'CMAKE_PREFIX_PATH': '/opt/ros/jazzy/opt/gz_sim_vendor:/opt/ros/jazzy/opt/gz_sensors_vendor:/opt/ros/jazzy/opt/gz_physics_vendor:/opt/ros/jazzy/opt/sdformat_vendor:/opt/ros/jazzy/opt/gz_gui_vendor:/opt/ros/jazzy/opt/gz_transport_vendor:/opt/ros/jazzy/opt/gz_rendering_vendor:/opt/ros/jazzy/opt/gz_plugin_vendor:/opt/ros/jazzy/opt/gz_fuel_tools_vendor:/opt/ros/jazzy/opt/gz_msgs_vendor:/opt/ros/jazzy/opt/gz_common_vendor:/opt/ros/jazzy/opt/gz_math_vendor:/opt/ros/jazzy/opt/gz_utils_vendor:/opt/ros/jazzy/opt/gz_tools_vendor:/opt/ros/jazzy/opt/gz_ogre_next_vendor:/opt/ros/jazzy/opt/gz_dartsim_vendor:/opt/ros/jazzy/opt/gz_cmake_vendor:/opt/ros/jazzy'}), 'shell': False}
[0.458320] (vrx_gazebo) StdoutLine: {'line': b'-- Install configuration: ""\n'}
[0.458745] (vrx_gazebo) StdoutLine: {'line': b'-- Up-to-date: /home/toyat/dev/vrx_ros2/vrx_ws/install/share/vrx_gazebo/environment/resource_paths.dsv\n'}
[0.458876] (vrx_gazebo) StdoutLine: {'line': b'-- Up-to-date: /home/toyat/dev/vrx_ros2/vrx_ws/install/share/vrx_gazebo/environment/resource_paths.sh\n'}
[0.458992] (vrx_gazebo) StdoutLine: {'line': b'-- Up-to-date: /home/toyat/dev/vrx_ros2/vrx_ws/install/share/vrx_gazebo/models\n'}
[0.459105] (vrx_gazebo) StdoutLine: {'line': b'-- Up-to-date: /home/toyat/dev/vrx_ros2/vrx_ws/install/share/vrx_gazebo/models/ball_shooter\n'}
[0.459218] (vrx_gazebo) StdoutLine: {'line': b'-- Up-to-date: /home/toyat/dev/vrx_ros2/vrx_ws/install/share/vrx_gazebo/models/ball_shooter/meshes\n'}
[0.459331] (vrx_gazebo) StdoutLine: {'line': b'-- Up-to-date: /home/toyat/dev/vrx_ros2/vrx_ws/install/share/vrx_gazebo/models/ball_shooter/meshes/ball_shooter_base.dae\n'}
[0.459427] (vrx_gazebo) StdoutLine: {'line': b'-- Up-to-date: /home/toyat/dev/vrx_ros2/vrx_ws/install/share/vrx_gazebo/models/ball_shooter/meshes/Launcher_BaseColor.png\n'}
[0.459525] (vrx_gazebo) StdoutLine: {'line': b'-- Up-to-date: /home/toyat/dev/vrx_ros2/vrx_ws/install/share/vrx_gazebo/models/ball_shooter/meshes/ball_shooter_launcher.dae\n'}
[0.459633] (vrx_gazebo) StdoutLine: {'line': b'-- Up-to-date: /home/toyat/dev/vrx_ros2/vrx_ws/install/share/vrx_gazebo/models/ball_shooter/meshes/Launcher_Albedo.png\n'}
[0.459741] (vrx_gazebo) StdoutLine: {'line': b'-- Up-to-date: /home/toyat/dev/vrx_ros2/vrx_ws/install/share/vrx_gazebo/models/ball_shooter/materials\n'}
[0.459848] (vrx_gazebo) StdoutLine: {'line': b'-- Up-to-date: /home/toyat/dev/vrx_ros2/vrx_ws/install/share/vrx_gazebo/models/ball_shooter/materials/Textures\n'}
[0.459955] (vrx_gazebo) StdoutLine: {'line': b'-- Up-to-date: /home/toyat/dev/vrx_ros2/vrx_ws/install/share/vrx_gazebo/models/ball_shooter/materials/Textures/Launcher_Metalness.png\n'}
[0.460062] (vrx_gazebo) StdoutLine: {'line': b'-- Up-to-date: /home/toyat/dev/vrx_ros2/vrx_ws/install/share/vrx_gazebo/models/ball_shooter/materials/Textures/Launcher_Normal.png\n'}
[0.460205] (vrx_gazebo) StdoutLine: {'line': b'-- Up-to-date: /home/toyat/dev/vrx_ros2/vrx_ws/install/share/vrx_gazebo/models/ball_shooter/materials/Textures/Launcher_Albedo.png\n'}
[0.460325] (vrx_gazebo) StdoutLine: {'line': b'-- Up-to-date: /home/toyat/dev/vrx_ros2/vrx_ws/install/share/vrx_gazebo/models/ball_shooter/materials/Textures/Launcher_Roughness.png\n'}
[0.460435] (vrx_gazebo) StdoutLine: {'line': b'-- Up-to-date: /home/toyat/dev/vrx_ros2/vrx_ws/install/share/vrx_gazebo/models/ball_shooter/model.sdf\n'}
[0.460704] (vrx_gazebo) StdoutLine: {'line': b'-- Up-to-date: /home/toyat/dev/vrx_ros2/vrx_ws/install/share/vrx_gazebo/models/ball_shooter/model.config\n'}
[0.460824] (vrx_gazebo) StdoutLine: {'line': b'-- Up-to-date: /home/toyat/dev/vrx_ros2/vrx_ws/install/share/vrx_gazebo/models/mono_camera\n'}
[0.460939] (vrx_gazebo) StdoutLine: {'line': b'-- Up-to-date: /home/toyat/dev/vrx_ros2/vrx_ws/install/share/vrx_gazebo/models/mono_camera/model.sdf\n'}
[0.461055] (vrx_gazebo) StdoutLine: {'line': b'-- Up-to-date: /home/toyat/dev/vrx_ros2/vrx_ws/install/share/vrx_gazebo/models/mono_camera/model.config\n'}
[0.461157] (vrx_gazebo) StdoutLine: {'line': b'-- Up-to-date: /home/toyat/dev/vrx_ros2/vrx_ws/install/share/vrx_gazebo/models/mono_camera/mesh\n'}
[0.461269] (vrx_gazebo) StdoutLine: {'line': b'-- Up-to-date: /home/toyat/dev/vrx_ros2/vrx_ws/install/share/vrx_gazebo/models/mono_camera/mesh/mono_camera.png\n'}
[0.461388] (vrx_gazebo) StdoutLine: {'line': b'-- Up-to-date: /home/toyat/dev/vrx_ros2/vrx_ws/install/share/vrx_gazebo/models/mono_camera/mesh/mono_camera_Normal.png\n'}
[0.461503] (vrx_gazebo) StdoutLine: {'line': b'-- Up-to-date: /home/toyat/dev/vrx_ros2/vrx_ws/install/share/vrx_gazebo/models/mono_camera/mesh/mono_camera_Metalness.png\n'}
[0.461781] (vrx_gazebo) StdoutLine: {'line': b'-- Up-to-date: /home/toyat/dev/vrx_ros2/vrx_ws/install/share/vrx_gazebo/models/mono_camera/mesh/mono_camera_Albedo.png\n'}
[0.461913] (vrx_gazebo) StdoutLine: {'line': b'-- Up-to-date: /home/toyat/dev/vrx_ros2/vrx_ws/install/share/vrx_gazebo/models/mono_camera/mesh/mono_camera_Roughness.png\n'}
[0.462015] (vrx_gazebo) StdoutLine: {'line': b'-- Up-to-date: /home/toyat/dev/vrx_ros2/vrx_ws/install/share/vrx_gazebo/models/mono_camera/mesh/mono_camera.dae\n'}
[0.462110] (vrx_gazebo) StdoutLine: {'line': b'-- Up-to-date: /home/toyat/dev/vrx_ros2/vrx_ws/install/share/vrx_gazebo/models/blue_projectile\n'}
[0.462207] (vrx_gazebo) StdoutLine: {'line': b'-- Up-to-date: /home/toyat/dev/vrx_ros2/vrx_ws/install/share/vrx_gazebo/models/blue_projectile/model.sdf\n'}
[0.462318] (vrx_gazebo) StdoutLine: {'line': b'-- Up-to-date: /home/toyat/dev/vrx_ros2/vrx_ws/install/share/vrx_gazebo/models/blue_projectile/model.config\n'}
[0.462415] (vrx_gazebo) StdoutLine: {'line': b'-- Up-to-date: /home/toyat/dev/vrx_ros2/vrx_ws/install/share/vrx_gazebo/models/3d_lidar\n'}
[0.462503] (vrx_gazebo) StdoutLine: {'line': b'-- Up-to-date: /home/toyat/dev/vrx_ros2/vrx_ws/install/share/vrx_gazebo/models/3d_lidar/model.sdf\n'}
[0.462565] (vrx_gazebo) StdoutLine: {'line': b'-- Up-to-date: /home/toyat/dev/vrx_ros2/vrx_ws/install/share/vrx_gazebo/models/3d_lidar/model.config\n'}
[0.462626] (vrx_gazebo) StdoutLine: {'line': b'-- Up-to-date: /home/toyat/dev/vrx_ros2/vrx_ws/install/share/vrx_gazebo/models/3d_lidar/mesh\n'}
[0.462738] (vrx_gazebo) StdoutLine: {'line': b'-- Up-to-date: /home/toyat/dev/vrx_ros2/vrx_ws/install/share/vrx_gazebo/models/3d_lidar/mesh/3d_Lidar_Metalness.png\n'}
[0.462797] (vrx_gazebo) StdoutLine: {'line': b'-- Up-to-date: /home/toyat/dev/vrx_ros2/vrx_ws/install/share/vrx_gazebo/models/3d_lidar/mesh/3d_lidar.png\n'}
[0.462854] (vrx_gazebo) StdoutLine: {'line': b'-- Up-to-date: /home/toyat/dev/vrx_ros2/vrx_ws/install/share/vrx_gazebo/models/3d_lidar/mesh/3d_Lidar_Roughness.png\n'}
[0.462911] (vrx_gazebo) StdoutLine: {'line': b'-- Up-to-date: /home/toyat/dev/vrx_ros2/vrx_ws/install/share/vrx_gazebo/models/3d_lidar/mesh/3d_Lidar_Normal.png\n'}
[0.462972] (vrx_gazebo) StdoutLine: {'line': b'-- Up-to-date: /home/toyat/dev/vrx_ros2/vrx_ws/install/share/vrx_gazebo/models/3d_lidar/mesh/3d_lidar.dae\n'}
[0.463031] (vrx_gazebo) StdoutLine: {'line': b'-- Up-to-date: /home/toyat/dev/vrx_ros2/vrx_ws/install/share/vrx_gazebo/models/3d_lidar/mesh/3d_Lidar_Albedo.png\n'}
[0.463104] (vrx_gazebo) StdoutLine: {'line': b'-- Up-to-date: /home/toyat/dev/vrx_ros2/vrx_ws/install/share/vrx_gazebo/models/sensor_post\n'}
[0.463165] (vrx_gazebo) StdoutLine: {'line': b'-- Up-to-date: /home/toyat/dev/vrx_ros2/vrx_ws/install/share/vrx_gazebo/models/sensor_post/model.sdf\n'}
[0.463223] (vrx_gazebo) StdoutLine: {'line': b'-- Up-to-date: /home/toyat/dev/vrx_ros2/vrx_ws/install/share/vrx_gazebo/models/sensor_post/model.config\n'}
[0.463294] (vrx_gazebo) StdoutLine: {'line': b'-- Up-to-date: /home/toyat/dev/vrx_ros2/vrx_ws/install/share/vrx_gazebo/models/sensor_post/mesh\n'}
[0.463356] (vrx_gazebo) StdoutLine: {'line': b'-- Up-to-date: /home/toyat/dev/vrx_ros2/vrx_ws/install/share/vrx_gazebo/models/sensor_post/mesh/sensor_post.dae\n'}
[0.463413] (vrx_gazebo) StdoutLine: {'line': b'-- Up-to-date: /home/toyat/dev/vrx_ros2/vrx_ws/install/share/vrx_gazebo/models/sensor_post/mesh/sensor_post_arm.dae\n'}
[0.463471] (vrx_gazebo) StdoutLine: {'line': b'-- Up-to-date: /home/toyat/dev/vrx_ros2/vrx_ws/install/share/vrx_gazebo/models/sensor_post/mesh/sensor_post.png\n'}
[0.463530] (vrx_gazebo) StdoutLine: {'line': b'-- Up-to-date: /home/toyat/dev/vrx_ros2/vrx_ws/install/share/vrx_gazebo/models/battery\n'}
[0.463589] (vrx_gazebo) StdoutLine: {'line': b'-- Up-to-date: /home/toyat/dev/vrx_ros2/vrx_ws/install/share/vrx_gazebo/models/battery/model.sdf\n'}
[0.463648] (vrx_gazebo) StdoutLine: {'line': b'-- Up-to-date: /home/toyat/dev/vrx_ros2/vrx_ws/install/share/vrx_gazebo/models/battery/model.config\n'}
[0.463707] (vrx_gazebo) StdoutLine: {'line': b'-- Up-to-date: /home/toyat/dev/vrx_ros2/vrx_ws/install/share/vrx_gazebo/models/battery/mesh\n'}
[0.463765] (vrx_gazebo) StdoutLine: {'line': b'-- Up-to-date: /home/toyat/dev/vrx_ros2/vrx_ws/install/share/vrx_gazebo/models/battery/mesh/battery_Normal.png\n'}
[0.463824] (vrx_gazebo) StdoutLine: {'line': b'-- Up-to-date: /home/toyat/dev/vrx_ros2/vrx_ws/install/share/vrx_gazebo/models/battery/mesh/battery_Roughness.png\n'}
[0.463878] (vrx_gazebo) StdoutLine: {'line': b'-- Up-to-date: /home/toyat/dev/vrx_ros2/vrx_ws/install/share/vrx_gazebo/models/battery/mesh/battery_Albedo.png\n'}
[0.463933] (vrx_gazebo) StdoutLine: {'line': b'-- Up-to-date: /home/toyat/dev/vrx_ros2/vrx_ws/install/share/vrx_gazebo/models/battery/mesh/battery.png\n'}
[0.463988] (vrx_gazebo) StdoutLine: {'line': b'-- Up-to-date: /home/toyat/dev/vrx_ros2/vrx_ws/install/share/vrx_gazebo/models/battery/mesh/battery_Metalness.png\n'}
[0.464043] (vrx_gazebo) StdoutLine: {'line': b'-- Up-to-date: /home/toyat/dev/vrx_ros2/vrx_ws/install/share/vrx_gazebo/models/battery/mesh/battery.dae\n'}
[0.464097] (vrx_gazebo) StdoutLine: {'line': b'-- Up-to-date: /home/toyat/dev/vrx_ros2/vrx_ws/install/share/vrx_gazebo/models/cpu_cases\n'}
[0.464151] (vrx_gazebo) StdoutLine: {'line': b'-- Up-to-date: /home/toyat/dev/vrx_ros2/vrx_ws/install/share/vrx_gazebo/models/cpu_cases/model.sdf\n'}
[0.464206] (vrx_gazebo) StdoutLine: {'line': b'-- Up-to-date: /home/toyat/dev/vrx_ros2/vrx_ws/install/share/vrx_gazebo/models/cpu_cases/model.config\n'}
[0.464267] (vrx_gazebo) StdoutLine: {'line': b'-- Up-to-date: /home/toyat/dev/vrx_ros2/vrx_ws/install/share/vrx_gazebo/models/cpu_cases/mesh\n'}
[0.464327] (vrx_gazebo) StdoutLine: {'line': b'-- Up-to-date: /home/toyat/dev/vrx_ros2/vrx_ws/install/share/vrx_gazebo/models/cpu_cases/mesh/cpu_cases.dae\n'}
[0.464383] (vrx_gazebo) StdoutLine: {'line': b'-- Up-to-date: /home/toyat/dev/vrx_ros2/vrx_ws/install/share/vrx_gazebo/models/cpu_cases/mesh/cpu_cases_Albedo.png\n'}
[0.464438] (vrx_gazebo) StdoutLine: {'line': b'-- Up-to-date: /home/toyat/dev/vrx_ros2/vrx_ws/install/share/vrx_gazebo/models/cpu_cases/mesh/cpu_cases_Metalness.png\n'}
[0.464494] (vrx_gazebo) StdoutLine: {'line': b'-- Up-to-date: /home/toyat/dev/vrx_ros2/vrx_ws/install/share/vrx_gazebo/models/cpu_cases/mesh/cpu_cases_Roughness.png\n'}
[0.464552] (vrx_gazebo) StdoutLine: {'line': b'-- Up-to-date: /home/toyat/dev/vrx_ros2/vrx_ws/install/share/vrx_gazebo/models/cpu_cases/mesh/cpu_cases_Normal.png\n'}
[0.464606] (vrx_gazebo) StdoutLine: {'line': b'-- Up-to-date: /home/toyat/dev/vrx_ros2/vrx_ws/install/share/vrx_gazebo/models/cpu_cases/mesh/cpu_cases.png\n'}
[0.464661] (vrx_gazebo) StdoutLine: {'line': b'-- Up-to-date: /home/toyat/dev/vrx_ros2/vrx_ws/install/share/vrx_gazebo/launch\n'}
[0.464716] (vrx_gazebo) StdoutLine: {'line': b'-- Up-to-date: /home/toyat/dev/vrx_ros2/vrx_ws/install/share/vrx_gazebo/launch/generate_wamv.launch.py\n'}
[0.464771] (vrx_gazebo) StdoutLine: {'line': b'-- Up-to-date: /home/toyat/dev/vrx_ros2/vrx_ws/install/share/vrx_gazebo/launch/rviz.launch.py\n'}
[0.464825] (vrx_gazebo) StdoutLine: {'line': b'-- Up-to-date: /home/toyat/dev/vrx_ros2/vrx_ws/install/share/vrx_gazebo/config\n'}
[0.464880] (vrx_gazebo) StdoutLine: {'line': b'-- Up-to-date: /home/toyat/dev/vrx_ros2/vrx_ws/install/share/vrx_gazebo/config/rviz_vrx_rsp.rviz\n'}
[0.464935] (vrx_gazebo) StdoutLine: {'line': b'-- Up-to-date: /home/toyat/dev/vrx_ros2/vrx_ws/install/share/vrx_gazebo/config/rviz_vrx_final.rviz\n'}
[0.464990] (vrx_gazebo) StdoutLine: {'line': b'-- Up-to-date: /home/toyat/dev/vrx_ros2/vrx_ws/install/share/vrx_gazebo/config/wamv_config\n'}
[0.465049] (vrx_gazebo) StdoutLine: {'line': b'-- Up-to-date: /home/toyat/dev/vrx_ros2/vrx_ws/install/share/vrx_gazebo/config/wamv_config/component_compliance\n'}
[0.465104] (vrx_gazebo) StdoutLine: {'line': b'-- Up-to-date: /home/toyat/dev/vrx_ros2/vrx_ws/install/share/vrx_gazebo/config/wamv_config/component_compliance/numeric.yaml\n'}
[0.465160] (vrx_gazebo) StdoutLine: {'line': b'-- Up-to-date: /home/toyat/dev/vrx_ros2/vrx_ws/install/share/vrx_gazebo/config/wamv_config/component_compliance/bounding_boxes.yaml\n'}
[0.465215] (vrx_gazebo) StdoutLine: {'line': b'-- Up-to-date: /home/toyat/dev/vrx_ros2/vrx_ws/install/share/vrx_gazebo/config/wamv_config/thruster_compliance\n'}
[0.465279] (vrx_gazebo) StdoutLine: {'line': b'-- Up-to-date: /home/toyat/dev/vrx_ros2/vrx_ws/install/share/vrx_gazebo/config/wamv_config/thruster_compliance/numeric.yaml\n'}
[0.465338] (vrx_gazebo) StdoutLine: {'line': b'-- Up-to-date: /home/toyat/dev/vrx_ros2/vrx_ws/install/share/vrx_gazebo/config/wamv_config/thruster_compliance/bounding_boxes.yaml\n'}
[0.465395] (vrx_gazebo) StdoutLine: {'line': b'-- Up-to-date: /home/toyat/dev/vrx_ros2/vrx_ws/install/share/vrx_gazebo/config/wamv_config/example_thruster_config.yaml\n'}
[0.465451] (vrx_gazebo) StdoutLine: {'line': b'-- Up-to-date: /home/toyat/dev/vrx_ros2/vrx_ws/install/share/vrx_gazebo/config/wamv_config/example_component_config.yaml\n'}
[0.465506] (vrx_gazebo) StdoutLine: {'line': b'-- Up-to-date: /home/toyat/dev/vrx_ros2/vrx_ws/install/lib/vrx_gazebo/generate_wamv.py\n'}
[0.465562] (vrx_gazebo) StdoutLine: {'line': b'-- Up-to-date: /home/toyat/dev/vrx_ros2/vrx_ws/install/share/vrx_gazebo/environment/pythonpath.sh\n'}
[0.465617] (vrx_gazebo) StdoutLine: {'line': b'-- Up-to-date: /home/toyat/dev/vrx_ros2/vrx_ws/install/share/vrx_gazebo/environment/pythonpath.dsv\n'}
[0.465672] (vrx_gazebo) StdoutLine: {'line': b'-- Up-to-date: /home/toyat/dev/vrx_ros2/vrx_ws/install/lib/python3.12/site-packages/vrx_gazebo-1.3.0-py3.12.egg-info\n'}
[0.465728] (vrx_gazebo) StdoutLine: {'line': b'-- Installing: /home/toyat/dev/vrx_ros2/vrx_ws/install/lib/python3.12/site-packages/vrx_gazebo-1.3.0-py3.12.egg-info/dependency_links.txt\n'}
[0.465785] (vrx_gazebo) StdoutLine: {'line': b'-- Installing: /home/toyat/dev/vrx_ros2/vrx_ws/install/lib/python3.12/site-packages/vrx_gazebo-1.3.0-py3.12.egg-info/SOURCES.txt\n'}
[0.465840] (vrx_gazebo) StdoutLine: {'line': b'-- Installing: /home/toyat/dev/vrx_ros2/vrx_ws/install/lib/python3.12/site-packages/vrx_gazebo-1.3.0-py3.12.egg-info/top_level.txt\n'}
[0.465896] (vrx_gazebo) StdoutLine: {'line': b'-- Installing: /home/toyat/dev/vrx_ros2/vrx_ws/install/lib/python3.12/site-packages/vrx_gazebo-1.3.0-py3.12.egg-info/PKG-INFO\n'}
[0.465955] (vrx_gazebo) StdoutLine: {'line': b'-- Up-to-date: /home/toyat/dev/vrx_ros2/vrx_ws/install/lib/python3.12/site-packages/vrx_gazebo\n'}
[0.466011] (vrx_gazebo) StdoutLine: {'line': b'-- Up-to-date: /home/toyat/dev/vrx_ros2/vrx_ws/install/lib/python3.12/site-packages/vrx_gazebo/utils.py\n'}
[0.466066] (vrx_gazebo) StdoutLine: {'line': b'-- Up-to-date: /home/toyat/dev/vrx_ros2/vrx_ws/install/lib/python3.12/site-packages/vrx_gazebo/__init__.py\n'}
[0.466121] (vrx_gazebo) StdoutLine: {'line': b'-- Up-to-date: /home/toyat/dev/vrx_ros2/vrx_ws/install/lib/python3.12/site-packages/vrx_gazebo/configure_wamv.py\n'}
[0.466181] (vrx_gazebo) StdoutLine: {'line': b'-- Up-to-date: /home/toyat/dev/vrx_ros2/vrx_ws/install/lib/python3.12/site-packages/vrx_gazebo/compliance.py\n'}
[0.469005] (vrx_ros) StderrLine: {'line': b'In file included from \x1b[01m\x1b[K/usr/include/c++/11/memory:76\x1b[m\x1b[K,\n'}
[0.469278] (vrx_ros) StderrLine: {'line': b'                 from \x1b[01m\x1b[K/opt/ros/jazzy/include/geometry_msgs/geometry_msgs/msg/detail/transform_stamped__struct.hpp:13\x1b[m\x1b[K,\n'}
[0.469376] (vrx_ros) StderrLine: {'line': b'                 from \x1b[01m\x1b[K/opt/ros/jazzy/include/geometry_msgs/geometry_msgs/msg/transform_stamped.hpp:7\x1b[m\x1b[K,\n'}
[0.469458] (vrx_ros) StderrLine: {'line': b'                 from \x1b[01m\x1b[K/home/toyat/dev/vrx_ros2/vrx_ws/src/vrx/vrx_ros/src/optical_frame_publisher.cc:18\x1b[m\x1b[K:\n'}
[0.469536] (vrx_ros) StderrLine: {'line': b'\x1b[01m\x1b[K/usr/include/c++/11/bits/unique_ptr.h:486:15:\x1b[m\x1b[K \x1b[01;31m\x1b[Kerror: \x1b[m\x1b[Kexpected identifier before \xe2\x80\x98\x1b[01m\x1b[K__remove_cv\x1b[m\x1b[K\xe2\x80\x99\n'}
[0.469604] (vrx_ros) StderrLine: {'line': b'  486 |         using \x1b[01;31m\x1b[K__remove_cv\x1b[m\x1b[K = typename remove_cv<_Up>::type;\n'}
[0.469684] (vrx_ros) StderrLine: {'line': b'      |               \x1b[01;31m\x1b[K^~~~~~~~~~~\x1b[m\x1b[K\n'}
[0.469766] (vrx_ros) StderrLine: {'line': b'\x1b[01m\x1b[K/usr/include/c++/11/bits/unique_ptr.h:486:27:\x1b[m\x1b[K \x1b[01;31m\x1b[Kerror: \x1b[m\x1b[Kexpected \xe2\x80\x98\x1b[01m\x1b[K(\x1b[m\x1b[K\xe2\x80\x99 before \xe2\x80\x98\x1b[01m\x1b[K=\x1b[m\x1b[K\xe2\x80\x99 token\n'}
[0.469849] (vrx_ros) StderrLine: {'line': b'  486 |         using __remove_cv \x1b[01;31m\x1b[K=\x1b[m\x1b[K typename remove_cv<_Up>::type;\n'}
[0.469930] (vrx_ros) StderrLine: {'line': b'      |                           \x1b[01;31m\x1b[K^\x1b[m\x1b[K\n'}
[0.470010] (vrx_ros) StderrLine: {'line': b'      |                           \x1b[32m\x1b[K(\x1b[m\x1b[K\n'}
[0.470091] (vrx_ros) StderrLine: {'line': b'\x1b[01m\x1b[K/usr/include/c++/11/bits/unique_ptr.h:486:27:\x1b[m\x1b[K \x1b[01;31m\x1b[Kerror: \x1b[m\x1b[Kexpected type-specifier before \xe2\x80\x98\x1b[01m\x1b[K=\x1b[m\x1b[K\xe2\x80\x99 token\n'}
[0.470173] (vrx_ros) StderrLine: {'line': b'\x1b[01m\x1b[K/usr/include/c++/11/bits/unique_ptr.h:486:27:\x1b[m\x1b[K \x1b[01;31m\x1b[Kerror: \x1b[m\x1b[Kexpected unqualified-id before \xe2\x80\x98\x1b[01m\x1b[K=\x1b[m\x1b[K\xe2\x80\x99 token\n'}
[0.470253] (vrx_ros) StderrLine: {'line': b'\x1b[01m\x1b[K/usr/include/c++/11/bits/unique_ptr.h:492:69:\x1b[m\x1b[K \x1b[01;31m\x1b[Kerror: \x1b[m\x1b[Kwrong number of template arguments (1, should be 2)\n'}
[0.470356] (vrx_ros) StderrLine: {'line': b'  492 |                __not_<is_same<__remove_cv<_Tp>, __remove_cv<_Up\x1b[01;31m\x1b[K>>\x1b[m\x1b[K> >;\n'}
[0.470434] (vrx_ros) StderrLine: {'line': b'      |                                                                \x1b[01;31m\x1b[K^~\x1b[m\x1b[K\n'}
[0.470505] (vrx_ros) StderrLine: {'line': b'\n'}
[0.470579] (vrx_ros) StderrLine: {'line': b'In file included from \x1b[01m\x1b[K/usr/include/c++/11/bits/move.h:57\x1b[m\x1b[K,\n'}
[0.470651] (vrx_ros) StderrLine: {'line': b'                 from \x1b[01m\x1b[K/usr/include/c++/11/bits/stl_pair.h:59\x1b[m\x1b[K,\n'}
[0.470724] (vrx_ros) StderrLine: {'line': b'                 from \x1b[01m\x1b[K/usr/include/c++/11/utility:70\x1b[m\x1b[K,\n'}
[0.470833] (vrx_ros) StderrLine: {'line': b'                 from \x1b[01m\x1b[K/usr/include/c++/11/algorithm:60\x1b[m\x1b[K,\n'}
[0.470907] (vrx_ros) StderrLine: {'line': b'                 from \x1b[01m\x1b[K/opt/ros/jazzy/include/geometry_msgs/geometry_msgs/msg/detail/transform_stamped__struct.hpp:11\x1b[m\x1b[K:\n'}
[0.470980] (vrx_ros) StderrLine: {'line': b'\x1b[01m\x1b[K/usr/include/c++/11/type_traits:614:12:\x1b[m\x1b[K \x1b[01;36m\x1b[Knote: \x1b[m\x1b[Kprovided for \xe2\x80\x98\x1b[01m\x1b[Ktemplate<class, class> struct std::is_same\x1b[m\x1b[K\xe2\x80\x99\n'}
[0.471052] (vrx_ros) StderrLine: {'line': b'  614 |     struct \x1b[01;36m\x1b[Kis_same\x1b[m\x1b[K;\n'}
[0.471124] (vrx_ros) StderrLine: {'line': b'      |            \x1b[01;36m\x1b[K^~~~~~~\x1b[m\x1b[K\n'}
[0.471196] (vrx_ros) StderrLine: {'line': b'\x1b[01m\x1b[K/usr/include/c++/11/bits/unique_ptr.h:492:71:\x1b[m\x1b[K \x1b[01;31m\x1b[Kerror: \x1b[m\x1b[Ktemplate argument 1 is invalid\n'}
[0.471336] (vrx_ros) StderrLine: {'line': b'  492 |                __not_<is_same<__remove_cv<_Tp>, __remove_cv<_Up>>\x1b[01;31m\x1b[K>\x1b[m\x1b[K >;\n'}
[0.471405] (vrx_ros) StderrLine: {'line': b'      |                                                                  \x1b[01;31m\x1b[K^\x1b[m\x1b[K\n'}
[0.471463] (vrx_ros) StderrLine: {'line': b'\n'}
[0.471520] (vrx_ros) StderrLine: {'line': b'\x1b[01m\x1b[K/usr/include/c++/11/bits/unique_ptr.h:492:73:\x1b[m\x1b[K \x1b[01;31m\x1b[Kerror: \x1b[m\x1b[Ktemplate argument 2 is invalid\n'}
[0.471577] (vrx_ros) StderrLine: {'line': b'  492 |                __not_<is_same<__remove_cv<_Tp>, __remove_cv<_Up>>> \x1b[01;31m\x1b[K>\x1b[m\x1b[K;\n'}
[0.471633] (vrx_ros) StderrLine: {'line': b'      |                                                                    \x1b[01;31m\x1b[K^\x1b[m\x1b[K\n'}
[0.471691] (vrx_ros) StderrLine: {'line': b'\n'}
[0.471747] (vrx_ros) StderrLine: {'line': b'In file included from \x1b[01m\x1b[K/usr/include/c++/11/memory:76\x1b[m\x1b[K,\n'}
[0.471803] (vrx_ros) StderrLine: {'line': b'                 from \x1b[01m\x1b[K/opt/ros/jazzy/include/geometry_msgs/geometry_msgs/msg/detail/transform_stamped__struct.hpp:13\x1b[m\x1b[K,\n'}
[0.471859] (vrx_ros) StderrLine: {'line': b'                 from \x1b[01m\x1b[K/opt/ros/jazzy/include/geometry_msgs/geometry_msgs/msg/transform_stamped.hpp:7\x1b[m\x1b[K,\n'}
[0.471913] (vrx_ros) StderrLine: {'line': b'                 from \x1b[01m\x1b[K/home/toyat/dev/vrx_ros2/vrx_ws/src/vrx/vrx_ros/src/pose_tf_broadcaster.cc:18\x1b[m\x1b[K:\n'}
[0.471972] (vrx_ros) StderrLine: {'line': b'\x1b[01m\x1b[K/usr/include/c++/11/bits/unique_ptr.h:486:15:\x1b[m\x1b[K \x1b[01;31m\x1b[Kerror: \x1b[m\x1b[Kexpected identifier before \xe2\x80\x98\x1b[01m\x1b[K__remove_cv\x1b[m\x1b[K\xe2\x80\x99\n'}
[0.472028] (vrx_ros) StderrLine: {'line': b'  486 |         using \x1b[01;31m\x1b[K__remove_cv\x1b[m\x1b[K = typename remove_cv<_Up>::type;\n'}
[0.472082] (vrx_ros) StderrLine: {'line': b'      |               \x1b[01;31m\x1b[K^~~~~~~~~~~\x1b[m\x1b[K\n'}
[0.472137] (vrx_ros) StderrLine: {'line': b'\x1b[01m\x1b[K/usr/include/c++/11/bits/unique_ptr.h:486:27:\x1b[m\x1b[K \x1b[01;31m\x1b[Kerror: \x1b[m\x1b[Kexpected \xe2\x80\x98\x1b[01m\x1b[K(\x1b[m\x1b[K\xe2\x80\x99 before \xe2\x80\x98\x1b[01m\x1b[K=\x1b[m\x1b[K\xe2\x80\x99 token\n'}
[0.472193] (vrx_ros) StderrLine: {'line': b'  486 |         using __remove_cv \x1b[01;31m\x1b[K=\x1b[m\x1b[K typename remove_cv<_Up>::type;\n'}
[0.472247] (vrx_ros) StderrLine: {'line': b'      |                           \x1b[01;31m\x1b[K^\x1b[m\x1b[K\n'}
[0.472340] (vrx_ros) StderrLine: {'line': b'      |                           \x1b[32m\x1b[K(\x1b[m\x1b[K\n'}
[0.472399] (vrx_ros) StderrLine: {'line': b'\x1b[01m\x1b[K/usr/include/c++/11/bits/unique_ptr.h:486:27:\x1b[m\x1b[K \x1b[01;31m\x1b[Kerror: \x1b[m\x1b[Kexpected type-specifier before \xe2\x80\x98\x1b[01m\x1b[K=\x1b[m\x1b[K\xe2\x80\x99 token\n'}
[0.472458] (vrx_ros) StderrLine: {'line': b'\x1b[01m\x1b[K/usr/include/c++/11/bits/unique_ptr.h:486:27:\x1b[m\x1b[K \x1b[01;31m\x1b[Kerror: \x1b[m\x1b[Kexpected unqualified-id before \xe2\x80\x98\x1b[01m\x1b[K=\x1b[m\x1b[K\xe2\x80\x99 token\n'}
[0.472515] (vrx_ros) StderrLine: {'line': b'\x1b[01m\x1b[K/usr/include/c++/11/bits/unique_ptr.h:492:69:\x1b[m\x1b[K \x1b[01;31m\x1b[Kerror: \x1b[m\x1b[Kwrong number of template arguments (1, should be 2)\n'}
[0.472570] (vrx_ros) StderrLine: {'line': b'  492 |                     __not_<is_same<__remove_cv<_Tp>, __remove_cv<_Up\x1b[01;31m\x1b[K>>\x1b[m\x1b[K> >;\n'}
[0.472625] (vrx_ros) StderrLine: {'line': b'      |                                                                     \x1b[01;31m\x1b[K^~\x1b[m\x1b[K\n'}
[0.472679] (vrx_ros) StderrLine: {'line': b'In file included from \x1b[01m\x1b[K/usr/include/c++/11/bits/move.h:57\x1b[m\x1b[K,\n'}
[0.472736] (vrx_ros) StderrLine: {'line': b'                 from \x1b[01m\x1b[K/usr/include/c++/11/bits/stl_pair.h:59\x1b[m\x1b[K,\n'}
[0.472793] (vrx_ros) StderrLine: {'line': b'                 from \x1b[01m\x1b[K/usr/include/c++/11/utility:70\x1b[m\x1b[K,\n'}
[0.472851] (vrx_ros) StderrLine: {'line': b'                 from \x1b[01m\x1b[K/usr/include/c++/11/algorithm:60\x1b[m\x1b[K,\n'}
[0.472909] (vrx_ros) StderrLine: {'line': b'                 from \x1b[01m\x1b[K/opt/ros/jazzy/include/geometry_msgs/geometry_msgs/msg/detail/transform_stamped__struct.hpp:11\x1b[m\x1b[K:\n'}
[0.472966] (vrx_ros) StderrLine: {'line': b'\x1b[01m\x1b[K/usr/include/c++/11/type_traits:614:12:\x1b[m\x1b[K \x1b[01;36m\x1b[Knote: \x1b[m\x1b[Kprovided for \xe2\x80\x98\x1b[01m\x1b[Ktemplate<class, class> struct std::is_same\x1b[m\x1b[K\xe2\x80\x99\n'}
[0.473023] (vrx_ros) StderrLine: {'line': b'  614 |     struct \x1b[01;36m\x1b[Kis_same\x1b[m\x1b[K;\n'}
[0.473078] (vrx_ros) StderrLine: {'line': b'      |            \x1b[01;36m\x1b[K^~~~~~~\x1b[m\x1b[K\n'}
[0.473136] (vrx_ros) StderrLine: {'line': b'\x1b[01m\x1b[K/usr/include/c++/11/bits/unique_ptr.h:492:71:\x1b[m\x1b[K \x1b[01;31m\x1b[Kerror: \x1b[m\x1b[Ktemplate argument 1 is invalid\n'}
[0.473193] (vrx_ros) StderrLine: {'line': b'  492 |                     __not_<is_same<__remove_cv<_Tp>, __remove_cv<_Up>>\x1b[01;31m\x1b[K>\x1b[m\x1b[K >;\n'}
[0.473249] (vrx_ros) StderrLine: {'line': b'      |                                                                       \x1b[01;31m\x1b[K^\x1b[m\x1b[K\n'}
[0.473315] (vrx_ros) StderrLine: {'line': b'\x1b[01m\x1b[K/usr/include/c++/11/bits/unique_ptr.h:492:73:\x1b[m\x1b[K \x1b[01;31m\x1b[Kerror: \x1b[m\x1b[Ktemplate argument 2 is invalid\n'}
[0.473372] (vrx_ros) StderrLine: {'line': b'  492 |                     __not_<is_same<__remove_cv<_Tp>, __remove_cv<_Up>>> \x1b[01;31m\x1b[K>\x1b[m\x1b[K;\n'}
[0.473429] (vrx_ros) StderrLine: {'line': b'      |                                                                         \x1b[01;31m\x1b[K^\x1b[m\x1b[K\n'}
[0.497403] (vrx_gazebo) StdoutLine: {'line': b"Listing '/home/toyat/dev/vrx_ros2/vrx_ws/install/lib/python3.12/site-packages/vrx_gazebo'...\n"}
[0.500686] (-) TimerEvent: {}
[0.503151] (vrx_gazebo) StdoutLine: {'line': b'-- Up-to-date: /home/toyat/dev/vrx_ros2/vrx_ws/install/share/ament_index/resource_index/package_run_dependencies/vrx_gazebo\n'}
[0.503554] (vrx_gazebo) StdoutLine: {'line': b'-- Up-to-date: /home/toyat/dev/vrx_ros2/vrx_ws/install/share/ament_index/resource_index/parent_prefix_path/vrx_gazebo\n'}
[0.503707] (vrx_gazebo) StdoutLine: {'line': b'-- Up-to-date: /home/toyat/dev/vrx_ros2/vrx_ws/install/share/vrx_gazebo/environment/ament_prefix_path.sh\n'}
[0.503838] (vrx_gazebo) StdoutLine: {'line': b'-- Up-to-date: /home/toyat/dev/vrx_ros2/vrx_ws/install/share/vrx_gazebo/environment/ament_prefix_path.dsv\n'}
[0.503969] (vrx_gazebo) StdoutLine: {'line': b'-- Up-to-date: /home/toyat/dev/vrx_ros2/vrx_ws/install/share/vrx_gazebo/environment/path.sh\n'}
[0.504160] (vrx_gazebo) StdoutLine: {'line': b'-- Up-to-date: /home/toyat/dev/vrx_ros2/vrx_ws/install/share/vrx_gazebo/environment/path.dsv\n'}
[0.504338] (vrx_gazebo) StdoutLine: {'line': b'-- Up-to-date: /home/toyat/dev/vrx_ros2/vrx_ws/install/share/vrx_gazebo/local_setup.bash\n'}
[0.504470] (vrx_gazebo) StdoutLine: {'line': b'-- Up-to-date: /home/toyat/dev/vrx_ros2/vrx_ws/install/share/vrx_gazebo/local_setup.sh\n'}
[0.504592] (vrx_gazebo) StdoutLine: {'line': b'-- Up-to-date: /home/toyat/dev/vrx_ros2/vrx_ws/install/share/vrx_gazebo/local_setup.zsh\n'}
[0.504700] (vrx_gazebo) StdoutLine: {'line': b'-- Up-to-date: /home/toyat/dev/vrx_ros2/vrx_ws/install/share/vrx_gazebo/local_setup.dsv\n'}
[0.504801] (vrx_gazebo) StdoutLine: {'line': b'-- Installing: /home/toyat/dev/vrx_ros2/vrx_ws/install/share/vrx_gazebo/package.dsv\n'}
[0.504905] (vrx_gazebo) StdoutLine: {'line': b'-- Up-to-date: /home/toyat/dev/vrx_ros2/vrx_ws/install/share/ament_index/resource_index/packages/vrx_gazebo\n'}
[0.505005] (vrx_gazebo) StdoutLine: {'line': b'-- Up-to-date: /home/toyat/dev/vrx_ros2/vrx_ws/install/share/vrx_gazebo/cmake/vrx_gazeboConfig.cmake\n'}
[0.505110] (vrx_gazebo) StdoutLine: {'line': b'-- Up-to-date: /home/toyat/dev/vrx_ros2/vrx_ws/install/share/vrx_gazebo/cmake/vrx_gazeboConfig-version.cmake\n'}
[0.505202] (vrx_gazebo) StdoutLine: {'line': b'-- Up-to-date: /home/toyat/dev/vrx_ros2/vrx_ws/install/share/vrx_gazebo/package.xml\n'}
[0.506268] (vrx_gazebo) CommandEnded: {'returncode': 0}
[0.526110] (vrx_gazebo) JobEnded: {'identifier': 'vrx_gazebo', 'rc': 0}
[0.527400] (wamv_description) JobStarted: {'identifier': 'wamv_description'}
[0.533797] (wamv_description) JobProgress: {'identifier': 'wamv_description', 'progress': 'cmake'}
[0.534278] (wamv_description) JobProgress: {'identifier': 'wamv_description', 'progress': 'build'}
[0.534746] (wamv_description) Command: {'cmd': ['/usr/bin/cmake', '--build', '/home/toyat/dev/vrx_ros2/vrx_ws/build/wamv_description', '--', '-j8', '-l8'], 'cwd': '/home/toyat/dev/vrx_ros2/vrx_ws/build/wamv_description', 'env': OrderedDict({'LANGUAGE': 'en_US:en', 'LC_TIME': 'en_US.UTF-8', 'USER': 'toyat', 'GZ_SIM_RESOURCE_PATH': '/home/toyat/dev/vrx_ros2/vrx_ws/install/share/vrx_gazebo/models:/home/toyat/dev/vrx_ros2/vrx_ws/install/share', 'XDG_SEAT': 'seat0', 'GZ_CONFIG_PATH': '/opt/ros/jazzy/opt/gz_sim_vendor/share/gz:/opt/ros/jazzy/opt/sdformat_vendor/share/gz:/opt/ros/jazzy/opt/gz_gui_vendor/share/gz:/opt/ros/jazzy/opt/gz_transport_vendor/share/gz:/opt/ros/jazzy/opt/gz_rendering_vendor/share/gz:/opt/ros/jazzy/opt/gz_plugin_vendor/share/gz:/opt/ros/jazzy/opt/gz_fuel_tools_vendor/share/gz:/opt/ros/jazzy/opt/gz_msgs_vendor/share/gz:/opt/ros/jazzy/opt/gz_common_vendor/share/gz', 'MATHEMATICA_HOME': '/usr/share/Wolfram/Documentation/13.3/en-us', 'XDG_SESSION_TYPE': 'x11', 'SHLVL': '1', 'LD_LIBRARY_PATH': '/opt/ros/jazzy/opt/gz_sim_vendor/lib:/opt/ros/jazzy/opt/gz_sensors_vendor/lib:/opt/ros/jazzy/opt/gz_physics_vendor/lib:/opt/ros/jazzy/opt/sdformat_vendor/lib:/opt/ros/jazzy/opt/rviz_ogre_vendor/lib:/opt/ros/jazzy/lib/x86_64-linux-gnu:/opt/ros/jazzy/opt/gz_gui_vendor/lib:/opt/ros/jazzy/opt/gz_transport_vendor/lib:/opt/ros/jazzy/opt/gz_rendering_vendor/lib:/opt/ros/jazzy/opt/gz_plugin_vendor/lib:/opt/ros/jazzy/opt/gz_fuel_tools_vendor/lib:/opt/ros/jazzy/opt/gz_msgs_vendor/lib:/opt/ros/jazzy/opt/gz_common_vendor/lib:/opt/ros/jazzy/opt/gz_math_vendor/lib:/opt/ros/jazzy/opt/gz_utils_vendor/lib:/opt/ros/jazzy/opt/gz_tools_vendor/lib:/opt/ros/jazzy/opt/gz_ogre_next_vendor/lib:/opt/ros/jazzy/opt/gz_dartsim_vendor/lib:/opt/ros/jazzy/opt/gz_cmake_vendor/lib:/opt/ros/jazzy/lib::/usr/local/lib', 'HOME': '/home/toyat', 'OLDPWD': '/home/toyat', 'DESKTOP_SESSION': 'i3', 'GTK_MODULES': 'gail:atk-bridge', 'ROS_PYTHON_VERSION': '3', 'LC_MONETARY': 'en_US.UTF-8', 'DBUS_SESSION_BUS_ADDRESS': 'unix:path=/run/user/1000/bus', 'GSM_SKIP_SSH_AGENT_WORKAROUND': 'true', 'P9K_TTY': 'old', 'COLORTERM': 'truecolor', 'DEBUGINFOD_URLS': 'https://debuginfod.ubuntu.com', 'ZPFX': '/home/toyat/.local/share/zinit/polaris', 'NVM_DIR': '/home/toyat/.nvm', 'CPLUS_INCLUDE_PATH': '/usr/include/c++/11:/usr/include/x86_64-linux-gnu/c++/11', '_colcon_cd_root': '/opt/ros/jazzy/', 'MANDATORY_PATH': '/usr/share/gconf/i3.mandatory.path', 'ROS_DISTRO': 'jazzy', 'ALACRITTY_SOCKET': '/run/user/1000/Alacritty-:0-43218.sock', 'GTK_IM_MODULE': 'ibus', 'LOGNAME': 'toyat', 'WINDOWID': '56623109', '_P9K_SSH_TTY': '/dev/pts/0', '_': '/usr/bin/colcon', 'DEFAULTS_PATH': '/usr/share/gconf/i3.default.path', 'XDG_SESSION_CLASS': 'user', 'ROS_VERSION': '2', 'ALACRITTY_LOG': '/tmp/Alacritty-43218.log', 'TERM': 'alacritty', 'USERNAME': 'toyat', 'XDG_SESSION_ID': '2', 'WINDOWPATH': '2', 'ZSH_CACHE_DIR': '/home/toyat/.cache/zinit', 'PMSPEC': '0uUpiPsf', 'PATH': '/opt/ros/jazzy/opt/gz_msgs_vendor/bin:/opt/ros/jazzy/opt/gz_tools_vendor/bin:/opt/ros/jazzy/opt/gz_ogre_next_vendor/bin:/opt/ros/jazzy/bin:/home/toyat/.local/share/zinit/polaris/bin:/home/toyat/.cargo/bin:/home/toyat/.local/bin:/usr/local/sbin:/usr/local/bin:/usr/sbin:/usr/bin:/sbin:/bin:/usr/games:/usr/local/games:/snap/bin:/snap/bin:/home/toyat/.fzf/bin:/home/toyat/.platformio/penv/bin', 'PAPERSIZE': 'letter', 'LC_ADDRESS': 'en_US.UTF-8', 'XDG_RUNTIME_DIR': '/run/user/1000', 'DISPLAY': ':0', 'LANG': 'en_US.UTF-8', 'LC_TELEPHONE': 'en_US.UTF-8', 'XDG_CURRENT_DESKTOP': 'i3', 'XAUTHORITY': '/run/user/1000/gdm/Xauthority', 'XDG_SESSION_DESKTOP': 'i3', 'XMODIFIERS': '@im=ibus', 'SSH_AUTH_SOCK': '/run/user/1000/gnupg/S.gpg-agent.ssh', 'AMENT_PREFIX_PATH': '/home/toyat/dev/vrx_ros2/vrx_ws/install:/opt/ros/jazzy', 'LC_NAME': 'en_US.UTF-8', 'SHELL': '/usr/bin/zsh', 'GDMSESSION': 'i3', 'QT_ACCESSIBILITY': '1', 'LC_MEASUREMENT': 'en_US.UTF-8', 'GPG_AGENT_INFO': '/run/user/1000/gnupg/S.gpg-agent:0:1', 'LC_IDENTIFICATION': 'en_US.UTF-8', 'P9K_SSH': '0', 'ALACRITTY_WINDOW_ID': '56623109', 'QT_IM_MODULE': 'ibus', 'XDG_VTNR': '2', 'ROS_AUTOMATIC_DISCOVERY_RANGE': 'SUBNET', 'LC_ALL': 'en_US.UTF-8', 'PWD': '/home/toyat/dev/vrx_ros2/vrx_ws/build/wamv_description', 'CLUTTER_IM_MODULE': 'ibus', 'XDG_CONFIG_DIRS': '/etc/xdg/xdg-i3:/etc/xdg', 'XDG_DATA_DIRS': '/usr/share/i3:/usr/share/gnome:/home/toyat/.local/share/flatpak/exports/share:/var/lib/flatpak/exports/share:/usr/local/share/:/usr/share/:/var/lib/snapd/desktop', '_P9K_TTY': '/dev/pts/0', 'LC_NUMERIC': 'en_US.UTF-8', 'QTWEBENGINE_DICTIONARIES_PATH': '/usr/share/hunspell-bdic/', 'PYTHONPATH': '/home/toyat/dev/vrx_ros2/vrx_ws/install/lib/python3.12/site-packages:/opt/ros/jazzy/lib/python3.12/site-packages', 'I3SOCK': '/run/user/1000/i3/ipc-socket.3408', 'LC_PAPER': 'en_US.UTF-8', 'COLCON': '1', 'EDITOR': 'nvim', 'CMAKE_PREFIX_PATH': '/home/toyat/dev/vrx_ros2/vrx_ws/install:/opt/ros/jazzy/opt/gz_sim_vendor:/opt/ros/jazzy/opt/gz_sensors_vendor:/opt/ros/jazzy/opt/gz_physics_vendor:/opt/ros/jazzy/opt/sdformat_vendor:/opt/ros/jazzy/opt/gz_gui_vendor:/opt/ros/jazzy/opt/gz_transport_vendor:/opt/ros/jazzy/opt/gz_rendering_vendor:/opt/ros/jazzy/opt/gz_plugin_vendor:/opt/ros/jazzy/opt/gz_fuel_tools_vendor:/opt/ros/jazzy/opt/gz_msgs_vendor:/opt/ros/jazzy/opt/gz_common_vendor:/opt/ros/jazzy/opt/gz_math_vendor:/opt/ros/jazzy/opt/gz_utils_vendor:/opt/ros/jazzy/opt/gz_tools_vendor:/opt/ros/jazzy/opt/gz_ogre_next_vendor:/opt/ros/jazzy/opt/gz_dartsim_vendor:/opt/ros/jazzy/opt/gz_cmake_vendor:/opt/ros/jazzy'}), 'shell': False}
[0.587331] (wamv_description) StdoutLine: {'line': b'[100%] Built target wamv_description__xacro_auto_generate\n'}
[0.600807] (-) TimerEvent: {}
[0.601785] (wamv_description) CommandEnded: {'returncode': 0}
[0.603524] (wamv_description) JobProgress: {'identifier': 'wamv_description', 'progress': 'install'}
[0.603604] (wamv_description) Command: {'cmd': ['/usr/bin/cmake', '--install', '/home/toyat/dev/vrx_ros2/vrx_ws/build/wamv_description'], 'cwd': '/home/toyat/dev/vrx_ros2/vrx_ws/build/wamv_description', 'env': OrderedDict({'LANGUAGE': 'en_US:en', 'LC_TIME': 'en_US.UTF-8', 'USER': 'toyat', 'GZ_SIM_RESOURCE_PATH': '/home/toyat/dev/vrx_ros2/vrx_ws/install/share/vrx_gazebo/models:/home/toyat/dev/vrx_ros2/vrx_ws/install/share', 'XDG_SEAT': 'seat0', 'GZ_CONFIG_PATH': '/opt/ros/jazzy/opt/gz_sim_vendor/share/gz:/opt/ros/jazzy/opt/sdformat_vendor/share/gz:/opt/ros/jazzy/opt/gz_gui_vendor/share/gz:/opt/ros/jazzy/opt/gz_transport_vendor/share/gz:/opt/ros/jazzy/opt/gz_rendering_vendor/share/gz:/opt/ros/jazzy/opt/gz_plugin_vendor/share/gz:/opt/ros/jazzy/opt/gz_fuel_tools_vendor/share/gz:/opt/ros/jazzy/opt/gz_msgs_vendor/share/gz:/opt/ros/jazzy/opt/gz_common_vendor/share/gz', 'MATHEMATICA_HOME': '/usr/share/Wolfram/Documentation/13.3/en-us', 'XDG_SESSION_TYPE': 'x11', 'SHLVL': '1', 'LD_LIBRARY_PATH': '/opt/ros/jazzy/opt/gz_sim_vendor/lib:/opt/ros/jazzy/opt/gz_sensors_vendor/lib:/opt/ros/jazzy/opt/gz_physics_vendor/lib:/opt/ros/jazzy/opt/sdformat_vendor/lib:/opt/ros/jazzy/opt/rviz_ogre_vendor/lib:/opt/ros/jazzy/lib/x86_64-linux-gnu:/opt/ros/jazzy/opt/gz_gui_vendor/lib:/opt/ros/jazzy/opt/gz_transport_vendor/lib:/opt/ros/jazzy/opt/gz_rendering_vendor/lib:/opt/ros/jazzy/opt/gz_plugin_vendor/lib:/opt/ros/jazzy/opt/gz_fuel_tools_vendor/lib:/opt/ros/jazzy/opt/gz_msgs_vendor/lib:/opt/ros/jazzy/opt/gz_common_vendor/lib:/opt/ros/jazzy/opt/gz_math_vendor/lib:/opt/ros/jazzy/opt/gz_utils_vendor/lib:/opt/ros/jazzy/opt/gz_tools_vendor/lib:/opt/ros/jazzy/opt/gz_ogre_next_vendor/lib:/opt/ros/jazzy/opt/gz_dartsim_vendor/lib:/opt/ros/jazzy/opt/gz_cmake_vendor/lib:/opt/ros/jazzy/lib::/usr/local/lib', 'HOME': '/home/toyat', 'OLDPWD': '/home/toyat', 'DESKTOP_SESSION': 'i3', 'GTK_MODULES': 'gail:atk-bridge', 'ROS_PYTHON_VERSION': '3', 'LC_MONETARY': 'en_US.UTF-8', 'DBUS_SESSION_BUS_ADDRESS': 'unix:path=/run/user/1000/bus', 'GSM_SKIP_SSH_AGENT_WORKAROUND': 'true', 'P9K_TTY': 'old', 'COLORTERM': 'truecolor', 'DEBUGINFOD_URLS': 'https://debuginfod.ubuntu.com', 'ZPFX': '/home/toyat/.local/share/zinit/polaris', 'NVM_DIR': '/home/toyat/.nvm', 'CPLUS_INCLUDE_PATH': '/usr/include/c++/11:/usr/include/x86_64-linux-gnu/c++/11', '_colcon_cd_root': '/opt/ros/jazzy/', 'MANDATORY_PATH': '/usr/share/gconf/i3.mandatory.path', 'ROS_DISTRO': 'jazzy', 'ALACRITTY_SOCKET': '/run/user/1000/Alacritty-:0-43218.sock', 'GTK_IM_MODULE': 'ibus', 'LOGNAME': 'toyat', 'WINDOWID': '56623109', '_P9K_SSH_TTY': '/dev/pts/0', '_': '/usr/bin/colcon', 'DEFAULTS_PATH': '/usr/share/gconf/i3.default.path', 'XDG_SESSION_CLASS': 'user', 'ROS_VERSION': '2', 'ALACRITTY_LOG': '/tmp/Alacritty-43218.log', 'TERM': 'alacritty', 'USERNAME': 'toyat', 'XDG_SESSION_ID': '2', 'WINDOWPATH': '2', 'ZSH_CACHE_DIR': '/home/toyat/.cache/zinit', 'PMSPEC': '0uUpiPsf', 'PATH': '/opt/ros/jazzy/opt/gz_msgs_vendor/bin:/opt/ros/jazzy/opt/gz_tools_vendor/bin:/opt/ros/jazzy/opt/gz_ogre_next_vendor/bin:/opt/ros/jazzy/bin:/home/toyat/.local/share/zinit/polaris/bin:/home/toyat/.cargo/bin:/home/toyat/.local/bin:/usr/local/sbin:/usr/local/bin:/usr/sbin:/usr/bin:/sbin:/bin:/usr/games:/usr/local/games:/snap/bin:/snap/bin:/home/toyat/.fzf/bin:/home/toyat/.platformio/penv/bin', 'PAPERSIZE': 'letter', 'LC_ADDRESS': 'en_US.UTF-8', 'XDG_RUNTIME_DIR': '/run/user/1000', 'DISPLAY': ':0', 'LANG': 'en_US.UTF-8', 'LC_TELEPHONE': 'en_US.UTF-8', 'XDG_CURRENT_DESKTOP': 'i3', 'XAUTHORITY': '/run/user/1000/gdm/Xauthority', 'XDG_SESSION_DESKTOP': 'i3', 'XMODIFIERS': '@im=ibus', 'SSH_AUTH_SOCK': '/run/user/1000/gnupg/S.gpg-agent.ssh', 'AMENT_PREFIX_PATH': '/home/toyat/dev/vrx_ros2/vrx_ws/install:/opt/ros/jazzy', 'LC_NAME': 'en_US.UTF-8', 'SHELL': '/usr/bin/zsh', 'GDMSESSION': 'i3', 'QT_ACCESSIBILITY': '1', 'LC_MEASUREMENT': 'en_US.UTF-8', 'GPG_AGENT_INFO': '/run/user/1000/gnupg/S.gpg-agent:0:1', 'LC_IDENTIFICATION': 'en_US.UTF-8', 'P9K_SSH': '0', 'ALACRITTY_WINDOW_ID': '56623109', 'QT_IM_MODULE': 'ibus', 'XDG_VTNR': '2', 'ROS_AUTOMATIC_DISCOVERY_RANGE': 'SUBNET', 'LC_ALL': 'en_US.UTF-8', 'PWD': '/home/toyat/dev/vrx_ros2/vrx_ws/build/wamv_description', 'CLUTTER_IM_MODULE': 'ibus', 'XDG_CONFIG_DIRS': '/etc/xdg/xdg-i3:/etc/xdg', 'XDG_DATA_DIRS': '/usr/share/i3:/usr/share/gnome:/home/toyat/.local/share/flatpak/exports/share:/var/lib/flatpak/exports/share:/usr/local/share/:/usr/share/:/var/lib/snapd/desktop', '_P9K_TTY': '/dev/pts/0', 'LC_NUMERIC': 'en_US.UTF-8', 'QTWEBENGINE_DICTIONARIES_PATH': '/usr/share/hunspell-bdic/', 'PYTHONPATH': '/home/toyat/dev/vrx_ros2/vrx_ws/install/lib/python3.12/site-packages:/opt/ros/jazzy/lib/python3.12/site-packages', 'I3SOCK': '/run/user/1000/i3/ipc-socket.3408', 'LC_PAPER': 'en_US.UTF-8', 'COLCON': '1', 'EDITOR': 'nvim', 'CMAKE_PREFIX_PATH': '/home/toyat/dev/vrx_ros2/vrx_ws/install:/opt/ros/jazzy/opt/gz_sim_vendor:/opt/ros/jazzy/opt/gz_sensors_vendor:/opt/ros/jazzy/opt/gz_physics_vendor:/opt/ros/jazzy/opt/sdformat_vendor:/opt/ros/jazzy/opt/gz_gui_vendor:/opt/ros/jazzy/opt/gz_transport_vendor:/opt/ros/jazzy/opt/gz_rendering_vendor:/opt/ros/jazzy/opt/gz_plugin_vendor:/opt/ros/jazzy/opt/gz_fuel_tools_vendor:/opt/ros/jazzy/opt/gz_msgs_vendor:/opt/ros/jazzy/opt/gz_common_vendor:/opt/ros/jazzy/opt/gz_math_vendor:/opt/ros/jazzy/opt/gz_utils_vendor:/opt/ros/jazzy/opt/gz_tools_vendor:/opt/ros/jazzy/opt/gz_ogre_next_vendor:/opt/ros/jazzy/opt/gz_dartsim_vendor:/opt/ros/jazzy/opt/gz_cmake_vendor:/opt/ros/jazzy'}), 'shell': False}
[0.618507] (wamv_description) StdoutLine: {'line': b'-- Install configuration: ""\n'}
[0.618772] (wamv_description) StdoutLine: {'line': b'-- Up-to-date: /home/toyat/dev/vrx_ros2/vrx_ws/install/share/wamv_description/environment/resource_paths.dsv\n'}
[0.618889] (wamv_description) StdoutLine: {'line': b'-- Up-to-date: /home/toyat/dev/vrx_ros2/vrx_ws/install/share/wamv_description/environment/resource_paths.sh\n'}
[0.618993] (wamv_description) StdoutLine: {'line': b'-- Up-to-date: /home/toyat/dev/vrx_ros2/vrx_ws/install/share/wamv_description/urdf/wamv_base.urdf\n'}
[0.619096] (wamv_description) StdoutLine: {'line': b'-- Up-to-date: /home/toyat/dev/vrx_ros2/vrx_ws/install/share/wamv_description/models\n'}
[0.619206] (wamv_description) StdoutLine: {'line': b'-- Up-to-date: /home/toyat/dev/vrx_ros2/vrx_ws/install/share/wamv_description/models/engine\n'}
[0.619324] (wamv_description) StdoutLine: {'line': b'-- Up-to-date: /home/toyat/dev/vrx_ros2/vrx_ws/install/share/wamv_description/models/engine/model.config\n'}
[0.619429] (wamv_description) StdoutLine: {'line': b'-- Up-to-date: /home/toyat/dev/vrx_ros2/vrx_ws/install/share/wamv_description/models/engine/mesh\n'}
[0.619532] (wamv_description) StdoutLine: {'line': b'-- Up-to-date: /home/toyat/dev/vrx_ros2/vrx_ws/install/share/wamv_description/models/engine/mesh/engine.dae\n'}
[0.619634] (wamv_description) StdoutLine: {'line': b'-- Up-to-date: /home/toyat/dev/vrx_ros2/vrx_ws/install/share/wamv_description/models/propeller\n'}
[0.619735] (wamv_description) StdoutLine: {'line': b'-- Up-to-date: /home/toyat/dev/vrx_ros2/vrx_ws/install/share/wamv_description/models/propeller/model.config\n'}
[0.619829] (wamv_description) StdoutLine: {'line': b'-- Up-to-date: /home/toyat/dev/vrx_ros2/vrx_ws/install/share/wamv_description/models/propeller/mesh\n'}
[0.619929] (wamv_description) StdoutLine: {'line': b'-- Up-to-date: /home/toyat/dev/vrx_ros2/vrx_ws/install/share/wamv_description/models/propeller/mesh/propeller.dae\n'}
[0.620023] (wamv_description) StdoutLine: {'line': b'-- Up-to-date: /home/toyat/dev/vrx_ros2/vrx_ws/install/share/wamv_description/models/WAM-V-Base\n'}
[0.620110] (wamv_description) StdoutLine: {'line': b'-- Up-to-date: /home/toyat/dev/vrx_ros2/vrx_ws/install/share/wamv_description/models/WAM-V-Base/model.config\n'}
[0.620199] (wamv_description) StdoutLine: {'line': b'-- Up-to-date: /home/toyat/dev/vrx_ros2/vrx_ws/install/share/wamv_description/models/WAM-V-Base/mesh\n'}
[0.620309] (wamv_description) StdoutLine: {'line': b'-- Up-to-date: /home/toyat/dev/vrx_ros2/vrx_ws/install/share/wamv_description/models/WAM-V-Base/mesh/WAM-V_Roughness.png\n'}
[0.620535] (wamv_description) StdoutLine: {'line': b'-- Up-to-date: /home/toyat/dev/vrx_ros2/vrx_ws/install/share/wamv_description/models/WAM-V-Base/mesh/WAM-V_Normal.png\n'}
[0.620643] (wamv_description) StdoutLine: {'line': b'-- Up-to-date: /home/toyat/dev/vrx_ros2/vrx_ws/install/share/wamv_description/models/WAM-V-Base/mesh/WAM-V_Albedo.png\n'}
[0.620747] (wamv_description) StdoutLine: {'line': b'-- Up-to-date: /home/toyat/dev/vrx_ros2/vrx_ws/install/share/wamv_description/models/WAM-V-Base/mesh/WAM-V-Base.dae\n'}
[0.620848] (wamv_description) StdoutLine: {'line': b'-- Up-to-date: /home/toyat/dev/vrx_ros2/vrx_ws/install/share/wamv_description/models/WAM-V-Base/mesh/WamV.png\n'}
[0.620961] (wamv_description) StdoutLine: {'line': b'-- Up-to-date: /home/toyat/dev/vrx_ros2/vrx_ws/install/share/wamv_description/models/WAM-V-Base/mesh/WAM-V_Metalness.png\n'}
[0.621092] (wamv_description) StdoutLine: {'line': b'-- Up-to-date: /home/toyat/dev/vrx_ros2/vrx_ws/install/share/wamv_description/urdf\n'}
[0.621174] (wamv_description) StdoutLine: {'line': b'-- Up-to-date: /home/toyat/dev/vrx_ros2/vrx_ws/install/share/wamv_description/urdf/thrusters\n'}
[0.621239] (wamv_description) StdoutLine: {'line': b'-- Up-to-date: /home/toyat/dev/vrx_ros2/vrx_ws/install/share/wamv_description/urdf/thrusters/engine.xacro\n'}
[0.621540] (wamv_description) StdoutLine: {'line': b'-- Up-to-date: /home/toyat/dev/vrx_ros2/vrx_ws/install/share/wamv_description/urdf/battery.xacro\n'}
[0.621617] (wamv_description) StdoutLine: {'line': b'-- Up-to-date: /home/toyat/dev/vrx_ros2/vrx_ws/install/share/wamv_description/urdf/wamv_base.urdf.xacro\n'}
[0.621684] (wamv_description) StdoutLine: {'line': b'-- Up-to-date: /home/toyat/dev/vrx_ros2/vrx_ws/install/share/wamv_description/urdf/cpu_cases.xacro\n'}
[0.621749] (wamv_description) StdoutLine: {'line': b'-- Up-to-date: /home/toyat/dev/vrx_ros2/vrx_ws/install/share/ament_index/resource_index/package_run_dependencies/wamv_description\n'}
[0.621832] (wamv_description) StdoutLine: {'line': b'-- Up-to-date: /home/toyat/dev/vrx_ros2/vrx_ws/install/share/ament_index/resource_index/parent_prefix_path/wamv_description\n'}
[0.621914] (wamv_description) StdoutLine: {'line': b'-- Up-to-date: /home/toyat/dev/vrx_ros2/vrx_ws/install/share/wamv_description/environment/ament_prefix_path.sh\n'}
[0.622012] (wamv_description) StdoutLine: {'line': b'-- Up-to-date: /home/toyat/dev/vrx_ros2/vrx_ws/install/share/wamv_description/environment/ament_prefix_path.dsv\n'}
[0.622078] (wamv_description) StdoutLine: {'line': b'-- Up-to-date: /home/toyat/dev/vrx_ros2/vrx_ws/install/share/wamv_description/environment/path.sh\n'}
[0.622144] (wamv_description) StdoutLine: {'line': b'-- Up-to-date: /home/toyat/dev/vrx_ros2/vrx_ws/install/share/wamv_description/environment/path.dsv\n'}
[0.622261] (wamv_description) StdoutLine: {'line': b'-- Up-to-date: /home/toyat/dev/vrx_ros2/vrx_ws/install/share/wamv_description/local_setup.bash\n'}
[0.622391] (wamv_description) StdoutLine: {'line': b'-- Up-to-date: /home/toyat/dev/vrx_ros2/vrx_ws/install/share/wamv_description/local_setup.sh\n'}
[0.622813] (wamv_description) StdoutLine: {'line': b'-- Up-to-date: /home/toyat/dev/vrx_ros2/vrx_ws/install/share/wamv_description/local_setup.zsh\n'}
[0.622928] (wamv_description) StdoutLine: {'line': b'-- Up-to-date: /home/toyat/dev/vrx_ros2/vrx_ws/install/share/wamv_description/local_setup.dsv\n'}
[0.623031] (wamv_description) StdoutLine: {'line': b'-- Installing: /home/toyat/dev/vrx_ros2/vrx_ws/install/share/wamv_description/package.dsv\n'}
[0.623134] (wamv_description) StdoutLine: {'line': b'-- Up-to-date: /home/toyat/dev/vrx_ros2/vrx_ws/install/share/ament_index/resource_index/packages/wamv_description\n'}
[0.623536] (wamv_description) StdoutLine: {'line': b'-- Up-to-date: /home/toyat/dev/vrx_ros2/vrx_ws/install/share/wamv_description/cmake/wamv_descriptionConfig.cmake\n'}
[0.623696] (wamv_description) StdoutLine: {'line': b'-- Up-to-date: /home/toyat/dev/vrx_ros2/vrx_ws/install/share/wamv_description/cmake/wamv_descriptionConfig-version.cmake\n'}
[0.623833] (wamv_description) StdoutLine: {'line': b'-- Up-to-date: /home/toyat/dev/vrx_ros2/vrx_ws/install/share/wamv_description/package.xml\n'}
[0.625713] (wamv_description) CommandEnded: {'returncode': 0}
[0.641360] (wamv_description) JobEnded: {'identifier': 'wamv_description', 'rc': 0}
[0.642039] (wamv_gazebo) JobStarted: {'identifier': 'wamv_gazebo'}
[0.651813] (wamv_gazebo) JobProgress: {'identifier': 'wamv_gazebo', 'progress': 'cmake'}
[0.652329] (wamv_gazebo) JobProgress: {'identifier': 'wamv_gazebo', 'progress': 'build'}
[0.652529] (wamv_gazebo) Command: {'cmd': ['/usr/bin/cmake', '--build', '/home/toyat/dev/vrx_ros2/vrx_ws/build/wamv_gazebo', '--', '-j8', '-l8'], 'cwd': '/home/toyat/dev/vrx_ros2/vrx_ws/build/wamv_gazebo', 'env': OrderedDict({'LANGUAGE': 'en_US:en', 'LC_TIME': 'en_US.UTF-8', 'USER': 'toyat', 'GZ_SIM_RESOURCE_PATH': '/home/toyat/dev/vrx_ros2/vrx_ws/install/share/wamv_description/models:/home/toyat/dev/vrx_ros2/vrx_ws/install/share/vrx_gazebo/models:/home/toyat/dev/vrx_ros2/vrx_ws/install/share', 'XDG_SEAT': 'seat0', 'GZ_CONFIG_PATH': '/opt/ros/jazzy/opt/gz_sim_vendor/share/gz:/opt/ros/jazzy/opt/sdformat_vendor/share/gz:/opt/ros/jazzy/opt/gz_gui_vendor/share/gz:/opt/ros/jazzy/opt/gz_transport_vendor/share/gz:/opt/ros/jazzy/opt/gz_rendering_vendor/share/gz:/opt/ros/jazzy/opt/gz_plugin_vendor/share/gz:/opt/ros/jazzy/opt/gz_fuel_tools_vendor/share/gz:/opt/ros/jazzy/opt/gz_msgs_vendor/share/gz:/opt/ros/jazzy/opt/gz_common_vendor/share/gz', 'MATHEMATICA_HOME': '/usr/share/Wolfram/Documentation/13.3/en-us', 'XDG_SESSION_TYPE': 'x11', 'SHLVL': '1', 'LD_LIBRARY_PATH': '/opt/ros/jazzy/opt/gz_sim_vendor/lib:/opt/ros/jazzy/opt/gz_sensors_vendor/lib:/opt/ros/jazzy/opt/gz_physics_vendor/lib:/opt/ros/jazzy/opt/sdformat_vendor/lib:/opt/ros/jazzy/opt/rviz_ogre_vendor/lib:/opt/ros/jazzy/lib/x86_64-linux-gnu:/opt/ros/jazzy/opt/gz_gui_vendor/lib:/opt/ros/jazzy/opt/gz_transport_vendor/lib:/opt/ros/jazzy/opt/gz_rendering_vendor/lib:/opt/ros/jazzy/opt/gz_plugin_vendor/lib:/opt/ros/jazzy/opt/gz_fuel_tools_vendor/lib:/opt/ros/jazzy/opt/gz_msgs_vendor/lib:/opt/ros/jazzy/opt/gz_common_vendor/lib:/opt/ros/jazzy/opt/gz_math_vendor/lib:/opt/ros/jazzy/opt/gz_utils_vendor/lib:/opt/ros/jazzy/opt/gz_tools_vendor/lib:/opt/ros/jazzy/opt/gz_ogre_next_vendor/lib:/opt/ros/jazzy/opt/gz_dartsim_vendor/lib:/opt/ros/jazzy/opt/gz_cmake_vendor/lib:/opt/ros/jazzy/lib::/usr/local/lib', 'HOME': '/home/toyat', 'OLDPWD': '/home/toyat', 'DESKTOP_SESSION': 'i3', 'GTK_MODULES': 'gail:atk-bridge', 'ROS_PYTHON_VERSION': '3', 'LC_MONETARY': 'en_US.UTF-8', 'DBUS_SESSION_BUS_ADDRESS': 'unix:path=/run/user/1000/bus', 'GSM_SKIP_SSH_AGENT_WORKAROUND': 'true', 'P9K_TTY': 'old', 'COLORTERM': 'truecolor', 'DEBUGINFOD_URLS': 'https://debuginfod.ubuntu.com', 'ZPFX': '/home/toyat/.local/share/zinit/polaris', 'NVM_DIR': '/home/toyat/.nvm', 'CPLUS_INCLUDE_PATH': '/usr/include/c++/11:/usr/include/x86_64-linux-gnu/c++/11', '_colcon_cd_root': '/opt/ros/jazzy/', 'MANDATORY_PATH': '/usr/share/gconf/i3.mandatory.path', 'ROS_DISTRO': 'jazzy', 'ALACRITTY_SOCKET': '/run/user/1000/Alacritty-:0-43218.sock', 'GTK_IM_MODULE': 'ibus', 'LOGNAME': 'toyat', 'WINDOWID': '56623109', '_P9K_SSH_TTY': '/dev/pts/0', '_': '/usr/bin/colcon', 'DEFAULTS_PATH': '/usr/share/gconf/i3.default.path', 'XDG_SESSION_CLASS': 'user', 'ROS_VERSION': '2', 'ALACRITTY_LOG': '/tmp/Alacritty-43218.log', 'TERM': 'alacritty', 'USERNAME': 'toyat', 'XDG_SESSION_ID': '2', 'WINDOWPATH': '2', 'ZSH_CACHE_DIR': '/home/toyat/.cache/zinit', 'PMSPEC': '0uUpiPsf', 'PATH': '/opt/ros/jazzy/opt/gz_msgs_vendor/bin:/opt/ros/jazzy/opt/gz_tools_vendor/bin:/opt/ros/jazzy/opt/gz_ogre_next_vendor/bin:/opt/ros/jazzy/bin:/home/toyat/.local/share/zinit/polaris/bin:/home/toyat/.cargo/bin:/home/toyat/.local/bin:/usr/local/sbin:/usr/local/bin:/usr/sbin:/usr/bin:/sbin:/bin:/usr/games:/usr/local/games:/snap/bin:/snap/bin:/home/toyat/.fzf/bin:/home/toyat/.platformio/penv/bin', 'PAPERSIZE': 'letter', 'LC_ADDRESS': 'en_US.UTF-8', 'XDG_RUNTIME_DIR': '/run/user/1000', 'DISPLAY': ':0', 'LANG': 'en_US.UTF-8', 'LC_TELEPHONE': 'en_US.UTF-8', 'XDG_CURRENT_DESKTOP': 'i3', 'XAUTHORITY': '/run/user/1000/gdm/Xauthority', 'XDG_SESSION_DESKTOP': 'i3', 'XMODIFIERS': '@im=ibus', 'SSH_AUTH_SOCK': '/run/user/1000/gnupg/S.gpg-agent.ssh', 'AMENT_PREFIX_PATH': '/home/toyat/dev/vrx_ros2/vrx_ws/install:/opt/ros/jazzy', 'LC_NAME': 'en_US.UTF-8', 'SHELL': '/usr/bin/zsh', 'GDMSESSION': 'i3', 'QT_ACCESSIBILITY': '1', 'LC_MEASUREMENT': 'en_US.UTF-8', 'GPG_AGENT_INFO': '/run/user/1000/gnupg/S.gpg-agent:0:1', 'LC_IDENTIFICATION': 'en_US.UTF-8', 'P9K_SSH': '0', 'ALACRITTY_WINDOW_ID': '56623109', 'QT_IM_MODULE': 'ibus', 'XDG_VTNR': '2', 'ROS_AUTOMATIC_DISCOVERY_RANGE': 'SUBNET', 'LC_ALL': 'en_US.UTF-8', 'PWD': '/home/toyat/dev/vrx_ros2/vrx_ws/build/wamv_gazebo', 'CLUTTER_IM_MODULE': 'ibus', 'XDG_CONFIG_DIRS': '/etc/xdg/xdg-i3:/etc/xdg', 'XDG_DATA_DIRS': '/usr/share/i3:/usr/share/gnome:/home/toyat/.local/share/flatpak/exports/share:/var/lib/flatpak/exports/share:/usr/local/share/:/usr/share/:/var/lib/snapd/desktop', '_P9K_TTY': '/dev/pts/0', 'LC_NUMERIC': 'en_US.UTF-8', 'QTWEBENGINE_DICTIONARIES_PATH': '/usr/share/hunspell-bdic/', 'PYTHONPATH': '/home/toyat/dev/vrx_ros2/vrx_ws/install/lib/python3.12/site-packages:/opt/ros/jazzy/lib/python3.12/site-packages', 'I3SOCK': '/run/user/1000/i3/ipc-socket.3408', 'LC_PAPER': 'en_US.UTF-8', 'COLCON': '1', 'EDITOR': 'nvim', 'CMAKE_PREFIX_PATH': '/home/toyat/dev/vrx_ros2/vrx_ws/install:/opt/ros/jazzy/opt/gz_sim_vendor:/opt/ros/jazzy/opt/gz_sensors_vendor:/opt/ros/jazzy/opt/gz_physics_vendor:/opt/ros/jazzy/opt/sdformat_vendor:/opt/ros/jazzy/opt/gz_gui_vendor:/opt/ros/jazzy/opt/gz_transport_vendor:/opt/ros/jazzy/opt/gz_rendering_vendor:/opt/ros/jazzy/opt/gz_plugin_vendor:/opt/ros/jazzy/opt/gz_fuel_tools_vendor:/opt/ros/jazzy/opt/gz_msgs_vendor:/opt/ros/jazzy/opt/gz_common_vendor:/opt/ros/jazzy/opt/gz_math_vendor:/opt/ros/jazzy/opt/gz_utils_vendor:/opt/ros/jazzy/opt/gz_tools_vendor:/opt/ros/jazzy/opt/gz_ogre_next_vendor:/opt/ros/jazzy/opt/gz_dartsim_vendor:/opt/ros/jazzy/opt/gz_cmake_vendor:/opt/ros/jazzy'}), 'shell': False}
[0.700183] (wamv_gazebo) CommandEnded: {'returncode': 0}
[0.700875] (-) TimerEvent: {}
[0.701376] (wamv_gazebo) JobProgress: {'identifier': 'wamv_gazebo', 'progress': 'install'}
[0.701590] (wamv_gazebo) Command: {'cmd': ['/usr/bin/cmake', '--install', '/home/toyat/dev/vrx_ros2/vrx_ws/build/wamv_gazebo'], 'cwd': '/home/toyat/dev/vrx_ros2/vrx_ws/build/wamv_gazebo', 'env': OrderedDict({'LANGUAGE': 'en_US:en', 'LC_TIME': 'en_US.UTF-8', 'USER': 'toyat', 'GZ_SIM_RESOURCE_PATH': '/home/toyat/dev/vrx_ros2/vrx_ws/install/share/wamv_description/models:/home/toyat/dev/vrx_ros2/vrx_ws/install/share/vrx_gazebo/models:/home/toyat/dev/vrx_ros2/vrx_ws/install/share', 'XDG_SEAT': 'seat0', 'GZ_CONFIG_PATH': '/opt/ros/jazzy/opt/gz_sim_vendor/share/gz:/opt/ros/jazzy/opt/sdformat_vendor/share/gz:/opt/ros/jazzy/opt/gz_gui_vendor/share/gz:/opt/ros/jazzy/opt/gz_transport_vendor/share/gz:/opt/ros/jazzy/opt/gz_rendering_vendor/share/gz:/opt/ros/jazzy/opt/gz_plugin_vendor/share/gz:/opt/ros/jazzy/opt/gz_fuel_tools_vendor/share/gz:/opt/ros/jazzy/opt/gz_msgs_vendor/share/gz:/opt/ros/jazzy/opt/gz_common_vendor/share/gz', 'MATHEMATICA_HOME': '/usr/share/Wolfram/Documentation/13.3/en-us', 'XDG_SESSION_TYPE': 'x11', 'SHLVL': '1', 'LD_LIBRARY_PATH': '/opt/ros/jazzy/opt/gz_sim_vendor/lib:/opt/ros/jazzy/opt/gz_sensors_vendor/lib:/opt/ros/jazzy/opt/gz_physics_vendor/lib:/opt/ros/jazzy/opt/sdformat_vendor/lib:/opt/ros/jazzy/opt/rviz_ogre_vendor/lib:/opt/ros/jazzy/lib/x86_64-linux-gnu:/opt/ros/jazzy/opt/gz_gui_vendor/lib:/opt/ros/jazzy/opt/gz_transport_vendor/lib:/opt/ros/jazzy/opt/gz_rendering_vendor/lib:/opt/ros/jazzy/opt/gz_plugin_vendor/lib:/opt/ros/jazzy/opt/gz_fuel_tools_vendor/lib:/opt/ros/jazzy/opt/gz_msgs_vendor/lib:/opt/ros/jazzy/opt/gz_common_vendor/lib:/opt/ros/jazzy/opt/gz_math_vendor/lib:/opt/ros/jazzy/opt/gz_utils_vendor/lib:/opt/ros/jazzy/opt/gz_tools_vendor/lib:/opt/ros/jazzy/opt/gz_ogre_next_vendor/lib:/opt/ros/jazzy/opt/gz_dartsim_vendor/lib:/opt/ros/jazzy/opt/gz_cmake_vendor/lib:/opt/ros/jazzy/lib::/usr/local/lib', 'HOME': '/home/toyat', 'OLDPWD': '/home/toyat', 'DESKTOP_SESSION': 'i3', 'GTK_MODULES': 'gail:atk-bridge', 'ROS_PYTHON_VERSION': '3', 'LC_MONETARY': 'en_US.UTF-8', 'DBUS_SESSION_BUS_ADDRESS': 'unix:path=/run/user/1000/bus', 'GSM_SKIP_SSH_AGENT_WORKAROUND': 'true', 'P9K_TTY': 'old', 'COLORTERM': 'truecolor', 'DEBUGINFOD_URLS': 'https://debuginfod.ubuntu.com', 'ZPFX': '/home/toyat/.local/share/zinit/polaris', 'NVM_DIR': '/home/toyat/.nvm', 'CPLUS_INCLUDE_PATH': '/usr/include/c++/11:/usr/include/x86_64-linux-gnu/c++/11', '_colcon_cd_root': '/opt/ros/jazzy/', 'MANDATORY_PATH': '/usr/share/gconf/i3.mandatory.path', 'ROS_DISTRO': 'jazzy', 'ALACRITTY_SOCKET': '/run/user/1000/Alacritty-:0-43218.sock', 'GTK_IM_MODULE': 'ibus', 'LOGNAME': 'toyat', 'WINDOWID': '56623109', '_P9K_SSH_TTY': '/dev/pts/0', '_': '/usr/bin/colcon', 'DEFAULTS_PATH': '/usr/share/gconf/i3.default.path', 'XDG_SESSION_CLASS': 'user', 'ROS_VERSION': '2', 'ALACRITTY_LOG': '/tmp/Alacritty-43218.log', 'TERM': 'alacritty', 'USERNAME': 'toyat', 'XDG_SESSION_ID': '2', 'WINDOWPATH': '2', 'ZSH_CACHE_DIR': '/home/toyat/.cache/zinit', 'PMSPEC': '0uUpiPsf', 'PATH': '/opt/ros/jazzy/opt/gz_msgs_vendor/bin:/opt/ros/jazzy/opt/gz_tools_vendor/bin:/opt/ros/jazzy/opt/gz_ogre_next_vendor/bin:/opt/ros/jazzy/bin:/home/toyat/.local/share/zinit/polaris/bin:/home/toyat/.cargo/bin:/home/toyat/.local/bin:/usr/local/sbin:/usr/local/bin:/usr/sbin:/usr/bin:/sbin:/bin:/usr/games:/usr/local/games:/snap/bin:/snap/bin:/home/toyat/.fzf/bin:/home/toyat/.platformio/penv/bin', 'PAPERSIZE': 'letter', 'LC_ADDRESS': 'en_US.UTF-8', 'XDG_RUNTIME_DIR': '/run/user/1000', 'DISPLAY': ':0', 'LANG': 'en_US.UTF-8', 'LC_TELEPHONE': 'en_US.UTF-8', 'XDG_CURRENT_DESKTOP': 'i3', 'XAUTHORITY': '/run/user/1000/gdm/Xauthority', 'XDG_SESSION_DESKTOP': 'i3', 'XMODIFIERS': '@im=ibus', 'SSH_AUTH_SOCK': '/run/user/1000/gnupg/S.gpg-agent.ssh', 'AMENT_PREFIX_PATH': '/home/toyat/dev/vrx_ros2/vrx_ws/install:/opt/ros/jazzy', 'LC_NAME': 'en_US.UTF-8', 'SHELL': '/usr/bin/zsh', 'GDMSESSION': 'i3', 'QT_ACCESSIBILITY': '1', 'LC_MEASUREMENT': 'en_US.UTF-8', 'GPG_AGENT_INFO': '/run/user/1000/gnupg/S.gpg-agent:0:1', 'LC_IDENTIFICATION': 'en_US.UTF-8', 'P9K_SSH': '0', 'ALACRITTY_WINDOW_ID': '56623109', 'QT_IM_MODULE': 'ibus', 'XDG_VTNR': '2', 'ROS_AUTOMATIC_DISCOVERY_RANGE': 'SUBNET', 'LC_ALL': 'en_US.UTF-8', 'PWD': '/home/toyat/dev/vrx_ros2/vrx_ws/build/wamv_gazebo', 'CLUTTER_IM_MODULE': 'ibus', 'XDG_CONFIG_DIRS': '/etc/xdg/xdg-i3:/etc/xdg', 'XDG_DATA_DIRS': '/usr/share/i3:/usr/share/gnome:/home/toyat/.local/share/flatpak/exports/share:/var/lib/flatpak/exports/share:/usr/local/share/:/usr/share/:/var/lib/snapd/desktop', '_P9K_TTY': '/dev/pts/0', 'LC_NUMERIC': 'en_US.UTF-8', 'QTWEBENGINE_DICTIONARIES_PATH': '/usr/share/hunspell-bdic/', 'PYTHONPATH': '/home/toyat/dev/vrx_ros2/vrx_ws/install/lib/python3.12/site-packages:/opt/ros/jazzy/lib/python3.12/site-packages', 'I3SOCK': '/run/user/1000/i3/ipc-socket.3408', 'LC_PAPER': 'en_US.UTF-8', 'COLCON': '1', 'EDITOR': 'nvim', 'CMAKE_PREFIX_PATH': '/home/toyat/dev/vrx_ros2/vrx_ws/install:/opt/ros/jazzy/opt/gz_sim_vendor:/opt/ros/jazzy/opt/gz_sensors_vendor:/opt/ros/jazzy/opt/gz_physics_vendor:/opt/ros/jazzy/opt/sdformat_vendor:/opt/ros/jazzy/opt/gz_gui_vendor:/opt/ros/jazzy/opt/gz_transport_vendor:/opt/ros/jazzy/opt/gz_rendering_vendor:/opt/ros/jazzy/opt/gz_plugin_vendor:/opt/ros/jazzy/opt/gz_fuel_tools_vendor:/opt/ros/jazzy/opt/gz_msgs_vendor:/opt/ros/jazzy/opt/gz_common_vendor:/opt/ros/jazzy/opt/gz_math_vendor:/opt/ros/jazzy/opt/gz_utils_vendor:/opt/ros/jazzy/opt/gz_tools_vendor:/opt/ros/jazzy/opt/gz_ogre_next_vendor:/opt/ros/jazzy/opt/gz_dartsim_vendor:/opt/ros/jazzy/opt/gz_cmake_vendor:/opt/ros/jazzy'}), 'shell': False}
[0.710873] (wamv_gazebo) StdoutLine: {'line': b'-- Install configuration: ""\n'}
[0.711264] (wamv_gazebo) StdoutLine: {'line': b'-- Up-to-date: /home/toyat/dev/vrx_ros2/vrx_ws/install/share/wamv_gazebo/models\n'}
[0.711527] (wamv_gazebo) StdoutLine: {'line': b'-- Up-to-date: /home/toyat/dev/vrx_ros2/vrx_ws/install/share/wamv_gazebo/models/gps\n'}
[0.711663] (wamv_gazebo) StdoutLine: {'line': b'-- Up-to-date: /home/toyat/dev/vrx_ros2/vrx_ws/install/share/wamv_gazebo/models/gps/model.config\n'}
[0.711879] (wamv_gazebo) StdoutLine: {'line': b'-- Up-to-date: /home/toyat/dev/vrx_ros2/vrx_ws/install/share/wamv_gazebo/models/gps/mesh\n'}
[0.712013] (wamv_gazebo) StdoutLine: {'line': b'-- Up-to-date: /home/toyat/dev/vrx_ros2/vrx_ws/install/share/wamv_gazebo/models/gps/mesh/gps.png\n'}
[0.712136] (wamv_gazebo) StdoutLine: {'line': b'-- Up-to-date: /home/toyat/dev/vrx_ros2/vrx_ws/install/share/wamv_gazebo/models/gps/mesh/gps.dae\n'}
[0.712266] (wamv_gazebo) StdoutLine: {'line': b'-- Up-to-date: /home/toyat/dev/vrx_ros2/vrx_ws/install/share/wamv_gazebo/urdf\n'}
[0.712447] (wamv_gazebo) StdoutLine: {'line': b'-- Up-to-date: /home/toyat/dev/vrx_ros2/vrx_ws/install/share/wamv_gazebo/urdf/wamv_gazebo.urdf.xacro\n'}
[0.712558] (wamv_gazebo) StdoutLine: {'line': b'-- Up-to-date: /home/toyat/dev/vrx_ros2/vrx_ws/install/share/wamv_gazebo/urdf/dynamics\n'}
[0.712668] (wamv_gazebo) StdoutLine: {'line': b'-- Up-to-date: /home/toyat/dev/vrx_ros2/vrx_ws/install/share/wamv_gazebo/urdf/dynamics/wamv_gazebo_dynamics_plugin.xacro\n'}
[0.712777] (wamv_gazebo) StdoutLine: {'line': b'-- Up-to-date: /home/toyat/dev/vrx_ros2/vrx_ws/install/share/wamv_gazebo/urdf/macros.xacro\n'}
[0.712888] (wamv_gazebo) StdoutLine: {'line': b'-- Up-to-date: /home/toyat/dev/vrx_ros2/vrx_ws/install/share/wamv_gazebo/urdf/thruster_layouts\n'}
[0.713002] (wamv_gazebo) StdoutLine: {'line': b'-- Up-to-date: /home/toyat/dev/vrx_ros2/vrx_ws/install/share/wamv_gazebo/urdf/thruster_layouts/wamv_t_thrusters.xacro\n'}
[0.713111] (wamv_gazebo) StdoutLine: {'line': b'-- Up-to-date: /home/toyat/dev/vrx_ros2/vrx_ws/install/share/wamv_gazebo/urdf/thruster_layouts/wamv_aft_thrusters.xacro\n'}
[0.713219] (wamv_gazebo) StdoutLine: {'line': b'-- Up-to-date: /home/toyat/dev/vrx_ros2/vrx_ws/install/share/wamv_gazebo/urdf/thruster_layouts/wamv_x_thrusters.xacro\n'}
[0.713346] (wamv_gazebo) StdoutLine: {'line': b'-- Up-to-date: /home/toyat/dev/vrx_ros2/vrx_ws/install/share/wamv_gazebo/urdf/thruster_layouts/wamv_gazebo_thruster_config.xacro\n'}
[0.713462] (wamv_gazebo) StdoutLine: {'line': b'-- Up-to-date: /home/toyat/dev/vrx_ros2/vrx_ws/install/share/wamv_gazebo/urdf/components\n'}
[0.713579] (wamv_gazebo) StdoutLine: {'line': b'-- Up-to-date: /home/toyat/dev/vrx_ros2/vrx_ws/install/share/wamv_gazebo/urdf/components/wamv_camera.xacro\n'}
[0.713694] (wamv_gazebo) StdoutLine: {'line': b'-- Up-to-date: /home/toyat/dev/vrx_ros2/vrx_ws/install/share/wamv_gazebo/urdf/components/wamv_pinger.xacro\n'}
[0.713869] (wamv_gazebo) StdoutLine: {'line': b'-- Up-to-date: /home/toyat/dev/vrx_ros2/vrx_ws/install/share/wamv_gazebo/urdf/components/ball_shooter.xacro\n'}
[0.714000] (wamv_gazebo) StdoutLine: {'line': b'-- Up-to-date: /home/toyat/dev/vrx_ros2/vrx_ws/install/share/wamv_gazebo/urdf/components/wamv_gps.xacro\n'}
[0.714111] (wamv_gazebo) StdoutLine: {'line': b'-- Up-to-date: /home/toyat/dev/vrx_ros2/vrx_ws/install/share/wamv_gazebo/urdf/components/lidar.xacro\n'}
[0.714227] (wamv_gazebo) StdoutLine: {'line': b'-- Up-to-date: /home/toyat/dev/vrx_ros2/vrx_ws/install/share/wamv_gazebo/urdf/components/wamv_p3d.xacro\n'}
[0.714429] (wamv_gazebo) StdoutLine: {'line': b'-- Up-to-date: /home/toyat/dev/vrx_ros2/vrx_ws/install/share/wamv_gazebo/urdf/components/wamv_imu.xacro\n'}
[0.714559] (wamv_gazebo) StdoutLine: {'line': b'-- Up-to-date: /home/toyat/dev/vrx_ros2/vrx_ws/install/share/wamv_gazebo/urdf/components/wamv_3d_lidar.xacro\n'}
[0.714671] (wamv_gazebo) StdoutLine: {'line': b'-- Up-to-date: /home/toyat/dev/vrx_ros2/vrx_ws/install/share/wamv_gazebo/urdf/components/wamv_planar_lidar.xacro\n'}
[0.714792] (wamv_gazebo) StdoutLine: {'line': b'-- Up-to-date: /home/toyat/dev/vrx_ros2/vrx_ws/install/share/wamv_gazebo/urdf/wamv_gazebo.xacro\n'}
[0.714906] (wamv_gazebo) StdoutLine: {'line': b'-- Up-to-date: /home/toyat/dev/vrx_ros2/vrx_ws/install/share/ament_index/resource_index/package_run_dependencies/wamv_gazebo\n'}
[0.715020] (wamv_gazebo) StdoutLine: {'line': b'-- Up-to-date: /home/toyat/dev/vrx_ros2/vrx_ws/install/share/ament_index/resource_index/parent_prefix_path/wamv_gazebo\n'}
[0.715138] (wamv_gazebo) StdoutLine: {'line': b'-- Up-to-date: /home/toyat/dev/vrx_ros2/vrx_ws/install/share/wamv_gazebo/environment/ament_prefix_path.sh\n'}
[0.715249] (wamv_gazebo) StdoutLine: {'line': b'-- Up-to-date: /home/toyat/dev/vrx_ros2/vrx_ws/install/share/wamv_gazebo/environment/ament_prefix_path.dsv\n'}
[0.715927] (wamv_gazebo) StdoutLine: {'line': b'-- Up-to-date: /home/toyat/dev/vrx_ros2/vrx_ws/install/share/wamv_gazebo/environment/path.sh\n'}
[0.716076] (wamv_gazebo) StdoutLine: {'line': b'-- Up-to-date: /home/toyat/dev/vrx_ros2/vrx_ws/install/share/wamv_gazebo/environment/path.dsv\n'}
[0.716156] (wamv_gazebo) StdoutLine: {'line': b'-- Up-to-date: /home/toyat/dev/vrx_ros2/vrx_ws/install/share/wamv_gazebo/local_setup.bash\n'}
[0.716263] (wamv_gazebo) StdoutLine: {'line': b'-- Up-to-date: /home/toyat/dev/vrx_ros2/vrx_ws/install/share/wamv_gazebo/local_setup.sh\n'}
[0.716994] (wamv_gazebo) StdoutLine: {'line': b'-- Up-to-date: /home/toyat/dev/vrx_ros2/vrx_ws/install/share/wamv_gazebo/local_setup.zsh\n'}
[0.717087] (wamv_gazebo) StdoutLine: {'line': b'-- Up-to-date: /home/toyat/dev/vrx_ros2/vrx_ws/install/share/wamv_gazebo/local_setup.dsv\n'}
[0.717168] (wamv_gazebo) StdoutLine: {'line': b'-- Installing: /home/toyat/dev/vrx_ros2/vrx_ws/install/share/wamv_gazebo/package.dsv\n'}
[0.717249] (wamv_gazebo) StdoutLine: {'line': b'-- Up-to-date: /home/toyat/dev/vrx_ros2/vrx_ws/install/share/ament_index/resource_index/packages/wamv_gazebo\n'}
[0.717363] (wamv_gazebo) StdoutLine: {'line': b'-- Up-to-date: /home/toyat/dev/vrx_ros2/vrx_ws/install/share/wamv_gazebo/cmake/wamv_gazeboConfig.cmake\n'}
[0.717459] (wamv_gazebo) StdoutLine: {'line': b'-- Up-to-date: /home/toyat/dev/vrx_ros2/vrx_ws/install/share/wamv_gazebo/cmake/wamv_gazeboConfig-version.cmake\n'}
[0.717593] (wamv_gazebo) StdoutLine: {'line': b'-- Up-to-date: /home/toyat/dev/vrx_ros2/vrx_ws/install/share/wamv_gazebo/package.xml\n'}
[0.717680] (wamv_gazebo) CommandEnded: {'returncode': 0}
[0.731014] (wamv_gazebo) JobEnded: {'identifier': 'wamv_gazebo', 'rc': 0}
[0.801006] (-) TimerEvent: {}
[0.901319] (-) TimerEvent: {}
[1.001651] (-) TimerEvent: {}
[1.101965] (-) TimerEvent: {}
[1.202305] (-) TimerEvent: {}
[1.302710] (-) TimerEvent: {}
[1.403075] (-) TimerEvent: {}
[1.503455] (-) TimerEvent: {}
[1.603825] (-) TimerEvent: {}
[1.704207] (-) TimerEvent: {}
[1.804601] (-) TimerEvent: {}
[1.904952] (-) TimerEvent: {}
[2.005319] (-) TimerEvent: {}
[2.105677] (-) TimerEvent: {}
[2.206065] (-) TimerEvent: {}
[2.306482] (-) TimerEvent: {}
[2.406875] (-) TimerEvent: {}
[2.507244] (-) TimerEvent: {}
[2.607604] (-) TimerEvent: {}
[2.707951] (-) TimerEvent: {}
[2.808337] (-) TimerEvent: {}
[2.908743] (-) TimerEvent: {}
[3.009182] (-) TimerEvent: {}
[3.109495] (-) TimerEvent: {}
[3.209776] (-) TimerEvent: {}
[3.310084] (-) TimerEvent: {}
[3.410419] (-) TimerEvent: {}
[3.510726] (-) TimerEvent: {}
[3.611021] (-) TimerEvent: {}
[3.711300] (-) TimerEvent: {}
[3.811567] (-) TimerEvent: {}
[3.911853] (-) TimerEvent: {}
[4.012164] (-) TimerEvent: {}
[4.112473] (-) TimerEvent: {}
[4.212788] (-) TimerEvent: {}
[4.313088] (-) TimerEvent: {}
[4.413420] (-) TimerEvent: {}
[4.513721] (-) TimerEvent: {}
[4.614086] (-) TimerEvent: {}
[4.714454] (-) TimerEvent: {}
[4.814832] (-) TimerEvent: {}
[4.915167] (-) TimerEvent: {}
[5.015530] (-) TimerEvent: {}
[5.115847] (-) TimerEvent: {}
[5.210566] (vrx_ros) StderrLine: {'line': b'gmake[2]: *** [CMakeFiles/pose_tf_broadcaster.dir/build.make:76: CMakeFiles/pose_tf_broadcaster.dir/src/pose_tf_broadcaster.cc.o] Error 1\n'}
[5.210797] (vrx_ros) StderrLine: {'line': b'gmake[1]: *** [CMakeFiles/Makefile2:165: CMakeFiles/pose_tf_broadcaster.dir/all] Error 2\n'}
[5.210902] (vrx_ros) StderrLine: {'line': b'gmake[1]: *** Waiting for unfinished jobs....\n'}
[5.215943] (-) TimerEvent: {}
[5.316175] (-) TimerEvent: {}
[5.416615] (-) TimerEvent: {}
[5.517016] (-) TimerEvent: {}
[5.617434] (-) TimerEvent: {}
[5.717849] (-) TimerEvent: {}
[5.818188] (-) TimerEvent: {}
[5.918504] (-) TimerEvent: {}
[6.018856] (-) TimerEvent: {}
[6.119121] (-) TimerEvent: {}
[6.188618] (vrx_ros) StderrLine: {'line': b'gmake[2]: *** [CMakeFiles/optical_frame_publisher.dir/build.make:76: CMakeFiles/optical_frame_publisher.dir/src/optical_frame_publisher.cc.o] Error 1\n'}
[6.188846] (vrx_ros) StderrLine: {'line': b'gmake[1]: *** [CMakeFiles/Makefile2:139: CMakeFiles/optical_frame_publisher.dir/all] Error 2\n'}
[6.188953] (vrx_ros) StderrLine: {'line': b'gmake: *** [Makefile:146: all] Error 2\n'}
[6.190898] (vrx_ros) CommandEnded: {'returncode': 2}
[6.197945] (vrx_ros) JobEnded: {'identifier': 'vrx_ros', 'rc': 2}
[6.208475] (vrx_gz) JobSkipped: {'identifier': 'vrx_gz'}
[6.208591] (-) EventReactorShutdown: {}
